2025-09-07 11:18:24 [INFO]: [MongoDB][Connect][Success] Connected to database: mongodb://localhost:27017/careerforge-db
2025-09-07 11:18:24 [INFO]: [Server][Start][Success] Server is running on port 3000 [ENV: production]
2025-09-07 11:20:52 [INFO]: [Startup] Incoming request: GET /api/auth/status
2025-09-07 11:20:52 [WARN]: [Auth] Token missing from ::1 for /api/auth/status
2025-09-07 11:20:52 [ERROR]: Status: 401, Name: AUTHORIZATION TOKEN NOT FOUND, Message: Unable to find the authorization token in the cookie, URL: /api/auth/status, Method: GET, IP: ::1
2025-09-07 11:20:52 [ERROR]: Stack: AUTHORIZATION TOKEN NOT FOUND: Unable to find the authorization token in the cookie
    at userAuthorization (file:///E:/resume-v04/server/middleware/user-authorization.js:9:19)
    at Layer.handleRequest (E:\resume-v04\server\node_modules\router\lib\layer.js:152:17)
    at next (E:\resume-v04\server\node_modules\router\lib\route.js:157:13)
    at Route.dispatch (E:\resume-v04\server\node_modules\router\lib\route.js:117:3)
    at handle (E:\resume-v04\server\node_modules\router\index.js:435:11)
    at Layer.handleRequest (E:\resume-v04\server\node_modules\router\lib\layer.js:152:17)
    at E:\resume-v04\server\node_modules\router\index.js:295:15
    at processParams (E:\resume-v04\server\node_modules\router\index.js:582:12)
    at next (E:\resume-v04\server\node_modules\router\index.js:291:5)
    at Function.handle (E:\resume-v04\server\node_modules\router\index.js:186:3)
2025-09-07 11:20:52 [HTTP]: ::1 - - [07/Sep/2025:05:50:52 +0000] "GET /api/auth/status HTTP/1.1" 401 121 "http://localhost:5173/" "Mozilla/5.0 (Windows NT 10.0; Win64; x64) AppleWebKit/537.36 (KHTML, like Gecko) Chrome/139.0.0.0 Safari/537.36"
2025-09-07 11:20:52 [INFO]: [Startup] Incoming request: GET /api/auth/status
2025-09-07 11:20:52 [WARN]: [Auth] Token missing from ::1 for /api/auth/status
2025-09-07 11:20:52 [ERROR]: Status: 401, Name: AUTHORIZATION TOKEN NOT FOUND, Message: Unable to find the authorization token in the cookie, URL: /api/auth/status, Method: GET, IP: ::1
2025-09-07 11:20:52 [ERROR]: Stack: AUTHORIZATION TOKEN NOT FOUND: Unable to find the authorization token in the cookie
    at userAuthorization (file:///E:/resume-v04/server/middleware/user-authorization.js:9:19)
    at Layer.handleRequest (E:\resume-v04\server\node_modules\router\lib\layer.js:152:17)
    at next (E:\resume-v04\server\node_modules\router\lib\route.js:157:13)
    at Route.dispatch (E:\resume-v04\server\node_modules\router\lib\route.js:117:3)
    at handle (E:\resume-v04\server\node_modules\router\index.js:435:11)
    at Layer.handleRequest (E:\resume-v04\server\node_modules\router\lib\layer.js:152:17)
    at E:\resume-v04\server\node_modules\router\index.js:295:15
    at processParams (E:\resume-v04\server\node_modules\router\index.js:582:12)
    at next (E:\resume-v04\server\node_modules\router\index.js:291:5)
    at Function.handle (E:\resume-v04\server\node_modules\router\index.js:186:3)
2025-09-07 11:20:52 [HTTP]: ::1 - - [07/Sep/2025:05:50:52 +0000] "GET /api/auth/status HTTP/1.1" 401 121 "http://localhost:5173/" "Mozilla/5.0 (Windows NT 10.0; Win64; x64) AppleWebKit/537.36 (KHTML, like Gecko) Chrome/139.0.0.0 Safari/537.36"
2025-09-07 11:21:13 [INFO]: [Startup] Incoming request: POST /api/auth/signin
2025-09-07 11:21:14 [INFO]: [JWT][Create][Success] Token issued for userId: 68ab4a7b46b46afd9f445e5d
2025-09-07 11:21:14 [INFO]: [Cookie][Clear][Success] Auth cookie cleared
2025-09-07 11:21:14 [INFO]: [Cookie][Create][Success] Auth cookie set (httpOnly, secure) expiring: 2025-09-08T05:51:14.021Z
2025-09-07 11:21:14 [INFO]: [SignIn][Success] User: gmbtnk10aug@gmail.com (ID: 68ab4a7b46b46afd9f445e5d) from IP: ::1
2025-09-07 11:21:14 [HTTP]: ::1 - - [07/Sep/2025:05:51:14 +0000] "POST /api/auth/signin HTTP/1.1" 200 151 "http://localhost:5173/" "Mozilla/5.0 (Windows NT 10.0; Win64; x64) AppleWebKit/537.36 (KHTML, like Gecko) Chrome/139.0.0.0 Safari/537.36"
2025-09-07 11:21:14 [INFO]: [Startup] Incoming request: GET /api/auth/status
2025-09-07 11:21:14 [INFO]: [JWT][Verify][Success] Token verified for userId: 68ab4a7b46b46afd9f445e5d
2025-09-07 11:21:14 [INFO]: [Auth] Auth success for user 68ab4a7b46b46afd9f445e5d, role admin, from IP: ::1
2025-09-07 11:21:14 [INFO]: [AuthStatus][Checked] User: 68ab4a7b46b46afd9f445e5d
2025-09-07 11:21:14 [HTTP]: ::1 - - [07/Sep/2025:05:51:14 +0000] "GET /api/auth/status HTTP/1.1" 304 - "http://localhost:5173/" "Mozilla/5.0 (Windows NT 10.0; Win64; x64) AppleWebKit/537.36 (KHTML, like Gecko) Chrome/139.0.0.0 Safari/537.36"
2025-09-07 11:21:14 [INFO]: [Startup] Incoming request: GET /api/resume/getAll
2025-09-07 11:21:14 [INFO]: [JWT][Verify][Success] Token verified for userId: 68ab4a7b46b46afd9f445e5d
2025-09-07 11:21:14 [INFO]: [Auth] Auth success for user 68ab4a7b46b46afd9f445e5d, role admin, from IP: ::1
2025-09-07 11:21:14 [INFO]: [Resume][GetAll][Success] User: 68ab4a7b46b46afd9f445e5d fetched all resumes (6)
2025-09-07 11:21:14 [HTTP]: ::1 - - [07/Sep/2025:05:51:14 +0000] "GET /api/resume/getAll HTTP/1.1" 304 - "http://localhost:5173/" "Mozilla/5.0 (Windows NT 10.0; Win64; x64) AppleWebKit/537.36 (KHTML, like Gecko) Chrome/139.0.0.0 Safari/537.36"
2025-09-07 11:21:14 [INFO]: [Startup] Incoming request: GET /api/resume/getAll
2025-09-07 11:21:14 [INFO]: [JWT][Verify][Success] Token verified for userId: 68ab4a7b46b46afd9f445e5d
2025-09-07 11:21:14 [INFO]: [Auth] Auth success for user 68ab4a7b46b46afd9f445e5d, role admin, from IP: ::1
2025-09-07 11:21:14 [INFO]: [Resume][GetAll][Success] User: 68ab4a7b46b46afd9f445e5d fetched all resumes (6)
2025-09-07 11:21:14 [HTTP]: ::1 - - [07/Sep/2025:05:51:14 +0000] "GET /api/resume/getAll HTTP/1.1" 304 - "http://localhost:5173/" "Mozilla/5.0 (Windows NT 10.0; Win64; x64) AppleWebKit/537.36 (KHTML, like Gecko) Chrome/139.0.0.0 Safari/537.36"
2025-09-07 11:21:42 [INFO]: [Startup] Incoming request: GET /api/template/getAll
2025-09-07 11:21:42 [INFO]: [Template][GetAll][Success] Returned 2 templates
2025-09-07 11:21:42 [HTTP]: ::1 - - [07/Sep/2025:05:51:42 +0000] "GET /api/template/getAll HTTP/1.1" 304 - "http://localhost:5173/" "Mozilla/5.0 (Windows NT 10.0; Win64; x64) AppleWebKit/537.36 (KHTML, like Gecko) Chrome/139.0.0.0 Safari/537.36"
2025-09-07 11:21:42 [INFO]: [Startup] Incoming request: GET /api/template/getAll
2025-09-07 11:21:42 [INFO]: [Template][GetAll][Success] Returned 2 templates
2025-09-07 11:21:42 [HTTP]: ::1 - - [07/Sep/2025:05:51:42 +0000] "GET /api/template/getAll HTTP/1.1" 304 - "http://localhost:5173/" "Mozilla/5.0 (Windows NT 10.0; Win64; x64) AppleWebKit/537.36 (KHTML, like Gecko) Chrome/139.0.0.0 Safari/537.36"
2025-09-07 11:49:08 [INFO]: [Startup] Incoming request: GET /api/auth/status
2025-09-07 11:49:08 [INFO]: [JWT][Verify][Success] Token verified for userId: 68ab4a7b46b46afd9f445e5d
2025-09-07 11:49:08 [INFO]: [Auth] Auth success for user 68ab4a7b46b46afd9f445e5d, role admin, from IP: ::1
2025-09-07 11:49:08 [INFO]: [AuthStatus][Checked] User: 68ab4a7b46b46afd9f445e5d
2025-09-07 11:49:08 [HTTP]: ::1 - - [07/Sep/2025:06:19:08 +0000] "GET /api/auth/status HTTP/1.1" 304 - "http://localhost:5173/" "Mozilla/5.0 (Windows NT 10.0; Win64; x64) AppleWebKit/537.36 (KHTML, like Gecko) Chrome/139.0.0.0 Safari/537.36"
2025-09-07 11:49:08 [INFO]: [Startup] Incoming request: GET /api/auth/status
2025-09-07 11:49:08 [INFO]: [JWT][Verify][Success] Token verified for userId: 68ab4a7b46b46afd9f445e5d
2025-09-07 11:49:08 [INFO]: [Auth] Auth success for user 68ab4a7b46b46afd9f445e5d, role admin, from IP: ::1
2025-09-07 11:49:08 [INFO]: [AuthStatus][Checked] User: 68ab4a7b46b46afd9f445e5d
2025-09-07 11:49:08 [HTTP]: ::1 - - [07/Sep/2025:06:19:08 +0000] "GET /api/auth/status HTTP/1.1" 304 - "http://localhost:5173/" "Mozilla/5.0 (Windows NT 10.0; Win64; x64) AppleWebKit/537.36 (KHTML, like Gecko) Chrome/139.0.0.0 Safari/537.36"
2025-09-07 12:09:36 [INFO]: [Startup] Incoming request: GET /api/auth/status
2025-09-07 12:09:36 [INFO]: [JWT][Verify][Success] Token verified for userId: 68ab4a7b46b46afd9f445e5d
2025-09-07 12:09:36 [INFO]: [Auth] Auth success for user 68ab4a7b46b46afd9f445e5d, role admin, from IP: ::1
2025-09-07 12:09:36 [INFO]: [AuthStatus][Checked] User: 68ab4a7b46b46afd9f445e5d
2025-09-07 12:09:36 [HTTP]: ::1 - - [07/Sep/2025:06:39:36 +0000] "GET /api/auth/status HTTP/1.1" 304 - "http://localhost:5173/" "Mozilla/5.0 (Windows NT 10.0; Win64; x64) AppleWebKit/537.36 (KHTML, like Gecko) Chrome/139.0.0.0 Safari/537.36"
2025-09-07 12:09:36 [INFO]: [Startup] Incoming request: GET /api/auth/status
2025-09-07 12:09:36 [INFO]: [JWT][Verify][Success] Token verified for userId: 68ab4a7b46b46afd9f445e5d
2025-09-07 12:09:36 [INFO]: [Auth] Auth success for user 68ab4a7b46b46afd9f445e5d, role admin, from IP: ::1
2025-09-07 12:09:36 [INFO]: [AuthStatus][Checked] User: 68ab4a7b46b46afd9f445e5d
2025-09-07 12:09:36 [HTTP]: ::1 - - [07/Sep/2025:06:39:36 +0000] "GET /api/auth/status HTTP/1.1" 304 - "http://localhost:5173/" "Mozilla/5.0 (Windows NT 10.0; Win64; x64) AppleWebKit/537.36 (KHTML, like Gecko) Chrome/139.0.0.0 Safari/537.36"
2025-09-07 12:28:07 [INFO]: [Startup] Incoming request: GET /api/auth/status
2025-09-07 12:28:07 [INFO]: [JWT][Verify][Success] Token verified for userId: 68ab4a7b46b46afd9f445e5d
2025-09-07 12:28:07 [INFO]: [Auth] Auth success for user 68ab4a7b46b46afd9f445e5d, role admin, from IP: ::1
2025-09-07 12:28:07 [INFO]: [AuthStatus][Checked] User: 68ab4a7b46b46afd9f445e5d
2025-09-07 12:28:07 [HTTP]: ::1 - - [07/Sep/2025:06:58:07 +0000] "GET /api/auth/status HTTP/1.1" 304 - "http://localhost:5173/" "Mozilla/5.0 (Windows NT 10.0; Win64; x64) AppleWebKit/537.36 (KHTML, like Gecko) Chrome/139.0.0.0 Safari/537.36"
2025-09-07 12:28:07 [INFO]: [Startup] Incoming request: GET /api/auth/status
2025-09-07 12:28:07 [INFO]: [JWT][Verify][Success] Token verified for userId: 68ab4a7b46b46afd9f445e5d
2025-09-07 12:28:07 [INFO]: [Auth] Auth success for user 68ab4a7b46b46afd9f445e5d, role admin, from IP: ::1
2025-09-07 12:28:07 [INFO]: [AuthStatus][Checked] User: 68ab4a7b46b46afd9f445e5d
2025-09-07 12:28:07 [HTTP]: ::1 - - [07/Sep/2025:06:58:07 +0000] "GET /api/auth/status HTTP/1.1" 304 - "http://localhost:5173/" "Mozilla/5.0 (Windows NT 10.0; Win64; x64) AppleWebKit/537.36 (KHTML, like Gecko) Chrome/139.0.0.0 Safari/537.36"
2025-09-07 18:21:31 [INFO]: [Startup] Incoming request: GET /api/auth/status
2025-09-07 18:21:31 [INFO]: [JWT][Verify][Success] Token verified for userId: 68ab4a7b46b46afd9f445e5d
2025-09-07 18:21:31 [INFO]: [Auth] Auth success for user 68ab4a7b46b46afd9f445e5d, role admin, from IP: ::1
2025-09-07 18:21:31 [INFO]: [AuthStatus][Checked] User: 68ab4a7b46b46afd9f445e5d
2025-09-07 18:21:31 [HTTP]: ::1 - - [07/Sep/2025:12:51:31 +0000] "GET /api/auth/status HTTP/1.1" 304 - "http://localhost:5173/" "Mozilla/5.0 (Windows NT 10.0; Win64; x64) AppleWebKit/537.36 (KHTML, like Gecko) Chrome/139.0.0.0 Safari/537.36"
2025-09-07 18:21:31 [INFO]: [Startup] Incoming request: GET /api/auth/status
2025-09-07 18:21:31 [INFO]: [JWT][Verify][Success] Token verified for userId: 68ab4a7b46b46afd9f445e5d
2025-09-07 18:21:31 [INFO]: [Auth] Auth success for user 68ab4a7b46b46afd9f445e5d, role admin, from IP: ::1
2025-09-07 18:21:31 [INFO]: [AuthStatus][Checked] User: 68ab4a7b46b46afd9f445e5d
2025-09-07 18:21:31 [HTTP]: ::1 - - [07/Sep/2025:12:51:31 +0000] "GET /api/auth/status HTTP/1.1" 304 - "http://localhost:5173/" "Mozilla/5.0 (Windows NT 10.0; Win64; x64) AppleWebKit/537.36 (KHTML, like Gecko) Chrome/139.0.0.0 Safari/537.36"
2025-09-07 18:21:39 [INFO]: [MongoDB][Connect][Success] Connected to database: mongodb://localhost:27017/careerforge-db
2025-09-07 18:21:39 [INFO]: [Server][Start][Success] Server is running on port 3000 [ENV: production]
