2025-06-09T13:21:20.349Z [INFO]: [MongoDB][Connect][Success] Connected to database: mongodb://localhost:27017/users
2025-06-09T13:21:20.359Z [INFO]: [Server][Start][Success] Server is running on port 3000 [ENV: production]
2025-06-09T13:24:29.849Z [INFO]: [Startup] Incoming request: GET /api/auth/status
2025-06-09T13:24:29.852Z [WARN]: [Auth] Token missing from ::1 for /api/auth/status
2025-06-09T13:24:29.854Z [ERROR]: Status: 401, Name: AUTHORIZATION TOKEN NOT FOUND, Message: Unable to find the authorization token in the cookie, URL: /api/auth/status, Method: GET, IP: ::1
2025-06-09T13:24:29.856Z [ERROR]: Stack: AUTHORIZATION TOKEN NOT FOUND: Unable to find the authorization token in the cookie
    at userAuthorization (file:///D:/careerpro-rr/server/middleware/user-authorization.js:9:19)
    at Layer.handleRequest (D:\careerpro-rr\server\node_modules\router\lib\layer.js:152:17)
    at next (D:\careerpro-rr\server\node_modules\router\lib\route.js:157:13)
    at Route.dispatch (D:\careerpro-rr\server\node_modules\router\lib\route.js:117:3)
    at handle (D:\careerpro-rr\server\node_modules\router\index.js:435:11)
    at Layer.handleRequest (D:\careerpro-rr\server\node_modules\router\lib\layer.js:152:17)
    at D:\careerpro-rr\server\node_modules\router\index.js:295:15
    at processParams (D:\careerpro-rr\server\node_modules\router\index.js:582:12)
    at next (D:\careerpro-rr\server\node_modules\router\index.js:291:5)
    at Function.handle (D:\careerpro-rr\server\node_modules\router\index.js:186:3)
2025-06-09T13:24:29.897Z [INFO]: [Startup] Incoming request: GET /api/auth/status
2025-06-09T13:24:29.898Z [WARN]: [Auth] Token missing from ::1 for /api/auth/status
2025-06-09T13:24:29.900Z [ERROR]: Status: 401, Name: AUTHORIZATION TOKEN NOT FOUND, Message: Unable to find the authorization token in the cookie, URL: /api/auth/status, Method: GET, IP: ::1
2025-06-09T13:24:29.901Z [ERROR]: Stack: AUTHORIZATION TOKEN NOT FOUND: Unable to find the authorization token in the cookie
    at userAuthorization (file:///D:/careerpro-rr/server/middleware/user-authorization.js:9:19)
    at Layer.handleRequest (D:\careerpro-rr\server\node_modules\router\lib\layer.js:152:17)
    at next (D:\careerpro-rr\server\node_modules\router\lib\route.js:157:13)
    at Route.dispatch (D:\careerpro-rr\server\node_modules\router\lib\route.js:117:3)
    at handle (D:\careerpro-rr\server\node_modules\router\index.js:435:11)
    at Layer.handleRequest (D:\careerpro-rr\server\node_modules\router\lib\layer.js:152:17)
    at D:\careerpro-rr\server\node_modules\router\index.js:295:15
    at processParams (D:\careerpro-rr\server\node_modules\router\index.js:582:12)
    at next (D:\careerpro-rr\server\node_modules\router\index.js:291:5)
    at Function.handle (D:\careerpro-rr\server\node_modules\router\index.js:186:3)
2025-06-09T13:29:38.242Z [INFO]: [MongoDB][Connect][Success] Connected to database: mongodb://localhost:27017/users
2025-06-09T13:29:38.259Z [INFO]: [Server][Start][Success] Server is running on port 3000 [ENV: production]
2025-06-09T13:51:51.628Z [INFO]: [MongoDB][Connect][Success] Connected to database: mongodb://localhost:27017/users
2025-06-09T13:51:51.636Z [INFO]: [Server][Start][Success] Server is running on port 3000 [ENV: production]
2025-06-09T13:52:25.440Z [INFO]: [MongoDB][Connect][Success] Connected to database: mongodb://localhost:27017/users
2025-06-09T13:52:25.449Z [INFO]: [Server][Start][Success] Server is running on port 3000 [ENV: production]
2025-06-09T13:54:45.073Z [INFO]: [Startup] Incoming request: POST /api/auth/signin
2025-06-09T13:54:45.138Z [WARN]: [SignIn][Fail] Email not found: gmbtnk10aug@gmail.com from IP: ::1
2025-06-09T13:54:45.141Z [ERROR]: Status: 401, Name: AUTH_FAILED, Message: Invalid email or password, URL: /api/auth/signin, Method: POST, IP: ::1
2025-06-09T13:54:45.142Z [ERROR]: Stack: AUTH_FAILED: Invalid email or password
    at userSignIn (file:///D:/careerpro-rr/server/controller/auth-controller.js:68:20)
    at process.processTicksAndRejections (node:internal/process/task_queues:105:5)
2025-06-09T13:54:53.661Z [INFO]: [Startup] Incoming request: POST /api/auth/signin
2025-06-09T13:54:53.669Z [WARN]: [SignIn][Fail] Email not found: gmbtnk10aug@gmail.com from IP: ::1
2025-06-09T13:54:53.671Z [ERROR]: Status: 401, Name: AUTH_FAILED, Message: Invalid email or password, URL: /api/auth/signin, Method: POST, IP: ::1
2025-06-09T13:54:53.672Z [ERROR]: Stack: AUTH_FAILED: Invalid email or password
    at userSignIn (file:///D:/careerpro-rr/server/controller/auth-controller.js:68:20)
    at process.processTicksAndRejections (node:internal/process/task_queues:105:5)
2025-06-09T13:55:07.999Z [INFO]: [Startup] Incoming request: POST /api/auth/signin
2025-06-09T13:55:08.006Z [WARN]: [SignIn][Fail] Email not found: gmbtnk10aug@gmail.com from IP: ::1
2025-06-09T13:55:08.006Z [ERROR]: Status: 401, Name: AUTH_FAILED, Message: Invalid email or password, URL: /api/auth/signin, Method: POST, IP: ::1
2025-06-09T13:55:08.008Z [ERROR]: Stack: AUTH_FAILED: Invalid email or password
    at userSignIn (file:///D:/careerpro-rr/server/controller/auth-controller.js:68:20)
    at process.processTicksAndRejections (node:internal/process/task_queues:105:5)
2025-06-09T13:55:13.615Z [INFO]: [Startup] Incoming request: POST /api/auth/signin
2025-06-09T13:55:13.620Z [WARN]: [SignIn][Fail] Email not found: gmbtnk10aug@gmail.com from IP: ::1
2025-06-09T13:55:13.620Z [ERROR]: Status: 401, Name: AUTH_FAILED, Message: Invalid email or password, URL: /api/auth/signin, Method: POST, IP: ::1
2025-06-09T13:55:13.621Z [ERROR]: Stack: AUTH_FAILED: Invalid email or password
    at userSignIn (file:///D:/careerpro-rr/server/controller/auth-controller.js:68:20)
    at process.processTicksAndRejections (node:internal/process/task_queues:105:5)
2025-06-09T13:55:42.154Z [INFO]: [Startup] Incoming request: POST /api/auth/forgot-password
2025-06-09T13:55:42.162Z [WARN]: [ForgotPassword][NotFound] Attempt for non-existent email: gmbtnk10aug@gmail.com
2025-06-09T13:56:22.398Z [INFO]: [Startup] Incoming request: POST /api/auth/signin
2025-06-09T13:56:22.558Z [INFO]: [JWT][Create][Success] Token issued for userId: 683ec0d49c4aa3025b0c5c3a
2025-06-09T13:56:22.559Z [INFO]: [Cookie][Clear][Success] Auth cookie cleared
2025-06-09T13:56:22.560Z [INFO]: [Cookie][Create][Success] Auth cookie set (httpOnly, secure) expiring: 2025-06-10T13:56:22.560Z
2025-06-09T13:56:22.565Z [INFO]: [SignIn][Success] User: mahesh@gmail.com (ID: 683ec0d49c4aa3025b0c5c3a) from IP: ::1
2025-06-09T13:56:22.577Z [INFO]: [Startup] Incoming request: GET /api/auth/status
2025-06-09T13:56:22.583Z [INFO]: [JWT][Verify][Success] Token verified for userId: 683ec0d49c4aa3025b0c5c3a
2025-06-09T13:56:22.584Z [INFO]: [Auth] Auth success for user 683ec0d49c4aa3025b0c5c3a, role user, from IP: ::1
2025-06-09T13:56:22.595Z [INFO]: [AuthStatus][Checked] User: 683ec0d49c4aa3025b0c5c3a
2025-06-09T13:56:35.713Z [INFO]: [Startup] Incoming request: POST /api/auth/signout
2025-06-09T13:56:35.717Z [INFO]: [JWT][Verify][Success] Token verified for userId: 683ec0d49c4aa3025b0c5c3a
2025-06-09T13:56:35.718Z [INFO]: [Auth] Auth success for user 683ec0d49c4aa3025b0c5c3a, role user, from IP: ::1
2025-06-09T13:56:35.719Z [INFO]: [Cookie][Clear][Success] Auth cookie cleared
2025-06-09T13:56:35.727Z [INFO]: [SignOut][Success] User: 683ec0d49c4aa3025b0c5c3a from IP: ::1
2025-06-09T13:56:49.141Z [INFO]: [Startup] Incoming request: POST /api/auth/signin
2025-06-09T13:56:49.147Z [WARN]: [SignIn][Fail] Email not found: ijdie@gmail.com from IP: ::1
2025-06-09T13:56:49.149Z [ERROR]: Status: 401, Name: AUTH_FAILED, Message: Invalid email or password, URL: /api/auth/signin, Method: POST, IP: ::1
2025-06-09T13:56:49.149Z [ERROR]: Stack: AUTH_FAILED: Invalid email or password
    at userSignIn (file:///D:/careerpro-rr/server/controller/auth-controller.js:68:20)
    at process.processTicksAndRejections (node:internal/process/task_queues:105:5)
2025-06-09T13:58:35.567Z [INFO]: [Startup] Incoming request: GET /api/auth/status
2025-06-09T13:58:35.569Z [WARN]: [Auth] Token missing from ::1 for /api/auth/status
2025-06-09T13:58:35.570Z [ERROR]: Status: 401, Name: AUTHORIZATION TOKEN NOT FOUND, Message: Unable to find the authorization token in the cookie, URL: /api/auth/status, Method: GET, IP: ::1
2025-06-09T13:58:35.571Z [ERROR]: Stack: AUTHORIZATION TOKEN NOT FOUND: Unable to find the authorization token in the cookie
    at userAuthorization (file:///D:/careerpro-rr/server/middleware/user-authorization.js:9:19)
    at Layer.handleRequest (D:\careerpro-rr\server\node_modules\router\lib\layer.js:152:17)
    at next (D:\careerpro-rr\server\node_modules\router\lib\route.js:157:13)
    at Route.dispatch (D:\careerpro-rr\server\node_modules\router\lib\route.js:117:3)
    at handle (D:\careerpro-rr\server\node_modules\router\index.js:435:11)
    at Layer.handleRequest (D:\careerpro-rr\server\node_modules\router\lib\layer.js:152:17)
    at D:\careerpro-rr\server\node_modules\router\index.js:295:15
    at processParams (D:\careerpro-rr\server\node_modules\router\index.js:582:12)
    at next (D:\careerpro-rr\server\node_modules\router\index.js:291:5)
    at Function.handle (D:\careerpro-rr\server\node_modules\router\index.js:186:3)
2025-06-09T13:58:35.584Z [INFO]: [Startup] Incoming request: GET /api/auth/status
2025-06-09T13:58:35.586Z [WARN]: [Auth] Token missing from ::1 for /api/auth/status
2025-06-09T13:58:35.586Z [ERROR]: Status: 401, Name: AUTHORIZATION TOKEN NOT FOUND, Message: Unable to find the authorization token in the cookie, URL: /api/auth/status, Method: GET, IP: ::1
2025-06-09T13:58:35.587Z [ERROR]: Stack: AUTHORIZATION TOKEN NOT FOUND: Unable to find the authorization token in the cookie
    at userAuthorization (file:///D:/careerpro-rr/server/middleware/user-authorization.js:9:19)
    at Layer.handleRequest (D:\careerpro-rr\server\node_modules\router\lib\layer.js:152:17)
    at next (D:\careerpro-rr\server\node_modules\router\lib\route.js:157:13)
    at Route.dispatch (D:\careerpro-rr\server\node_modules\router\lib\route.js:117:3)
    at handle (D:\careerpro-rr\server\node_modules\router\index.js:435:11)
    at Layer.handleRequest (D:\careerpro-rr\server\node_modules\router\lib\layer.js:152:17)
    at D:\careerpro-rr\server\node_modules\router\index.js:295:15
    at processParams (D:\careerpro-rr\server\node_modules\router\index.js:582:12)
    at next (D:\careerpro-rr\server\node_modules\router\index.js:291:5)
    at Function.handle (D:\careerpro-rr\server\node_modules\router\index.js:186:3)
2025-06-09T13:58:44.722Z [INFO]: [Startup] Incoming request: POST /api/auth/signin
2025-06-09T13:58:44.864Z [INFO]: [JWT][Create][Success] Token issued for userId: 683ec0d49c4aa3025b0c5c3a
2025-06-09T13:58:44.865Z [INFO]: [Cookie][Clear][Success] Auth cookie cleared
2025-06-09T13:58:44.865Z [INFO]: [Cookie][Create][Success] Auth cookie set (httpOnly, secure) expiring: 2025-06-10T13:58:44.865Z
2025-06-09T13:58:44.870Z [INFO]: [SignIn][Success] User: mahesh@gmail.com (ID: 683ec0d49c4aa3025b0c5c3a) from IP: ::1
2025-06-09T13:58:44.880Z [INFO]: [Startup] Incoming request: GET /api/auth/status
2025-06-09T13:58:44.883Z [INFO]: [JWT][Verify][Success] Token verified for userId: 683ec0d49c4aa3025b0c5c3a
2025-06-09T13:58:44.884Z [INFO]: [Auth] Auth success for user 683ec0d49c4aa3025b0c5c3a, role user, from IP: ::1
2025-06-09T13:58:44.889Z [INFO]: [AuthStatus][Checked] User: 683ec0d49c4aa3025b0c5c3a
2025-06-09T13:58:44.975Z [INFO]: [Startup] Incoming request: GET /api/resume/getAll
2025-06-09T13:58:44.978Z [INFO]: [JWT][Verify][Success] Token verified for userId: 683ec0d49c4aa3025b0c5c3a
2025-06-09T13:58:44.979Z [INFO]: [Auth] Auth success for user 683ec0d49c4aa3025b0c5c3a, role user, from IP: ::1
2025-06-09T13:58:44.994Z [INFO]: [Resume][GetAll][Success] User: 683ec0d49c4aa3025b0c5c3a fetched all resumes (0)
2025-06-09T13:58:45.003Z [INFO]: [Startup] Incoming request: GET /api/resume/getAll
2025-06-09T13:58:45.007Z [INFO]: [JWT][Verify][Success] Token verified for userId: 683ec0d49c4aa3025b0c5c3a
2025-06-09T13:58:45.008Z [INFO]: [Auth] Auth success for user 683ec0d49c4aa3025b0c5c3a, role user, from IP: ::1
2025-06-09T13:58:45.018Z [INFO]: [Resume][GetAll][Success] User: 683ec0d49c4aa3025b0c5c3a fetched all resumes (0)
2025-06-09T13:58:55.341Z [INFO]: [Startup] Incoming request: GET /api/template/getAll
2025-06-09T13:58:55.344Z [INFO]: [JWT][Verify][Success] Token verified for userId: 683ec0d49c4aa3025b0c5c3a
2025-06-09T13:58:55.345Z [INFO]: [Auth] Auth success for user 683ec0d49c4aa3025b0c5c3a, role user, from IP: ::1
2025-06-09T13:58:55.416Z [INFO]: [Template][GetAll][Success] Returned 20 templates
2025-06-09T13:58:55.443Z [INFO]: [Startup] Incoming request: GET /api/template/getAll
2025-06-09T13:58:55.450Z [INFO]: [JWT][Verify][Success] Token verified for userId: 683ec0d49c4aa3025b0c5c3a
2025-06-09T13:58:55.451Z [INFO]: [Auth] Auth success for user 683ec0d49c4aa3025b0c5c3a, role user, from IP: ::1
2025-06-09T13:58:55.491Z [INFO]: [Template][GetAll][Success] Returned 20 templates
2025-06-09T13:59:01.327Z [INFO]: [Startup] Incoming request: POST /api/resume/generate-summary
2025-06-09T13:59:01.335Z [INFO]: [JWT][Verify][Success] Token verified for userId: 683ec0d49c4aa3025b0c5c3a
2025-06-09T13:59:01.336Z [INFO]: [Auth] Auth success for user 683ec0d49c4aa3025b0c5c3a, role user, from IP: ::1
2025-06-09T13:59:22.140Z [INFO]: [Resume][Summary][Success] User: 683ec0d49c4aa3025b0c5c3a generated resume summary
2025-06-09T14:03:22.509Z [INFO]: [Startup] Incoming request: POST /api/resume/generate-summary
2025-06-09T14:03:22.515Z [INFO]: [JWT][Verify][Success] Token verified for userId: 683ec0d49c4aa3025b0c5c3a
2025-06-09T14:03:22.516Z [INFO]: [Auth] Auth success for user 683ec0d49c4aa3025b0c5c3a, role user, from IP: ::1
2025-06-09T14:03:29.106Z [INFO]: [Resume][Summary][Success] User: 683ec0d49c4aa3025b0c5c3a generated resume summary
2025-06-09T14:04:25.315Z [INFO]: [Startup] Incoming request: GET /api/resume/getAll
2025-06-09T14:04:25.318Z [INFO]: [JWT][Verify][Success] Token verified for userId: 683ec0d49c4aa3025b0c5c3a
2025-06-09T14:04:25.319Z [INFO]: [Auth] Auth success for user 683ec0d49c4aa3025b0c5c3a, role user, from IP: ::1
2025-06-09T14:04:25.329Z [INFO]: [Resume][GetAll][Success] User: 683ec0d49c4aa3025b0c5c3a fetched all resumes (0)
2025-06-09T14:04:25.345Z [INFO]: [Startup] Incoming request: GET /api/resume/getAll
2025-06-09T14:04:25.349Z [INFO]: [JWT][Verify][Success] Token verified for userId: 683ec0d49c4aa3025b0c5c3a
2025-06-09T14:04:25.350Z [INFO]: [Auth] Auth success for user 683ec0d49c4aa3025b0c5c3a, role user, from IP: ::1
2025-06-09T14:04:25.379Z [INFO]: [Resume][GetAll][Success] User: 683ec0d49c4aa3025b0c5c3a fetched all resumes (0)
2025-06-09T14:04:27.632Z [INFO]: [Startup] Incoming request: GET /api/cover-letter/get-all
2025-06-09T14:04:27.636Z [INFO]: [JWT][Verify][Success] Token verified for userId: 683ec0d49c4aa3025b0c5c3a
2025-06-09T14:04:27.636Z [INFO]: [Auth] Auth success for user 683ec0d49c4aa3025b0c5c3a, role user, from IP: ::1
2025-06-09T14:04:27.641Z [INFO]: [CoverLetter][GetAll][Success] User: 683ec0d49c4aa3025b0c5c3a fetched 0 cover letters.
2025-06-09T14:06:10.066Z [INFO]: [MongoDB][Connect][Success] Connected to database: mongodb://localhost:27017/users
2025-06-09T14:06:10.074Z [INFO]: [Server][Start][Success] Server is running on port 3000 [ENV: production]
2025-06-09T14:07:15.425Z [INFO]: [MongoDB][Connect][Success] Connected to database: mongodb://localhost:27017/users
2025-06-09T14:07:15.433Z [INFO]: [Server][Start][Success] Server is running on port 3000 [ENV: production]
2025-06-09T14:07:26.374Z [INFO]: [MongoDB][Connect][Success] Connected to database: mongodb://localhost:27017/users
2025-06-09T14:07:26.381Z [INFO]: [Server][Start][Success] Server is running on port 3000 [ENV: production]
2025-06-09T14:07:50.312Z [INFO]: [Startup] Incoming request: POST /api/cover-letter/generate
2025-06-09T14:07:50.321Z [INFO]: [JWT][Verify][Success] Token verified for userId: 683ec0d49c4aa3025b0c5c3a
2025-06-09T14:07:50.322Z [INFO]: [Auth] Auth success for user 683ec0d49c4aa3025b0c5c3a, role user, from IP: ::1
2025-06-09T14:08:16.482Z [INFO]: [CoverLetter][Generate][Success] User: 683ec0d49c4aa3025b0c5c3a generated a cover letter text.
2025-06-09T14:10:08.391Z [INFO]: [MongoDB][Connect][Success] Connected to database: mongodb://localhost:27017/users
2025-06-09T14:10:08.400Z [INFO]: [Server][Start][Success] Server is running on port 3000 [ENV: production]
2025-06-09T14:10:12.313Z [INFO]: [Startup] Incoming request: POST /api/cover-letter/generate
2025-06-09T14:10:12.325Z [INFO]: [JWT][Verify][Success] Token verified for userId: 683ec0d49c4aa3025b0c5c3a
2025-06-09T14:10:12.326Z [INFO]: [Auth] Auth success for user 683ec0d49c4aa3025b0c5c3a, role user, from IP: ::1
2025-06-09T14:10:12.388Z [INFO]: [CoverLetter][Generate][Success] User: 683ec0d49c4aa3025b0c5c3a generated a cover letter text.
2025-06-09T14:11:50.035Z [INFO]: [MongoDB][Connect][Success] Connected to database: mongodb://localhost:27017/users
2025-06-09T14:11:50.043Z [INFO]: [Server][Start][Success] Server is running on port 3000 [ENV: production]
2025-06-09T14:12:03.531Z [INFO]: [MongoDB][Connect][Success] Connected to database: mongodb://localhost:27017/users
2025-06-09T14:12:03.539Z [INFO]: [Server][Start][Success] Server is running on port 3000 [ENV: production]
2025-06-09T14:12:40.740Z [INFO]: [Startup] Incoming request: POST /api/cover-letter/generate
2025-06-09T14:12:40.752Z [INFO]: [JWT][Verify][Success] Token verified for userId: 683ec0d49c4aa3025b0c5c3a
2025-06-09T14:12:40.753Z [INFO]: [Auth] Auth success for user 683ec0d49c4aa3025b0c5c3a, role user, from IP: ::1
2025-06-09T14:13:13.649Z [INFO]: [CoverLetter][Generate][Success] User: 683ec0d49c4aa3025b0c5c3a generated a cover letter text.
2025-06-09T14:20:01.937Z [INFO]: [MongoDB][Connect][Success] Connected to database: mongodb://localhost:27017/users
2025-06-09T14:20:01.945Z [INFO]: [Server][Start][Success] Server is running on port 3000 [ENV: production]
2025-06-09T14:20:07.074Z [INFO]: [Startup] Incoming request: POST /api/cover-letter/generate
2025-06-09T14:20:07.084Z [INFO]: [JWT][Verify][Success] Token verified for userId: 683ec0d49c4aa3025b0c5c3a
2025-06-09T14:20:07.086Z [INFO]: [Auth] Auth success for user 683ec0d49c4aa3025b0c5c3a, role user, from IP: ::1
2025-06-09T14:20:27.645Z [INFO]: [CoverLetter][Generate][Success] User: 683ec0d49c4aa3025b0c5c3a generated a cover letter text.
2025-06-09T14:22:56.004Z [INFO]: [MongoDB][Connect][Success] Connected to database: mongodb://localhost:27017/users
2025-06-09T14:22:56.013Z [INFO]: [Server][Start][Success] Server is running on port 3000 [ENV: production]
2025-06-09T14:23:23.778Z [INFO]: [Startup] Incoming request: POST /api/cover-letter/generate
2025-06-09T14:23:23.789Z [INFO]: [JWT][Verify][Success] Token verified for userId: 683ec0d49c4aa3025b0c5c3a
2025-06-09T14:23:23.790Z [INFO]: [Auth] Auth success for user 683ec0d49c4aa3025b0c5c3a, role user, from IP: ::1
2025-06-09T14:23:46.943Z [INFO]: [CoverLetter][Generate][Success] User: 683ec0d49c4aa3025b0c5c3a generated a cover letter text.
2025-06-09T14:23:59.213Z [INFO]: [Startup] Incoming request: POST /api/cover-letter/generate
2025-06-09T14:23:59.216Z [INFO]: [JWT][Verify][Success] Token verified for userId: 683ec0d49c4aa3025b0c5c3a
2025-06-09T14:23:59.217Z [INFO]: [Auth] Auth success for user 683ec0d49c4aa3025b0c5c3a, role user, from IP: ::1
2025-06-09T14:24:22.351Z [INFO]: [CoverLetter][Generate][Success] User: 683ec0d49c4aa3025b0c5c3a generated a cover letter text.
2025-06-09T14:25:01.910Z [INFO]: [MongoDB][Connect][Success] Connected to database: mongodb://localhost:27017/users
2025-06-09T14:25:01.918Z [INFO]: [Server][Start][Success] Server is running on port 3000 [ENV: production]
2025-06-09T14:25:06.269Z [INFO]: [Startup] Incoming request: POST /api/cover-letter/generate
2025-06-09T14:25:06.278Z [INFO]: [JWT][Verify][Success] Token verified for userId: 683ec0d49c4aa3025b0c5c3a
2025-06-09T14:25:06.279Z [INFO]: [Auth] Auth success for user 683ec0d49c4aa3025b0c5c3a, role user, from IP: ::1
2025-06-09T14:25:27.376Z [INFO]: [CoverLetter][Generate][Success] User: 683ec0d49c4aa3025b0c5c3a generated a cover letter text.
2025-06-09T14:25:42.654Z [INFO]: [Startup] Incoming request: POST /api/cover-letter/save
2025-06-09T14:25:42.658Z [INFO]: [JWT][Verify][Success] Token verified for userId: 683ec0d49c4aa3025b0c5c3a
2025-06-09T14:25:42.660Z [INFO]: [Auth] Auth success for user 683ec0d49c4aa3025b0c5c3a, role user, from IP: ::1
2025-06-09T14:25:42.682Z [INFO]: [CoverLetter][Save][Success] User: 683ec0d49c4aa3025b0c5c3a saved cover letter: 6846eee6760a740b1fde773a
2025-06-09T14:25:42.842Z [INFO]: [Startup] Incoming request: GET /api/resume/getAll
2025-06-09T14:25:42.846Z [INFO]: [JWT][Verify][Success] Token verified for userId: 683ec0d49c4aa3025b0c5c3a
2025-06-09T14:25:42.847Z [INFO]: [Auth] Auth success for user 683ec0d49c4aa3025b0c5c3a, role user, from IP: ::1
2025-06-09T14:25:42.878Z [INFO]: [Resume][GetAll][Success] User: 683ec0d49c4aa3025b0c5c3a fetched all resumes (0)
2025-06-09T14:25:42.895Z [INFO]: [Startup] Incoming request: GET /api/resume/getAll
2025-06-09T14:25:42.900Z [INFO]: [JWT][Verify][Success] Token verified for userId: 683ec0d49c4aa3025b0c5c3a
2025-06-09T14:25:42.901Z [INFO]: [Auth] Auth success for user 683ec0d49c4aa3025b0c5c3a, role user, from IP: ::1
2025-06-09T14:25:42.921Z [INFO]: [Resume][GetAll][Success] User: 683ec0d49c4aa3025b0c5c3a fetched all resumes (0)
2025-06-09T14:25:44.884Z [INFO]: [Startup] Incoming request: GET /api/cover-letter/get-all
2025-06-09T14:25:44.887Z [INFO]: [JWT][Verify][Success] Token verified for userId: 683ec0d49c4aa3025b0c5c3a
2025-06-09T14:25:44.888Z [INFO]: [Auth] Auth success for user 683ec0d49c4aa3025b0c5c3a, role user, from IP: ::1
2025-06-09T14:25:44.898Z [INFO]: [CoverLetter][GetAll][Success] User: 683ec0d49c4aa3025b0c5c3a fetched 1 cover letters.
2025-06-09T14:25:49.758Z [INFO]: [Startup] Incoming request: GET /api/resume/getAll
2025-06-09T14:25:49.762Z [INFO]: [JWT][Verify][Success] Token verified for userId: 683ec0d49c4aa3025b0c5c3a
2025-06-09T14:25:49.763Z [INFO]: [Auth] Auth success for user 683ec0d49c4aa3025b0c5c3a, role user, from IP: ::1
2025-06-09T14:25:49.773Z [INFO]: [Resume][GetAll][Success] User: 683ec0d49c4aa3025b0c5c3a fetched all resumes (0)
2025-06-09T14:25:49.781Z [INFO]: [Startup] Incoming request: GET /api/resume/getAll
2025-06-09T14:25:49.785Z [INFO]: [JWT][Verify][Success] Token verified for userId: 683ec0d49c4aa3025b0c5c3a
2025-06-09T14:25:49.785Z [INFO]: [Auth] Auth success for user 683ec0d49c4aa3025b0c5c3a, role user, from IP: ::1
2025-06-09T14:25:49.794Z [INFO]: [Resume][GetAll][Success] User: 683ec0d49c4aa3025b0c5c3a fetched all resumes (0)
2025-06-09T14:25:51.448Z [INFO]: [Startup] Incoming request: GET /api/cover-letter/get-all
2025-06-09T14:25:51.452Z [INFO]: [JWT][Verify][Success] Token verified for userId: 683ec0d49c4aa3025b0c5c3a
2025-06-09T14:25:51.453Z [INFO]: [Auth] Auth success for user 683ec0d49c4aa3025b0c5c3a, role user, from IP: ::1
2025-06-09T14:25:51.458Z [INFO]: [CoverLetter][GetAll][Success] User: 683ec0d49c4aa3025b0c5c3a fetched 1 cover letters.
2025-06-09T14:26:17.682Z [INFO]: [Startup] Incoming request: GET /api/resume/getAll
2025-06-09T14:26:17.687Z [INFO]: [JWT][Verify][Success] Token verified for userId: 683ec0d49c4aa3025b0c5c3a
2025-06-09T14:26:17.688Z [INFO]: [Auth] Auth success for user 683ec0d49c4aa3025b0c5c3a, role user, from IP: ::1
2025-06-09T14:26:17.704Z [INFO]: [Resume][GetAll][Success] User: 683ec0d49c4aa3025b0c5c3a fetched all resumes (0)
2025-06-09T14:26:17.717Z [INFO]: [Startup] Incoming request: GET /api/resume/getAll
2025-06-09T14:26:17.722Z [INFO]: [JWT][Verify][Success] Token verified for userId: 683ec0d49c4aa3025b0c5c3a
2025-06-09T14:26:17.723Z [INFO]: [Auth] Auth success for user 683ec0d49c4aa3025b0c5c3a, role user, from IP: ::1
2025-06-09T14:26:17.734Z [INFO]: [Resume][GetAll][Success] User: 683ec0d49c4aa3025b0c5c3a fetched all resumes (0)
2025-06-09T14:26:57.118Z [INFO]: [MongoDB][Connect][Success] Connected to database: mongodb://localhost:27017/users
2025-06-09T14:26:57.126Z [INFO]: [Server][Start][Success] Server is running on port 3000 [ENV: production]
2025-06-09T14:27:29.857Z [INFO]: [MongoDB][Connect][Success] Connected to database: mongodb://localhost:27017/users
2025-06-09T14:27:29.866Z [INFO]: [Server][Start][Success] Server is running on port 3000 [ENV: production]
2025-06-09T14:27:59.161Z [INFO]: [MongoDB][Connect][Success] Connected to database: mongodb://localhost:27017/users
2025-06-09T14:27:59.171Z [INFO]: [Server][Start][Success] Server is running on port 3000 [ENV: production]
2025-06-09T14:28:00.514Z [INFO]: [Startup] Incoming request: POST /api/resume/generate-summary
2025-06-09T14:28:00.528Z [INFO]: [JWT][Verify][Success] Token verified for userId: 683ec0d49c4aa3025b0c5c3a
2025-06-09T14:28:00.529Z [INFO]: [Auth] Auth success for user 683ec0d49c4aa3025b0c5c3a, role user, from IP: ::1
2025-06-09T14:28:00.585Z [INFO]: [Resume][Summary][Success] User: 683ec0d49c4aa3025b0c5c3a generated resume summary
2025-06-09T14:28:37.698Z [INFO]: [Startup] Incoming request: POST /api/resume/generate-summary
2025-06-09T14:28:37.705Z [INFO]: [JWT][Verify][Success] Token verified for userId: 683ec0d49c4aa3025b0c5c3a
2025-06-09T14:28:37.709Z [INFO]: [Auth] Auth success for user 683ec0d49c4aa3025b0c5c3a, role user, from IP: ::1
2025-06-09T14:28:37.725Z [INFO]: [Resume][Summary][Success] User: 683ec0d49c4aa3025b0c5c3a generated resume summary
2025-06-09T14:29:19.008Z [INFO]: [Startup] Incoming request: POST /api/resume/generate-summary
2025-06-09T14:29:19.013Z [INFO]: [JWT][Verify][Success] Token verified for userId: 683ec0d49c4aa3025b0c5c3a
2025-06-09T14:29:19.014Z [INFO]: [Auth] Auth success for user 683ec0d49c4aa3025b0c5c3a, role user, from IP: ::1
2025-06-09T14:29:19.035Z [INFO]: [Resume][Summary][Success] User: 683ec0d49c4aa3025b0c5c3a generated resume summary
2025-06-09T14:29:26.102Z [INFO]: [Startup] Incoming request: POST /api/resume/generate-summary
2025-06-09T14:29:26.106Z [INFO]: [JWT][Verify][Success] Token verified for userId: 683ec0d49c4aa3025b0c5c3a
2025-06-09T14:29:26.107Z [INFO]: [Auth] Auth success for user 683ec0d49c4aa3025b0c5c3a, role user, from IP: ::1
2025-06-09T14:29:26.128Z [INFO]: [Resume][Summary][Success] User: 683ec0d49c4aa3025b0c5c3a generated resume summary
2025-06-09T14:32:32.601Z [INFO]: [Startup] Incoming request: GET /api/resume/getAll
2025-06-09T14:32:32.605Z [INFO]: [JWT][Verify][Success] Token verified for userId: 683ec0d49c4aa3025b0c5c3a
2025-06-09T14:32:32.606Z [INFO]: [Auth] Auth success for user 683ec0d49c4aa3025b0c5c3a, role user, from IP: ::1
2025-06-09T14:32:32.638Z [INFO]: [Resume][GetAll][Success] User: 683ec0d49c4aa3025b0c5c3a fetched all resumes (0)
2025-06-09T14:32:32.648Z [INFO]: [Startup] Incoming request: GET /api/resume/getAll
2025-06-09T14:32:32.652Z [INFO]: [JWT][Verify][Success] Token verified for userId: 683ec0d49c4aa3025b0c5c3a
2025-06-09T14:32:32.653Z [INFO]: [Auth] Auth success for user 683ec0d49c4aa3025b0c5c3a, role user, from IP: ::1
2025-06-09T14:32:32.667Z [INFO]: [Resume][GetAll][Success] User: 683ec0d49c4aa3025b0c5c3a fetched all resumes (0)
2025-06-09T14:33:21.647Z [INFO]: [MongoDB][Connect][Success] Connected to database: mongodb://localhost:27017/users
2025-06-09T14:33:21.654Z [INFO]: [Server][Start][Success] Server is running on port 3000 [ENV: production]
