2025-08-30T18:30:03.313Z [INFO]: [Startup] Incoming request: GET /api/auth/status
2025-08-30T18:30:03.329Z [INFO]: [JWT][Verify][Success] Token verified for userId: 68ab4a7b46b46afd9f445e5d
2025-08-30T18:30:03.330Z [INFO]: [Auth] Auth success for user 68ab4a7b46b46afd9f445e5d, role admin, from IP: ::1
2025-08-30T18:30:03.338Z [INFO]: [AuthStatus][Checked] User: 68ab4a7b46b46afd9f445e5d
2025-08-30T18:30:03.359Z [INFO]: [Startup] Incoming request: GET /api/auth/status
2025-08-30T18:30:03.366Z [INFO]: [JWT][Verify][Success] Token verified for userId: 68ab4a7b46b46afd9f445e5d
2025-08-30T18:30:03.367Z [INFO]: [Auth] Auth success for user 68ab4a7b46b46afd9f445e5d, role admin, from IP: ::1
2025-08-30T18:30:03.375Z [INFO]: [AuthStatus][Checked] User: 68ab4a7b46b46afd9f445e5d
2025-08-30T18:30:03.399Z [INFO]: [Startup] Incoming request: GET /api/template/getAll
2025-08-30T18:30:03.412Z [INFO]: [Template][GetAll][Success] Returned 2 templates
2025-08-30T18:30:54.854Z [INFO]: [Startup] Incoming request: GET /api/template/getAll
2025-08-30T18:30:54.858Z [INFO]: [Startup] Incoming request: GET /api/auth/status
2025-08-30T18:30:54.862Z [INFO]: [JWT][Verify][Success] Token verified for userId: 68ab4a7b46b46afd9f445e5d
2025-08-30T18:30:54.863Z [INFO]: [Auth] Auth success for user 68ab4a7b46b46afd9f445e5d, role admin, from IP: ::1
2025-08-30T18:30:54.873Z [INFO]: [AuthStatus][Checked] User: 68ab4a7b46b46afd9f445e5d
2025-08-30T18:30:54.876Z [INFO]: [Template][GetAll][Success] Returned 2 templates
2025-08-30T18:30:54.884Z [INFO]: [Startup] Incoming request: GET /api/auth/status
2025-08-30T18:30:54.887Z [INFO]: [JWT][Verify][Success] Token verified for userId: 68ab4a7b46b46afd9f445e5d
2025-08-30T18:30:54.888Z [INFO]: [Auth] Auth success for user 68ab4a7b46b46afd9f445e5d, role admin, from IP: ::1
2025-08-30T18:30:54.891Z [INFO]: [Startup] Incoming request: GET /api/template/getAll
2025-08-30T18:30:54.894Z [INFO]: [AuthStatus][Checked] User: 68ab4a7b46b46afd9f445e5d
2025-08-30T18:30:54.906Z [INFO]: [Template][GetAll][Success] Returned 2 templates
2025-08-30T18:37:04.776Z [INFO]: [Startup] Incoming request: GET /api/auth/status
2025-08-30T18:37:04.778Z [INFO]: [JWT][Verify][Success] Token verified for userId: 68ab4a7b46b46afd9f445e5d
2025-08-30T18:37:04.779Z [INFO]: [Auth] Auth success for user 68ab4a7b46b46afd9f445e5d, role admin, from IP: ::1
2025-08-30T18:37:04.781Z [INFO]: [AuthStatus][Checked] User: 68ab4a7b46b46afd9f445e5d
2025-08-30T18:37:04.784Z [INFO]: [Startup] Incoming request: GET /api/auth/status
2025-08-30T18:37:04.785Z [INFO]: [JWT][Verify][Success] Token verified for userId: 68ab4a7b46b46afd9f445e5d
2025-08-30T18:37:04.786Z [INFO]: [Auth] Auth success for user 68ab4a7b46b46afd9f445e5d, role admin, from IP: ::1
2025-08-30T18:37:04.788Z [INFO]: [AuthStatus][Checked] User: 68ab4a7b46b46afd9f445e5d
2025-08-30T18:37:04.805Z [INFO]: [Startup] Incoming request: GET /api/template/getAll
2025-08-30T18:37:04.811Z [INFO]: [Template][GetAll][Success] Returned 2 templates
2025-08-30T18:49:32.292Z [INFO]: [Startup] Incoming request: GET /api/resume/getAll
2025-08-30T18:49:32.293Z [INFO]: [JWT][Verify][Success] Token verified for userId: 68ab4a7b46b46afd9f445e5d
2025-08-30T18:49:32.293Z [INFO]: [Auth] Auth success for user 68ab4a7b46b46afd9f445e5d, role admin, from IP: ::1
2025-08-30T18:49:32.301Z [INFO]: [Resume][GetAll][Success] User: 68ab4a7b46b46afd9f445e5d fetched all resumes (2)
2025-08-30T18:49:32.304Z [INFO]: [Startup] Incoming request: GET /api/resume/getAll
2025-08-30T18:49:32.305Z [INFO]: [JWT][Verify][Success] Token verified for userId: 68ab4a7b46b46afd9f445e5d
2025-08-30T18:49:32.305Z [INFO]: [Auth] Auth success for user 68ab4a7b46b46afd9f445e5d, role admin, from IP: ::1
2025-08-30T18:49:32.311Z [INFO]: [Resume][GetAll][Success] User: 68ab4a7b46b46afd9f445e5d fetched all resumes (2)
2025-08-30T18:49:35.739Z [INFO]: [Startup] Incoming request: GET /api/template/getAll
2025-08-30T18:49:35.744Z [INFO]: [Template][GetAll][Success] Returned 2 templates
2025-08-30T18:49:35.748Z [INFO]: [Startup] Incoming request: GET /api/template/getAll
2025-08-30T18:49:35.753Z [INFO]: [Template][GetAll][Success] Returned 2 templates
2025-08-30T18:49:36.992Z [INFO]: [Startup] Incoming request: GET /api/template/68a6c2c1e4d86db2f29d35de
2025-08-30T18:49:36.997Z [INFO]: [Template][GetById][Success] ID: 68a6c2c1e4d86db2f29d35de
2025-08-30T18:49:37.001Z [INFO]: [Startup] Incoming request: GET /api/template/68a6c2c1e4d86db2f29d35de
2025-08-30T18:49:37.005Z [INFO]: [Template][GetById][Success] ID: 68a6c2c1e4d86db2f29d35de
2025-08-30T18:52:37.906Z [INFO]: [Server][Shutdown] Received SIGINT. Closing app gracefully...
2025-08-31T11:19:11.981Z [INFO]: [MongoDB][Connect][Success] Connected to database: mongodb://localhost:27017/careerforge-db
2025-08-31T11:19:11.986Z [INFO]: [Server][Start][Success] Server is running on port 3000 [ENV: production]
2025-08-31T11:19:55.866Z [INFO]: [Startup] Incoming request: GET /api/auth/status
2025-08-31T11:19:55.876Z [INFO]: [JWT][Verify][Success] Token verified for userId: 68ab4a7b46b46afd9f445e5d
2025-08-31T11:19:55.878Z [INFO]: [Auth] Auth success for user 68ab4a7b46b46afd9f445e5d, role admin, from IP: ::1
2025-08-31T11:19:55.918Z [INFO]: [AuthStatus][Checked] User: 68ab4a7b46b46afd9f445e5d
2025-08-31T11:19:55.957Z [INFO]: [Startup] Incoming request: GET /api/auth/status
2025-08-31T11:19:55.961Z [INFO]: [JWT][Verify][Success] Token verified for userId: 68ab4a7b46b46afd9f445e5d
2025-08-31T11:19:55.963Z [INFO]: [Auth] Auth success for user 68ab4a7b46b46afd9f445e5d, role admin, from IP: ::1
2025-08-31T11:19:55.969Z [INFO]: [AuthStatus][Checked] User: 68ab4a7b46b46afd9f445e5d
2025-08-31T11:19:56.019Z [INFO]: [Startup] Incoming request: GET /api/template/68a6c2c1e4d86db2f29d35de
2025-08-31T11:19:56.070Z [INFO]: [Template][GetById][Success] ID: 68a6c2c1e4d86db2f29d35de
2025-08-31T11:19:56.082Z [INFO]: [Startup] Incoming request: GET /api/template/68a6c2c1e4d86db2f29d35de
2025-08-31T11:19:56.098Z [INFO]: [Template][GetById][Success] ID: 68a6c2c1e4d86db2f29d35de
2025-08-31T11:19:58.555Z [INFO]: [Startup] Incoming request: GET /api/auth/status
2025-08-31T11:19:58.558Z [INFO]: [JWT][Verify][Success] Token verified for userId: 68ab4a7b46b46afd9f445e5d
2025-08-31T11:19:58.559Z [INFO]: [Auth] Auth success for user 68ab4a7b46b46afd9f445e5d, role admin, from IP: ::1
2025-08-31T11:19:58.565Z [INFO]: [AuthStatus][Checked] User: 68ab4a7b46b46afd9f445e5d
2025-08-31T11:19:58.574Z [INFO]: [Startup] Incoming request: GET /api/auth/status
2025-08-31T11:19:58.577Z [INFO]: [JWT][Verify][Success] Token verified for userId: 68ab4a7b46b46afd9f445e5d
2025-08-31T11:19:58.578Z [INFO]: [Auth] Auth success for user 68ab4a7b46b46afd9f445e5d, role admin, from IP: ::1
2025-08-31T11:19:58.584Z [INFO]: [AuthStatus][Checked] User: 68ab4a7b46b46afd9f445e5d
2025-08-31T11:19:58.596Z [INFO]: [Startup] Incoming request: GET /api/template/68a6c2c1e4d86db2f29d35de
2025-08-31T11:19:58.612Z [INFO]: [Template][GetById][Success] ID: 68a6c2c1e4d86db2f29d35de
2025-08-31T11:19:58.621Z [INFO]: [Startup] Incoming request: GET /api/template/68a6c2c1e4d86db2f29d35de
2025-08-31T11:19:58.634Z [INFO]: [Template][GetById][Success] ID: 68a6c2c1e4d86db2f29d35de
2025-08-31T11:19:59.494Z [INFO]: [Startup] Incoming request: GET /api/template/getAll
2025-08-31T11:19:59.539Z [INFO]: [Template][GetAll][Success] Returned 2 templates
2025-08-31T11:19:59.554Z [INFO]: [Startup] Incoming request: GET /api/template/getAll
2025-08-31T11:19:59.570Z [INFO]: [Template][GetAll][Success] Returned 2 templates
2025-08-31T11:20:34.116Z [INFO]: [Startup] Incoming request: GET /api/resume/getAll
2025-08-31T11:20:34.119Z [INFO]: [JWT][Verify][Success] Token verified for userId: 68ab4a7b46b46afd9f445e5d
2025-08-31T11:20:34.120Z [INFO]: [Auth] Auth success for user 68ab4a7b46b46afd9f445e5d, role admin, from IP: ::1
2025-08-31T11:20:34.173Z [INFO]: [Resume][GetAll][Success] User: 68ab4a7b46b46afd9f445e5d fetched all resumes (2)
2025-08-31T11:20:34.181Z [INFO]: [Startup] Incoming request: GET /api/resume/getAll
2025-08-31T11:20:34.184Z [INFO]: [JWT][Verify][Success] Token verified for userId: 68ab4a7b46b46afd9f445e5d
2025-08-31T11:20:34.185Z [INFO]: [Auth] Auth success for user 68ab4a7b46b46afd9f445e5d, role admin, from IP: ::1
2025-08-31T11:20:34.200Z [INFO]: [Resume][GetAll][Success] User: 68ab4a7b46b46afd9f445e5d fetched all resumes (2)
2025-08-31T11:30:19.560Z [INFO]: [Startup] Incoming request: GET /api/template/getAll
2025-08-31T11:30:19.582Z [INFO]: [Template][GetAll][Success] Returned 2 templates
2025-08-31T11:30:19.592Z [INFO]: [Startup] Incoming request: GET /api/template/getAll
2025-08-31T11:30:19.605Z [INFO]: [Template][GetAll][Success] Returned 2 templates
2025-08-31T11:30:21.335Z [INFO]: [Startup] Incoming request: GET /api/template/68a969637d851543bd00fb5e
2025-08-31T11:30:21.346Z [INFO]: [Template][GetById][Success] ID: 68a969637d851543bd00fb5e
2025-08-31T11:30:21.353Z [INFO]: [Startup] Incoming request: GET /api/template/68a969637d851543bd00fb5e
2025-08-31T11:30:21.363Z [INFO]: [Template][GetById][Success] ID: 68a969637d851543bd00fb5e
2025-08-31T11:30:40.528Z [INFO]: [Startup] Incoming request: GET /api/template/getAll
2025-08-31T11:30:40.537Z [INFO]: [Template][GetAll][Success] Returned 2 templates
2025-08-31T11:30:40.546Z [INFO]: [Startup] Incoming request: GET /api/template/getAll
2025-08-31T11:30:40.559Z [INFO]: [Template][GetAll][Success] Returned 2 templates
2025-08-31T11:30:41.584Z [INFO]: [Startup] Incoming request: GET /api/template/68a6c2c1e4d86db2f29d35de
2025-08-31T11:30:41.594Z [INFO]: [Template][GetById][Success] ID: 68a6c2c1e4d86db2f29d35de
2025-08-31T11:30:41.600Z [INFO]: [Startup] Incoming request: GET /api/template/68a6c2c1e4d86db2f29d35de
2025-08-31T11:30:41.609Z [INFO]: [Template][GetById][Success] ID: 68a6c2c1e4d86db2f29d35de
2025-08-31T11:34:09.798Z [INFO]: [Startup] Incoming request: PUT /api/admin/template/update/68a6c2c1e4d86db2f29d35de
2025-08-31T11:34:09.801Z [INFO]: [JWT][Verify][Success] Token verified for userId: 68ab4a7b46b46afd9f445e5d
2025-08-31T11:34:09.802Z [INFO]: [Auth] Auth success for user 68ab4a7b46b46afd9f445e5d, role admin, from IP: ::1
2025-08-31T11:34:09.882Z [INFO]: [Template][Update][Success] ID: 68a6c2c1e4d86db2f29d35de
2025-08-31T11:34:11.418Z [INFO]: [Startup] Incoming request: GET /api/template/getAll
2025-08-31T11:34:11.435Z [INFO]: [Template][GetAll][Success] Returned 2 templates
2025-08-31T11:34:11.447Z [INFO]: [Startup] Incoming request: GET /api/template/getAll
2025-08-31T11:34:11.459Z [INFO]: [Template][GetAll][Success] Returned 2 templates
2025-08-31T11:34:14.266Z [INFO]: [Startup] Incoming request: GET /api/template/getAll
2025-08-31T11:34:14.268Z [INFO]: [Startup] Incoming request: GET /api/auth/status
2025-08-31T11:34:14.271Z [INFO]: [JWT][Verify][Success] Token verified for userId: 68ab4a7b46b46afd9f445e5d
2025-08-31T11:34:14.271Z [INFO]: [Auth] Auth success for user 68ab4a7b46b46afd9f445e5d, role admin, from IP: ::1
2025-08-31T11:34:14.282Z [INFO]: [AuthStatus][Checked] User: 68ab4a7b46b46afd9f445e5d
2025-08-31T11:34:14.287Z [INFO]: [Template][GetAll][Success] Returned 2 templates
2025-08-31T11:34:14.295Z [INFO]: [Startup] Incoming request: GET /api/auth/status
2025-08-31T11:34:14.298Z [INFO]: [JWT][Verify][Success] Token verified for userId: 68ab4a7b46b46afd9f445e5d
2025-08-31T11:34:14.299Z [INFO]: [Auth] Auth success for user 68ab4a7b46b46afd9f445e5d, role admin, from IP: ::1
2025-08-31T11:34:14.301Z [INFO]: [Startup] Incoming request: GET /api/template/getAll
2025-08-31T11:34:14.306Z [INFO]: [AuthStatus][Checked] User: 68ab4a7b46b46afd9f445e5d
2025-08-31T11:34:14.319Z [INFO]: [Template][GetAll][Success] Returned 2 templates
2025-08-31T11:34:14.326Z [INFO]: [Startup] Incoming request: GET /api/template/getAll
2025-08-31T11:34:14.339Z [INFO]: [Template][GetAll][Success] Returned 2 templates
2025-08-31T12:02:28.157Z [INFO]: [Startup] Incoming request: GET /api/template/getAll
2025-08-31T12:02:28.169Z [INFO]: [Template][GetAll][Success] Returned 2 templates
2025-08-31T12:02:28.177Z [INFO]: [Startup] Incoming request: GET /api/template/getAll
2025-08-31T12:02:28.187Z [INFO]: [Template][GetAll][Success] Returned 2 templates
2025-08-31T12:02:29.930Z [INFO]: [Startup] Incoming request: GET /api/template/68a6c2c1e4d86db2f29d35de
2025-08-31T12:02:29.944Z [INFO]: [Template][GetById][Success] ID: 68a6c2c1e4d86db2f29d35de
2025-08-31T12:02:29.954Z [INFO]: [Startup] Incoming request: GET /api/template/68a6c2c1e4d86db2f29d35de
2025-08-31T12:02:29.966Z [INFO]: [Template][GetById][Success] ID: 68a6c2c1e4d86db2f29d35de
2025-08-31T12:07:50.535Z [INFO]: [Startup] Incoming request: PUT /api/admin/template/update/68a6c2c1e4d86db2f29d35de
2025-08-31T12:07:50.540Z [INFO]: [JWT][Verify][Success] Token verified for userId: 68ab4a7b46b46afd9f445e5d
2025-08-31T12:07:50.541Z [INFO]: [Auth] Auth success for user 68ab4a7b46b46afd9f445e5d, role admin, from IP: ::1
2025-08-31T12:07:50.587Z [INFO]: [Template][Update][Success] ID: 68a6c2c1e4d86db2f29d35de
2025-08-31T12:07:52.112Z [INFO]: [Startup] Incoming request: GET /api/template/getAll
2025-08-31T12:07:52.123Z [INFO]: [Template][GetAll][Success] Returned 2 templates
2025-08-31T12:07:52.131Z [INFO]: [Startup] Incoming request: GET /api/template/getAll
2025-08-31T12:07:52.140Z [INFO]: [Template][GetAll][Success] Returned 2 templates
2025-08-31T12:07:55.827Z [INFO]: [Startup] Incoming request: GET /api/template/getAll
2025-08-31T12:07:55.830Z [INFO]: [Startup] Incoming request: GET /api/auth/status
2025-08-31T12:07:55.832Z [INFO]: [JWT][Verify][Success] Token verified for userId: 68ab4a7b46b46afd9f445e5d
2025-08-31T12:07:55.833Z [INFO]: [Auth] Auth success for user 68ab4a7b46b46afd9f445e5d, role admin, from IP: ::1
2025-08-31T12:07:55.843Z [INFO]: [AuthStatus][Checked] User: 68ab4a7b46b46afd9f445e5d
2025-08-31T12:07:55.847Z [INFO]: [Template][GetAll][Success] Returned 2 templates
2025-08-31T12:07:55.853Z [INFO]: [Startup] Incoming request: GET /api/auth/status
2025-08-31T12:07:55.856Z [INFO]: [JWT][Verify][Success] Token verified for userId: 68ab4a7b46b46afd9f445e5d
2025-08-31T12:07:55.857Z [INFO]: [Auth] Auth success for user 68ab4a7b46b46afd9f445e5d, role admin, from IP: ::1
2025-08-31T12:07:55.860Z [INFO]: [Startup] Incoming request: GET /api/template/getAll
2025-08-31T12:07:55.865Z [INFO]: [AuthStatus][Checked] User: 68ab4a7b46b46afd9f445e5d
2025-08-31T12:07:55.876Z [INFO]: [Template][GetAll][Success] Returned 2 templates
2025-08-31T12:09:00.549Z [INFO]: [Startup] Incoming request: GET /api/auth/status
2025-08-31T12:09:00.550Z [WARN]: [Auth] Token missing from ::1 for /api/auth/status
2025-08-31T12:09:00.552Z [ERROR]: Status: 401, Name: AUTHORIZATION TOKEN NOT FOUND, Message: Unable to find the authorization token in the cookie, URL: /api/auth/status, Method: GET, IP: ::1
2025-08-31T12:09:00.553Z [ERROR]: Stack: AUTHORIZATION TOKEN NOT FOUND: Unable to find the authorization token in the cookie
    at userAuthorization (file:///E:/resume-v04/server/middleware/user-authorization.js:9:19)
    at Layer.handleRequest (E:\resume-v04\server\node_modules\router\lib\layer.js:152:17)
    at next (E:\resume-v04\server\node_modules\router\lib\route.js:157:13)
    at Route.dispatch (E:\resume-v04\server\node_modules\router\lib\route.js:117:3)
    at handle (E:\resume-v04\server\node_modules\router\index.js:435:11)
    at Layer.handleRequest (E:\resume-v04\server\node_modules\router\lib\layer.js:152:17)
    at E:\resume-v04\server\node_modules\router\index.js:295:15
    at processParams (E:\resume-v04\server\node_modules\router\index.js:582:12)
    at next (E:\resume-v04\server\node_modules\router\index.js:291:5)
    at Function.handle (E:\resume-v04\server\node_modules\router\index.js:186:3)
2025-08-31T12:09:00.571Z [INFO]: [Startup] Incoming request: GET /api/auth/status
2025-08-31T12:09:00.572Z [WARN]: [Auth] Token missing from ::1 for /api/auth/status
2025-08-31T12:09:00.573Z [ERROR]: Status: 401, Name: AUTHORIZATION TOKEN NOT FOUND, Message: Unable to find the authorization token in the cookie, URL: /api/auth/status, Method: GET, IP: ::1
2025-08-31T12:09:00.573Z [ERROR]: Stack: AUTHORIZATION TOKEN NOT FOUND: Unable to find the authorization token in the cookie
    at userAuthorization (file:///E:/resume-v04/server/middleware/user-authorization.js:9:19)
    at Layer.handleRequest (E:\resume-v04\server\node_modules\router\lib\layer.js:152:17)
    at next (E:\resume-v04\server\node_modules\router\lib\route.js:157:13)
    at Route.dispatch (E:\resume-v04\server\node_modules\router\lib\route.js:117:3)
    at handle (E:\resume-v04\server\node_modules\router\index.js:435:11)
    at Layer.handleRequest (E:\resume-v04\server\node_modules\router\lib\layer.js:152:17)
    at E:\resume-v04\server\node_modules\router\index.js:295:15
    at processParams (E:\resume-v04\server\node_modules\router\index.js:582:12)
    at next (E:\resume-v04\server\node_modules\router\index.js:291:5)
    at Function.handle (E:\resume-v04\server\node_modules\router\index.js:186:3)
2025-08-31T12:10:57.455Z [INFO]: [Startup] Incoming request: GET /api/template/getAll
2025-08-31T12:10:57.465Z [INFO]: [Template][GetAll][Success] Returned 2 templates
2025-08-31T12:10:57.472Z [INFO]: [Startup] Incoming request: GET /api/template/getAll
2025-08-31T12:10:57.482Z [INFO]: [Template][GetAll][Success] Returned 2 templates
2025-08-31T12:10:58.768Z [INFO]: [Startup] Incoming request: GET /api/template/68a6c2c1e4d86db2f29d35de
2025-08-31T12:10:58.776Z [INFO]: [Template][GetById][Success] ID: 68a6c2c1e4d86db2f29d35de
2025-08-31T12:10:58.783Z [INFO]: [Startup] Incoming request: GET /api/template/68a6c2c1e4d86db2f29d35de
2025-08-31T12:10:58.792Z [INFO]: [Template][GetById][Success] ID: 68a6c2c1e4d86db2f29d35de
2025-08-31T12:18:08.777Z [INFO]: [Startup] Incoming request: PUT /api/admin/template/update/68a6c2c1e4d86db2f29d35de
2025-08-31T12:18:08.780Z [INFO]: [JWT][Verify][Success] Token verified for userId: 68ab4a7b46b46afd9f445e5d
2025-08-31T12:18:08.780Z [INFO]: [Auth] Auth success for user 68ab4a7b46b46afd9f445e5d, role admin, from IP: ::1
2025-08-31T12:18:08.823Z [INFO]: [Template][Update][Success] ID: 68a6c2c1e4d86db2f29d35de
2025-08-31T12:18:10.654Z [INFO]: [Startup] Incoming request: GET /api/template/getAll
2025-08-31T12:18:10.668Z [INFO]: [Template][GetAll][Success] Returned 2 templates
2025-08-31T12:18:10.676Z [INFO]: [Startup] Incoming request: GET /api/template/getAll
2025-08-31T12:18:10.685Z [INFO]: [Template][GetAll][Success] Returned 2 templates
2025-08-31T12:18:13.885Z [INFO]: [Startup] Incoming request: GET /api/template/getAll
2025-08-31T12:18:13.888Z [INFO]: [Startup] Incoming request: GET /api/auth/status
2025-08-31T12:18:13.891Z [INFO]: [JWT][Verify][Success] Token verified for userId: 68ab4a7b46b46afd9f445e5d
2025-08-31T12:18:13.891Z [INFO]: [Auth] Auth success for user 68ab4a7b46b46afd9f445e5d, role admin, from IP: ::1
2025-08-31T12:18:13.902Z [INFO]: [AuthStatus][Checked] User: 68ab4a7b46b46afd9f445e5d
2025-08-31T12:18:13.908Z [INFO]: [Template][GetAll][Success] Returned 2 templates
2025-08-31T12:18:13.914Z [INFO]: [Startup] Incoming request: GET /api/auth/status
2025-08-31T12:18:13.917Z [INFO]: [JWT][Verify][Success] Token verified for userId: 68ab4a7b46b46afd9f445e5d
2025-08-31T12:18:13.917Z [INFO]: [Auth] Auth success for user 68ab4a7b46b46afd9f445e5d, role admin, from IP: ::1
2025-08-31T12:18:13.920Z [INFO]: [Startup] Incoming request: GET /api/template/getAll
2025-08-31T12:18:13.923Z [INFO]: [AuthStatus][Checked] User: 68ab4a7b46b46afd9f445e5d
2025-08-31T12:18:13.936Z [INFO]: [Template][GetAll][Success] Returned 2 templates
2025-08-31T12:27:16.184Z [INFO]: [Startup] Incoming request: GET /api/template/getAll
2025-08-31T12:27:16.195Z [INFO]: [Template][GetAll][Success] Returned 2 templates
2025-08-31T12:27:16.205Z [INFO]: [Startup] Incoming request: GET /api/template/getAll
2025-08-31T12:27:16.215Z [INFO]: [Template][GetAll][Success] Returned 2 templates
2025-08-31T12:27:17.581Z [INFO]: [Startup] Incoming request: GET /api/template/68a6c2c1e4d86db2f29d35de
2025-08-31T12:27:17.606Z [INFO]: [Template][GetById][Success] ID: 68a6c2c1e4d86db2f29d35de
2025-08-31T12:27:17.613Z [INFO]: [Startup] Incoming request: GET /api/template/68a6c2c1e4d86db2f29d35de
2025-08-31T12:27:17.625Z [INFO]: [Template][GetById][Success] ID: 68a6c2c1e4d86db2f29d35de
2025-08-31T12:29:42.510Z [INFO]: [Startup] Incoming request: PUT /api/admin/template/update/68a6c2c1e4d86db2f29d35de
2025-08-31T12:29:42.513Z [INFO]: [JWT][Verify][Success] Token verified for userId: 68ab4a7b46b46afd9f445e5d
2025-08-31T12:29:42.513Z [INFO]: [Auth] Auth success for user 68ab4a7b46b46afd9f445e5d, role admin, from IP: ::1
2025-08-31T12:29:42.557Z [INFO]: [Template][Update][Success] ID: 68a6c2c1e4d86db2f29d35de
2025-08-31T12:29:44.273Z [INFO]: [Startup] Incoming request: GET /api/template/getAll
2025-08-31T12:29:44.287Z [INFO]: [Template][GetAll][Success] Returned 2 templates
2025-08-31T12:29:44.295Z [INFO]: [Startup] Incoming request: GET /api/template/getAll
2025-08-31T12:29:44.305Z [INFO]: [Template][GetAll][Success] Returned 2 templates
2025-08-31T12:29:46.360Z [INFO]: [Startup] Incoming request: GET /api/template/getAll
2025-08-31T12:29:46.362Z [INFO]: [Startup] Incoming request: GET /api/auth/status
2025-08-31T12:29:46.365Z [INFO]: [JWT][Verify][Success] Token verified for userId: 68ab4a7b46b46afd9f445e5d
2025-08-31T12:29:46.366Z [INFO]: [Auth] Auth success for user 68ab4a7b46b46afd9f445e5d, role admin, from IP: ::1
2025-08-31T12:29:46.377Z [INFO]: [AuthStatus][Checked] User: 68ab4a7b46b46afd9f445e5d
2025-08-31T12:29:46.381Z [INFO]: [Template][GetAll][Success] Returned 2 templates
2025-08-31T12:29:46.389Z [INFO]: [Startup] Incoming request: GET /api/auth/status
2025-08-31T12:29:46.391Z [INFO]: [JWT][Verify][Success] Token verified for userId: 68ab4a7b46b46afd9f445e5d
2025-08-31T12:29:46.392Z [INFO]: [Auth] Auth success for user 68ab4a7b46b46afd9f445e5d, role admin, from IP: ::1
2025-08-31T12:29:46.394Z [INFO]: [Startup] Incoming request: GET /api/template/getAll
2025-08-31T12:29:46.398Z [INFO]: [AuthStatus][Checked] User: 68ab4a7b46b46afd9f445e5d
2025-08-31T12:29:46.409Z [INFO]: [Template][GetAll][Success] Returned 2 templates
2025-08-31T12:31:37.753Z [INFO]: [Startup] Incoming request: GET /api/template/getAll
2025-08-31T12:31:37.758Z [INFO]: [Template][GetAll][Success] Returned 2 templates
2025-08-31T12:31:37.762Z [INFO]: [Startup] Incoming request: GET /api/template/getAll
2025-08-31T12:31:37.767Z [INFO]: [Template][GetAll][Success] Returned 2 templates
2025-08-31T12:31:38.819Z [INFO]: [Startup] Incoming request: GET /api/template/68a6c2c1e4d86db2f29d35de
2025-08-31T12:31:38.823Z [INFO]: [Template][GetById][Success] ID: 68a6c2c1e4d86db2f29d35de
2025-08-31T12:31:38.827Z [INFO]: [Startup] Incoming request: GET /api/template/68a6c2c1e4d86db2f29d35de
2025-08-31T12:31:38.831Z [INFO]: [Template][GetById][Success] ID: 68a6c2c1e4d86db2f29d35de
2025-08-31T12:31:52.912Z [INFO]: [Startup] Incoming request: PUT /api/admin/template/update/68a6c2c1e4d86db2f29d35de
2025-08-31T12:31:52.914Z [INFO]: [JWT][Verify][Success] Token verified for userId: 68ab4a7b46b46afd9f445e5d
2025-08-31T12:31:52.915Z [INFO]: [Auth] Auth success for user 68ab4a7b46b46afd9f445e5d, role admin, from IP: ::1
2025-08-31T12:31:52.933Z [INFO]: [Template][Update][Success] ID: 68a6c2c1e4d86db2f29d35de
2025-08-31T12:31:54.336Z [INFO]: [Startup] Incoming request: GET /api/template/getAll
2025-08-31T12:31:54.342Z [INFO]: [Template][GetAll][Success] Returned 2 templates
2025-08-31T12:31:54.347Z [INFO]: [Startup] Incoming request: GET /api/template/getAll
2025-08-31T12:31:54.353Z [INFO]: [Template][GetAll][Success] Returned 2 templates
2025-08-31T12:31:57.446Z [INFO]: [Startup] Incoming request: GET /api/template/getAll
2025-08-31T12:31:57.447Z [INFO]: [Startup] Incoming request: GET /api/auth/status
2025-08-31T12:31:57.448Z [INFO]: [JWT][Verify][Success] Token verified for userId: 68ab4a7b46b46afd9f445e5d
2025-08-31T12:31:57.448Z [INFO]: [Auth] Auth success for user 68ab4a7b46b46afd9f445e5d, role admin, from IP: ::1
2025-08-31T12:31:57.452Z [INFO]: [AuthStatus][Checked] User: 68ab4a7b46b46afd9f445e5d
2025-08-31T12:31:57.455Z [INFO]: [Template][GetAll][Success] Returned 2 templates
2025-08-31T12:31:57.459Z [INFO]: [Startup] Incoming request: GET /api/auth/status
2025-08-31T12:31:57.460Z [INFO]: [JWT][Verify][Success] Token verified for userId: 68ab4a7b46b46afd9f445e5d
2025-08-31T12:31:57.460Z [INFO]: [Auth] Auth success for user 68ab4a7b46b46afd9f445e5d, role admin, from IP: ::1
2025-08-31T12:31:57.463Z [INFO]: [Startup] Incoming request: GET /api/template/getAll
2025-08-31T12:31:57.464Z [INFO]: [AuthStatus][Checked] User: 68ab4a7b46b46afd9f445e5d
2025-08-31T12:31:57.469Z [INFO]: [Template][GetAll][Success] Returned 2 templates
2025-08-31T12:31:57.473Z [INFO]: [Startup] Incoming request: GET /api/template/getAll
2025-08-31T12:31:57.478Z [INFO]: [Template][GetAll][Success] Returned 2 templates
2025-08-31T12:32:05.684Z [INFO]: [Startup] Incoming request: GET /api/auth/status
2025-08-31T12:32:05.685Z [INFO]: [JWT][Verify][Success] Token verified for userId: 68ab4a7b46b46afd9f445e5d
2025-08-31T12:32:05.686Z [INFO]: [Auth] Auth success for user 68ab4a7b46b46afd9f445e5d, role admin, from IP: ::1
2025-08-31T12:32:05.687Z [INFO]: [AuthStatus][Checked] User: 68ab4a7b46b46afd9f445e5d
2025-08-31T12:32:05.689Z [INFO]: [Startup] Incoming request: GET /api/auth/status
2025-08-31T12:32:05.690Z [INFO]: [JWT][Verify][Success] Token verified for userId: 68ab4a7b46b46afd9f445e5d
2025-08-31T12:32:05.691Z [INFO]: [Auth] Auth success for user 68ab4a7b46b46afd9f445e5d, role admin, from IP: ::1
2025-08-31T12:32:05.693Z [INFO]: [AuthStatus][Checked] User: 68ab4a7b46b46afd9f445e5d
2025-08-31T12:32:05.701Z [INFO]: [Startup] Incoming request: GET /api/template/getAll
2025-08-31T12:32:05.707Z [INFO]: [Template][GetAll][Success] Returned 2 templates
2025-08-31T12:35:10.713Z [INFO]: [Startup] Incoming request: GET /api/template/getAll
2025-08-31T12:35:10.719Z [INFO]: [Template][GetAll][Success] Returned 2 templates
2025-08-31T12:35:10.722Z [INFO]: [Startup] Incoming request: GET /api/template/getAll
2025-08-31T12:35:10.727Z [INFO]: [Template][GetAll][Success] Returned 2 templates
2025-08-31T12:35:11.721Z [INFO]: [Startup] Incoming request: GET /api/template/68a6c2c1e4d86db2f29d35de
2025-08-31T12:35:11.725Z [INFO]: [Template][GetById][Success] ID: 68a6c2c1e4d86db2f29d35de
2025-08-31T12:35:11.730Z [INFO]: [Startup] Incoming request: GET /api/template/68a6c2c1e4d86db2f29d35de
2025-08-31T12:35:11.733Z [INFO]: [Template][GetById][Success] ID: 68a6c2c1e4d86db2f29d35de
2025-08-31T12:35:18.566Z [INFO]: [Startup] Incoming request: PUT /api/admin/template/update/68a6c2c1e4d86db2f29d35de
2025-08-31T12:35:18.567Z [INFO]: [JWT][Verify][Success] Token verified for userId: 68ab4a7b46b46afd9f445e5d
2025-08-31T12:35:18.567Z [INFO]: [Auth] Auth success for user 68ab4a7b46b46afd9f445e5d, role admin, from IP: ::1
2025-08-31T12:35:18.582Z [INFO]: [Template][Update][Success] ID: 68a6c2c1e4d86db2f29d35de
2025-08-31T12:35:19.785Z [INFO]: [Startup] Incoming request: GET /api/template/getAll
2025-08-31T12:35:19.790Z [INFO]: [Template][GetAll][Success] Returned 2 templates
2025-08-31T12:35:19.795Z [INFO]: [Startup] Incoming request: GET /api/template/getAll
2025-08-31T12:35:19.800Z [INFO]: [Template][GetAll][Success] Returned 2 templates
2025-08-31T12:35:21.689Z [INFO]: [Startup] Incoming request: GET /api/template/getAll
2025-08-31T12:35:21.691Z [INFO]: [Startup] Incoming request: GET /api/auth/status
2025-08-31T12:35:21.692Z [INFO]: [JWT][Verify][Success] Token verified for userId: 68ab4a7b46b46afd9f445e5d
2025-08-31T12:35:21.692Z [INFO]: [Auth] Auth success for user 68ab4a7b46b46afd9f445e5d, role admin, from IP: ::1
2025-08-31T12:35:21.696Z [INFO]: [AuthStatus][Checked] User: 68ab4a7b46b46afd9f445e5d
2025-08-31T12:35:21.698Z [INFO]: [Template][GetAll][Success] Returned 2 templates
2025-08-31T12:35:21.702Z [INFO]: [Startup] Incoming request: GET /api/auth/status
2025-08-31T12:35:21.703Z [INFO]: [JWT][Verify][Success] Token verified for userId: 68ab4a7b46b46afd9f445e5d
2025-08-31T12:35:21.703Z [INFO]: [Auth] Auth success for user 68ab4a7b46b46afd9f445e5d, role admin, from IP: ::1
2025-08-31T12:35:21.704Z [INFO]: [Startup] Incoming request: GET /api/template/getAll
2025-08-31T12:35:21.706Z [INFO]: [AuthStatus][Checked] User: 68ab4a7b46b46afd9f445e5d
2025-08-31T12:35:21.712Z [INFO]: [Template][GetAll][Success] Returned 2 templates
2025-08-31T12:36:07.225Z [INFO]: [Startup] Incoming request: GET /api/template/getAll
2025-08-31T12:36:07.232Z [INFO]: [Template][GetAll][Success] Returned 2 templates
2025-08-31T12:36:07.236Z [INFO]: [Startup] Incoming request: GET /api/template/getAll
2025-08-31T12:36:07.241Z [INFO]: [Template][GetAll][Success] Returned 2 templates
2025-08-31T12:36:08.348Z [INFO]: [Startup] Incoming request: GET /api/template/68a6c2c1e4d86db2f29d35de
2025-08-31T12:36:08.352Z [INFO]: [Template][GetById][Success] ID: 68a6c2c1e4d86db2f29d35de
2025-08-31T12:36:08.355Z [INFO]: [Startup] Incoming request: GET /api/template/68a6c2c1e4d86db2f29d35de
2025-08-31T12:36:08.359Z [INFO]: [Template][GetById][Success] ID: 68a6c2c1e4d86db2f29d35de
2025-08-31T12:38:54.104Z [INFO]: [Startup] Incoming request: PUT /api/admin/template/update/68a6c2c1e4d86db2f29d35de
2025-08-31T12:38:54.105Z [INFO]: [JWT][Verify][Success] Token verified for userId: 68ab4a7b46b46afd9f445e5d
2025-08-31T12:38:54.105Z [INFO]: [Auth] Auth success for user 68ab4a7b46b46afd9f445e5d, role admin, from IP: ::1
2025-08-31T12:38:54.120Z [INFO]: [Template][Update][Success] ID: 68a6c2c1e4d86db2f29d35de
2025-08-31T12:38:55.453Z [INFO]: [Startup] Incoming request: GET /api/template/getAll
2025-08-31T12:38:55.458Z [INFO]: [Template][GetAll][Success] Returned 2 templates
2025-08-31T12:38:55.463Z [INFO]: [Startup] Incoming request: GET /api/template/getAll
2025-08-31T12:38:55.468Z [INFO]: [Template][GetAll][Success] Returned 2 templates
2025-08-31T12:38:57.360Z [INFO]: [Startup] Incoming request: GET /api/template/getAll
2025-08-31T12:38:57.361Z [INFO]: [Startup] Incoming request: GET /api/auth/status
2025-08-31T12:38:57.362Z [INFO]: [JWT][Verify][Success] Token verified for userId: 68ab4a7b46b46afd9f445e5d
2025-08-31T12:38:57.363Z [INFO]: [Auth] Auth success for user 68ab4a7b46b46afd9f445e5d, role admin, from IP: ::1
2025-08-31T12:38:57.367Z [INFO]: [AuthStatus][Checked] User: 68ab4a7b46b46afd9f445e5d
2025-08-31T12:38:57.370Z [INFO]: [Template][GetAll][Success] Returned 2 templates
2025-08-31T12:38:57.373Z [INFO]: [Startup] Incoming request: GET /api/auth/status
2025-08-31T12:38:57.374Z [INFO]: [JWT][Verify][Success] Token verified for userId: 68ab4a7b46b46afd9f445e5d
2025-08-31T12:38:57.374Z [INFO]: [Auth] Auth success for user 68ab4a7b46b46afd9f445e5d, role admin, from IP: ::1
2025-08-31T12:38:57.376Z [INFO]: [Startup] Incoming request: GET /api/template/getAll
2025-08-31T12:38:57.377Z [INFO]: [AuthStatus][Checked] User: 68ab4a7b46b46afd9f445e5d
2025-08-31T12:38:57.383Z [INFO]: [Template][GetAll][Success] Returned 2 templates
2025-08-31T12:43:28.233Z [INFO]: [Startup] Incoming request: GET /api/template/getAll
2025-08-31T12:43:28.238Z [INFO]: [Template][GetAll][Success] Returned 2 templates
2025-08-31T12:43:28.241Z [INFO]: [Startup] Incoming request: GET /api/template/getAll
2025-08-31T12:43:28.246Z [INFO]: [Template][GetAll][Success] Returned 2 templates
2025-08-31T12:43:29.436Z [INFO]: [Startup] Incoming request: GET /api/template/68a6c2c1e4d86db2f29d35de
2025-08-31T12:43:29.440Z [INFO]: [Template][GetById][Success] ID: 68a6c2c1e4d86db2f29d35de
2025-08-31T12:43:29.443Z [INFO]: [Startup] Incoming request: GET /api/template/68a6c2c1e4d86db2f29d35de
2025-08-31T12:43:29.447Z [INFO]: [Template][GetById][Success] ID: 68a6c2c1e4d86db2f29d35de
2025-08-31T12:44:30.503Z [INFO]: [Startup] Incoming request: PUT /api/admin/template/update/68a6c2c1e4d86db2f29d35de
2025-08-31T12:44:30.504Z [INFO]: [JWT][Verify][Success] Token verified for userId: 68ab4a7b46b46afd9f445e5d
2025-08-31T12:44:30.504Z [INFO]: [Auth] Auth success for user 68ab4a7b46b46afd9f445e5d, role admin, from IP: ::1
2025-08-31T12:44:30.518Z [INFO]: [Template][Update][Success] ID: 68a6c2c1e4d86db2f29d35de
2025-08-31T12:44:31.813Z [INFO]: [Startup] Incoming request: GET /api/template/getAll
2025-08-31T12:44:31.818Z [INFO]: [Template][GetAll][Success] Returned 2 templates
2025-08-31T12:44:31.823Z [INFO]: [Startup] Incoming request: GET /api/template/getAll
2025-08-31T12:44:31.828Z [INFO]: [Template][GetAll][Success] Returned 2 templates
2025-08-31T12:44:34.103Z [INFO]: [Startup] Incoming request: GET /api/template/getAll
2025-08-31T12:44:34.105Z [INFO]: [Startup] Incoming request: GET /api/auth/status
2025-08-31T12:44:34.106Z [INFO]: [JWT][Verify][Success] Token verified for userId: 68ab4a7b46b46afd9f445e5d
2025-08-31T12:44:34.106Z [INFO]: [Auth] Auth success for user 68ab4a7b46b46afd9f445e5d, role admin, from IP: ::1
2025-08-31T12:44:34.110Z [INFO]: [AuthStatus][Checked] User: 68ab4a7b46b46afd9f445e5d
2025-08-31T12:44:34.112Z [INFO]: [Template][GetAll][Success] Returned 2 templates
2025-08-31T12:44:34.117Z [INFO]: [Startup] Incoming request: GET /api/auth/status
2025-08-31T12:44:34.118Z [INFO]: [JWT][Verify][Success] Token verified for userId: 68ab4a7b46b46afd9f445e5d
2025-08-31T12:44:34.118Z [INFO]: [Auth] Auth success for user 68ab4a7b46b46afd9f445e5d, role admin, from IP: ::1
2025-08-31T12:44:34.120Z [INFO]: [Startup] Incoming request: GET /api/template/getAll
2025-08-31T12:44:34.121Z [INFO]: [AuthStatus][Checked] User: 68ab4a7b46b46afd9f445e5d
2025-08-31T12:44:34.126Z [INFO]: [Template][GetAll][Success] Returned 2 templates
2025-08-31T12:50:46.845Z [INFO]: [Startup] Incoming request: GET /api/template/getAll
2025-08-31T12:50:46.847Z [INFO]: [Startup] Incoming request: GET /api/auth/status
2025-08-31T12:50:46.848Z [INFO]: [JWT][Verify][Success] Token verified for userId: 68ab4a7b46b46afd9f445e5d
2025-08-31T12:50:46.848Z [INFO]: [Auth] Auth success for user 68ab4a7b46b46afd9f445e5d, role admin, from IP: ::1
2025-08-31T12:50:46.853Z [INFO]: [AuthStatus][Checked] User: 68ab4a7b46b46afd9f445e5d
2025-08-31T12:50:46.855Z [INFO]: [Template][GetAll][Success] Returned 2 templates
2025-08-31T12:50:46.860Z [INFO]: [Startup] Incoming request: GET /api/auth/status
2025-08-31T12:50:46.861Z [INFO]: [JWT][Verify][Success] Token verified for userId: 68ab4a7b46b46afd9f445e5d
2025-08-31T12:50:46.861Z [INFO]: [Auth] Auth success for user 68ab4a7b46b46afd9f445e5d, role admin, from IP: ::1
2025-08-31T12:50:46.863Z [INFO]: [Startup] Incoming request: GET /api/template/getAll
2025-08-31T12:50:46.865Z [INFO]: [AuthStatus][Checked] User: 68ab4a7b46b46afd9f445e5d
2025-08-31T12:50:46.871Z [INFO]: [Template][GetAll][Success] Returned 2 templates
2025-08-31T12:50:46.874Z [INFO]: [Startup] Incoming request: GET /api/template/getAll
2025-08-31T12:50:46.879Z [INFO]: [Template][GetAll][Success] Returned 2 templates
2025-08-31T12:51:24.892Z [INFO]: [Startup] Incoming request: GET /api/template/getAll
2025-08-31T12:51:24.897Z [INFO]: [Template][GetAll][Success] Returned 2 templates
2025-08-31T12:51:24.901Z [INFO]: [Startup] Incoming request: GET /api/template/getAll
2025-08-31T12:51:24.905Z [INFO]: [Template][GetAll][Success] Returned 2 templates
2025-08-31T12:51:25.913Z [INFO]: [Startup] Incoming request: GET /api/template/68a6c2c1e4d86db2f29d35de
2025-08-31T12:51:25.919Z [INFO]: [Template][GetById][Success] ID: 68a6c2c1e4d86db2f29d35de
2025-08-31T12:51:25.923Z [INFO]: [Startup] Incoming request: GET /api/template/68a6c2c1e4d86db2f29d35de
2025-08-31T12:51:25.929Z [INFO]: [Template][GetById][Success] ID: 68a6c2c1e4d86db2f29d35de
2025-08-31T12:52:06.761Z [INFO]: [Startup] Incoming request: PUT /api/admin/template/update/68a6c2c1e4d86db2f29d35de
2025-08-31T12:52:06.762Z [INFO]: [JWT][Verify][Success] Token verified for userId: 68ab4a7b46b46afd9f445e5d
2025-08-31T12:52:06.762Z [INFO]: [Auth] Auth success for user 68ab4a7b46b46afd9f445e5d, role admin, from IP: ::1
2025-08-31T12:52:06.780Z [INFO]: [Template][Update][Success] ID: 68a6c2c1e4d86db2f29d35de
2025-08-31T12:52:08.225Z [INFO]: [Startup] Incoming request: GET /api/template/getAll
2025-08-31T12:52:08.230Z [INFO]: [Template][GetAll][Success] Returned 2 templates
2025-08-31T12:52:08.235Z [INFO]: [Startup] Incoming request: GET /api/template/getAll
2025-08-31T12:52:08.242Z [INFO]: [Template][GetAll][Success] Returned 2 templates
2025-08-31T12:52:10.133Z [INFO]: [Startup] Incoming request: GET /api/template/getAll
2025-08-31T12:52:10.135Z [INFO]: [Startup] Incoming request: GET /api/auth/status
2025-08-31T12:52:10.136Z [INFO]: [JWT][Verify][Success] Token verified for userId: 68ab4a7b46b46afd9f445e5d
2025-08-31T12:52:10.137Z [INFO]: [Auth] Auth success for user 68ab4a7b46b46afd9f445e5d, role admin, from IP: ::1
2025-08-31T12:52:10.140Z [INFO]: [AuthStatus][Checked] User: 68ab4a7b46b46afd9f445e5d
2025-08-31T12:52:10.143Z [INFO]: [Template][GetAll][Success] Returned 2 templates
2025-08-31T12:52:10.146Z [INFO]: [Startup] Incoming request: GET /api/auth/status
2025-08-31T12:52:10.148Z [INFO]: [JWT][Verify][Success] Token verified for userId: 68ab4a7b46b46afd9f445e5d
2025-08-31T12:52:10.148Z [INFO]: [Auth] Auth success for user 68ab4a7b46b46afd9f445e5d, role admin, from IP: ::1
2025-08-31T12:52:10.150Z [INFO]: [Startup] Incoming request: GET /api/template/getAll
2025-08-31T12:52:10.152Z [INFO]: [AuthStatus][Checked] User: 68ab4a7b46b46afd9f445e5d
2025-08-31T12:52:10.158Z [INFO]: [Template][GetAll][Success] Returned 2 templates
2025-08-31T12:54:12.605Z [INFO]: [Startup] Incoming request: GET /api/template/getAll
2025-08-31T12:54:12.610Z [INFO]: [Template][GetAll][Success] Returned 2 templates
2025-08-31T12:54:12.613Z [INFO]: [Startup] Incoming request: GET /api/template/getAll
2025-08-31T12:54:12.618Z [INFO]: [Template][GetAll][Success] Returned 2 templates
2025-08-31T12:54:13.577Z [INFO]: [Startup] Incoming request: GET /api/template/68a6c2c1e4d86db2f29d35de
2025-08-31T12:54:13.583Z [INFO]: [Template][GetById][Success] ID: 68a6c2c1e4d86db2f29d35de
2025-08-31T12:54:13.587Z [INFO]: [Startup] Incoming request: GET /api/template/68a6c2c1e4d86db2f29d35de
2025-08-31T12:54:13.593Z [INFO]: [Template][GetById][Success] ID: 68a6c2c1e4d86db2f29d35de
2025-08-31T12:54:19.269Z [INFO]: [Startup] Incoming request: PUT /api/admin/template/update/68a6c2c1e4d86db2f29d35de
2025-08-31T12:54:19.271Z [INFO]: [JWT][Verify][Success] Token verified for userId: 68ab4a7b46b46afd9f445e5d
2025-08-31T12:54:19.271Z [INFO]: [Auth] Auth success for user 68ab4a7b46b46afd9f445e5d, role admin, from IP: ::1
2025-08-31T12:54:19.292Z [INFO]: [Template][Update][Success] ID: 68a6c2c1e4d86db2f29d35de
2025-08-31T12:54:20.701Z [INFO]: [Startup] Incoming request: GET /api/template/getAll
2025-08-31T12:54:20.707Z [INFO]: [Template][GetAll][Success] Returned 2 templates
2025-08-31T12:54:20.710Z [INFO]: [Startup] Incoming request: GET /api/template/getAll
2025-08-31T12:54:20.716Z [INFO]: [Template][GetAll][Success] Returned 2 templates
2025-08-31T12:54:22.482Z [INFO]: [Startup] Incoming request: GET /api/template/getAll
2025-08-31T12:54:22.483Z [INFO]: [Startup] Incoming request: GET /api/auth/status
2025-08-31T12:54:22.484Z [INFO]: [JWT][Verify][Success] Token verified for userId: 68ab4a7b46b46afd9f445e5d
2025-08-31T12:54:22.485Z [INFO]: [Auth] Auth success for user 68ab4a7b46b46afd9f445e5d, role admin, from IP: ::1
2025-08-31T12:54:22.490Z [INFO]: [AuthStatus][Checked] User: 68ab4a7b46b46afd9f445e5d
2025-08-31T12:54:22.493Z [INFO]: [Template][GetAll][Success] Returned 2 templates
2025-08-31T12:54:22.497Z [INFO]: [Startup] Incoming request: GET /api/auth/status
2025-08-31T12:54:22.498Z [INFO]: [JWT][Verify][Success] Token verified for userId: 68ab4a7b46b46afd9f445e5d
2025-08-31T12:54:22.499Z [INFO]: [Auth] Auth success for user 68ab4a7b46b46afd9f445e5d, role admin, from IP: ::1
2025-08-31T12:54:22.500Z [INFO]: [Startup] Incoming request: GET /api/template/getAll
2025-08-31T12:54:22.503Z [INFO]: [AuthStatus][Checked] User: 68ab4a7b46b46afd9f445e5d
2025-08-31T12:54:22.507Z [INFO]: [Template][GetAll][Success] Returned 2 templates
2025-08-31T12:57:28.700Z [INFO]: [Startup] Incoming request: GET /api/template/getAll
2025-08-31T12:57:28.704Z [INFO]: [Template][GetAll][Success] Returned 2 templates
2025-08-31T12:57:28.708Z [INFO]: [Startup] Incoming request: GET /api/template/getAll
2025-08-31T12:57:28.712Z [INFO]: [Template][GetAll][Success] Returned 2 templates
2025-08-31T12:57:31.756Z [INFO]: [Startup] Incoming request: GET /api/template/68a6c2c1e4d86db2f29d35de
2025-08-31T12:57:31.760Z [INFO]: [Template][GetById][Success] ID: 68a6c2c1e4d86db2f29d35de
2025-08-31T12:57:31.764Z [INFO]: [Startup] Incoming request: GET /api/template/68a6c2c1e4d86db2f29d35de
2025-08-31T12:57:31.767Z [INFO]: [Template][GetById][Success] ID: 68a6c2c1e4d86db2f29d35de
2025-08-31T12:58:20.505Z [INFO]: [Startup] Incoming request: PUT /api/admin/template/update/68a6c2c1e4d86db2f29d35de
2025-08-31T12:58:20.506Z [INFO]: [JWT][Verify][Success] Token verified for userId: 68ab4a7b46b46afd9f445e5d
2025-08-31T12:58:20.507Z [INFO]: [Auth] Auth success for user 68ab4a7b46b46afd9f445e5d, role admin, from IP: ::1
2025-08-31T12:58:20.520Z [INFO]: [Template][Update][Success] ID: 68a6c2c1e4d86db2f29d35de
2025-08-31T12:58:21.885Z [INFO]: [Startup] Incoming request: GET /api/template/getAll
2025-08-31T12:58:21.889Z [INFO]: [Template][GetAll][Success] Returned 2 templates
2025-08-31T12:58:21.895Z [INFO]: [Startup] Incoming request: GET /api/template/getAll
2025-08-31T12:58:21.900Z [INFO]: [Template][GetAll][Success] Returned 2 templates
2025-08-31T12:58:27.443Z [INFO]: [Startup] Incoming request: GET /api/template/getAll
2025-08-31T12:58:27.444Z [INFO]: [Startup] Incoming request: GET /api/auth/status
2025-08-31T12:58:27.445Z [INFO]: [JWT][Verify][Success] Token verified for userId: 68ab4a7b46b46afd9f445e5d
2025-08-31T12:58:27.445Z [INFO]: [Auth] Auth success for user 68ab4a7b46b46afd9f445e5d, role admin, from IP: ::1
2025-08-31T12:58:27.448Z [INFO]: [AuthStatus][Checked] User: 68ab4a7b46b46afd9f445e5d
2025-08-31T12:58:27.451Z [INFO]: [Template][GetAll][Success] Returned 2 templates
2025-08-31T12:58:27.455Z [INFO]: [Startup] Incoming request: GET /api/auth/status
2025-08-31T12:58:27.457Z [INFO]: [JWT][Verify][Success] Token verified for userId: 68ab4a7b46b46afd9f445e5d
2025-08-31T12:58:27.457Z [INFO]: [Auth] Auth success for user 68ab4a7b46b46afd9f445e5d, role admin, from IP: ::1
2025-08-31T12:58:27.458Z [INFO]: [Startup] Incoming request: GET /api/template/getAll
2025-08-31T12:58:27.460Z [INFO]: [AuthStatus][Checked] User: 68ab4a7b46b46afd9f445e5d
2025-08-31T12:58:27.465Z [INFO]: [Template][GetAll][Success] Returned 2 templates
2025-08-31T12:58:27.469Z [INFO]: [Startup] Incoming request: GET /api/template/getAll
2025-08-31T12:58:27.473Z [INFO]: [Template][GetAll][Success] Returned 2 templates
2025-08-31T13:09:50.773Z [INFO]: [Startup] Incoming request: GET /api/template/getAll
2025-08-31T13:09:50.777Z [INFO]: [Template][GetAll][Success] Returned 2 templates
2025-08-31T13:09:50.781Z [INFO]: [Startup] Incoming request: GET /api/template/getAll
2025-08-31T13:09:50.785Z [INFO]: [Template][GetAll][Success] Returned 2 templates
2025-08-31T13:09:53.486Z [INFO]: [Startup] Incoming request: GET /api/template/68a6c2c1e4d86db2f29d35de
2025-08-31T13:09:53.490Z [INFO]: [Template][GetById][Success] ID: 68a6c2c1e4d86db2f29d35de
2025-08-31T13:09:53.494Z [INFO]: [Startup] Incoming request: GET /api/template/68a6c2c1e4d86db2f29d35de
2025-08-31T13:09:53.497Z [INFO]: [Template][GetById][Success] ID: 68a6c2c1e4d86db2f29d35de
2025-08-31T13:10:26.471Z [INFO]: [Startup] Incoming request: PUT /api/admin/template/update/68a6c2c1e4d86db2f29d35de
2025-08-31T13:10:26.472Z [INFO]: [JWT][Verify][Success] Token verified for userId: 68ab4a7b46b46afd9f445e5d
2025-08-31T13:10:26.472Z [INFO]: [Auth] Auth success for user 68ab4a7b46b46afd9f445e5d, role admin, from IP: ::1
2025-08-31T13:10:26.485Z [INFO]: [Template][Update][Success] ID: 68a6c2c1e4d86db2f29d35de
2025-08-31T13:10:28.009Z [INFO]: [Startup] Incoming request: GET /api/template/getAll
2025-08-31T13:10:28.014Z [INFO]: [Template][GetAll][Success] Returned 2 templates
2025-08-31T13:10:28.018Z [INFO]: [Startup] Incoming request: GET /api/template/getAll
2025-08-31T13:10:28.023Z [INFO]: [Template][GetAll][Success] Returned 2 templates
2025-08-31T13:10:30.271Z [INFO]: [Startup] Incoming request: GET /api/template/getAll
2025-08-31T13:10:30.273Z [INFO]: [Startup] Incoming request: GET /api/auth/status
2025-08-31T13:10:30.274Z [INFO]: [JWT][Verify][Success] Token verified for userId: 68ab4a7b46b46afd9f445e5d
2025-08-31T13:10:30.274Z [INFO]: [Auth] Auth success for user 68ab4a7b46b46afd9f445e5d, role admin, from IP: ::1
2025-08-31T13:10:30.278Z [INFO]: [AuthStatus][Checked] User: 68ab4a7b46b46afd9f445e5d
2025-08-31T13:10:30.282Z [INFO]: [Template][GetAll][Success] Returned 2 templates
2025-08-31T13:10:30.285Z [INFO]: [Startup] Incoming request: GET /api/auth/status
2025-08-31T13:10:30.287Z [INFO]: [JWT][Verify][Success] Token verified for userId: 68ab4a7b46b46afd9f445e5d
2025-08-31T13:10:30.287Z [INFO]: [Auth] Auth success for user 68ab4a7b46b46afd9f445e5d, role admin, from IP: ::1
2025-08-31T13:10:30.288Z [INFO]: [Startup] Incoming request: GET /api/template/getAll
2025-08-31T13:10:30.290Z [INFO]: [AuthStatus][Checked] User: 68ab4a7b46b46afd9f445e5d
2025-08-31T13:10:30.295Z [INFO]: [Template][GetAll][Success] Returned 2 templates
2025-08-31T13:10:35.696Z [INFO]: [Startup] Incoming request: GET /api/auth/status
2025-08-31T13:10:35.697Z [INFO]: [JWT][Verify][Success] Token verified for userId: 68ab4a7b46b46afd9f445e5d
2025-08-31T13:10:35.698Z [INFO]: [Auth] Auth success for user 68ab4a7b46b46afd9f445e5d, role admin, from IP: ::1
2025-08-31T13:10:35.699Z [INFO]: [AuthStatus][Checked] User: 68ab4a7b46b46afd9f445e5d
2025-08-31T13:10:35.702Z [INFO]: [Startup] Incoming request: GET /api/auth/status
2025-08-31T13:10:35.703Z [INFO]: [JWT][Verify][Success] Token verified for userId: 68ab4a7b46b46afd9f445e5d
2025-08-31T13:10:35.703Z [INFO]: [Auth] Auth success for user 68ab4a7b46b46afd9f445e5d, role admin, from IP: ::1
2025-08-31T13:10:35.705Z [INFO]: [AuthStatus][Checked] User: 68ab4a7b46b46afd9f445e5d
2025-08-31T13:10:35.713Z [INFO]: [Startup] Incoming request: GET /api/template/getAll
2025-08-31T13:10:35.718Z [INFO]: [Template][GetAll][Success] Returned 2 templates
2025-08-31T13:11:51.304Z [INFO]: [Startup] Incoming request: GET /api/template/getAll
2025-08-31T13:11:51.309Z [INFO]: [Template][GetAll][Success] Returned 2 templates
2025-08-31T13:11:51.313Z [INFO]: [Startup] Incoming request: GET /api/template/getAll
2025-08-31T13:11:51.317Z [INFO]: [Template][GetAll][Success] Returned 2 templates
2025-08-31T13:11:52.342Z [INFO]: [Startup] Incoming request: GET /api/template/68a6c2c1e4d86db2f29d35de
2025-08-31T13:11:52.347Z [INFO]: [Template][GetById][Success] ID: 68a6c2c1e4d86db2f29d35de
2025-08-31T13:11:52.352Z [INFO]: [Startup] Incoming request: GET /api/template/68a6c2c1e4d86db2f29d35de
2025-08-31T13:11:52.356Z [INFO]: [Template][GetById][Success] ID: 68a6c2c1e4d86db2f29d35de
2025-08-31T13:27:49.304Z [INFO]: [Startup] Incoming request: GET /api/template/getAll
2025-08-31T13:27:49.312Z [INFO]: [Template][GetAll][Success] Returned 2 templates
2025-08-31T13:27:49.317Z [INFO]: [Startup] Incoming request: GET /api/template/getAll
2025-08-31T13:27:49.326Z [INFO]: [Template][GetAll][Success] Returned 2 templates
2025-08-31T14:08:22.298Z [INFO]: [Startup] Incoming request: GET /api/auth/status
2025-08-31T14:08:22.299Z [WARN]: [Auth] Token missing from ::1 for /api/auth/status
2025-08-31T14:08:22.299Z [ERROR]: Status: 401, Name: AUTHORIZATION TOKEN NOT FOUND, Message: Unable to find the authorization token in the cookie, URL: /api/auth/status, Method: GET, IP: ::1
2025-08-31T14:08:22.300Z [ERROR]: Stack: AUTHORIZATION TOKEN NOT FOUND: Unable to find the authorization token in the cookie
    at userAuthorization (file:///E:/resume-v04/server/middleware/user-authorization.js:9:19)
    at Layer.handleRequest (E:\resume-v04\server\node_modules\router\lib\layer.js:152:17)
    at next (E:\resume-v04\server\node_modules\router\lib\route.js:157:13)
    at Route.dispatch (E:\resume-v04\server\node_modules\router\lib\route.js:117:3)
    at handle (E:\resume-v04\server\node_modules\router\index.js:435:11)
    at Layer.handleRequest (E:\resume-v04\server\node_modules\router\lib\layer.js:152:17)
    at E:\resume-v04\server\node_modules\router\index.js:295:15
    at processParams (E:\resume-v04\server\node_modules\router\index.js:582:12)
    at next (E:\resume-v04\server\node_modules\router\index.js:291:5)
    at Function.handle (E:\resume-v04\server\node_modules\router\index.js:186:3)
2025-08-31T14:08:22.305Z [INFO]: [Startup] Incoming request: GET /api/auth/status
2025-08-31T14:08:22.305Z [WARN]: [Auth] Token missing from ::1 for /api/auth/status
2025-08-31T14:08:22.306Z [ERROR]: Status: 401, Name: AUTHORIZATION TOKEN NOT FOUND, Message: Unable to find the authorization token in the cookie, URL: /api/auth/status, Method: GET, IP: ::1
2025-08-31T14:08:22.307Z [ERROR]: Stack: AUTHORIZATION TOKEN NOT FOUND: Unable to find the authorization token in the cookie
    at userAuthorization (file:///E:/resume-v04/server/middleware/user-authorization.js:9:19)
    at Layer.handleRequest (E:\resume-v04\server\node_modules\router\lib\layer.js:152:17)
    at next (E:\resume-v04\server\node_modules\router\lib\route.js:157:13)
    at Route.dispatch (E:\resume-v04\server\node_modules\router\lib\route.js:117:3)
    at handle (E:\resume-v04\server\node_modules\router\index.js:435:11)
    at Layer.handleRequest (E:\resume-v04\server\node_modules\router\lib\layer.js:152:17)
    at E:\resume-v04\server\node_modules\router\index.js:295:15
    at processParams (E:\resume-v04\server\node_modules\router\index.js:582:12)
    at next (E:\resume-v04\server\node_modules\router\index.js:291:5)
    at Function.handle (E:\resume-v04\server\node_modules\router\index.js:186:3)
2025-08-31T14:08:22.497Z [INFO]: [Startup] Incoming request: GET /api/auth/status
2025-08-31T14:08:22.497Z [WARN]: [Auth] Token missing from ::1 for /api/auth/status
2025-08-31T14:08:22.498Z [ERROR]: Status: 401, Name: AUTHORIZATION TOKEN NOT FOUND, Message: Unable to find the authorization token in the cookie, URL: /api/auth/status, Method: GET, IP: ::1
2025-08-31T14:08:22.498Z [ERROR]: Stack: AUTHORIZATION TOKEN NOT FOUND: Unable to find the authorization token in the cookie
    at userAuthorization (file:///E:/resume-v04/server/middleware/user-authorization.js:9:19)
    at Layer.handleRequest (E:\resume-v04\server\node_modules\router\lib\layer.js:152:17)
    at next (E:\resume-v04\server\node_modules\router\lib\route.js:157:13)
    at Route.dispatch (E:\resume-v04\server\node_modules\router\lib\route.js:117:3)
    at handle (E:\resume-v04\server\node_modules\router\index.js:435:11)
    at Layer.handleRequest (E:\resume-v04\server\node_modules\router\lib\layer.js:152:17)
    at E:\resume-v04\server\node_modules\router\index.js:295:15
    at processParams (E:\resume-v04\server\node_modules\router\index.js:582:12)
    at next (E:\resume-v04\server\node_modules\router\index.js:291:5)
    at Function.handle (E:\resume-v04\server\node_modules\router\index.js:186:3)
2025-08-31T14:08:22.501Z [INFO]: [Startup] Incoming request: GET /api/auth/status
2025-08-31T14:08:22.502Z [WARN]: [Auth] Token missing from ::1 for /api/auth/status
2025-08-31T14:08:22.502Z [ERROR]: Status: 401, Name: AUTHORIZATION TOKEN NOT FOUND, Message: Unable to find the authorization token in the cookie, URL: /api/auth/status, Method: GET, IP: ::1
2025-08-31T14:08:22.502Z [ERROR]: Stack: AUTHORIZATION TOKEN NOT FOUND: Unable to find the authorization token in the cookie
    at userAuthorization (file:///E:/resume-v04/server/middleware/user-authorization.js:9:19)
    at Layer.handleRequest (E:\resume-v04\server\node_modules\router\lib\layer.js:152:17)
    at next (E:\resume-v04\server\node_modules\router\lib\route.js:157:13)
    at Route.dispatch (E:\resume-v04\server\node_modules\router\lib\route.js:117:3)
    at handle (E:\resume-v04\server\node_modules\router\index.js:435:11)
    at Layer.handleRequest (E:\resume-v04\server\node_modules\router\lib\layer.js:152:17)
    at E:\resume-v04\server\node_modules\router\index.js:295:15
    at processParams (E:\resume-v04\server\node_modules\router\index.js:582:12)
    at next (E:\resume-v04\server\node_modules\router\index.js:291:5)
    at Function.handle (E:\resume-v04\server\node_modules\router\index.js:186:3)
2025-08-31T14:08:22.614Z [INFO]: [Startup] Incoming request: GET /api/template/getAll
2025-08-31T14:08:22.618Z [INFO]: [Template][GetAll][Success] Returned 2 templates
2025-08-31T15:53:17.535Z [INFO]: [MongoDB][Connect][Success] Connected to database: mongodb://localhost:27017/careerforge-db
2025-08-31T15:53:17.542Z [INFO]: [Server][Start][Success] Server is running on port 3000 [ENV: production]
2025-08-31T15:55:42.448Z [INFO]: [Startup] Incoming request: GET /api/auth/status
2025-08-31T15:55:42.452Z [WARN]: [Auth] Token missing from ::1 for /api/auth/status
2025-08-31T15:55:42.455Z [ERROR]: Status: 401, Name: AUTHORIZATION TOKEN NOT FOUND, Message: Unable to find the authorization token in the cookie, URL: /api/auth/status, Method: GET, IP: ::1
2025-08-31T15:55:42.456Z [ERROR]: Stack: AUTHORIZATION TOKEN NOT FOUND: Unable to find the authorization token in the cookie
    at userAuthorization (file:///E:/resume-v04/server/middleware/user-authorization.js:9:19)
    at Layer.handleRequest (E:\resume-v04\server\node_modules\router\lib\layer.js:152:17)
    at next (E:\resume-v04\server\node_modules\router\lib\route.js:157:13)
    at Route.dispatch (E:\resume-v04\server\node_modules\router\lib\route.js:117:3)
    at handle (E:\resume-v04\server\node_modules\router\index.js:435:11)
    at Layer.handleRequest (E:\resume-v04\server\node_modules\router\lib\layer.js:152:17)
    at E:\resume-v04\server\node_modules\router\index.js:295:15
    at processParams (E:\resume-v04\server\node_modules\router\index.js:582:12)
    at next (E:\resume-v04\server\node_modules\router\index.js:291:5)
    at Function.handle (E:\resume-v04\server\node_modules\router\index.js:186:3)
2025-08-31T15:55:42.501Z [INFO]: [Startup] Incoming request: GET /api/auth/status
2025-08-31T15:55:42.502Z [WARN]: [Auth] Token missing from ::1 for /api/auth/status
2025-08-31T15:55:42.505Z [ERROR]: Status: 401, Name: AUTHORIZATION TOKEN NOT FOUND, Message: Unable to find the authorization token in the cookie, URL: /api/auth/status, Method: GET, IP: ::1
2025-08-31T15:55:42.506Z [ERROR]: Stack: AUTHORIZATION TOKEN NOT FOUND: Unable to find the authorization token in the cookie
    at userAuthorization (file:///E:/resume-v04/server/middleware/user-authorization.js:9:19)
    at Layer.handleRequest (E:\resume-v04\server\node_modules\router\lib\layer.js:152:17)
    at next (E:\resume-v04\server\node_modules\router\lib\route.js:157:13)
    at Route.dispatch (E:\resume-v04\server\node_modules\router\lib\route.js:117:3)
    at handle (E:\resume-v04\server\node_modules\router\index.js:435:11)
    at Layer.handleRequest (E:\resume-v04\server\node_modules\router\lib\layer.js:152:17)
    at E:\resume-v04\server\node_modules\router\index.js:295:15
    at processParams (E:\resume-v04\server\node_modules\router\index.js:582:12)
    at next (E:\resume-v04\server\node_modules\router\index.js:291:5)
    at Function.handle (E:\resume-v04\server\node_modules\router\index.js:186:3)
2025-08-31T15:55:52.099Z [INFO]: [Startup] Incoming request: POST /api/auth/signin
2025-08-31T15:55:52.276Z [INFO]: [JWT][Create][Success] Token issued for userId: 68ae9baa9f9f57f1a710672e
2025-08-31T15:55:52.278Z [INFO]: [Cookie][Clear][Success] Auth cookie cleared
2025-08-31T15:55:52.279Z [INFO]: [Cookie][Create][Success] Auth cookie set (httpOnly, secure) expiring: 2025-09-01T15:55:52.278Z
2025-08-31T15:55:52.285Z [INFO]: [SignIn][Success] User: itisgetlost@gmail.com (ID: 68ae9baa9f9f57f1a710672e) from IP: ::1
2025-08-31T15:55:52.296Z [INFO]: [Startup] Incoming request: GET /api/auth/status
2025-08-31T15:55:52.301Z [INFO]: [JWT][Verify][Success] Token verified for userId: 68ae9baa9f9f57f1a710672e
2025-08-31T15:55:52.302Z [INFO]: [Auth] Auth success for user 68ae9baa9f9f57f1a710672e, role user, from IP: ::1
2025-08-31T15:55:52.309Z [INFO]: [AuthStatus][Checked] User: 68ae9baa9f9f57f1a710672e
2025-08-31T15:56:01.258Z [INFO]: [Startup] Incoming request: GET /api/template/getAll
2025-08-31T15:56:01.290Z [INFO]: [Template][GetAll][Success] Returned 2 templates
2025-08-31T15:56:01.301Z [INFO]: [Startup] Incoming request: GET /api/template/getAll
2025-08-31T15:56:01.320Z [INFO]: [Template][GetAll][Success] Returned 2 templates
2025-08-31T15:56:10.441Z [INFO]: [Startup] Incoming request: GET /api/auth/status
2025-08-31T15:56:10.445Z [INFO]: [JWT][Verify][Success] Token verified for userId: 68ae9baa9f9f57f1a710672e
2025-08-31T15:56:10.446Z [INFO]: [Auth] Auth success for user 68ae9baa9f9f57f1a710672e, role user, from IP: ::1
2025-08-31T15:56:10.451Z [INFO]: [AuthStatus][Checked] User: 68ae9baa9f9f57f1a710672e
2025-08-31T15:56:10.459Z [INFO]: [Startup] Incoming request: GET /api/auth/status
2025-08-31T15:56:10.462Z [INFO]: [JWT][Verify][Success] Token verified for userId: 68ae9baa9f9f57f1a710672e
2025-08-31T15:56:10.463Z [INFO]: [Auth] Auth success for user 68ae9baa9f9f57f1a710672e, role user, from IP: ::1
2025-08-31T15:56:10.471Z [INFO]: [AuthStatus][Checked] User: 68ae9baa9f9f57f1a710672e
2025-08-31T15:56:22.060Z [INFO]: [Startup] Incoming request: GET /api/auth/status
2025-08-31T15:56:22.063Z [INFO]: [JWT][Verify][Success] Token verified for userId: 68ae9baa9f9f57f1a710672e
2025-08-31T15:56:22.064Z [INFO]: [Auth] Auth success for user 68ae9baa9f9f57f1a710672e, role user, from IP: ::1
2025-08-31T15:56:22.068Z [INFO]: [AuthStatus][Checked] User: 68ae9baa9f9f57f1a710672e
2025-08-31T15:56:22.075Z [INFO]: [Startup] Incoming request: GET /api/auth/status
2025-08-31T15:56:22.078Z [INFO]: [JWT][Verify][Success] Token verified for userId: 68ae9baa9f9f57f1a710672e
2025-08-31T15:56:22.079Z [INFO]: [Auth] Auth success for user 68ae9baa9f9f57f1a710672e, role user, from IP: ::1
2025-08-31T15:56:22.083Z [INFO]: [AuthStatus][Checked] User: 68ae9baa9f9f57f1a710672e
2025-08-31T15:56:40.641Z [INFO]: [Startup] Incoming request: GET /api/auth/status
2025-08-31T15:56:40.642Z [WARN]: [Auth] Token missing from ::1 for /api/auth/status
2025-08-31T15:56:40.643Z [ERROR]: Status: 401, Name: AUTHORIZATION TOKEN NOT FOUND, Message: Unable to find the authorization token in the cookie, URL: /api/auth/status, Method: GET, IP: ::1
2025-08-31T15:56:40.643Z [ERROR]: Stack: AUTHORIZATION TOKEN NOT FOUND: Unable to find the authorization token in the cookie
    at userAuthorization (file:///E:/resume-v04/server/middleware/user-authorization.js:9:19)
    at Layer.handleRequest (E:\resume-v04\server\node_modules\router\lib\layer.js:152:17)
    at next (E:\resume-v04\server\node_modules\router\lib\route.js:157:13)
    at Route.dispatch (E:\resume-v04\server\node_modules\router\lib\route.js:117:3)
    at handle (E:\resume-v04\server\node_modules\router\index.js:435:11)
    at Layer.handleRequest (E:\resume-v04\server\node_modules\router\lib\layer.js:152:17)
    at E:\resume-v04\server\node_modules\router\index.js:295:15
    at processParams (E:\resume-v04\server\node_modules\router\index.js:582:12)
    at next (E:\resume-v04\server\node_modules\router\index.js:291:5)
    at Function.handle (E:\resume-v04\server\node_modules\router\index.js:186:3)
2025-08-31T15:56:40.649Z [INFO]: [Startup] Incoming request: GET /api/auth/status
2025-08-31T15:56:40.650Z [WARN]: [Auth] Token missing from ::1 for /api/auth/status
2025-08-31T15:56:40.650Z [ERROR]: Status: 401, Name: AUTHORIZATION TOKEN NOT FOUND, Message: Unable to find the authorization token in the cookie, URL: /api/auth/status, Method: GET, IP: ::1
2025-08-31T15:56:40.651Z [ERROR]: Stack: AUTHORIZATION TOKEN NOT FOUND: Unable to find the authorization token in the cookie
    at userAuthorization (file:///E:/resume-v04/server/middleware/user-authorization.js:9:19)
    at Layer.handleRequest (E:\resume-v04\server\node_modules\router\lib\layer.js:152:17)
    at next (E:\resume-v04\server\node_modules\router\lib\route.js:157:13)
    at Route.dispatch (E:\resume-v04\server\node_modules\router\lib\route.js:117:3)
    at handle (E:\resume-v04\server\node_modules\router\index.js:435:11)
    at Layer.handleRequest (E:\resume-v04\server\node_modules\router\lib\layer.js:152:17)
    at E:\resume-v04\server\node_modules\router\index.js:295:15
    at processParams (E:\resume-v04\server\node_modules\router\index.js:582:12)
    at next (E:\resume-v04\server\node_modules\router\index.js:291:5)
    at Function.handle (E:\resume-v04\server\node_modules\router\index.js:186:3)
2025-08-31T15:56:40.808Z [INFO]: [Startup] Incoming request: GET /api/template/getAll
2025-08-31T15:56:40.823Z [INFO]: [Template][GetAll][Success] Returned 2 templates
2025-08-31T16:06:28.947Z [INFO]: [Startup] Incoming request: GET /api/auth/status
2025-08-31T16:06:28.948Z [WARN]: [Auth] Token missing from ::1 for /api/auth/status
2025-08-31T16:06:28.948Z [ERROR]: Status: 401, Name: AUTHORIZATION TOKEN NOT FOUND, Message: Unable to find the authorization token in the cookie, URL: /api/auth/status, Method: GET, IP: ::1
2025-08-31T16:06:28.949Z [ERROR]: Stack: AUTHORIZATION TOKEN NOT FOUND: Unable to find the authorization token in the cookie
    at userAuthorization (file:///E:/resume-v04/server/middleware/user-authorization.js:9:19)
    at Layer.handleRequest (E:\resume-v04\server\node_modules\router\lib\layer.js:152:17)
    at next (E:\resume-v04\server\node_modules\router\lib\route.js:157:13)
    at Route.dispatch (E:\resume-v04\server\node_modules\router\lib\route.js:117:3)
    at handle (E:\resume-v04\server\node_modules\router\index.js:435:11)
    at Layer.handleRequest (E:\resume-v04\server\node_modules\router\lib\layer.js:152:17)
    at E:\resume-v04\server\node_modules\router\index.js:295:15
    at processParams (E:\resume-v04\server\node_modules\router\index.js:582:12)
    at next (E:\resume-v04\server\node_modules\router\index.js:291:5)
    at Function.handle (E:\resume-v04\server\node_modules\router\index.js:186:3)
2025-08-31T16:06:28.954Z [INFO]: [Startup] Incoming request: GET /api/auth/status
2025-08-31T16:06:28.955Z [WARN]: [Auth] Token missing from ::1 for /api/auth/status
2025-08-31T16:06:28.956Z [ERROR]: Status: 401, Name: AUTHORIZATION TOKEN NOT FOUND, Message: Unable to find the authorization token in the cookie, URL: /api/auth/status, Method: GET, IP: ::1
2025-08-31T16:06:28.956Z [ERROR]: Stack: AUTHORIZATION TOKEN NOT FOUND: Unable to find the authorization token in the cookie
    at userAuthorization (file:///E:/resume-v04/server/middleware/user-authorization.js:9:19)
    at Layer.handleRequest (E:\resume-v04\server\node_modules\router\lib\layer.js:152:17)
    at next (E:\resume-v04\server\node_modules\router\lib\route.js:157:13)
    at Route.dispatch (E:\resume-v04\server\node_modules\router\lib\route.js:117:3)
    at handle (E:\resume-v04\server\node_modules\router\index.js:435:11)
    at Layer.handleRequest (E:\resume-v04\server\node_modules\router\lib\layer.js:152:17)
    at E:\resume-v04\server\node_modules\router\index.js:295:15
    at processParams (E:\resume-v04\server\node_modules\router\index.js:582:12)
    at next (E:\resume-v04\server\node_modules\router\index.js:291:5)
    at Function.handle (E:\resume-v04\server\node_modules\router\index.js:186:3)
2025-08-31T16:06:29.094Z [INFO]: [Startup] Incoming request: GET /api/auth/status
2025-08-31T16:06:29.097Z [INFO]: [JWT][Verify][Success] Token verified for userId: 68ae9baa9f9f57f1a710672e
2025-08-31T16:06:29.098Z [INFO]: [Auth] Auth success for user 68ae9baa9f9f57f1a710672e, role user, from IP: ::1
2025-08-31T16:06:29.103Z [INFO]: [AuthStatus][Checked] User: 68ae9baa9f9f57f1a710672e
2025-08-31T16:06:29.109Z [INFO]: [Startup] Incoming request: GET /api/auth/status
2025-08-31T16:06:29.112Z [INFO]: [JWT][Verify][Success] Token verified for userId: 68ae9baa9f9f57f1a710672e
2025-08-31T16:06:29.112Z [INFO]: [Auth] Auth success for user 68ae9baa9f9f57f1a710672e, role user, from IP: ::1
2025-08-31T16:06:29.116Z [INFO]: [AuthStatus][Checked] User: 68ae9baa9f9f57f1a710672e
2025-08-31T16:06:29.174Z [INFO]: [Startup] Incoming request: GET /api/template/getAll
2025-08-31T16:06:29.187Z [INFO]: [Template][GetAll][Success] Returned 2 templates
2025-08-31T16:13:05.497Z [INFO]: [Startup] Incoming request: GET /api/auth/status
2025-08-31T16:13:05.501Z [INFO]: [JWT][Verify][Success] Token verified for userId: 68ae9baa9f9f57f1a710672e
2025-08-31T16:13:05.501Z [INFO]: [Auth] Auth success for user 68ae9baa9f9f57f1a710672e, role user, from IP: ::1
2025-08-31T16:13:05.505Z [INFO]: [AuthStatus][Checked] User: 68ae9baa9f9f57f1a710672e
2025-08-31T16:13:05.509Z [INFO]: [Startup] Incoming request: GET /api/auth/status
2025-08-31T16:13:05.512Z [INFO]: [JWT][Verify][Success] Token verified for userId: 68ae9baa9f9f57f1a710672e
2025-08-31T16:13:05.513Z [INFO]: [Auth] Auth success for user 68ae9baa9f9f57f1a710672e, role user, from IP: ::1
2025-08-31T16:13:05.516Z [INFO]: [AuthStatus][Checked] User: 68ae9baa9f9f57f1a710672e
2025-08-31T16:13:05.742Z [INFO]: [Startup] Incoming request: GET /api/auth/status
2025-08-31T16:13:05.743Z [WARN]: [Auth] Token missing from ::1 for /api/auth/status
2025-08-31T16:13:05.743Z [ERROR]: Status: 401, Name: AUTHORIZATION TOKEN NOT FOUND, Message: Unable to find the authorization token in the cookie, URL: /api/auth/status, Method: GET, IP: ::1
2025-08-31T16:13:05.744Z [ERROR]: Stack: AUTHORIZATION TOKEN NOT FOUND: Unable to find the authorization token in the cookie
    at userAuthorization (file:///E:/resume-v04/server/middleware/user-authorization.js:9:19)
    at Layer.handleRequest (E:\resume-v04\server\node_modules\router\lib\layer.js:152:17)
    at next (E:\resume-v04\server\node_modules\router\lib\route.js:157:13)
    at Route.dispatch (E:\resume-v04\server\node_modules\router\lib\route.js:117:3)
    at handle (E:\resume-v04\server\node_modules\router\index.js:435:11)
    at Layer.handleRequest (E:\resume-v04\server\node_modules\router\lib\layer.js:152:17)
    at E:\resume-v04\server\node_modules\router\index.js:295:15
    at processParams (E:\resume-v04\server\node_modules\router\index.js:582:12)
    at next (E:\resume-v04\server\node_modules\router\index.js:291:5)
    at Function.handle (E:\resume-v04\server\node_modules\router\index.js:186:3)
2025-08-31T16:13:05.747Z [INFO]: [Startup] Incoming request: GET /api/auth/status
2025-08-31T16:13:05.748Z [WARN]: [Auth] Token missing from ::1 for /api/auth/status
2025-08-31T16:13:05.748Z [ERROR]: Status: 401, Name: AUTHORIZATION TOKEN NOT FOUND, Message: Unable to find the authorization token in the cookie, URL: /api/auth/status, Method: GET, IP: ::1
2025-08-31T16:13:05.749Z [ERROR]: Stack: AUTHORIZATION TOKEN NOT FOUND: Unable to find the authorization token in the cookie
    at userAuthorization (file:///E:/resume-v04/server/middleware/user-authorization.js:9:19)
    at Layer.handleRequest (E:\resume-v04\server\node_modules\router\lib\layer.js:152:17)
    at next (E:\resume-v04\server\node_modules\router\lib\route.js:157:13)
    at Route.dispatch (E:\resume-v04\server\node_modules\router\lib\route.js:117:3)
    at handle (E:\resume-v04\server\node_modules\router\index.js:435:11)
    at Layer.handleRequest (E:\resume-v04\server\node_modules\router\lib\layer.js:152:17)
    at E:\resume-v04\server\node_modules\router\index.js:295:15
    at processParams (E:\resume-v04\server\node_modules\router\index.js:582:12)
    at next (E:\resume-v04\server\node_modules\router\index.js:291:5)
    at Function.handle (E:\resume-v04\server\node_modules\router\index.js:186:3)
2025-08-31T16:13:05.880Z [INFO]: [Startup] Incoming request: GET /api/template/getAll
2025-08-31T16:13:05.890Z [INFO]: [Template][GetAll][Success] Returned 2 templates
2025-08-31T16:21:34.076Z [INFO]: [Startup] Incoming request: GET /api/auth/status
2025-08-31T16:21:34.079Z [INFO]: [JWT][Verify][Success] Token verified for userId: 68ae9baa9f9f57f1a710672e
2025-08-31T16:21:34.080Z [INFO]: [Auth] Auth success for user 68ae9baa9f9f57f1a710672e, role user, from IP: ::1
2025-08-31T16:21:34.083Z [INFO]: [AuthStatus][Checked] User: 68ae9baa9f9f57f1a710672e
2025-08-31T16:21:34.088Z [INFO]: [Startup] Incoming request: GET /api/auth/status
2025-08-31T16:21:34.091Z [INFO]: [JWT][Verify][Success] Token verified for userId: 68ae9baa9f9f57f1a710672e
2025-08-31T16:21:34.092Z [INFO]: [Auth] Auth success for user 68ae9baa9f9f57f1a710672e, role user, from IP: ::1
2025-08-31T16:21:34.096Z [INFO]: [AuthStatus][Checked] User: 68ae9baa9f9f57f1a710672e
2025-08-31T16:21:53.777Z [INFO]: [Startup] Incoming request: GET /api/auth/status
2025-08-31T16:21:53.780Z [INFO]: [JWT][Verify][Success] Token verified for userId: 68ae9baa9f9f57f1a710672e
2025-08-31T16:21:53.781Z [INFO]: [Auth] Auth success for user 68ae9baa9f9f57f1a710672e, role user, from IP: ::1
2025-08-31T16:21:53.784Z [INFO]: [AuthStatus][Checked] User: 68ae9baa9f9f57f1a710672e
2025-08-31T16:21:53.789Z [INFO]: [Startup] Incoming request: GET /api/auth/status
2025-08-31T16:21:53.792Z [INFO]: [JWT][Verify][Success] Token verified for userId: 68ae9baa9f9f57f1a710672e
2025-08-31T16:21:53.795Z [INFO]: [Auth] Auth success for user 68ae9baa9f9f57f1a710672e, role user, from IP: ::1
2025-08-31T16:21:53.798Z [INFO]: [AuthStatus][Checked] User: 68ae9baa9f9f57f1a710672e
2025-08-31T16:25:45.586Z [INFO]: [Startup] Incoming request: GET /api/auth/status
2025-08-31T16:25:45.589Z [INFO]: [JWT][Verify][Success] Token verified for userId: 68ae9baa9f9f57f1a710672e
2025-08-31T16:25:45.589Z [INFO]: [Auth] Auth success for user 68ae9baa9f9f57f1a710672e, role user, from IP: ::1
2025-08-31T16:25:45.593Z [INFO]: [AuthStatus][Checked] User: 68ae9baa9f9f57f1a710672e
2025-08-31T16:25:45.599Z [INFO]: [Startup] Incoming request: GET /api/auth/status
2025-08-31T16:25:45.601Z [INFO]: [JWT][Verify][Success] Token verified for userId: 68ae9baa9f9f57f1a710672e
2025-08-31T16:25:45.602Z [INFO]: [Auth] Auth success for user 68ae9baa9f9f57f1a710672e, role user, from IP: ::1
2025-08-31T16:25:45.605Z [INFO]: [AuthStatus][Checked] User: 68ae9baa9f9f57f1a710672e
2025-08-31T16:25:49.897Z [INFO]: [Startup] Incoming request: GET /api/template/getAll
2025-08-31T16:25:49.909Z [INFO]: [Template][GetAll][Success] Returned 2 templates
2025-08-31T16:25:49.918Z [INFO]: [Startup] Incoming request: GET /api/template/getAll
2025-08-31T16:25:49.931Z [INFO]: [Template][GetAll][Success] Returned 2 templates
2025-08-31T16:27:52.125Z [INFO]: [Startup] Incoming request: GET /api/resume/getAll
2025-08-31T16:27:52.127Z [INFO]: [JWT][Verify][Success] Token verified for userId: 68ae9baa9f9f57f1a710672e
2025-08-31T16:27:52.128Z [INFO]: [Auth] Auth success for user 68ae9baa9f9f57f1a710672e, role user, from IP: ::1
2025-08-31T16:27:52.140Z [INFO]: [Resume][GetAll][Success] User: 68ae9baa9f9f57f1a710672e fetched all resumes (0)
2025-08-31T16:27:52.146Z [INFO]: [Startup] Incoming request: GET /api/resume/getAll
2025-08-31T16:27:52.151Z [INFO]: [JWT][Verify][Success] Token verified for userId: 68ae9baa9f9f57f1a710672e
2025-08-31T16:27:52.152Z [INFO]: [Auth] Auth success for user 68ae9baa9f9f57f1a710672e, role user, from IP: ::1
2025-08-31T16:27:52.162Z [INFO]: [Resume][GetAll][Success] User: 68ae9baa9f9f57f1a710672e fetched all resumes (0)
2025-08-31T16:28:06.513Z [INFO]: [Startup] Incoming request: GET /api/auth/status
2025-08-31T16:28:06.514Z [WARN]: [Auth] Token missing from ::1 for /api/auth/status
2025-08-31T16:28:06.515Z [ERROR]: Status: 401, Name: AUTHORIZATION TOKEN NOT FOUND, Message: Unable to find the authorization token in the cookie, URL: /api/auth/status, Method: GET, IP: ::1
2025-08-31T16:28:06.515Z [ERROR]: Stack: AUTHORIZATION TOKEN NOT FOUND: Unable to find the authorization token in the cookie
    at userAuthorization (file:///E:/resume-v04/server/middleware/user-authorization.js:9:19)
    at Layer.handleRequest (E:\resume-v04\server\node_modules\router\lib\layer.js:152:17)
    at next (E:\resume-v04\server\node_modules\router\lib\route.js:157:13)
    at Route.dispatch (E:\resume-v04\server\node_modules\router\lib\route.js:117:3)
    at handle (E:\resume-v04\server\node_modules\router\index.js:435:11)
    at Layer.handleRequest (E:\resume-v04\server\node_modules\router\lib\layer.js:152:17)
    at E:\resume-v04\server\node_modules\router\index.js:295:15
    at processParams (E:\resume-v04\server\node_modules\router\index.js:582:12)
    at next (E:\resume-v04\server\node_modules\router\index.js:291:5)
    at Function.handle (E:\resume-v04\server\node_modules\router\index.js:186:3)
2025-08-31T16:28:06.520Z [INFO]: [Startup] Incoming request: GET /api/auth/status
2025-08-31T16:28:06.521Z [WARN]: [Auth] Token missing from ::1 for /api/auth/status
2025-08-31T16:28:06.522Z [ERROR]: Status: 401, Name: AUTHORIZATION TOKEN NOT FOUND, Message: Unable to find the authorization token in the cookie, URL: /api/auth/status, Method: GET, IP: ::1
2025-08-31T16:28:06.523Z [ERROR]: Stack: AUTHORIZATION TOKEN NOT FOUND: Unable to find the authorization token in the cookie
    at userAuthorization (file:///E:/resume-v04/server/middleware/user-authorization.js:9:19)
    at Layer.handleRequest (E:\resume-v04\server\node_modules\router\lib\layer.js:152:17)
    at next (E:\resume-v04\server\node_modules\router\lib\route.js:157:13)
    at Route.dispatch (E:\resume-v04\server\node_modules\router\lib\route.js:117:3)
    at handle (E:\resume-v04\server\node_modules\router\index.js:435:11)
    at Layer.handleRequest (E:\resume-v04\server\node_modules\router\lib\layer.js:152:17)
    at E:\resume-v04\server\node_modules\router\index.js:295:15
    at processParams (E:\resume-v04\server\node_modules\router\index.js:582:12)
    at next (E:\resume-v04\server\node_modules\router\index.js:291:5)
    at Function.handle (E:\resume-v04\server\node_modules\router\index.js:186:3)
2025-08-31T16:30:46.429Z [INFO]: [Startup] Incoming request: GET /api/resume/getAll
2025-08-31T16:30:46.432Z [INFO]: [JWT][Verify][Success] Token verified for userId: 68ae9baa9f9f57f1a710672e
2025-08-31T16:30:46.433Z [INFO]: [Auth] Auth success for user 68ae9baa9f9f57f1a710672e, role user, from IP: ::1
2025-08-31T16:30:46.444Z [INFO]: [Resume][GetAll][Success] User: 68ae9baa9f9f57f1a710672e fetched all resumes (0)
2025-08-31T16:30:46.453Z [INFO]: [Startup] Incoming request: GET /api/resume/getAll
2025-08-31T16:30:46.456Z [INFO]: [JWT][Verify][Success] Token verified for userId: 68ae9baa9f9f57f1a710672e
2025-08-31T16:30:46.457Z [INFO]: [Auth] Auth success for user 68ae9baa9f9f57f1a710672e, role user, from IP: ::1
2025-08-31T16:30:46.466Z [INFO]: [Resume][GetAll][Success] User: 68ae9baa9f9f57f1a710672e fetched all resumes (0)
2025-08-31T16:32:11.418Z [INFO]: [Startup] Incoming request: GET /api/template/getAll
2025-08-31T16:32:11.435Z [INFO]: [Template][GetAll][Success] Returned 2 templates
2025-08-31T16:32:11.447Z [INFO]: [Startup] Incoming request: GET /api/template/getAll
2025-08-31T16:32:11.462Z [INFO]: [Template][GetAll][Success] Returned 2 templates
2025-08-31T16:55:16.283Z [INFO]: [Startup] Incoming request: GET /api/auth/status
2025-08-31T16:55:16.284Z [WARN]: [Auth] Token missing from ::1 for /api/auth/status
2025-08-31T16:55:16.285Z [ERROR]: Status: 401, Name: AUTHORIZATION TOKEN NOT FOUND, Message: Unable to find the authorization token in the cookie, URL: /api/auth/status, Method: GET, IP: ::1
2025-08-31T16:55:16.286Z [ERROR]: Stack: AUTHORIZATION TOKEN NOT FOUND: Unable to find the authorization token in the cookie
    at userAuthorization (file:///E:/resume-v04/server/middleware/user-authorization.js:9:19)
    at Layer.handleRequest (E:\resume-v04\server\node_modules\router\lib\layer.js:152:17)
    at next (E:\resume-v04\server\node_modules\router\lib\route.js:157:13)
    at Route.dispatch (E:\resume-v04\server\node_modules\router\lib\route.js:117:3)
    at handle (E:\resume-v04\server\node_modules\router\index.js:435:11)
    at Layer.handleRequest (E:\resume-v04\server\node_modules\router\lib\layer.js:152:17)
    at E:\resume-v04\server\node_modules\router\index.js:295:15
    at processParams (E:\resume-v04\server\node_modules\router\index.js:582:12)
    at next (E:\resume-v04\server\node_modules\router\index.js:291:5)
    at Function.handle (E:\resume-v04\server\node_modules\router\index.js:186:3)
2025-08-31T16:55:16.292Z [INFO]: [Startup] Incoming request: GET /api/auth/status
2025-08-31T16:55:16.293Z [WARN]: [Auth] Token missing from ::1 for /api/auth/status
2025-08-31T16:55:16.294Z [ERROR]: Status: 401, Name: AUTHORIZATION TOKEN NOT FOUND, Message: Unable to find the authorization token in the cookie, URL: /api/auth/status, Method: GET, IP: ::1
2025-08-31T16:55:16.295Z [ERROR]: Stack: AUTHORIZATION TOKEN NOT FOUND: Unable to find the authorization token in the cookie
    at userAuthorization (file:///E:/resume-v04/server/middleware/user-authorization.js:9:19)
    at Layer.handleRequest (E:\resume-v04\server\node_modules\router\lib\layer.js:152:17)
    at next (E:\resume-v04\server\node_modules\router\lib\route.js:157:13)
    at Route.dispatch (E:\resume-v04\server\node_modules\router\lib\route.js:117:3)
    at handle (E:\resume-v04\server\node_modules\router\index.js:435:11)
    at Layer.handleRequest (E:\resume-v04\server\node_modules\router\lib\layer.js:152:17)
    at E:\resume-v04\server\node_modules\router\index.js:295:15
    at processParams (E:\resume-v04\server\node_modules\router\index.js:582:12)
    at next (E:\resume-v04\server\node_modules\router\index.js:291:5)
    at Function.handle (E:\resume-v04\server\node_modules\router\index.js:186:3)
2025-08-31T16:55:16.343Z [INFO]: [Startup] Incoming request: GET /api/auth/status
2025-08-31T16:55:16.346Z [INFO]: [JWT][Verify][Success] Token verified for userId: 68ae9baa9f9f57f1a710672e
2025-08-31T16:55:16.346Z [INFO]: [Auth] Auth success for user 68ae9baa9f9f57f1a710672e, role user, from IP: ::1
2025-08-31T16:55:16.351Z [INFO]: [AuthStatus][Checked] User: 68ae9baa9f9f57f1a710672e
2025-08-31T16:55:16.357Z [INFO]: [Startup] Incoming request: GET /api/auth/status
2025-08-31T16:55:16.360Z [INFO]: [JWT][Verify][Success] Token verified for userId: 68ae9baa9f9f57f1a710672e
2025-08-31T16:55:16.361Z [INFO]: [Auth] Auth success for user 68ae9baa9f9f57f1a710672e, role user, from IP: ::1
2025-08-31T16:55:16.365Z [INFO]: [AuthStatus][Checked] User: 68ae9baa9f9f57f1a710672e
2025-08-31T16:55:16.420Z [INFO]: [Startup] Incoming request: GET /api/template/getAll
2025-08-31T16:55:16.433Z [INFO]: [Template][GetAll][Success] Returned 2 templates
2025-08-31T16:55:16.550Z [INFO]: [Startup] Incoming request: GET /api/template/getAll
2025-08-31T16:55:16.562Z [INFO]: [Template][GetAll][Success] Returned 2 templates
2025-08-31T17:05:53.672Z [INFO]: [Startup] Incoming request: GET /api/auth/status
2025-08-31T17:05:53.673Z [WARN]: [Auth] Token missing from ::1 for /api/auth/status
2025-08-31T17:05:53.673Z [ERROR]: Status: 401, Name: AUTHORIZATION TOKEN NOT FOUND, Message: Unable to find the authorization token in the cookie, URL: /api/auth/status, Method: GET, IP: ::1
2025-08-31T17:05:53.674Z [ERROR]: Stack: AUTHORIZATION TOKEN NOT FOUND: Unable to find the authorization token in the cookie
    at userAuthorization (file:///E:/resume-v04/server/middleware/user-authorization.js:9:19)
    at Layer.handleRequest (E:\resume-v04\server\node_modules\router\lib\layer.js:152:17)
    at next (E:\resume-v04\server\node_modules\router\lib\route.js:157:13)
    at Route.dispatch (E:\resume-v04\server\node_modules\router\lib\route.js:117:3)
    at handle (E:\resume-v04\server\node_modules\router\index.js:435:11)
    at Layer.handleRequest (E:\resume-v04\server\node_modules\router\lib\layer.js:152:17)
    at E:\resume-v04\server\node_modules\router\index.js:295:15
    at processParams (E:\resume-v04\server\node_modules\router\index.js:582:12)
    at next (E:\resume-v04\server\node_modules\router\index.js:291:5)
    at Function.handle (E:\resume-v04\server\node_modules\router\index.js:186:3)
2025-08-31T17:05:53.680Z [INFO]: [Startup] Incoming request: GET /api/auth/status
2025-08-31T17:05:53.681Z [WARN]: [Auth] Token missing from ::1 for /api/auth/status
2025-08-31T17:05:53.681Z [ERROR]: Status: 401, Name: AUTHORIZATION TOKEN NOT FOUND, Message: Unable to find the authorization token in the cookie, URL: /api/auth/status, Method: GET, IP: ::1
2025-08-31T17:05:53.681Z [ERROR]: Stack: AUTHORIZATION TOKEN NOT FOUND: Unable to find the authorization token in the cookie
    at userAuthorization (file:///E:/resume-v04/server/middleware/user-authorization.js:9:19)
    at Layer.handleRequest (E:\resume-v04\server\node_modules\router\lib\layer.js:152:17)
    at next (E:\resume-v04\server\node_modules\router\lib\route.js:157:13)
    at Route.dispatch (E:\resume-v04\server\node_modules\router\lib\route.js:117:3)
    at handle (E:\resume-v04\server\node_modules\router\index.js:435:11)
    at Layer.handleRequest (E:\resume-v04\server\node_modules\router\lib\layer.js:152:17)
    at E:\resume-v04\server\node_modules\router\index.js:295:15
    at processParams (E:\resume-v04\server\node_modules\router\index.js:582:12)
    at next (E:\resume-v04\server\node_modules\router\index.js:291:5)
    at Function.handle (E:\resume-v04\server\node_modules\router\index.js:186:3)
2025-08-31T17:05:53.740Z [INFO]: [Startup] Incoming request: GET /api/auth/status
2025-08-31T17:05:53.743Z [INFO]: [JWT][Verify][Success] Token verified for userId: 68ae9baa9f9f57f1a710672e
2025-08-31T17:05:53.743Z [INFO]: [Auth] Auth success for user 68ae9baa9f9f57f1a710672e, role user, from IP: ::1
2025-08-31T17:05:53.747Z [INFO]: [AuthStatus][Checked] User: 68ae9baa9f9f57f1a710672e
2025-08-31T17:05:53.752Z [INFO]: [Startup] Incoming request: GET /api/auth/status
2025-08-31T17:05:53.757Z [INFO]: [JWT][Verify][Success] Token verified for userId: 68ae9baa9f9f57f1a710672e
2025-08-31T17:05:53.758Z [INFO]: [Auth] Auth success for user 68ae9baa9f9f57f1a710672e, role user, from IP: ::1
2025-08-31T17:05:53.765Z [INFO]: [AuthStatus][Checked] User: 68ae9baa9f9f57f1a710672e
2025-08-31T17:05:53.788Z [INFO]: [Startup] Incoming request: GET /api/template/getAll
2025-08-31T17:05:53.797Z [INFO]: [Template][GetAll][Success] Returned 2 templates
2025-08-31T17:05:53.806Z [INFO]: [Startup] Incoming request: GET /api/template/getAll
2025-08-31T17:05:53.820Z [INFO]: [Template][GetAll][Success] Returned 2 templates
