2025-09-13 00:57:01 [INFO]: [MongoDB][Connect][Success] Connected to database: mongodb://localhost:27017/careerforge-db
2025-09-13 00:57:01 [INFO]: [Server][Start][Success] Server is running on port 3000 [ENV: production]
2025-09-13 00:57:15 [INFO]: [Startup] Incoming request: GET /api/auth/status
2025-09-13 00:57:15 [WARN]: [Auth] Token missing from ::1 for /api/auth/status
2025-09-13 00:57:15 [ERROR]: Status: 401, Name: AUTHORIZATION TOKEN NOT FOUND, Message: Unable to find the authorization token in the cookie, URL: /api/auth/status, Method: GET, IP: ::1
2025-09-13 00:57:15 [ERROR]: Stack: AUTHORIZATION TOKEN NOT FOUND: Unable to find the authorization token in the cookie
    at userAuthorization (file:///E:/resume-v05/server/middleware/user-authorization.js:9:19)
    at Layer.handleRequest (E:\resume-v05\server\node_modules\router\lib\layer.js:152:17)
    at next (E:\resume-v05\server\node_modules\router\lib\route.js:157:13)
    at Route.dispatch (E:\resume-v05\server\node_modules\router\lib\route.js:117:3)
    at handle (E:\resume-v05\server\node_modules\router\index.js:435:11)
    at Layer.handleRequest (E:\resume-v05\server\node_modules\router\lib\layer.js:152:17)
    at E:\resume-v05\server\node_modules\router\index.js:295:15
    at processParams (E:\resume-v05\server\node_modules\router\index.js:582:12)
    at next (E:\resume-v05\server\node_modules\router\index.js:291:5)
    at Function.handle (E:\resume-v05\server\node_modules\router\index.js:186:3)
2025-09-13 00:57:15 [HTTP]: ::1 - - [12/Sep/2025:19:27:15 +0000] "GET /api/auth/status HTTP/1.1" 401 121 "http://localhost:5173/" "Mozilla/5.0 (Windows NT 10.0; Win64; x64) AppleWebKit/537.36 (KHTML, like Gecko) Chrome/140.0.0.0 Safari/537.36"
2025-09-13 00:57:15 [INFO]: [Startup] Incoming request: GET /api/auth/status
2025-09-13 00:57:15 [WARN]: [Auth] Token missing from ::1 for /api/auth/status
2025-09-13 00:57:15 [ERROR]: Status: 401, Name: AUTHORIZATION TOKEN NOT FOUND, Message: Unable to find the authorization token in the cookie, URL: /api/auth/status, Method: GET, IP: ::1
2025-09-13 00:57:15 [ERROR]: Stack: AUTHORIZATION TOKEN NOT FOUND: Unable to find the authorization token in the cookie
    at userAuthorization (file:///E:/resume-v05/server/middleware/user-authorization.js:9:19)
    at Layer.handleRequest (E:\resume-v05\server\node_modules\router\lib\layer.js:152:17)
    at next (E:\resume-v05\server\node_modules\router\lib\route.js:157:13)
    at Route.dispatch (E:\resume-v05\server\node_modules\router\lib\route.js:117:3)
    at handle (E:\resume-v05\server\node_modules\router\index.js:435:11)
    at Layer.handleRequest (E:\resume-v05\server\node_modules\router\lib\layer.js:152:17)
    at E:\resume-v05\server\node_modules\router\index.js:295:15
    at processParams (E:\resume-v05\server\node_modules\router\index.js:582:12)
    at next (E:\resume-v05\server\node_modules\router\index.js:291:5)
    at Function.handle (E:\resume-v05\server\node_modules\router\index.js:186:3)
2025-09-13 00:57:15 [HTTP]: ::1 - - [12/Sep/2025:19:27:15 +0000] "GET /api/auth/status HTTP/1.1" 401 121 "http://localhost:5173/" "Mozilla/5.0 (Windows NT 10.0; Win64; x64) AppleWebKit/537.36 (KHTML, like Gecko) Chrome/140.0.0.0 Safari/537.36"
2025-09-13 00:57:19 [INFO]: [Startup] Incoming request: GET /api/auth/status
2025-09-13 00:57:19 [WARN]: [Auth] Token missing from ::1 for /api/auth/status
2025-09-13 00:57:19 [ERROR]: Status: 401, Name: AUTHORIZATION TOKEN NOT FOUND, Message: Unable to find the authorization token in the cookie, URL: /api/auth/status, Method: GET, IP: ::1
2025-09-13 00:57:19 [ERROR]: Stack: AUTHORIZATION TOKEN NOT FOUND: Unable to find the authorization token in the cookie
    at userAuthorization (file:///E:/resume-v05/server/middleware/user-authorization.js:9:19)
    at Layer.handleRequest (E:\resume-v05\server\node_modules\router\lib\layer.js:152:17)
    at next (E:\resume-v05\server\node_modules\router\lib\route.js:157:13)
    at Route.dispatch (E:\resume-v05\server\node_modules\router\lib\route.js:117:3)
    at handle (E:\resume-v05\server\node_modules\router\index.js:435:11)
    at Layer.handleRequest (E:\resume-v05\server\node_modules\router\lib\layer.js:152:17)
    at E:\resume-v05\server\node_modules\router\index.js:295:15
    at processParams (E:\resume-v05\server\node_modules\router\index.js:582:12)
    at next (E:\resume-v05\server\node_modules\router\index.js:291:5)
    at Function.handle (E:\resume-v05\server\node_modules\router\index.js:186:3)
2025-09-13 00:57:19 [HTTP]: ::1 - - [12/Sep/2025:19:27:19 +0000] "GET /api/auth/status HTTP/1.1" 401 121 "http://localhost:5173/" "Mozilla/5.0 (Windows NT 10.0; Win64; x64) AppleWebKit/537.36 (KHTML, like Gecko) Chrome/140.0.0.0 Safari/537.36"
2025-09-13 00:57:19 [INFO]: [Startup] Incoming request: GET /api/auth/status
2025-09-13 00:57:19 [WARN]: [Auth] Token missing from ::1 for /api/auth/status
2025-09-13 00:57:19 [ERROR]: Status: 401, Name: AUTHORIZATION TOKEN NOT FOUND, Message: Unable to find the authorization token in the cookie, URL: /api/auth/status, Method: GET, IP: ::1
2025-09-13 00:57:19 [ERROR]: Stack: AUTHORIZATION TOKEN NOT FOUND: Unable to find the authorization token in the cookie
    at userAuthorization (file:///E:/resume-v05/server/middleware/user-authorization.js:9:19)
    at Layer.handleRequest (E:\resume-v05\server\node_modules\router\lib\layer.js:152:17)
    at next (E:\resume-v05\server\node_modules\router\lib\route.js:157:13)
    at Route.dispatch (E:\resume-v05\server\node_modules\router\lib\route.js:117:3)
    at handle (E:\resume-v05\server\node_modules\router\index.js:435:11)
    at Layer.handleRequest (E:\resume-v05\server\node_modules\router\lib\layer.js:152:17)
    at E:\resume-v05\server\node_modules\router\index.js:295:15
    at processParams (E:\resume-v05\server\node_modules\router\index.js:582:12)
    at next (E:\resume-v05\server\node_modules\router\index.js:291:5)
    at Function.handle (E:\resume-v05\server\node_modules\router\index.js:186:3)
2025-09-13 00:57:19 [HTTP]: ::1 - - [12/Sep/2025:19:27:19 +0000] "GET /api/auth/status HTTP/1.1" 401 121 "http://localhost:5173/" "Mozilla/5.0 (Windows NT 10.0; Win64; x64) AppleWebKit/537.36 (KHTML, like Gecko) Chrome/140.0.0.0 Safari/537.36"
2025-09-13 00:57:19 [INFO]: [Startup] Incoming request: GET /api/template/getAll
2025-09-13 00:57:19 [INFO]: [Template][GetAll][Success] Returned 2 templates
2025-09-13 00:57:19 [HTTP]: ::1 - - [12/Sep/2025:19:27:19 +0000] "GET /api/template/getAll HTTP/1.1" 304 - "http://localhost:5173/" "Mozilla/5.0 (Windows NT 10.0; Win64; x64) AppleWebKit/537.36 (KHTML, like Gecko) Chrome/140.0.0.0 Safari/537.36"
2025-09-13 00:57:52 [INFO]: [Startup] Incoming request: GET /api/auth/status
2025-09-13 00:57:52 [INFO]: [JWT][Verify][Success] Token verified for userId: 68ab4a7b46b46afd9f445e5d
2025-09-13 00:57:52 [INFO]: [Auth] Auth success for user 68ab4a7b46b46afd9f445e5d, role admin, from IP: ::1
2025-09-13 00:57:52 [INFO]: [AuthStatus][Checked] User: 68ab4a7b46b46afd9f445e5d
2025-09-13 00:57:52 [HTTP]: ::1 - - [12/Sep/2025:19:27:52 +0000] "GET /api/auth/status HTTP/1.1" 304 - "http://localhost:5173/" "Mozilla/5.0 (Windows NT 10.0; Win64; x64) AppleWebKit/537.36 (KHTML, like Gecko) Chrome/139.0.0.0 Safari/537.36"
2025-09-13 00:57:52 [INFO]: [Startup] Incoming request: GET /api/auth/status
2025-09-13 00:57:52 [INFO]: [JWT][Verify][Success] Token verified for userId: 68ab4a7b46b46afd9f445e5d
2025-09-13 00:57:52 [INFO]: [Auth] Auth success for user 68ab4a7b46b46afd9f445e5d, role admin, from IP: ::1
2025-09-13 00:57:52 [INFO]: [AuthStatus][Checked] User: 68ab4a7b46b46afd9f445e5d
2025-09-13 00:57:52 [HTTP]: ::1 - - [12/Sep/2025:19:27:52 +0000] "GET /api/auth/status HTTP/1.1" 304 - "http://localhost:5173/" "Mozilla/5.0 (Windows NT 10.0; Win64; x64) AppleWebKit/537.36 (KHTML, like Gecko) Chrome/139.0.0.0 Safari/537.36"
2025-09-13 00:58:00 [INFO]: [Startup] Incoming request: GET /api/template/getAll
2025-09-13 00:58:00 [INFO]: [Template][GetAll][Success] Returned 2 templates
2025-09-13 00:58:00 [HTTP]: ::1 - - [12/Sep/2025:19:28:00 +0000] "GET /api/template/getAll HTTP/1.1" 304 - "http://localhost:5173/" "Mozilla/5.0 (Windows NT 10.0; Win64; x64) AppleWebKit/537.36 (KHTML, like Gecko) Chrome/139.0.0.0 Safari/537.36"
2025-09-13 00:58:00 [INFO]: [Startup] Incoming request: GET /api/template/getAll
2025-09-13 00:58:00 [INFO]: [Template][GetAll][Success] Returned 2 templates
2025-09-13 00:58:00 [HTTP]: ::1 - - [12/Sep/2025:19:28:00 +0000] "GET /api/template/getAll HTTP/1.1" 304 - "http://localhost:5173/" "Mozilla/5.0 (Windows NT 10.0; Win64; x64) AppleWebKit/537.36 (KHTML, like Gecko) Chrome/139.0.0.0 Safari/537.36"
2025-09-13 00:58:07 [INFO]: [Startup] Incoming request: GET /api/resume/getAll
2025-09-13 00:58:07 [INFO]: [JWT][Verify][Success] Token verified for userId: 68ab4a7b46b46afd9f445e5d
2025-09-13 00:58:07 [INFO]: [Auth] Auth success for user 68ab4a7b46b46afd9f445e5d, role admin, from IP: ::1
2025-09-13 00:58:07 [INFO]: [Resume][GetAll][Success] User: 68ab4a7b46b46afd9f445e5d fetched all resumes (6)
2025-09-13 00:58:07 [HTTP]: ::1 - - [12/Sep/2025:19:28:07 +0000] "GET /api/resume/getAll HTTP/1.1" 304 - "http://localhost:5173/" "Mozilla/5.0 (Windows NT 10.0; Win64; x64) AppleWebKit/537.36 (KHTML, like Gecko) Chrome/139.0.0.0 Safari/537.36"
2025-09-13 00:58:07 [INFO]: [Startup] Incoming request: GET /api/resume/getAll
2025-09-13 00:58:07 [INFO]: [JWT][Verify][Success] Token verified for userId: 68ab4a7b46b46afd9f445e5d
2025-09-13 00:58:07 [INFO]: [Auth] Auth success for user 68ab4a7b46b46afd9f445e5d, role admin, from IP: ::1
2025-09-13 00:58:07 [INFO]: [Resume][GetAll][Success] User: 68ab4a7b46b46afd9f445e5d fetched all resumes (6)
2025-09-13 00:58:07 [HTTP]: ::1 - - [12/Sep/2025:19:28:07 +0000] "GET /api/resume/getAll HTTP/1.1" 304 - "http://localhost:5173/" "Mozilla/5.0 (Windows NT 10.0; Win64; x64) AppleWebKit/537.36 (KHTML, like Gecko) Chrome/139.0.0.0 Safari/537.36"
2025-09-13 01:00:46 [INFO]: [Startup] Incoming request: GET /api/auth/status
2025-09-13 01:00:46 [INFO]: [JWT][Verify][Success] Token verified for userId: 68ab4a7b46b46afd9f445e5d
2025-09-13 01:00:46 [INFO]: [Auth] Auth success for user 68ab4a7b46b46afd9f445e5d, role admin, from IP: ::1
2025-09-13 01:00:46 [INFO]: [AuthStatus][Checked] User: 68ab4a7b46b46afd9f445e5d
2025-09-13 01:00:46 [HTTP]: ::1 - - [12/Sep/2025:19:30:46 +0000] "GET /api/auth/status HTTP/1.1" 304 - "http://localhost:5173/" "Mozilla/5.0 (Windows NT 10.0; Win64; x64) AppleWebKit/537.36 (KHTML, like Gecko) Chrome/139.0.0.0 Safari/537.36"
2025-09-13 01:00:46 [INFO]: [Startup] Incoming request: GET /api/auth/status
2025-09-13 01:00:46 [INFO]: [JWT][Verify][Success] Token verified for userId: 68ab4a7b46b46afd9f445e5d
2025-09-13 01:00:46 [INFO]: [Auth] Auth success for user 68ab4a7b46b46afd9f445e5d, role admin, from IP: ::1
2025-09-13 01:00:46 [INFO]: [AuthStatus][Checked] User: 68ab4a7b46b46afd9f445e5d
2025-09-13 01:00:46 [HTTP]: ::1 - - [12/Sep/2025:19:30:46 +0000] "GET /api/auth/status HTTP/1.1" 304 - "http://localhost:5173/" "Mozilla/5.0 (Windows NT 10.0; Win64; x64) AppleWebKit/537.36 (KHTML, like Gecko) Chrome/139.0.0.0 Safari/537.36"
2025-09-13 01:00:46 [INFO]: [Startup] Incoming request: GET /api/template/getAll
2025-09-13 01:00:46 [INFO]: [Template][GetAll][Success] Returned 2 templates
2025-09-13 01:00:46 [HTTP]: ::1 - - [12/Sep/2025:19:30:46 +0000] "GET /api/template/getAll HTTP/1.1" 304 - "http://localhost:5173/" "Mozilla/5.0 (Windows NT 10.0; Win64; x64) AppleWebKit/537.36 (KHTML, like Gecko) Chrome/139.0.0.0 Safari/537.36"
2025-09-13 01:18:35 [INFO]: [Startup] Incoming request: GET /api/auth/status
2025-09-13 01:18:35 [INFO]: [JWT][Verify][Success] Token verified for userId: 68ab4a7b46b46afd9f445e5d
2025-09-13 01:18:35 [INFO]: [Auth] Auth success for user 68ab4a7b46b46afd9f445e5d, role admin, from IP: ::1
2025-09-13 01:18:35 [INFO]: [AuthStatus][Checked] User: 68ab4a7b46b46afd9f445e5d
2025-09-13 01:18:35 [HTTP]: ::1 - - [12/Sep/2025:19:48:35 +0000] "GET /api/auth/status HTTP/1.1" 304 - "http://localhost:5173/" "Mozilla/5.0 (Windows NT 10.0; Win64; x64) AppleWebKit/537.36 (KHTML, like Gecko) Chrome/139.0.0.0 Safari/537.36"
2025-09-13 01:18:35 [INFO]: [Startup] Incoming request: GET /api/auth/status
2025-09-13 01:18:35 [INFO]: [JWT][Verify][Success] Token verified for userId: 68ab4a7b46b46afd9f445e5d
2025-09-13 01:18:35 [INFO]: [Auth] Auth success for user 68ab4a7b46b46afd9f445e5d, role admin, from IP: ::1
2025-09-13 01:18:35 [INFO]: [AuthStatus][Checked] User: 68ab4a7b46b46afd9f445e5d
2025-09-13 01:18:35 [HTTP]: ::1 - - [12/Sep/2025:19:48:35 +0000] "GET /api/auth/status HTTP/1.1" 304 - "http://localhost:5173/" "Mozilla/5.0 (Windows NT 10.0; Win64; x64) AppleWebKit/537.36 (KHTML, like Gecko) Chrome/139.0.0.0 Safari/537.36"
2025-09-13 01:18:35 [INFO]: [Startup] Incoming request: GET /api/template/getAll
2025-09-13 01:18:35 [INFO]: [Template][GetAll][Success] Returned 2 templates
2025-09-13 01:18:35 [HTTP]: ::1 - - [12/Sep/2025:19:48:35 +0000] "GET /api/template/getAll HTTP/1.1" 304 - "http://localhost:5173/" "Mozilla/5.0 (Windows NT 10.0; Win64; x64) AppleWebKit/537.36 (KHTML, like Gecko) Chrome/139.0.0.0 Safari/537.36"
2025-09-13 01:28:44 [INFO]: [Startup] Incoming request: GET /api/auth/status
2025-09-13 01:28:44 [INFO]: [JWT][Verify][Success] Token verified for userId: 68ab4a7b46b46afd9f445e5d
2025-09-13 01:28:44 [INFO]: [Auth] Auth success for user 68ab4a7b46b46afd9f445e5d, role admin, from IP: ::1
2025-09-13 01:28:44 [INFO]: [AuthStatus][Checked] User: 68ab4a7b46b46afd9f445e5d
2025-09-13 01:28:44 [HTTP]: ::1 - - [12/Sep/2025:19:58:44 +0000] "GET /api/auth/status HTTP/1.1" 304 - "http://localhost:5173/" "Mozilla/5.0 (Windows NT 10.0; Win64; x64) AppleWebKit/537.36 (KHTML, like Gecko) Chrome/139.0.0.0 Safari/537.36"
2025-09-13 01:28:44 [INFO]: [Startup] Incoming request: GET /api/auth/status
2025-09-13 01:28:44 [INFO]: [JWT][Verify][Success] Token verified for userId: 68ab4a7b46b46afd9f445e5d
2025-09-13 01:28:44 [INFO]: [Auth] Auth success for user 68ab4a7b46b46afd9f445e5d, role admin, from IP: ::1
2025-09-13 01:28:44 [INFO]: [AuthStatus][Checked] User: 68ab4a7b46b46afd9f445e5d
2025-09-13 01:28:44 [HTTP]: ::1 - - [12/Sep/2025:19:58:44 +0000] "GET /api/auth/status HTTP/1.1" 304 - "http://localhost:5173/" "Mozilla/5.0 (Windows NT 10.0; Win64; x64) AppleWebKit/537.36 (KHTML, like Gecko) Chrome/139.0.0.0 Safari/537.36"
2025-09-13 01:28:44 [INFO]: [Startup] Incoming request: GET /api/template/getAll
2025-09-13 01:28:44 [INFO]: [Template][GetAll][Success] Returned 2 templates
2025-09-13 01:28:44 [HTTP]: ::1 - - [12/Sep/2025:19:58:44 +0000] "GET /api/template/getAll HTTP/1.1" 304 - "http://localhost:5173/" "Mozilla/5.0 (Windows NT 10.0; Win64; x64) AppleWebKit/537.36 (KHTML, like Gecko) Chrome/139.0.0.0 Safari/537.36"
2025-09-13 01:34:30 [INFO]: [Startup] Incoming request: POST /api/resume/download
2025-09-13 01:34:30 [INFO]: [JWT][Verify][Success] Token verified for userId: 68ab4a7b46b46afd9f445e5d
2025-09-13 01:34:30 [INFO]: [Auth] Auth success for user 68ab4a7b46b46afd9f445e5d, role admin, from IP: ::1
2025-09-13 01:34:30 [INFO]: [Resume][Download][Request] User: 68ab4a7b46b46afd9f445e5d
2025-09-13 01:34:32 [INFO]: [Resume][Download][Success] Resume PDF generated for user: 68ab4a7b46b46afd9f445e5d
2025-09-13 01:34:32 [HTTP]: ::1 - - [12/Sep/2025:20:04:32 +0000] "POST /api/resume/download HTTP/1.1" 200 126487 "http://localhost:5173/" "Mozilla/5.0 (Windows NT 10.0; Win64; x64) AppleWebKit/537.36 (KHTML, like Gecko) Chrome/139.0.0.0 Safari/537.36"
2025-09-13 01:42:45 [INFO]: [Startup] Incoming request: GET /api/auth/status
2025-09-13 01:42:45 [INFO]: [JWT][Verify][Success] Token verified for userId: 68ab4a7b46b46afd9f445e5d
2025-09-13 01:42:45 [INFO]: [Auth] Auth success for user 68ab4a7b46b46afd9f445e5d, role admin, from IP: ::1
2025-09-13 01:42:45 [INFO]: [AuthStatus][Checked] User: 68ab4a7b46b46afd9f445e5d
2025-09-13 01:42:45 [HTTP]: ::1 - - [12/Sep/2025:20:12:45 +0000] "GET /api/auth/status HTTP/1.1" 304 - "http://localhost:5173/" "Mozilla/5.0 (Windows NT 10.0; Win64; x64) AppleWebKit/537.36 (KHTML, like Gecko) Chrome/139.0.0.0 Safari/537.36"
2025-09-13 01:42:45 [INFO]: [Startup] Incoming request: GET /api/auth/status
2025-09-13 01:42:45 [INFO]: [JWT][Verify][Success] Token verified for userId: 68ab4a7b46b46afd9f445e5d
2025-09-13 01:42:45 [INFO]: [Auth] Auth success for user 68ab4a7b46b46afd9f445e5d, role admin, from IP: ::1
2025-09-13 01:42:45 [INFO]: [AuthStatus][Checked] User: 68ab4a7b46b46afd9f445e5d
2025-09-13 01:42:45 [HTTP]: ::1 - - [12/Sep/2025:20:12:45 +0000] "GET /api/auth/status HTTP/1.1" 304 - "http://localhost:5173/" "Mozilla/5.0 (Windows NT 10.0; Win64; x64) AppleWebKit/537.36 (KHTML, like Gecko) Chrome/139.0.0.0 Safari/537.36"
2025-09-13 01:42:45 [INFO]: [Startup] Incoming request: GET /api/template/getAll
2025-09-13 01:42:45 [INFO]: [Template][GetAll][Success] Returned 2 templates
2025-09-13 01:42:45 [HTTP]: ::1 - - [12/Sep/2025:20:12:45 +0000] "GET /api/template/getAll HTTP/1.1" 304 - "http://localhost:5173/" "Mozilla/5.0 (Windows NT 10.0; Win64; x64) AppleWebKit/537.36 (KHTML, like Gecko) Chrome/139.0.0.0 Safari/537.36"
2025-09-13 01:47:58 [INFO]: [Startup] Incoming request: GET /api/auth/status
2025-09-13 01:47:58 [INFO]: [JWT][Verify][Success] Token verified for userId: 68ab4a7b46b46afd9f445e5d
2025-09-13 01:47:58 [INFO]: [Auth] Auth success for user 68ab4a7b46b46afd9f445e5d, role admin, from IP: ::1
2025-09-13 01:47:58 [INFO]: [AuthStatus][Checked] User: 68ab4a7b46b46afd9f445e5d
2025-09-13 01:47:58 [HTTP]: ::1 - - [12/Sep/2025:20:17:58 +0000] "GET /api/auth/status HTTP/1.1" 304 - "http://localhost:5173/" "Mozilla/5.0 (Windows NT 10.0; Win64; x64) AppleWebKit/537.36 (KHTML, like Gecko) Chrome/139.0.0.0 Safari/537.36"
2025-09-13 01:47:58 [INFO]: [Startup] Incoming request: GET /api/auth/status
2025-09-13 01:47:58 [INFO]: [JWT][Verify][Success] Token verified for userId: 68ab4a7b46b46afd9f445e5d
2025-09-13 01:47:58 [INFO]: [Auth] Auth success for user 68ab4a7b46b46afd9f445e5d, role admin, from IP: ::1
2025-09-13 01:47:58 [INFO]: [AuthStatus][Checked] User: 68ab4a7b46b46afd9f445e5d
2025-09-13 01:47:58 [HTTP]: ::1 - - [12/Sep/2025:20:17:58 +0000] "GET /api/auth/status HTTP/1.1" 304 - "http://localhost:5173/" "Mozilla/5.0 (Windows NT 10.0; Win64; x64) AppleWebKit/537.36 (KHTML, like Gecko) Chrome/139.0.0.0 Safari/537.36"
2025-09-13 01:47:58 [INFO]: [Startup] Incoming request: GET /api/template/getAll
2025-09-13 01:47:58 [INFO]: [Template][GetAll][Success] Returned 2 templates
2025-09-13 01:47:58 [HTTP]: ::1 - - [12/Sep/2025:20:17:58 +0000] "GET /api/template/getAll HTTP/1.1" 304 - "http://localhost:5173/" "Mozilla/5.0 (Windows NT 10.0; Win64; x64) AppleWebKit/537.36 (KHTML, like Gecko) Chrome/139.0.0.0 Safari/537.36"
2025-09-13 01:55:12 [INFO]: [Startup] Incoming request: GET /api/resume/getAll
2025-09-13 01:55:12 [INFO]: [JWT][Verify][Success] Token verified for userId: 68ab4a7b46b46afd9f445e5d
2025-09-13 01:55:12 [INFO]: [Auth] Auth success for user 68ab4a7b46b46afd9f445e5d, role admin, from IP: ::1
2025-09-13 01:55:13 [INFO]: [Resume][GetAll][Success] User: 68ab4a7b46b46afd9f445e5d fetched all resumes (6)
2025-09-13 01:55:13 [HTTP]: ::1 - - [12/Sep/2025:20:25:13 +0000] "GET /api/resume/getAll HTTP/1.1" 304 - "http://localhost:5173/" "Mozilla/5.0 (Windows NT 10.0; Win64; x64) AppleWebKit/537.36 (KHTML, like Gecko) Chrome/139.0.0.0 Safari/537.36"
2025-09-13 01:55:13 [INFO]: [Startup] Incoming request: GET /api/resume/getAll
2025-09-13 01:55:13 [INFO]: [JWT][Verify][Success] Token verified for userId: 68ab4a7b46b46afd9f445e5d
2025-09-13 01:55:13 [INFO]: [Auth] Auth success for user 68ab4a7b46b46afd9f445e5d, role admin, from IP: ::1
2025-09-13 01:55:13 [INFO]: [Resume][GetAll][Success] User: 68ab4a7b46b46afd9f445e5d fetched all resumes (6)
2025-09-13 01:55:13 [HTTP]: ::1 - - [12/Sep/2025:20:25:13 +0000] "GET /api/resume/getAll HTTP/1.1" 304 - "http://localhost:5173/" "Mozilla/5.0 (Windows NT 10.0; Win64; x64) AppleWebKit/537.36 (KHTML, like Gecko) Chrome/139.0.0.0 Safari/537.36"
2025-09-13 02:09:49 [INFO]: [Startup] Incoming request: GET /api/template/getAll
2025-09-13 02:09:49 [INFO]: [Startup] Incoming request: GET /api/auth/status
2025-09-13 02:09:49 [INFO]: [JWT][Verify][Success] Token verified for userId: 68ab4a7b46b46afd9f445e5d
2025-09-13 02:09:49 [INFO]: [Auth] Auth success for user 68ab4a7b46b46afd9f445e5d, role admin, from IP: ::1
2025-09-13 02:09:49 [INFO]: [AuthStatus][Checked] User: 68ab4a7b46b46afd9f445e5d
2025-09-13 02:09:49 [HTTP]: ::1 - - [12/Sep/2025:20:39:49 +0000] "GET /api/auth/status HTTP/1.1" 304 - "http://localhost:5173/" "Mozilla/5.0 (Windows NT 10.0; Win64; x64) AppleWebKit/537.36 (KHTML, like Gecko) Chrome/139.0.0.0 Safari/537.36"
2025-09-13 02:09:49 [INFO]: [Template][GetAll][Success] Returned 2 templates
2025-09-13 02:09:49 [HTTP]: ::1 - - [12/Sep/2025:20:39:49 +0000] "GET /api/template/getAll HTTP/1.1" 304 - "http://localhost:5173/" "Mozilla/5.0 (Windows NT 10.0; Win64; x64) AppleWebKit/537.36 (KHTML, like Gecko) Chrome/139.0.0.0 Safari/537.36"
2025-09-13 02:09:49 [INFO]: [Startup] Incoming request: GET /api/auth/status
2025-09-13 02:09:49 [INFO]: [JWT][Verify][Success] Token verified for userId: 68ab4a7b46b46afd9f445e5d
2025-09-13 02:09:49 [INFO]: [Auth] Auth success for user 68ab4a7b46b46afd9f445e5d, role admin, from IP: ::1
2025-09-13 02:09:49 [INFO]: [Startup] Incoming request: GET /api/template/getAll
2025-09-13 02:09:49 [INFO]: [AuthStatus][Checked] User: 68ab4a7b46b46afd9f445e5d
2025-09-13 02:09:49 [HTTP]: ::1 - - [12/Sep/2025:20:39:49 +0000] "GET /api/auth/status HTTP/1.1" 304 - "http://localhost:5173/" "Mozilla/5.0 (Windows NT 10.0; Win64; x64) AppleWebKit/537.36 (KHTML, like Gecko) Chrome/139.0.0.0 Safari/537.36"
2025-09-13 02:09:49 [INFO]: [Template][GetAll][Success] Returned 2 templates
2025-09-13 02:09:49 [HTTP]: ::1 - - [12/Sep/2025:20:39:49 +0000] "GET /api/template/getAll HTTP/1.1" 304 - "http://localhost:5173/" "Mozilla/5.0 (Windows NT 10.0; Win64; x64) AppleWebKit/537.36 (KHTML, like Gecko) Chrome/139.0.0.0 Safari/537.36"
2025-09-13 02:09:54 [INFO]: [Startup] Incoming request: GET /api/template/getAll
2025-09-13 02:09:54 [INFO]: [Startup] Incoming request: GET /api/auth/status
2025-09-13 02:09:54 [INFO]: [JWT][Verify][Success] Token verified for userId: 68ab4a7b46b46afd9f445e5d
2025-09-13 02:09:54 [INFO]: [Auth] Auth success for user 68ab4a7b46b46afd9f445e5d, role admin, from IP: ::1
2025-09-13 02:09:54 [INFO]: [AuthStatus][Checked] User: 68ab4a7b46b46afd9f445e5d
2025-09-13 02:09:54 [HTTP]: ::1 - - [12/Sep/2025:20:39:54 +0000] "GET /api/auth/status HTTP/1.1" 304 - "http://localhost:5173/" "Mozilla/5.0 (Windows NT 10.0; Win64; x64) AppleWebKit/537.36 (KHTML, like Gecko) Chrome/139.0.0.0 Safari/537.36"
2025-09-13 02:09:54 [INFO]: [Template][GetAll][Success] Returned 2 templates
2025-09-13 02:09:54 [HTTP]: ::1 - - [12/Sep/2025:20:39:54 +0000] "GET /api/template/getAll HTTP/1.1" 304 - "http://localhost:5173/" "Mozilla/5.0 (Windows NT 10.0; Win64; x64) AppleWebKit/537.36 (KHTML, like Gecko) Chrome/139.0.0.0 Safari/537.36"
2025-09-13 02:09:54 [INFO]: [Startup] Incoming request: GET /api/auth/status
2025-09-13 02:09:54 [INFO]: [JWT][Verify][Success] Token verified for userId: 68ab4a7b46b46afd9f445e5d
2025-09-13 02:09:54 [INFO]: [Auth] Auth success for user 68ab4a7b46b46afd9f445e5d, role admin, from IP: ::1
2025-09-13 02:09:54 [INFO]: [Startup] Incoming request: GET /api/template/getAll
2025-09-13 02:09:54 [INFO]: [AuthStatus][Checked] User: 68ab4a7b46b46afd9f445e5d
2025-09-13 02:09:54 [HTTP]: ::1 - - [12/Sep/2025:20:39:54 +0000] "GET /api/auth/status HTTP/1.1" 304 - "http://localhost:5173/" "Mozilla/5.0 (Windows NT 10.0; Win64; x64) AppleWebKit/537.36 (KHTML, like Gecko) Chrome/139.0.0.0 Safari/537.36"
2025-09-13 02:09:54 [INFO]: [Template][GetAll][Success] Returned 2 templates
2025-09-13 02:09:54 [HTTP]: ::1 - - [12/Sep/2025:20:39:54 +0000] "GET /api/template/getAll HTTP/1.1" 304 - "http://localhost:5173/" "Mozilla/5.0 (Windows NT 10.0; Win64; x64) AppleWebKit/537.36 (KHTML, like Gecko) Chrome/139.0.0.0 Safari/537.36"
2025-09-13 02:17:10 [INFO]: [Startup] Incoming request: GET /api/auth/status
2025-09-13 02:17:10 [INFO]: [JWT][Verify][Success] Token verified for userId: 68ab4a7b46b46afd9f445e5d
2025-09-13 02:17:10 [INFO]: [Auth] Auth success for user 68ab4a7b46b46afd9f445e5d, role admin, from IP: ::1
2025-09-13 02:17:10 [INFO]: [AuthStatus][Checked] User: 68ab4a7b46b46afd9f445e5d
2025-09-13 02:17:10 [HTTP]: ::1 - - [12/Sep/2025:20:47:10 +0000] "GET /api/auth/status HTTP/1.1" 304 - "http://localhost:5173/" "Mozilla/5.0 (Windows NT 10.0; Win64; x64) AppleWebKit/537.36 (KHTML, like Gecko) Chrome/139.0.0.0 Safari/537.36"
2025-09-13 02:17:10 [INFO]: [Startup] Incoming request: GET /api/auth/status
2025-09-13 02:17:10 [INFO]: [JWT][Verify][Success] Token verified for userId: 68ab4a7b46b46afd9f445e5d
2025-09-13 02:17:10 [INFO]: [Auth] Auth success for user 68ab4a7b46b46afd9f445e5d, role admin, from IP: ::1
2025-09-13 02:17:10 [INFO]: [AuthStatus][Checked] User: 68ab4a7b46b46afd9f445e5d
2025-09-13 02:17:10 [HTTP]: ::1 - - [12/Sep/2025:20:47:10 +0000] "GET /api/auth/status HTTP/1.1" 304 - "http://localhost:5173/" "Mozilla/5.0 (Windows NT 10.0; Win64; x64) AppleWebKit/537.36 (KHTML, like Gecko) Chrome/139.0.0.0 Safari/537.36"
2025-09-13 02:17:11 [INFO]: [Startup] Incoming request: GET /api/template/getAll
2025-09-13 02:17:11 [INFO]: [Template][GetAll][Success] Returned 2 templates
2025-09-13 02:17:11 [HTTP]: ::1 - - [12/Sep/2025:20:47:11 +0000] "GET /api/template/getAll HTTP/1.1" 304 - "http://localhost:5173/" "Mozilla/5.0 (Windows NT 10.0; Win64; x64) AppleWebKit/537.36 (KHTML, like Gecko) Chrome/139.0.0.0 Safari/537.36"
2025-09-13 02:23:08 [INFO]: [Startup] Incoming request: GET /api/resume/getAll
2025-09-13 02:23:08 [INFO]: [JWT][Verify][Success] Token verified for userId: 68ab4a7b46b46afd9f445e5d
2025-09-13 02:23:08 [INFO]: [Auth] Auth success for user 68ab4a7b46b46afd9f445e5d, role admin, from IP: ::1
2025-09-13 02:23:08 [INFO]: [Resume][GetAll][Success] User: 68ab4a7b46b46afd9f445e5d fetched all resumes (6)
2025-09-13 02:23:08 [HTTP]: ::1 - - [12/Sep/2025:20:53:08 +0000] "GET /api/resume/getAll HTTP/1.1" 304 - "http://localhost:5173/" "Mozilla/5.0 (Windows NT 10.0; Win64; x64) AppleWebKit/537.36 (KHTML, like Gecko) Chrome/139.0.0.0 Safari/537.36"
2025-09-13 02:23:08 [INFO]: [Startup] Incoming request: GET /api/resume/getAll
2025-09-13 02:23:08 [INFO]: [JWT][Verify][Success] Token verified for userId: 68ab4a7b46b46afd9f445e5d
2025-09-13 02:23:08 [INFO]: [Auth] Auth success for user 68ab4a7b46b46afd9f445e5d, role admin, from IP: ::1
2025-09-13 02:23:08 [INFO]: [Resume][GetAll][Success] User: 68ab4a7b46b46afd9f445e5d fetched all resumes (6)
2025-09-13 02:23:08 [HTTP]: ::1 - - [12/Sep/2025:20:53:08 +0000] "GET /api/resume/getAll HTTP/1.1" 304 - "http://localhost:5173/" "Mozilla/5.0 (Windows NT 10.0; Win64; x64) AppleWebKit/537.36 (KHTML, like Gecko) Chrome/139.0.0.0 Safari/537.36"
2025-09-13 03:03:05 [INFO]: [Startup] Incoming request: GET /api/auth/status
2025-09-13 03:03:05 [INFO]: [JWT][Verify][Success] Token verified for userId: 68ab4a7b46b46afd9f445e5d
2025-09-13 03:03:05 [INFO]: [Auth] Auth success for user 68ab4a7b46b46afd9f445e5d, role admin, from IP: ::1
2025-09-13 03:03:05 [INFO]: [AuthStatus][Checked] User: 68ab4a7b46b46afd9f445e5d
2025-09-13 03:03:05 [HTTP]: ::1 - - [12/Sep/2025:21:33:05 +0000] "GET /api/auth/status HTTP/1.1" 304 - "http://localhost:5173/" "Mozilla/5.0 (Windows NT 10.0; Win64; x64) AppleWebKit/537.36 (KHTML, like Gecko) Chrome/139.0.0.0 Safari/537.36"
2025-09-13 03:03:05 [INFO]: [Startup] Incoming request: GET /api/auth/status
2025-09-13 03:03:05 [INFO]: [JWT][Verify][Success] Token verified for userId: 68ab4a7b46b46afd9f445e5d
2025-09-13 03:03:05 [INFO]: [Auth] Auth success for user 68ab4a7b46b46afd9f445e5d, role admin, from IP: ::1
2025-09-13 03:03:05 [INFO]: [AuthStatus][Checked] User: 68ab4a7b46b46afd9f445e5d
2025-09-13 03:03:05 [HTTP]: ::1 - - [12/Sep/2025:21:33:05 +0000] "GET /api/auth/status HTTP/1.1" 304 - "http://localhost:5173/" "Mozilla/5.0 (Windows NT 10.0; Win64; x64) AppleWebKit/537.36 (KHTML, like Gecko) Chrome/139.0.0.0 Safari/537.36"
2025-09-13 03:03:39 [INFO]: [Startup] Incoming request: GET /api/auth/status
2025-09-13 03:03:39 [INFO]: [JWT][Verify][Success] Token verified for userId: 68ab4a7b46b46afd9f445e5d
2025-09-13 03:03:39 [INFO]: [Auth] Auth success for user 68ab4a7b46b46afd9f445e5d, role admin, from IP: ::1
2025-09-13 03:03:39 [INFO]: [AuthStatus][Checked] User: 68ab4a7b46b46afd9f445e5d
2025-09-13 03:03:39 [HTTP]: ::1 - - [12/Sep/2025:21:33:39 +0000] "GET /api/auth/status HTTP/1.1" 304 - "http://localhost:5173/" "Mozilla/5.0 (Windows NT 10.0; Win64; x64) AppleWebKit/537.36 (KHTML, like Gecko) Chrome/139.0.0.0 Safari/537.36"
2025-09-13 03:03:39 [INFO]: [Startup] Incoming request: GET /api/auth/status
2025-09-13 03:03:39 [INFO]: [JWT][Verify][Success] Token verified for userId: 68ab4a7b46b46afd9f445e5d
2025-09-13 03:03:39 [INFO]: [Auth] Auth success for user 68ab4a7b46b46afd9f445e5d, role admin, from IP: ::1
2025-09-13 03:03:39 [INFO]: [AuthStatus][Checked] User: 68ab4a7b46b46afd9f445e5d
2025-09-13 03:03:39 [HTTP]: ::1 - - [12/Sep/2025:21:33:39 +0000] "GET /api/auth/status HTTP/1.1" 304 - "http://localhost:5173/" "Mozilla/5.0 (Windows NT 10.0; Win64; x64) AppleWebKit/537.36 (KHTML, like Gecko) Chrome/139.0.0.0 Safari/537.36"
