2025-09-12 00:10:16 [INFO]: [MongoDB][Connect][Success] Connected to database: mongodb://localhost:27017/careerforge-db
2025-09-12 00:10:16 [INFO]: [Server][Start][Success] Server is running on port 3000 [ENV: production]
2025-09-12 17:33:00 [INFO]: [MongoDB][Connect][Success] Connected to database: mongodb://localhost:27017/careerforge-db
2025-09-12 17:33:00 [INFO]: [Server][Start][Success] Server is running on port 3000 [ENV: production]
2025-09-12 17:33:10 [INFO]: [Startup] Incoming request: GET /api/auth/status
2025-09-12 17:33:10 [INFO]: [JWT][Verify][Success] Token verified for userId: 68ab4a7b46b46afd9f445e5d
2025-09-12 17:33:10 [INFO]: [Auth] Auth success for user 68ab4a7b46b46afd9f445e5d, role admin, from IP: ::1
2025-09-12 17:33:10 [INFO]: [AuthStatus][Checked] User: 68ab4a7b46b46afd9f445e5d
2025-09-12 17:33:10 [HTTP]: ::1 - - [12/Sep/2025:12:03:10 +0000] "GET /api/auth/status HTTP/1.1" 304 - "http://localhost:5173/" "Mozilla/5.0 (Windows NT 10.0; Win64; x64) AppleWebKit/537.36 (KHTML, like Gecko) Chrome/139.0.0.0 Safari/537.36"
2025-09-12 17:33:10 [INFO]: [Startup] Incoming request: GET /api/auth/status
2025-09-12 17:33:10 [INFO]: [JWT][Verify][Success] Token verified for userId: 68ab4a7b46b46afd9f445e5d
2025-09-12 17:33:10 [INFO]: [Auth] Auth success for user 68ab4a7b46b46afd9f445e5d, role admin, from IP: ::1
2025-09-12 17:33:10 [INFO]: [AuthStatus][Checked] User: 68ab4a7b46b46afd9f445e5d
2025-09-12 17:33:10 [HTTP]: ::1 - - [12/Sep/2025:12:03:10 +0000] "GET /api/auth/status HTTP/1.1" 304 - "http://localhost:5173/" "Mozilla/5.0 (Windows NT 10.0; Win64; x64) AppleWebKit/537.36 (KHTML, like Gecko) Chrome/139.0.0.0 Safari/537.36"
2025-09-12 17:46:04 [INFO]: [Startup] Incoming request: GET /api/auth/status
2025-09-12 17:46:04 [INFO]: [JWT][Verify][Success] Token verified for userId: 68ab4a7b46b46afd9f445e5d
2025-09-12 17:46:04 [INFO]: [Auth] Auth success for user 68ab4a7b46b46afd9f445e5d, role admin, from IP: ::1
2025-09-12 17:46:04 [INFO]: [AuthStatus][Checked] User: 68ab4a7b46b46afd9f445e5d
2025-09-12 17:46:04 [HTTP]: ::1 - - [12/Sep/2025:12:16:04 +0000] "GET /api/auth/status HTTP/1.1" 304 - "http://localhost:5173/" "Mozilla/5.0 (Windows NT 10.0; Win64; x64) AppleWebKit/537.36 (KHTML, like Gecko) Chrome/139.0.0.0 Safari/537.36"
2025-09-12 17:46:04 [INFO]: [Startup] Incoming request: GET /api/auth/status
2025-09-12 17:46:04 [INFO]: [JWT][Verify][Success] Token verified for userId: 68ab4a7b46b46afd9f445e5d
2025-09-12 17:46:04 [INFO]: [Auth] Auth success for user 68ab4a7b46b46afd9f445e5d, role admin, from IP: ::1
2025-09-12 17:46:04 [INFO]: [AuthStatus][Checked] User: 68ab4a7b46b46afd9f445e5d
2025-09-12 17:46:04 [HTTP]: ::1 - - [12/Sep/2025:12:16:04 +0000] "GET /api/auth/status HTTP/1.1" 304 - "http://localhost:5173/" "Mozilla/5.0 (Windows NT 10.0; Win64; x64) AppleWebKit/537.36 (KHTML, like Gecko) Chrome/139.0.0.0 Safari/537.36"
2025-09-12 17:49:38 [INFO]: [Startup] Incoming request: GET /api/auth/status
2025-09-12 17:49:38 [INFO]: [JWT][Verify][Success] Token verified for userId: 68ab4a7b46b46afd9f445e5d
2025-09-12 17:49:38 [INFO]: [Auth] Auth success for user 68ab4a7b46b46afd9f445e5d, role admin, from IP: ::1
2025-09-12 17:49:38 [INFO]: [AuthStatus][Checked] User: 68ab4a7b46b46afd9f445e5d
2025-09-12 17:49:38 [HTTP]: ::1 - - [12/Sep/2025:12:19:38 +0000] "GET /api/auth/status HTTP/1.1" 304 - "http://localhost:5173/" "Mozilla/5.0 (Windows NT 10.0; Win64; x64) AppleWebKit/537.36 (KHTML, like Gecko) Chrome/139.0.0.0 Safari/537.36"
2025-09-12 17:49:38 [INFO]: [Startup] Incoming request: GET /api/auth/status
2025-09-12 17:49:38 [INFO]: [JWT][Verify][Success] Token verified for userId: 68ab4a7b46b46afd9f445e5d
2025-09-12 17:49:38 [INFO]: [Auth] Auth success for user 68ab4a7b46b46afd9f445e5d, role admin, from IP: ::1
2025-09-12 17:49:38 [INFO]: [AuthStatus][Checked] User: 68ab4a7b46b46afd9f445e5d
2025-09-12 17:49:38 [HTTP]: ::1 - - [12/Sep/2025:12:19:38 +0000] "GET /api/auth/status HTTP/1.1" 304 - "http://localhost:5173/" "Mozilla/5.0 (Windows NT 10.0; Win64; x64) AppleWebKit/537.36 (KHTML, like Gecko) Chrome/139.0.0.0 Safari/537.36"
2025-09-12 17:52:08 [INFO]: [Startup] Incoming request: GET /api/auth/status
2025-09-12 17:52:08 [INFO]: [JWT][Verify][Success] Token verified for userId: 68ab4a7b46b46afd9f445e5d
2025-09-12 17:52:08 [INFO]: [Auth] Auth success for user 68ab4a7b46b46afd9f445e5d, role admin, from IP: ::1
2025-09-12 17:52:08 [INFO]: [AuthStatus][Checked] User: 68ab4a7b46b46afd9f445e5d
2025-09-12 17:52:08 [HTTP]: ::1 - - [12/Sep/2025:12:22:08 +0000] "GET /api/auth/status HTTP/1.1" 304 - "http://localhost:5173/" "Mozilla/5.0 (Windows NT 10.0; Win64; x64) AppleWebKit/537.36 (KHTML, like Gecko) Chrome/139.0.0.0 Safari/537.36"
2025-09-12 17:52:08 [INFO]: [Startup] Incoming request: GET /api/auth/status
2025-09-12 17:52:08 [INFO]: [JWT][Verify][Success] Token verified for userId: 68ab4a7b46b46afd9f445e5d
2025-09-12 17:52:08 [INFO]: [Auth] Auth success for user 68ab4a7b46b46afd9f445e5d, role admin, from IP: ::1
2025-09-12 17:52:08 [INFO]: [AuthStatus][Checked] User: 68ab4a7b46b46afd9f445e5d
2025-09-12 17:52:08 [HTTP]: ::1 - - [12/Sep/2025:12:22:08 +0000] "GET /api/auth/status HTTP/1.1" 304 - "http://localhost:5173/" "Mozilla/5.0 (Windows NT 10.0; Win64; x64) AppleWebKit/537.36 (KHTML, like Gecko) Chrome/139.0.0.0 Safari/537.36"
2025-09-12 18:01:33 [INFO]: [Startup] Incoming request: GET /api/auth/status
2025-09-12 18:01:33 [INFO]: [JWT][Verify][Success] Token verified for userId: 68ab4a7b46b46afd9f445e5d
2025-09-12 18:01:33 [INFO]: [Auth] Auth success for user 68ab4a7b46b46afd9f445e5d, role admin, from IP: ::1
2025-09-12 18:01:33 [INFO]: [AuthStatus][Checked] User: 68ab4a7b46b46afd9f445e5d
2025-09-12 18:01:33 [HTTP]: ::1 - - [12/Sep/2025:12:31:33 +0000] "GET /api/auth/status HTTP/1.1" 304 - "http://localhost:5173/" "Mozilla/5.0 (Windows NT 10.0; Win64; x64) AppleWebKit/537.36 (KHTML, like Gecko) Chrome/139.0.0.0 Safari/537.36"
2025-09-12 18:01:33 [INFO]: [Startup] Incoming request: GET /api/auth/status
2025-09-12 18:01:33 [INFO]: [JWT][Verify][Success] Token verified for userId: 68ab4a7b46b46afd9f445e5d
2025-09-12 18:01:33 [INFO]: [Auth] Auth success for user 68ab4a7b46b46afd9f445e5d, role admin, from IP: ::1
2025-09-12 18:01:33 [INFO]: [AuthStatus][Checked] User: 68ab4a7b46b46afd9f445e5d
2025-09-12 18:01:33 [HTTP]: ::1 - - [12/Sep/2025:12:31:33 +0000] "GET /api/auth/status HTTP/1.1" 304 - "http://localhost:5173/" "Mozilla/5.0 (Windows NT 10.0; Win64; x64) AppleWebKit/537.36 (KHTML, like Gecko) Chrome/139.0.0.0 Safari/537.36"
2025-09-12 18:03:22 [INFO]: [Startup] Incoming request: GET /api/auth/status
2025-09-12 18:03:22 [INFO]: [JWT][Verify][Success] Token verified for userId: 68ab4a7b46b46afd9f445e5d
2025-09-12 18:03:22 [INFO]: [Auth] Auth success for user 68ab4a7b46b46afd9f445e5d, role admin, from IP: ::1
2025-09-12 18:03:22 [INFO]: [AuthStatus][Checked] User: 68ab4a7b46b46afd9f445e5d
2025-09-12 18:03:22 [HTTP]: ::1 - - [12/Sep/2025:12:33:22 +0000] "GET /api/auth/status HTTP/1.1" 304 - "http://localhost:5173/" "Mozilla/5.0 (Windows NT 10.0; Win64; x64) AppleWebKit/537.36 (KHTML, like Gecko) Chrome/139.0.0.0 Safari/537.36"
2025-09-12 18:03:22 [INFO]: [Startup] Incoming request: GET /api/auth/status
2025-09-12 18:03:22 [INFO]: [JWT][Verify][Success] Token verified for userId: 68ab4a7b46b46afd9f445e5d
2025-09-12 18:03:22 [INFO]: [Auth] Auth success for user 68ab4a7b46b46afd9f445e5d, role admin, from IP: ::1
2025-09-12 18:03:22 [INFO]: [AuthStatus][Checked] User: 68ab4a7b46b46afd9f445e5d
2025-09-12 18:03:22 [HTTP]: ::1 - - [12/Sep/2025:12:33:22 +0000] "GET /api/auth/status HTTP/1.1" 304 - "http://localhost:5173/" "Mozilla/5.0 (Windows NT 10.0; Win64; x64) AppleWebKit/537.36 (KHTML, like Gecko) Chrome/139.0.0.0 Safari/537.36"
2025-09-12 18:12:10 [INFO]: [Startup] Incoming request: GET /api/auth/status
2025-09-12 18:12:10 [INFO]: [JWT][Verify][Success] Token verified for userId: 68ab4a7b46b46afd9f445e5d
2025-09-12 18:12:10 [INFO]: [Auth] Auth success for user 68ab4a7b46b46afd9f445e5d, role admin, from IP: ::1
2025-09-12 18:12:10 [INFO]: [AuthStatus][Checked] User: 68ab4a7b46b46afd9f445e5d
2025-09-12 18:12:10 [HTTP]: ::1 - - [12/Sep/2025:12:42:10 +0000] "GET /api/auth/status HTTP/1.1" 304 - "http://localhost:5173/" "Mozilla/5.0 (Windows NT 10.0; Win64; x64) AppleWebKit/537.36 (KHTML, like Gecko) Chrome/139.0.0.0 Safari/537.36"
2025-09-12 18:12:10 [INFO]: [Startup] Incoming request: GET /api/auth/status
2025-09-12 18:12:10 [INFO]: [JWT][Verify][Success] Token verified for userId: 68ab4a7b46b46afd9f445e5d
2025-09-12 18:12:10 [INFO]: [Auth] Auth success for user 68ab4a7b46b46afd9f445e5d, role admin, from IP: ::1
2025-09-12 18:12:10 [INFO]: [AuthStatus][Checked] User: 68ab4a7b46b46afd9f445e5d
2025-09-12 18:12:10 [HTTP]: ::1 - - [12/Sep/2025:12:42:10 +0000] "GET /api/auth/status HTTP/1.1" 304 - "http://localhost:5173/" "Mozilla/5.0 (Windows NT 10.0; Win64; x64) AppleWebKit/537.36 (KHTML, like Gecko) Chrome/139.0.0.0 Safari/537.36"
2025-09-12 18:12:28 [INFO]: [Startup] Incoming request: GET /api/template/getAll
2025-09-12 18:12:28 [INFO]: [Template][GetAll][Success] Returned 2 templates
2025-09-12 18:12:28 [HTTP]: ::1 - - [12/Sep/2025:12:42:28 +0000] "GET /api/template/getAll HTTP/1.1" 304 - "http://localhost:5173/" "Mozilla/5.0 (Windows NT 10.0; Win64; x64) AppleWebKit/537.36 (KHTML, like Gecko) Chrome/139.0.0.0 Safari/537.36"
2025-09-12 18:12:28 [INFO]: [Startup] Incoming request: GET /api/template/getAll
2025-09-12 18:12:28 [INFO]: [Template][GetAll][Success] Returned 2 templates
2025-09-12 18:12:28 [HTTP]: ::1 - - [12/Sep/2025:12:42:28 +0000] "GET /api/template/getAll HTTP/1.1" 304 - "http://localhost:5173/" "Mozilla/5.0 (Windows NT 10.0; Win64; x64) AppleWebKit/537.36 (KHTML, like Gecko) Chrome/139.0.0.0 Safari/537.36"
2025-09-12 18:17:23 [INFO]: [Startup] Incoming request: GET /api/template/getAll
2025-09-12 18:17:23 [INFO]: [Startup] Incoming request: GET /api/auth/status
2025-09-12 18:17:23 [INFO]: [JWT][Verify][Success] Token verified for userId: 68ab4a7b46b46afd9f445e5d
2025-09-12 18:17:23 [INFO]: [Auth] Auth success for user 68ab4a7b46b46afd9f445e5d, role admin, from IP: ::1
2025-09-12 18:17:23 [INFO]: [AuthStatus][Checked] User: 68ab4a7b46b46afd9f445e5d
2025-09-12 18:17:23 [HTTP]: ::1 - - [12/Sep/2025:12:47:23 +0000] "GET /api/auth/status HTTP/1.1" 304 - "http://localhost:5173/" "Mozilla/5.0 (Windows NT 10.0; Win64; x64) AppleWebKit/537.36 (KHTML, like Gecko) Chrome/139.0.0.0 Safari/537.36"
2025-09-12 18:17:23 [INFO]: [Template][GetAll][Success] Returned 2 templates
2025-09-12 18:17:23 [HTTP]: ::1 - - [12/Sep/2025:12:47:23 +0000] "GET /api/template/getAll HTTP/1.1" 304 - "http://localhost:5173/" "Mozilla/5.0 (Windows NT 10.0; Win64; x64) AppleWebKit/537.36 (KHTML, like Gecko) Chrome/139.0.0.0 Safari/537.36"
2025-09-12 18:17:23 [INFO]: [Startup] Incoming request: GET /api/auth/status
2025-09-12 18:17:23 [INFO]: [JWT][Verify][Success] Token verified for userId: 68ab4a7b46b46afd9f445e5d
2025-09-12 18:17:23 [INFO]: [Auth] Auth success for user 68ab4a7b46b46afd9f445e5d, role admin, from IP: ::1
2025-09-12 18:17:23 [INFO]: [Startup] Incoming request: GET /api/template/getAll
2025-09-12 18:17:23 [INFO]: [AuthStatus][Checked] User: 68ab4a7b46b46afd9f445e5d
2025-09-12 18:17:23 [HTTP]: ::1 - - [12/Sep/2025:12:47:23 +0000] "GET /api/auth/status HTTP/1.1" 304 - "http://localhost:5173/" "Mozilla/5.0 (Windows NT 10.0; Win64; x64) AppleWebKit/537.36 (KHTML, like Gecko) Chrome/139.0.0.0 Safari/537.36"
2025-09-12 18:17:23 [INFO]: [Template][GetAll][Success] Returned 2 templates
2025-09-12 18:17:23 [HTTP]: ::1 - - [12/Sep/2025:12:47:23 +0000] "GET /api/template/getAll HTTP/1.1" 304 - "http://localhost:5173/" "Mozilla/5.0 (Windows NT 10.0; Win64; x64) AppleWebKit/537.36 (KHTML, like Gecko) Chrome/139.0.0.0 Safari/537.36"
2025-09-12 18:19:06 [INFO]: [Startup] Incoming request: GET /api/resume/getAll
2025-09-12 18:19:06 [INFO]: [JWT][Verify][Success] Token verified for userId: 68ab4a7b46b46afd9f445e5d
2025-09-12 18:19:06 [INFO]: [Auth] Auth success for user 68ab4a7b46b46afd9f445e5d, role admin, from IP: ::1
2025-09-12 18:19:06 [INFO]: [Resume][GetAll][Success] User: 68ab4a7b46b46afd9f445e5d fetched all resumes (6)
2025-09-12 18:19:06 [HTTP]: ::1 - - [12/Sep/2025:12:49:06 +0000] "GET /api/resume/getAll HTTP/1.1" 304 - "http://localhost:5173/" "Mozilla/5.0 (Windows NT 10.0; Win64; x64) AppleWebKit/537.36 (KHTML, like Gecko) Chrome/139.0.0.0 Safari/537.36"
2025-09-12 18:19:06 [INFO]: [Startup] Incoming request: GET /api/resume/getAll
2025-09-12 18:19:06 [INFO]: [JWT][Verify][Success] Token verified for userId: 68ab4a7b46b46afd9f445e5d
2025-09-12 18:19:06 [INFO]: [Auth] Auth success for user 68ab4a7b46b46afd9f445e5d, role admin, from IP: ::1
2025-09-12 18:19:06 [INFO]: [Resume][GetAll][Success] User: 68ab4a7b46b46afd9f445e5d fetched all resumes (6)
2025-09-12 18:19:06 [HTTP]: ::1 - - [12/Sep/2025:12:49:06 +0000] "GET /api/resume/getAll HTTP/1.1" 304 - "http://localhost:5173/" "Mozilla/5.0 (Windows NT 10.0; Win64; x64) AppleWebKit/537.36 (KHTML, like Gecko) Chrome/139.0.0.0 Safari/537.36"
2025-09-12 18:25:51 [INFO]: [Startup] Incoming request: GET /api/auth/status
2025-09-12 18:25:51 [INFO]: [JWT][Verify][Success] Token verified for userId: 68ab4a7b46b46afd9f445e5d
2025-09-12 18:25:51 [INFO]: [Auth] Auth success for user 68ab4a7b46b46afd9f445e5d, role admin, from IP: ::1
2025-09-12 18:25:51 [INFO]: [AuthStatus][Checked] User: 68ab4a7b46b46afd9f445e5d
2025-09-12 18:25:51 [HTTP]: ::1 - - [12/Sep/2025:12:55:51 +0000] "GET /api/auth/status HTTP/1.1" 304 - "http://localhost:5173/" "Mozilla/5.0 (Windows NT 10.0; Win64; x64) AppleWebKit/537.36 (KHTML, like Gecko) Chrome/139.0.0.0 Safari/537.36"
2025-09-12 18:25:51 [INFO]: [Startup] Incoming request: GET /api/auth/status
2025-09-12 18:25:51 [INFO]: [JWT][Verify][Success] Token verified for userId: 68ab4a7b46b46afd9f445e5d
2025-09-12 18:25:51 [INFO]: [Auth] Auth success for user 68ab4a7b46b46afd9f445e5d, role admin, from IP: ::1
2025-09-12 18:25:51 [INFO]: [AuthStatus][Checked] User: 68ab4a7b46b46afd9f445e5d
2025-09-12 18:25:51 [HTTP]: ::1 - - [12/Sep/2025:12:55:51 +0000] "GET /api/auth/status HTTP/1.1" 304 - "http://localhost:5173/" "Mozilla/5.0 (Windows NT 10.0; Win64; x64) AppleWebKit/537.36 (KHTML, like Gecko) Chrome/139.0.0.0 Safari/537.36"
2025-09-12 18:26:29 [INFO]: [Startup] Incoming request: GET /api/template/getAll
2025-09-12 18:26:29 [INFO]: [Template][GetAll][Success] Returned 2 templates
2025-09-12 18:26:29 [HTTP]: ::1 - - [12/Sep/2025:12:56:29 +0000] "GET /api/template/getAll HTTP/1.1" 304 - "http://localhost:5173/" "Mozilla/5.0 (Windows NT 10.0; Win64; x64) AppleWebKit/537.36 (KHTML, like Gecko) Chrome/139.0.0.0 Safari/537.36"
2025-09-12 18:26:29 [INFO]: [Startup] Incoming request: GET /api/template/getAll
2025-09-12 18:26:29 [INFO]: [Template][GetAll][Success] Returned 2 templates
2025-09-12 18:26:29 [HTTP]: ::1 - - [12/Sep/2025:12:56:29 +0000] "GET /api/template/getAll HTTP/1.1" 304 - "http://localhost:5173/" "Mozilla/5.0 (Windows NT 10.0; Win64; x64) AppleWebKit/537.36 (KHTML, like Gecko) Chrome/139.0.0.0 Safari/537.36"
2025-09-12 18:26:57 [INFO]: [Startup] Incoming request: GET /api/resume/getAll
2025-09-12 18:26:57 [INFO]: [JWT][Verify][Success] Token verified for userId: 68ab4a7b46b46afd9f445e5d
2025-09-12 18:26:57 [INFO]: [Auth] Auth success for user 68ab4a7b46b46afd9f445e5d, role admin, from IP: ::1
2025-09-12 18:26:57 [INFO]: [Resume][GetAll][Success] User: 68ab4a7b46b46afd9f445e5d fetched all resumes (6)
2025-09-12 18:26:57 [HTTP]: ::1 - - [12/Sep/2025:12:56:57 +0000] "GET /api/resume/getAll HTTP/1.1" 304 - "http://localhost:5173/" "Mozilla/5.0 (Windows NT 10.0; Win64; x64) AppleWebKit/537.36 (KHTML, like Gecko) Chrome/139.0.0.0 Safari/537.36"
2025-09-12 18:26:57 [INFO]: [Startup] Incoming request: GET /api/resume/getAll
2025-09-12 18:26:57 [INFO]: [JWT][Verify][Success] Token verified for userId: 68ab4a7b46b46afd9f445e5d
2025-09-12 18:26:57 [INFO]: [Auth] Auth success for user 68ab4a7b46b46afd9f445e5d, role admin, from IP: ::1
2025-09-12 18:26:57 [INFO]: [Resume][GetAll][Success] User: 68ab4a7b46b46afd9f445e5d fetched all resumes (6)
2025-09-12 18:26:57 [HTTP]: ::1 - - [12/Sep/2025:12:56:57 +0000] "GET /api/resume/getAll HTTP/1.1" 304 - "http://localhost:5173/" "Mozilla/5.0 (Windows NT 10.0; Win64; x64) AppleWebKit/537.36 (KHTML, like Gecko) Chrome/139.0.0.0 Safari/537.36"
2025-09-12 18:27:04 [INFO]: [Startup] Incoming request: GET /api/resume/getById/68b6f58dae4e045115514a7b
2025-09-12 18:27:04 [INFO]: [JWT][Verify][Success] Token verified for userId: 68ab4a7b46b46afd9f445e5d
2025-09-12 18:27:04 [INFO]: [Auth] Auth success for user 68ab4a7b46b46afd9f445e5d, role admin, from IP: ::1
2025-09-12 18:27:04 [INFO]: [Resume][GetById][Success] Resume: 68b6f58dae4e045115514a7b by user: 68ab4a7b46b46afd9f445e5d
2025-09-12 18:27:04 [HTTP]: ::1 - - [12/Sep/2025:12:57:04 +0000] "GET /api/resume/getById/68b6f58dae4e045115514a7b HTTP/1.1" 200 70418 "http://localhost:5173/" "Mozilla/5.0 (Windows NT 10.0; Win64; x64) AppleWebKit/537.36 (KHTML, like Gecko) Chrome/139.0.0.0 Safari/537.36"
2025-09-12 18:27:04 [INFO]: [Startup] Incoming request: GET /api/resume/getById/68b6f58dae4e045115514a7b
2025-09-12 18:27:04 [INFO]: [JWT][Verify][Success] Token verified for userId: 68ab4a7b46b46afd9f445e5d
2025-09-12 18:27:04 [INFO]: [Auth] Auth success for user 68ab4a7b46b46afd9f445e5d, role admin, from IP: ::1
2025-09-12 18:27:04 [INFO]: [Resume][GetById][Success] Resume: 68b6f58dae4e045115514a7b by user: 68ab4a7b46b46afd9f445e5d
2025-09-12 18:27:04 [HTTP]: ::1 - - [12/Sep/2025:12:57:04 +0000] "GET /api/resume/getById/68b6f58dae4e045115514a7b HTTP/1.1" 304 - "http://localhost:5173/" "Mozilla/5.0 (Windows NT 10.0; Win64; x64) AppleWebKit/537.36 (KHTML, like Gecko) Chrome/139.0.0.0 Safari/537.36"
2025-09-12 18:30:52 [INFO]: [Startup] Incoming request: GET /api/resume/getAll
2025-09-12 18:30:52 [INFO]: [JWT][Verify][Success] Token verified for userId: 68ab4a7b46b46afd9f445e5d
2025-09-12 18:30:52 [INFO]: [Auth] Auth success for user 68ab4a7b46b46afd9f445e5d, role admin, from IP: ::1
2025-09-12 18:30:52 [INFO]: [Resume][GetAll][Success] User: 68ab4a7b46b46afd9f445e5d fetched all resumes (6)
2025-09-12 18:30:52 [HTTP]: ::1 - - [12/Sep/2025:13:00:52 +0000] "GET /api/resume/getAll HTTP/1.1" 304 - "http://localhost:5173/" "Mozilla/5.0 (Windows NT 10.0; Win64; x64) AppleWebKit/537.36 (KHTML, like Gecko) Chrome/139.0.0.0 Safari/537.36"
2025-09-12 18:30:52 [INFO]: [Startup] Incoming request: GET /api/resume/getAll
2025-09-12 18:30:52 [INFO]: [JWT][Verify][Success] Token verified for userId: 68ab4a7b46b46afd9f445e5d
2025-09-12 18:30:52 [INFO]: [Auth] Auth success for user 68ab4a7b46b46afd9f445e5d, role admin, from IP: ::1
2025-09-12 18:30:52 [INFO]: [Resume][GetAll][Success] User: 68ab4a7b46b46afd9f445e5d fetched all resumes (6)
2025-09-12 18:30:52 [HTTP]: ::1 - - [12/Sep/2025:13:00:52 +0000] "GET /api/resume/getAll HTTP/1.1" 304 - "http://localhost:5173/" "Mozilla/5.0 (Windows NT 10.0; Win64; x64) AppleWebKit/537.36 (KHTML, like Gecko) Chrome/139.0.0.0 Safari/537.36"
2025-09-12 19:55:15 [INFO]: [Startup] Incoming request: GET /api/auth/status
2025-09-12 19:55:15 [WARN]: [Auth] Token missing from ::1 for /api/auth/status
2025-09-12 19:55:15 [ERROR]: Status: 401, Name: AUTHORIZATION TOKEN NOT FOUND, Message: Unable to find the authorization token in the cookie, URL: /api/auth/status, Method: GET, IP: ::1
2025-09-12 19:55:15 [ERROR]: Stack: AUTHORIZATION TOKEN NOT FOUND: Unable to find the authorization token in the cookie
    at userAuthorization (file:///E:/resume-v05/server/middleware/user-authorization.js:9:19)
    at Layer.handleRequest (E:\resume-v05\server\node_modules\router\lib\layer.js:152:17)
    at next (E:\resume-v05\server\node_modules\router\lib\route.js:157:13)
    at Route.dispatch (E:\resume-v05\server\node_modules\router\lib\route.js:117:3)
    at handle (E:\resume-v05\server\node_modules\router\index.js:435:11)
    at Layer.handleRequest (E:\resume-v05\server\node_modules\router\lib\layer.js:152:17)
    at E:\resume-v05\server\node_modules\router\index.js:295:15
    at processParams (E:\resume-v05\server\node_modules\router\index.js:582:12)
    at next (E:\resume-v05\server\node_modules\router\index.js:291:5)
    at Function.handle (E:\resume-v05\server\node_modules\router\index.js:186:3)
2025-09-12 19:55:15 [HTTP]: ::1 - - [12/Sep/2025:14:25:15 +0000] "GET /api/auth/status HTTP/1.1" 401 121 "http://localhost:5173/" "Mozilla/5.0 (Windows NT 10.0; Win64; x64) AppleWebKit/537.36 (KHTML, like Gecko) Chrome/139.0.0.0 Safari/537.36"
2025-09-12 19:55:15 [INFO]: [Startup] Incoming request: GET /api/auth/status
2025-09-12 19:55:15 [WARN]: [Auth] Token missing from ::1 for /api/auth/status
2025-09-12 19:55:15 [ERROR]: Status: 401, Name: AUTHORIZATION TOKEN NOT FOUND, Message: Unable to find the authorization token in the cookie, URL: /api/auth/status, Method: GET, IP: ::1
2025-09-12 19:55:15 [ERROR]: Stack: AUTHORIZATION TOKEN NOT FOUND: Unable to find the authorization token in the cookie
    at userAuthorization (file:///E:/resume-v05/server/middleware/user-authorization.js:9:19)
    at Layer.handleRequest (E:\resume-v05\server\node_modules\router\lib\layer.js:152:17)
    at next (E:\resume-v05\server\node_modules\router\lib\route.js:157:13)
    at Route.dispatch (E:\resume-v05\server\node_modules\router\lib\route.js:117:3)
    at handle (E:\resume-v05\server\node_modules\router\index.js:435:11)
    at Layer.handleRequest (E:\resume-v05\server\node_modules\router\lib\layer.js:152:17)
    at E:\resume-v05\server\node_modules\router\index.js:295:15
    at processParams (E:\resume-v05\server\node_modules\router\index.js:582:12)
    at next (E:\resume-v05\server\node_modules\router\index.js:291:5)
    at Function.handle (E:\resume-v05\server\node_modules\router\index.js:186:3)
2025-09-12 19:55:15 [HTTP]: ::1 - - [12/Sep/2025:14:25:15 +0000] "GET /api/auth/status HTTP/1.1" 401 121 "http://localhost:5173/" "Mozilla/5.0 (Windows NT 10.0; Win64; x64) AppleWebKit/537.36 (KHTML, like Gecko) Chrome/139.0.0.0 Safari/537.36"
2025-09-12 20:04:36 [INFO]: [Startup] Incoming request: POST /api/auth/signin
2025-09-12 20:04:36 [WARN]: [SignIn][Fail] Email not found: gmtbnk10aug@gmail.com from IP: ::1
2025-09-12 20:04:36 [ERROR]: Status: 401, Name: AUTH_FAILED, Message: Invalid email or password, URL: /api/auth/signin, Method: POST, IP: ::1
2025-09-12 20:04:36 [ERROR]: Stack: AUTH_FAILED: Invalid email or password
    at userSignIn (file:///E:/resume-v05/server/controller/auth-controller.js:76:20)
    at process.processTicksAndRejections (node:internal/process/task_queues:105:5)
2025-09-12 20:04:36 [HTTP]: ::1 - - [12/Sep/2025:14:34:36 +0000] "POST /api/auth/signin HTTP/1.1" 401 76 "http://localhost:5173/" "Mozilla/5.0 (Windows NT 10.0; Win64; x64) AppleWebKit/537.36 (KHTML, like Gecko) Chrome/139.0.0.0 Safari/537.36"
2025-09-12 20:04:40 [INFO]: [Startup] Incoming request: POST /api/auth/signin
2025-09-12 20:04:40 [WARN]: [SignIn][Fail] Email not found: gmtbnk10aug@gmail.com from IP: ::1
2025-09-12 20:04:40 [ERROR]: Status: 401, Name: AUTH_FAILED, Message: Invalid email or password, URL: /api/auth/signin, Method: POST, IP: ::1
2025-09-12 20:04:40 [ERROR]: Stack: AUTH_FAILED: Invalid email or password
    at userSignIn (file:///E:/resume-v05/server/controller/auth-controller.js:76:20)
    at process.processTicksAndRejections (node:internal/process/task_queues:105:5)
2025-09-12 20:04:40 [HTTP]: ::1 - - [12/Sep/2025:14:34:40 +0000] "POST /api/auth/signin HTTP/1.1" 401 76 "http://localhost:5173/" "Mozilla/5.0 (Windows NT 10.0; Win64; x64) AppleWebKit/537.36 (KHTML, like Gecko) Chrome/139.0.0.0 Safari/537.36"
2025-09-12 20:04:48 [INFO]: [Startup] Incoming request: POST /api/auth/signin
2025-09-12 20:04:48 [INFO]: [JWT][Create][Success] Token issued for userId: 68ab4a7b46b46afd9f445e5d
2025-09-12 20:04:48 [INFO]: [Cookie][Clear][Success] Auth cookie cleared
2025-09-12 20:04:48 [INFO]: [Cookie][Create][Success] Auth cookie set (httpOnly, secure) expiring: 2025-09-13T14:34:48.687Z
2025-09-12 20:04:48 [INFO]: [SignIn][Success] User: gmbtnk10aug@gmail.com (ID: 68ab4a7b46b46afd9f445e5d) from IP: ::1
2025-09-12 20:04:48 [HTTP]: ::1 - - [12/Sep/2025:14:34:48 +0000] "POST /api/auth/signin HTTP/1.1" 200 151 "http://localhost:5173/" "Mozilla/5.0 (Windows NT 10.0; Win64; x64) AppleWebKit/537.36 (KHTML, like Gecko) Chrome/139.0.0.0 Safari/537.36"
2025-09-12 20:04:48 [INFO]: [Startup] Incoming request: GET /api/auth/status
2025-09-12 20:04:48 [INFO]: [JWT][Verify][Success] Token verified for userId: 68ab4a7b46b46afd9f445e5d
2025-09-12 20:04:48 [INFO]: [Auth] Auth success for user 68ab4a7b46b46afd9f445e5d, role admin, from IP: ::1
2025-09-12 20:04:48 [INFO]: [AuthStatus][Checked] User: 68ab4a7b46b46afd9f445e5d
2025-09-12 20:04:48 [HTTP]: ::1 - - [12/Sep/2025:14:34:48 +0000] "GET /api/auth/status HTTP/1.1" 304 - "http://localhost:5173/" "Mozilla/5.0 (Windows NT 10.0; Win64; x64) AppleWebKit/537.36 (KHTML, like Gecko) Chrome/139.0.0.0 Safari/537.36"
2025-09-12 20:04:48 [INFO]: [Startup] Incoming request: GET /api/resume/getAll
2025-09-12 20:04:48 [INFO]: [JWT][Verify][Success] Token verified for userId: 68ab4a7b46b46afd9f445e5d
2025-09-12 20:04:48 [INFO]: [Auth] Auth success for user 68ab4a7b46b46afd9f445e5d, role admin, from IP: ::1
2025-09-12 20:04:48 [INFO]: [Resume][GetAll][Success] User: 68ab4a7b46b46afd9f445e5d fetched all resumes (6)
2025-09-12 20:04:48 [HTTP]: ::1 - - [12/Sep/2025:14:34:48 +0000] "GET /api/resume/getAll HTTP/1.1" 304 - "http://localhost:5173/" "Mozilla/5.0 (Windows NT 10.0; Win64; x64) AppleWebKit/537.36 (KHTML, like Gecko) Chrome/139.0.0.0 Safari/537.36"
2025-09-12 20:04:48 [INFO]: [Startup] Incoming request: GET /api/resume/getAll
2025-09-12 20:04:48 [INFO]: [JWT][Verify][Success] Token verified for userId: 68ab4a7b46b46afd9f445e5d
2025-09-12 20:04:48 [INFO]: [Auth] Auth success for user 68ab4a7b46b46afd9f445e5d, role admin, from IP: ::1
2025-09-12 20:04:48 [INFO]: [Resume][GetAll][Success] User: 68ab4a7b46b46afd9f445e5d fetched all resumes (6)
2025-09-12 20:04:48 [HTTP]: ::1 - - [12/Sep/2025:14:34:48 +0000] "GET /api/resume/getAll HTTP/1.1" 304 - "http://localhost:5173/" "Mozilla/5.0 (Windows NT 10.0; Win64; x64) AppleWebKit/537.36 (KHTML, like Gecko) Chrome/139.0.0.0 Safari/537.36"
2025-09-12 20:04:52 [INFO]: [Startup] Incoming request: GET /api/template/getAll
2025-09-12 20:04:52 [INFO]: [Template][GetAll][Success] Returned 2 templates
2025-09-12 20:04:52 [HTTP]: ::1 - - [12/Sep/2025:14:34:52 +0000] "GET /api/template/getAll HTTP/1.1" 304 - "http://localhost:5173/" "Mozilla/5.0 (Windows NT 10.0; Win64; x64) AppleWebKit/537.36 (KHTML, like Gecko) Chrome/139.0.0.0 Safari/537.36"
2025-09-12 20:04:52 [INFO]: [Startup] Incoming request: GET /api/template/getAll
2025-09-12 20:04:52 [INFO]: [Template][GetAll][Success] Returned 2 templates
2025-09-12 20:04:52 [HTTP]: ::1 - - [12/Sep/2025:14:34:52 +0000] "GET /api/template/getAll HTTP/1.1" 304 - "http://localhost:5173/" "Mozilla/5.0 (Windows NT 10.0; Win64; x64) AppleWebKit/537.36 (KHTML, like Gecko) Chrome/139.0.0.0 Safari/537.36"
2025-09-12 20:15:59 [INFO]: [Startup] Incoming request: GET /api/auth/status
2025-09-12 20:15:59 [INFO]: [JWT][Verify][Success] Token verified for userId: 68ab4a7b46b46afd9f445e5d
2025-09-12 20:15:59 [INFO]: [Auth] Auth success for user 68ab4a7b46b46afd9f445e5d, role admin, from IP: ::1
2025-09-12 20:15:59 [INFO]: [AuthStatus][Checked] User: 68ab4a7b46b46afd9f445e5d
2025-09-12 20:15:59 [HTTP]: ::1 - - [12/Sep/2025:14:45:59 +0000] "GET /api/auth/status HTTP/1.1" 304 - "http://localhost:5173/" "Mozilla/5.0 (Windows NT 10.0; Win64; x64) AppleWebKit/537.36 (KHTML, like Gecko) Chrome/139.0.0.0 Safari/537.36"
2025-09-12 20:15:59 [INFO]: [Startup] Incoming request: GET /api/auth/status
2025-09-12 20:15:59 [INFO]: [JWT][Verify][Success] Token verified for userId: 68ab4a7b46b46afd9f445e5d
2025-09-12 20:15:59 [INFO]: [Auth] Auth success for user 68ab4a7b46b46afd9f445e5d, role admin, from IP: ::1
2025-09-12 20:15:59 [INFO]: [AuthStatus][Checked] User: 68ab4a7b46b46afd9f445e5d
2025-09-12 20:15:59 [HTTP]: ::1 - - [12/Sep/2025:14:45:59 +0000] "GET /api/auth/status HTTP/1.1" 304 - "http://localhost:5173/" "Mozilla/5.0 (Windows NT 10.0; Win64; x64) AppleWebKit/537.36 (KHTML, like Gecko) Chrome/139.0.0.0 Safari/537.36"
2025-09-12 20:15:59 [INFO]: [Startup] Incoming request: GET /api/template/getAll
2025-09-12 20:15:59 [INFO]: [Template][GetAll][Success] Returned 2 templates
2025-09-12 20:15:59 [HTTP]: ::1 - - [12/Sep/2025:14:45:59 +0000] "GET /api/template/getAll HTTP/1.1" 304 - "http://localhost:5173/" "Mozilla/5.0 (Windows NT 10.0; Win64; x64) AppleWebKit/537.36 (KHTML, like Gecko) Chrome/139.0.0.0 Safari/537.36"
2025-09-12 20:18:09 [INFO]: [MongoDB][Connect][Success] Connected to database: mongodb://localhost:27017/careerforge-db
2025-09-12 20:18:09 [INFO]: [Server][Start][Success] Server is running on port 3000 [ENV: production]
