2025-09-08 14:25:56 [INFO]: [MongoDB][Connect][Success] Connected to database: mongodb://localhost:27017/careerforge-db
2025-09-08 14:25:57 [INFO]: [Server][Start][Success] Server is running on port 3000 [ENV: production]
2025-09-08 14:26:42 [INFO]: [Startup] Incoming request: GET /api/auth/status
2025-09-08 14:26:42 [WARN]: [Auth] Token missing from ::1 for /api/auth/status
2025-09-08 14:26:42 [ERROR]: Status: 401, Name: AUTHORIZATION TOKEN NOT FOUND, Message: Unable to find the authorization token in the cookie, URL: /api/auth/status, Method: GET, IP: ::1
2025-09-08 14:26:42 [ERROR]: Stack: AUTHORIZATION TOKEN NOT FOUND: Unable to find the authorization token in the cookie
    at userAuthorization (file:///E:/resume-v04/server/middleware/user-authorization.js:9:19)
    at Layer.handleRequest (E:\resume-v04\server\node_modules\router\lib\layer.js:152:17)
    at next (E:\resume-v04\server\node_modules\router\lib\route.js:157:13)
    at Route.dispatch (E:\resume-v04\server\node_modules\router\lib\route.js:117:3)
    at handle (E:\resume-v04\server\node_modules\router\index.js:435:11)
    at Layer.handleRequest (E:\resume-v04\server\node_modules\router\lib\layer.js:152:17)
    at E:\resume-v04\server\node_modules\router\index.js:295:15
    at processParams (E:\resume-v04\server\node_modules\router\index.js:582:12)
    at next (E:\resume-v04\server\node_modules\router\index.js:291:5)
    at Function.handle (E:\resume-v04\server\node_modules\router\index.js:186:3)
2025-09-08 14:26:42 [HTTP]: ::1 - - [08/Sep/2025:08:56:42 +0000] "GET /api/auth/status HTTP/1.1" 401 121 "http://localhost:5173/" "Mozilla/5.0 (Windows NT 10.0; Win64; x64) AppleWebKit/537.36 (KHTML, like Gecko) Chrome/139.0.0.0 Safari/537.36"
2025-09-08 14:26:42 [INFO]: [Startup] Incoming request: GET /api/auth/status
2025-09-08 14:26:42 [WARN]: [Auth] Token missing from ::1 for /api/auth/status
2025-09-08 14:26:42 [ERROR]: Status: 401, Name: AUTHORIZATION TOKEN NOT FOUND, Message: Unable to find the authorization token in the cookie, URL: /api/auth/status, Method: GET, IP: ::1
2025-09-08 14:26:42 [ERROR]: Stack: AUTHORIZATION TOKEN NOT FOUND: Unable to find the authorization token in the cookie
    at userAuthorization (file:///E:/resume-v04/server/middleware/user-authorization.js:9:19)
    at Layer.handleRequest (E:\resume-v04\server\node_modules\router\lib\layer.js:152:17)
    at next (E:\resume-v04\server\node_modules\router\lib\route.js:157:13)
    at Route.dispatch (E:\resume-v04\server\node_modules\router\lib\route.js:117:3)
    at handle (E:\resume-v04\server\node_modules\router\index.js:435:11)
    at Layer.handleRequest (E:\resume-v04\server\node_modules\router\lib\layer.js:152:17)
    at E:\resume-v04\server\node_modules\router\index.js:295:15
    at processParams (E:\resume-v04\server\node_modules\router\index.js:582:12)
    at next (E:\resume-v04\server\node_modules\router\index.js:291:5)
    at Function.handle (E:\resume-v04\server\node_modules\router\index.js:186:3)
2025-09-08 14:26:42 [HTTP]: ::1 - - [08/Sep/2025:08:56:42 +0000] "GET /api/auth/status HTTP/1.1" 401 121 "http://localhost:5173/" "Mozilla/5.0 (Windows NT 10.0; Win64; x64) AppleWebKit/537.36 (KHTML, like Gecko) Chrome/139.0.0.0 Safari/537.36"
2025-09-08 20:27:12 [INFO]: [MongoDB][Connect][Success] Connected to database: mongodb://localhost:27017/careerforge-db
2025-09-08 20:27:12 [INFO]: [Server][Start][Success] Server is running on port 3000 [ENV: production]
