2025-09-14 08:55:29 [ERROR]: Status: 401, Name: AUTHORIZATION TOKEN NOT FOUND, Message: Unable to find the authorization token in the cookie, URL: /api/auth/status, Method: GET, IP: ::1
2025-09-14 08:55:29 [ERROR]: Stack: AUTHORIZATION TOKEN NOT FOUND: Unable to find the authorization token in the cookie
    at userAuthorization (file:///E:/resume-v05/server/middleware/user-authorization.js:9:19)
    at Layer.handleRequest (E:\resume-v05\server\node_modules\router\lib\layer.js:152:17)
    at next (E:\resume-v05\server\node_modules\router\lib\route.js:157:13)
    at Route.dispatch (E:\resume-v05\server\node_modules\router\lib\route.js:117:3)
    at handle (E:\resume-v05\server\node_modules\router\index.js:435:11)
    at Layer.handleRequest (E:\resume-v05\server\node_modules\router\lib\layer.js:152:17)
    at E:\resume-v05\server\node_modules\router\index.js:295:15
    at processParams (E:\resume-v05\server\node_modules\router\index.js:582:12)
    at next (E:\resume-v05\server\node_modules\router\index.js:291:5)
    at Function.handle (E:\resume-v05\server\node_modules\router\index.js:186:3)
2025-09-14 08:55:29 [ERROR]: Status: 401, Name: AUTHORIZATION TOKEN NOT FOUND, Message: Unable to find the authorization token in the cookie, URL: /api/auth/status, Method: GET, IP: ::1
2025-09-14 08:55:29 [ERROR]: Stack: AUTHORIZATION TOKEN NOT FOUND: Unable to find the authorization token in the cookie
    at userAuthorization (file:///E:/resume-v05/server/middleware/user-authorization.js:9:19)
    at Layer.handleRequest (E:\resume-v05\server\node_modules\router\lib\layer.js:152:17)
    at next (E:\resume-v05\server\node_modules\router\lib\route.js:157:13)
    at Route.dispatch (E:\resume-v05\server\node_modules\router\lib\route.js:117:3)
    at handle (E:\resume-v05\server\node_modules\router\index.js:435:11)
    at Layer.handleRequest (E:\resume-v05\server\node_modules\router\lib\layer.js:152:17)
    at E:\resume-v05\server\node_modules\router\index.js:295:15
    at processParams (E:\resume-v05\server\node_modules\router\index.js:582:12)
    at next (E:\resume-v05\server\node_modules\router\index.js:291:5)
    at Function.handle (E:\resume-v05\server\node_modules\router\index.js:186:3)
2025-09-14 09:36:14 [ERROR]: Status: 401, Name: AUTHORIZATION TOKEN NOT FOUND, Message: Unable to find the authorization token in the cookie, URL: /api/auth/status, Method: GET, IP: ::1
2025-09-14 09:36:14 [ERROR]: Stack: AUTHORIZATION TOKEN NOT FOUND: Unable to find the authorization token in the cookie
    at userAuthorization (file:///E:/resume-v05/server/middleware/user-authorization.js:9:19)
    at Layer.handleRequest (E:\resume-v05\server\node_modules\router\lib\layer.js:152:17)
    at next (E:\resume-v05\server\node_modules\router\lib\route.js:157:13)
    at Route.dispatch (E:\resume-v05\server\node_modules\router\lib\route.js:117:3)
    at handle (E:\resume-v05\server\node_modules\router\index.js:435:11)
    at Layer.handleRequest (E:\resume-v05\server\node_modules\router\lib\layer.js:152:17)
    at E:\resume-v05\server\node_modules\router\index.js:295:15
    at processParams (E:\resume-v05\server\node_modules\router\index.js:582:12)
    at next (E:\resume-v05\server\node_modules\router\index.js:291:5)
    at Function.handle (E:\resume-v05\server\node_modules\router\index.js:186:3)
2025-09-14 09:36:14 [ERROR]: Status: 401, Name: AUTHORIZATION TOKEN NOT FOUND, Message: Unable to find the authorization token in the cookie, URL: /api/auth/status, Method: GET, IP: ::1
2025-09-14 09:36:14 [ERROR]: Stack: AUTHORIZATION TOKEN NOT FOUND: Unable to find the authorization token in the cookie
    at userAuthorization (file:///E:/resume-v05/server/middleware/user-authorization.js:9:19)
    at Layer.handleRequest (E:\resume-v05\server\node_modules\router\lib\layer.js:152:17)
    at next (E:\resume-v05\server\node_modules\router\lib\route.js:157:13)
    at Route.dispatch (E:\resume-v05\server\node_modules\router\lib\route.js:117:3)
    at handle (E:\resume-v05\server\node_modules\router\index.js:435:11)
    at Layer.handleRequest (E:\resume-v05\server\node_modules\router\lib\layer.js:152:17)
    at E:\resume-v05\server\node_modules\router\index.js:295:15
    at processParams (E:\resume-v05\server\node_modules\router\index.js:582:12)
    at next (E:\resume-v05\server\node_modules\router\index.js:291:5)
    at Function.handle (E:\resume-v05\server\node_modules\router\index.js:186:3)
2025-09-14 09:40:27 [ERROR]: Status: 401, Name: AUTHORIZATION TOKEN NOT FOUND, Message: Unable to find the authorization token in the cookie, URL: /api/auth/status, Method: GET, IP: ::1
2025-09-14 09:40:27 [ERROR]: Stack: AUTHORIZATION TOKEN NOT FOUND: Unable to find the authorization token in the cookie
    at userAuthorization (file:///E:/resume-v05/server/middleware/user-authorization.js:9:19)
    at Layer.handleRequest (E:\resume-v05\server\node_modules\router\lib\layer.js:152:17)
    at next (E:\resume-v05\server\node_modules\router\lib\route.js:157:13)
    at Route.dispatch (E:\resume-v05\server\node_modules\router\lib\route.js:117:3)
    at handle (E:\resume-v05\server\node_modules\router\index.js:435:11)
    at Layer.handleRequest (E:\resume-v05\server\node_modules\router\lib\layer.js:152:17)
    at E:\resume-v05\server\node_modules\router\index.js:295:15
    at processParams (E:\resume-v05\server\node_modules\router\index.js:582:12)
    at next (E:\resume-v05\server\node_modules\router\index.js:291:5)
    at Function.handle (E:\resume-v05\server\node_modules\router\index.js:186:3)
2025-09-14 09:40:27 [ERROR]: Status: 401, Name: AUTHORIZATION TOKEN NOT FOUND, Message: Unable to find the authorization token in the cookie, URL: /api/auth/status, Method: GET, IP: ::1
2025-09-14 09:40:27 [ERROR]: Stack: AUTHORIZATION TOKEN NOT FOUND: Unable to find the authorization token in the cookie
    at userAuthorization (file:///E:/resume-v05/server/middleware/user-authorization.js:9:19)
    at Layer.handleRequest (E:\resume-v05\server\node_modules\router\lib\layer.js:152:17)
    at next (E:\resume-v05\server\node_modules\router\lib\route.js:157:13)
    at Route.dispatch (E:\resume-v05\server\node_modules\router\lib\route.js:117:3)
    at handle (E:\resume-v05\server\node_modules\router\index.js:435:11)
    at Layer.handleRequest (E:\resume-v05\server\node_modules\router\lib\layer.js:152:17)
    at E:\resume-v05\server\node_modules\router\index.js:295:15
    at processParams (E:\resume-v05\server\node_modules\router\index.js:582:12)
    at next (E:\resume-v05\server\node_modules\router\index.js:291:5)
    at Function.handle (E:\resume-v05\server\node_modules\router\index.js:186:3)
2025-09-14 10:01:43 [ERROR]: Status: 401, Name: AUTHORIZATION TOKEN NOT FOUND, Message: Unable to find the authorization token in the cookie, URL: /api/auth/status, Method: GET, IP: ::1
2025-09-14 10:01:43 [ERROR]: Stack: AUTHORIZATION TOKEN NOT FOUND: Unable to find the authorization token in the cookie
    at userAuthorization (file:///E:/resume-v05/server/middleware/user-authorization.js:9:19)
    at Layer.handleRequest (E:\resume-v05\server\node_modules\router\lib\layer.js:152:17)
    at next (E:\resume-v05\server\node_modules\router\lib\route.js:157:13)
    at Route.dispatch (E:\resume-v05\server\node_modules\router\lib\route.js:117:3)
    at handle (E:\resume-v05\server\node_modules\router\index.js:435:11)
    at Layer.handleRequest (E:\resume-v05\server\node_modules\router\lib\layer.js:152:17)
    at E:\resume-v05\server\node_modules\router\index.js:295:15
    at processParams (E:\resume-v05\server\node_modules\router\index.js:582:12)
    at next (E:\resume-v05\server\node_modules\router\index.js:291:5)
    at Function.handle (E:\resume-v05\server\node_modules\router\index.js:186:3)
2025-09-14 10:01:43 [ERROR]: Status: 401, Name: AUTHORIZATION TOKEN NOT FOUND, Message: Unable to find the authorization token in the cookie, URL: /api/auth/status, Method: GET, IP: ::1
2025-09-14 10:01:43 [ERROR]: Stack: AUTHORIZATION TOKEN NOT FOUND: Unable to find the authorization token in the cookie
    at userAuthorization (file:///E:/resume-v05/server/middleware/user-authorization.js:9:19)
    at Layer.handleRequest (E:\resume-v05\server\node_modules\router\lib\layer.js:152:17)
    at next (E:\resume-v05\server\node_modules\router\lib\route.js:157:13)
    at Route.dispatch (E:\resume-v05\server\node_modules\router\lib\route.js:117:3)
    at handle (E:\resume-v05\server\node_modules\router\index.js:435:11)
    at Layer.handleRequest (E:\resume-v05\server\node_modules\router\lib\layer.js:152:17)
    at E:\resume-v05\server\node_modules\router\index.js:295:15
    at processParams (E:\resume-v05\server\node_modules\router\index.js:582:12)
    at next (E:\resume-v05\server\node_modules\router\index.js:291:5)
    at Function.handle (E:\resume-v05\server\node_modules\router\index.js:186:3)
2025-09-14 10:06:56 [ERROR]: Status: 401, Name: AUTHORIZATION TOKEN NOT FOUND, Message: Unable to find the authorization token in the cookie, URL: /api/auth/status, Method: GET, IP: ::1
2025-09-14 10:06:56 [ERROR]: Stack: AUTHORIZATION TOKEN NOT FOUND: Unable to find the authorization token in the cookie
    at userAuthorization (file:///E:/resume-v05/server/middleware/user-authorization.js:9:19)
    at Layer.handleRequest (E:\resume-v05\server\node_modules\router\lib\layer.js:152:17)
    at next (E:\resume-v05\server\node_modules\router\lib\route.js:157:13)
    at Route.dispatch (E:\resume-v05\server\node_modules\router\lib\route.js:117:3)
    at handle (E:\resume-v05\server\node_modules\router\index.js:435:11)
    at Layer.handleRequest (E:\resume-v05\server\node_modules\router\lib\layer.js:152:17)
    at E:\resume-v05\server\node_modules\router\index.js:295:15
    at processParams (E:\resume-v05\server\node_modules\router\index.js:582:12)
    at next (E:\resume-v05\server\node_modules\router\index.js:291:5)
    at Function.handle (E:\resume-v05\server\node_modules\router\index.js:186:3)
2025-09-14 10:06:56 [ERROR]: Status: 401, Name: AUTHORIZATION TOKEN NOT FOUND, Message: Unable to find the authorization token in the cookie, URL: /api/auth/status, Method: GET, IP: ::1
2025-09-14 10:06:56 [ERROR]: Stack: AUTHORIZATION TOKEN NOT FOUND: Unable to find the authorization token in the cookie
    at userAuthorization (file:///E:/resume-v05/server/middleware/user-authorization.js:9:19)
    at Layer.handleRequest (E:\resume-v05\server\node_modules\router\lib\layer.js:152:17)
    at next (E:\resume-v05\server\node_modules\router\lib\route.js:157:13)
    at Route.dispatch (E:\resume-v05\server\node_modules\router\lib\route.js:117:3)
    at handle (E:\resume-v05\server\node_modules\router\index.js:435:11)
    at Layer.handleRequest (E:\resume-v05\server\node_modules\router\lib\layer.js:152:17)
    at E:\resume-v05\server\node_modules\router\index.js:295:15
    at processParams (E:\resume-v05\server\node_modules\router\index.js:582:12)
    at next (E:\resume-v05\server\node_modules\router\index.js:291:5)
    at Function.handle (E:\resume-v05\server\node_modules\router\index.js:186:3)
2025-09-14 10:11:08 [ERROR]: Status: 401, Name: AUTH_FAILED, Message: Invalid email or password, URL: /api/auth/signin, Method: POST, IP: ::1
2025-09-14 10:11:08 [ERROR]: Stack: AUTH_FAILED: Invalid email or password
    at userSignIn (file:///E:/resume-v05/server/controller/auth-controller.js:76:20)
    at process.processTicksAndRejections (node:internal/process/task_queues:105:5)
2025-09-14 10:11:11 [ERROR]: Status: 401, Name: AUTH_FAILED, Message: Invalid email or password, URL: /api/auth/signin, Method: POST, IP: ::1
2025-09-14 10:11:11 [ERROR]: Stack: AUTH_FAILED: Invalid email or password
    at userSignIn (file:///E:/resume-v05/server/controller/auth-controller.js:76:20)
    at process.processTicksAndRejections (node:internal/process/task_queues:105:5)
2025-09-14 10:11:12 [ERROR]: Status: 401, Name: AUTH_FAILED, Message: Invalid email or password, URL: /api/auth/signin, Method: POST, IP: ::1
2025-09-14 10:11:12 [ERROR]: Stack: AUTH_FAILED: Invalid email or password
    at userSignIn (file:///E:/resume-v05/server/controller/auth-controller.js:76:20)
    at process.processTicksAndRejections (node:internal/process/task_queues:105:5)
2025-09-14 10:11:13 [ERROR]: Status: 401, Name: AUTH_FAILED, Message: Invalid email or password, URL: /api/auth/signin, Method: POST, IP: ::1
2025-09-14 10:11:13 [ERROR]: Stack: AUTH_FAILED: Invalid email or password
    at userSignIn (file:///E:/resume-v05/server/controller/auth-controller.js:76:20)
    at process.processTicksAndRejections (node:internal/process/task_queues:105:5)
2025-09-14 10:11:13 [ERROR]: Status: 401, Name: AUTH_FAILED, Message: Invalid email or password, URL: /api/auth/signin, Method: POST, IP: ::1
2025-09-14 10:11:13 [ERROR]: Stack: AUTH_FAILED: Invalid email or password
    at userSignIn (file:///E:/resume-v05/server/controller/auth-controller.js:76:20)
    at process.processTicksAndRejections (node:internal/process/task_queues:105:5)
2025-09-14 10:11:14 [ERROR]: Status: 401, Name: AUTH_FAILED, Message: Invalid email or password, URL: /api/auth/signin, Method: POST, IP: ::1
2025-09-14 10:11:14 [ERROR]: Stack: AUTH_FAILED: Invalid email or password
    at userSignIn (file:///E:/resume-v05/server/controller/auth-controller.js:76:20)
    at process.processTicksAndRejections (node:internal/process/task_queues:105:5)
2025-09-14 10:11:14 [ERROR]: Status: 401, Name: AUTH_FAILED, Message: Invalid email or password, URL: /api/auth/signin, Method: POST, IP: ::1
2025-09-14 10:11:14 [ERROR]: Stack: AUTH_FAILED: Invalid email or password
    at userSignIn (file:///E:/resume-v05/server/controller/auth-controller.js:76:20)
    at process.processTicksAndRejections (node:internal/process/task_queues:105:5)
2025-09-14 10:11:14 [ERROR]: Status: 401, Name: AUTH_FAILED, Message: Invalid email or password, URL: /api/auth/signin, Method: POST, IP: ::1
2025-09-14 10:11:14 [ERROR]: Stack: AUTH_FAILED: Invalid email or password
    at userSignIn (file:///E:/resume-v05/server/controller/auth-controller.js:76:20)
    at process.processTicksAndRejections (node:internal/process/task_queues:105:5)
2025-09-14 10:11:14 [ERROR]: Status: 401, Name: AUTH_FAILED, Message: Invalid email or password, URL: /api/auth/signin, Method: POST, IP: ::1
2025-09-14 10:11:14 [ERROR]: Stack: AUTH_FAILED: Invalid email or password
    at userSignIn (file:///E:/resume-v05/server/controller/auth-controller.js:76:20)
    at process.processTicksAndRejections (node:internal/process/task_queues:105:5)
2025-09-14 10:12:06 [ERROR]: Status: 401, Name: AUTHORIZATION TOKEN NOT FOUND, Message: Unable to find the authorization token in the cookie, URL: /api/auth/status, Method: GET, IP: ::1
2025-09-14 10:12:06 [ERROR]: Stack: AUTHORIZATION TOKEN NOT FOUND: Unable to find the authorization token in the cookie
    at userAuthorization (file:///E:/resume-v05/server/middleware/user-authorization.js:9:19)
    at Layer.handleRequest (E:\resume-v05\server\node_modules\router\lib\layer.js:152:17)
    at next (E:\resume-v05\server\node_modules\router\lib\route.js:157:13)
    at Route.dispatch (E:\resume-v05\server\node_modules\router\lib\route.js:117:3)
    at handle (E:\resume-v05\server\node_modules\router\index.js:435:11)
    at Layer.handleRequest (E:\resume-v05\server\node_modules\router\lib\layer.js:152:17)
    at E:\resume-v05\server\node_modules\router\index.js:295:15
    at processParams (E:\resume-v05\server\node_modules\router\index.js:582:12)
    at next (E:\resume-v05\server\node_modules\router\index.js:291:5)
    at Function.handle (E:\resume-v05\server\node_modules\router\index.js:186:3)
2025-09-14 10:12:06 [ERROR]: Status: 401, Name: AUTHORIZATION TOKEN NOT FOUND, Message: Unable to find the authorization token in the cookie, URL: /api/auth/status, Method: GET, IP: ::1
2025-09-14 10:12:06 [ERROR]: Stack: AUTHORIZATION TOKEN NOT FOUND: Unable to find the authorization token in the cookie
    at userAuthorization (file:///E:/resume-v05/server/middleware/user-authorization.js:9:19)
    at Layer.handleRequest (E:\resume-v05\server\node_modules\router\lib\layer.js:152:17)
    at next (E:\resume-v05\server\node_modules\router\lib\route.js:157:13)
    at Route.dispatch (E:\resume-v05\server\node_modules\router\lib\route.js:117:3)
    at handle (E:\resume-v05\server\node_modules\router\index.js:435:11)
    at Layer.handleRequest (E:\resume-v05\server\node_modules\router\lib\layer.js:152:17)
    at E:\resume-v05\server\node_modules\router\index.js:295:15
    at processParams (E:\resume-v05\server\node_modules\router\index.js:582:12)
    at next (E:\resume-v05\server\node_modules\router\index.js:291:5)
    at Function.handle (E:\resume-v05\server\node_modules\router\index.js:186:3)
2025-09-14 10:13:07 [ERROR]: Status: 409, Name: USER ALREADY EXISTS, Message: An account with this email address already exists., URL: /api/auth/signup, Method: POST, IP: ::1
2025-09-14 10:13:07 [ERROR]: Stack: USER ALREADY EXISTS: An account with this email address already exists.
    at userSignUp (file:///E:/resume-v05/server/controller/auth-controller.js:18:19)
    at process.processTicksAndRejections (node:internal/process/task_queues:105:5)
2025-09-14 10:13:09 [ERROR]: Status: 409, Name: USER ALREADY EXISTS, Message: An account with this email address already exists., URL: /api/auth/signup, Method: POST, IP: ::1
2025-09-14 10:13:09 [ERROR]: Stack: USER ALREADY EXISTS: An account with this email address already exists.
    at userSignUp (file:///E:/resume-v05/server/controller/auth-controller.js:18:19)
    at process.processTicksAndRejections (node:internal/process/task_queues:105:5)
2025-09-14 10:13:09 [ERROR]: Status: 409, Name: USER ALREADY EXISTS, Message: An account with this email address already exists., URL: /api/auth/signup, Method: POST, IP: ::1
2025-09-14 10:13:09 [ERROR]: Stack: USER ALREADY EXISTS: An account with this email address already exists.
    at userSignUp (file:///E:/resume-v05/server/controller/auth-controller.js:18:19)
    at process.processTicksAndRejections (node:internal/process/task_queues:105:5)
2025-09-14 10:13:09 [ERROR]: Status: 409, Name: USER ALREADY EXISTS, Message: An account with this email address already exists., URL: /api/auth/signup, Method: POST, IP: ::1
2025-09-14 10:13:09 [ERROR]: Stack: USER ALREADY EXISTS: An account with this email address already exists.
    at userSignUp (file:///E:/resume-v05/server/controller/auth-controller.js:18:19)
    at process.processTicksAndRejections (node:internal/process/task_queues:105:5)
2025-09-14 10:14:00 [ERROR]: Status: 401, Name: AUTHORIZATION TOKEN NOT FOUND, Message: Unable to find the authorization token in the cookie, URL: /api/auth/status, Method: GET, IP: ::1
2025-09-14 10:14:00 [ERROR]: Stack: AUTHORIZATION TOKEN NOT FOUND: Unable to find the authorization token in the cookie
    at userAuthorization (file:///E:/resume-v05/server/middleware/user-authorization.js:9:19)
    at Layer.handleRequest (E:\resume-v05\server\node_modules\router\lib\layer.js:152:17)
    at next (E:\resume-v05\server\node_modules\router\lib\route.js:157:13)
    at Route.dispatch (E:\resume-v05\server\node_modules\router\lib\route.js:117:3)
    at handle (E:\resume-v05\server\node_modules\router\index.js:435:11)
    at Layer.handleRequest (E:\resume-v05\server\node_modules\router\lib\layer.js:152:17)
    at E:\resume-v05\server\node_modules\router\index.js:295:15
    at processParams (E:\resume-v05\server\node_modules\router\index.js:582:12)
    at next (E:\resume-v05\server\node_modules\router\index.js:291:5)
    at Function.handle (E:\resume-v05\server\node_modules\router\index.js:186:3)
2025-09-14 10:14:01 [ERROR]: Status: 401, Name: AUTHORIZATION TOKEN NOT FOUND, Message: Unable to find the authorization token in the cookie, URL: /api/auth/status, Method: GET, IP: ::1
2025-09-14 10:14:01 [ERROR]: Stack: AUTHORIZATION TOKEN NOT FOUND: Unable to find the authorization token in the cookie
    at userAuthorization (file:///E:/resume-v05/server/middleware/user-authorization.js:9:19)
    at Layer.handleRequest (E:\resume-v05\server\node_modules\router\lib\layer.js:152:17)
    at next (E:\resume-v05\server\node_modules\router\lib\route.js:157:13)
    at Route.dispatch (E:\resume-v05\server\node_modules\router\lib\route.js:117:3)
    at handle (E:\resume-v05\server\node_modules\router\index.js:435:11)
    at Layer.handleRequest (E:\resume-v05\server\node_modules\router\lib\layer.js:152:17)
    at E:\resume-v05\server\node_modules\router\index.js:295:15
    at processParams (E:\resume-v05\server\node_modules\router\index.js:582:12)
    at next (E:\resume-v05\server\node_modules\router\index.js:291:5)
    at Function.handle (E:\resume-v05\server\node_modules\router\index.js:186:3)
2025-09-14 10:21:27 [ERROR]: Status: 401, Name: AUTHORIZATION TOKEN NOT FOUND, Message: Unable to find the authorization token in the cookie, URL: /api/auth/status, Method: GET, IP: ::1
2025-09-14 10:21:27 [ERROR]: Stack: AUTHORIZATION TOKEN NOT FOUND: Unable to find the authorization token in the cookie
    at userAuthorization (file:///E:/resume-v05/server/middleware/user-authorization.js:9:19)
    at Layer.handleRequest (E:\resume-v05\server\node_modules\router\lib\layer.js:152:17)
    at next (E:\resume-v05\server\node_modules\router\lib\route.js:157:13)
    at Route.dispatch (E:\resume-v05\server\node_modules\router\lib\route.js:117:3)
    at handle (E:\resume-v05\server\node_modules\router\index.js:435:11)
    at Layer.handleRequest (E:\resume-v05\server\node_modules\router\lib\layer.js:152:17)
    at E:\resume-v05\server\node_modules\router\index.js:295:15
    at processParams (E:\resume-v05\server\node_modules\router\index.js:582:12)
    at next (E:\resume-v05\server\node_modules\router\index.js:291:5)
    at Function.handle (E:\resume-v05\server\node_modules\router\index.js:186:3)
2025-09-14 10:21:27 [ERROR]: Status: 401, Name: AUTHORIZATION TOKEN NOT FOUND, Message: Unable to find the authorization token in the cookie, URL: /api/auth/status, Method: GET, IP: ::1
2025-09-14 10:21:27 [ERROR]: Stack: AUTHORIZATION TOKEN NOT FOUND: Unable to find the authorization token in the cookie
    at userAuthorization (file:///E:/resume-v05/server/middleware/user-authorization.js:9:19)
    at Layer.handleRequest (E:\resume-v05\server\node_modules\router\lib\layer.js:152:17)
    at next (E:\resume-v05\server\node_modules\router\lib\route.js:157:13)
    at Route.dispatch (E:\resume-v05\server\node_modules\router\lib\route.js:117:3)
    at handle (E:\resume-v05\server\node_modules\router\index.js:435:11)
    at Layer.handleRequest (E:\resume-v05\server\node_modules\router\lib\layer.js:152:17)
    at E:\resume-v05\server\node_modules\router\index.js:295:15
    at processParams (E:\resume-v05\server\node_modules\router\index.js:582:12)
    at next (E:\resume-v05\server\node_modules\router\index.js:291:5)
    at Function.handle (E:\resume-v05\server\node_modules\router\index.js:186:3)
2025-09-14 10:22:39 [ERROR]: Status: 409, Name: USER ALREADY EXISTS, Message: An account with this email address already exists., URL: /api/auth/signup, Method: POST, IP: ::1
2025-09-14 10:22:39 [ERROR]: Stack: USER ALREADY EXISTS: An account with this email address already exists.
    at userSignUp (file:///E:/resume-v05/server/controller/auth-controller.js:18:19)
    at process.processTicksAndRejections (node:internal/process/task_queues:105:5)
2025-09-14 10:22:44 [ERROR]: Status: 409, Name: USER ALREADY EXISTS, Message: An account with this email address already exists., URL: /api/auth/signup, Method: POST, IP: ::1
2025-09-14 10:22:44 [ERROR]: Stack: USER ALREADY EXISTS: An account with this email address already exists.
    at userSignUp (file:///E:/resume-v05/server/controller/auth-controller.js:18:19)
    at process.processTicksAndRejections (node:internal/process/task_queues:105:5)
2025-09-14 10:22:44 [ERROR]: Status: 409, Name: USER ALREADY EXISTS, Message: An account with this email address already exists., URL: /api/auth/signup, Method: POST, IP: ::1
2025-09-14 10:22:44 [ERROR]: Stack: USER ALREADY EXISTS: An account with this email address already exists.
    at userSignUp (file:///E:/resume-v05/server/controller/auth-controller.js:18:19)
    at process.processTicksAndRejections (node:internal/process/task_queues:105:5)
2025-09-14 10:22:45 [ERROR]: Status: 409, Name: USER ALREADY EXISTS, Message: An account with this email address already exists., URL: /api/auth/signup, Method: POST, IP: ::1
2025-09-14 10:22:45 [ERROR]: Stack: USER ALREADY EXISTS: An account with this email address already exists.
    at userSignUp (file:///E:/resume-v05/server/controller/auth-controller.js:18:19)
    at process.processTicksAndRejections (node:internal/process/task_queues:105:5)
2025-09-14 10:22:46 [ERROR]: Status: 409, Name: USER ALREADY EXISTS, Message: An account with this email address already exists., URL: /api/auth/signup, Method: POST, IP: ::1
2025-09-14 10:22:46 [ERROR]: Stack: USER ALREADY EXISTS: An account with this email address already exists.
    at userSignUp (file:///E:/resume-v05/server/controller/auth-controller.js:18:19)
    at process.processTicksAndRejections (node:internal/process/task_queues:105:5)
2025-09-14 10:23:32 [ERROR]: Status: 401, Name: AUTHORIZATION TOKEN NOT FOUND, Message: Unable to find the authorization token in the cookie, URL: /api/auth/status, Method: GET, IP: ::1
2025-09-14 10:23:32 [ERROR]: Stack: AUTHORIZATION TOKEN NOT FOUND: Unable to find the authorization token in the cookie
    at userAuthorization (file:///E:/resume-v05/server/middleware/user-authorization.js:9:19)
    at Layer.handleRequest (E:\resume-v05\server\node_modules\router\lib\layer.js:152:17)
    at next (E:\resume-v05\server\node_modules\router\lib\route.js:157:13)
    at Route.dispatch (E:\resume-v05\server\node_modules\router\lib\route.js:117:3)
    at handle (E:\resume-v05\server\node_modules\router\index.js:435:11)
    at Layer.handleRequest (E:\resume-v05\server\node_modules\router\lib\layer.js:152:17)
    at E:\resume-v05\server\node_modules\router\index.js:295:15
    at processParams (E:\resume-v05\server\node_modules\router\index.js:582:12)
    at next (E:\resume-v05\server\node_modules\router\index.js:291:5)
    at Function.handle (E:\resume-v05\server\node_modules\router\index.js:186:3)
2025-09-14 10:52:44 [ERROR]: Status: 401, Name: AUTHORIZATION TOKEN NOT FOUND, Message: Unable to find the authorization token in the cookie, URL: /api/auth/status, Method: GET, IP: ::1
2025-09-14 10:52:44 [ERROR]: Stack: AUTHORIZATION TOKEN NOT FOUND: Unable to find the authorization token in the cookie
    at userAuthorization (file:///E:/resume-v05/server/middleware/user-authorization.js:9:19)
    at Layer.handleRequest (E:\resume-v05\server\node_modules\router\lib\layer.js:152:17)
    at next (E:\resume-v05\server\node_modules\router\lib\route.js:157:13)
    at Route.dispatch (E:\resume-v05\server\node_modules\router\lib\route.js:117:3)
    at handle (E:\resume-v05\server\node_modules\router\index.js:435:11)
    at Layer.handleRequest (E:\resume-v05\server\node_modules\router\lib\layer.js:152:17)
    at E:\resume-v05\server\node_modules\router\index.js:295:15
    at processParams (E:\resume-v05\server\node_modules\router\index.js:582:12)
    at next (E:\resume-v05\server\node_modules\router\index.js:291:5)
    at Function.handle (E:\resume-v05\server\node_modules\router\index.js:186:3)
2025-09-14 10:52:44 [ERROR]: Status: 401, Name: AUTHORIZATION TOKEN NOT FOUND, Message: Unable to find the authorization token in the cookie, URL: /api/auth/status, Method: GET, IP: ::1
2025-09-14 10:52:44 [ERROR]: Stack: AUTHORIZATION TOKEN NOT FOUND: Unable to find the authorization token in the cookie
    at userAuthorization (file:///E:/resume-v05/server/middleware/user-authorization.js:9:19)
    at Layer.handleRequest (E:\resume-v05\server\node_modules\router\lib\layer.js:152:17)
    at next (E:\resume-v05\server\node_modules\router\lib\route.js:157:13)
    at Route.dispatch (E:\resume-v05\server\node_modules\router\lib\route.js:117:3)
    at handle (E:\resume-v05\server\node_modules\router\index.js:435:11)
    at Layer.handleRequest (E:\resume-v05\server\node_modules\router\lib\layer.js:152:17)
    at E:\resume-v05\server\node_modules\router\index.js:295:15
    at processParams (E:\resume-v05\server\node_modules\router\index.js:582:12)
    at next (E:\resume-v05\server\node_modules\router\index.js:291:5)
    at Function.handle (E:\resume-v05\server\node_modules\router\index.js:186:3)
2025-09-14 10:53:18 [ERROR]: Status: 400, Name: VALIDATION_ERROR, Message: [object Object], URL: /api/auth/signin, Method: POST, IP: ::1
2025-09-14 10:53:18 [ERROR]: Stack: VALIDATION_ERROR: [object Object]
    at userSignInValidation (file:///E:/resume-v05/server/validators/auth-validators.js:120:17)
    at Layer.handleRequest (E:\resume-v05\server\node_modules\router\lib\layer.js:152:17)
    at next (E:\resume-v05\server\node_modules\router\lib\route.js:157:13)
    at middleware (E:\resume-v05\server\node_modules\express-validator\lib\middlewares\check.js:16:13)
    at process.processTicksAndRejections (node:internal/process/task_queues:105:5)
2025-09-14 10:53:21 [ERROR]: Status: 400, Name: VALIDATION_ERROR, Message: [object Object], URL: /api/auth/signin, Method: POST, IP: ::1
2025-09-14 10:53:21 [ERROR]: Stack: VALIDATION_ERROR: [object Object]
    at userSignInValidation (file:///E:/resume-v05/server/validators/auth-validators.js:120:17)
    at Layer.handleRequest (E:\resume-v05\server\node_modules\router\lib\layer.js:152:17)
    at next (E:\resume-v05\server\node_modules\router\lib\route.js:157:13)
    at middleware (E:\resume-v05\server\node_modules\express-validator\lib\middlewares\check.js:16:13)
    at process.processTicksAndRejections (node:internal/process/task_queues:105:5)
2025-09-14 10:53:21 [ERROR]: Status: 400, Name: VALIDATION_ERROR, Message: [object Object], URL: /api/auth/signin, Method: POST, IP: ::1
2025-09-14 10:53:21 [ERROR]: Stack: VALIDATION_ERROR: [object Object]
    at userSignInValidation (file:///E:/resume-v05/server/validators/auth-validators.js:120:17)
    at Layer.handleRequest (E:\resume-v05\server\node_modules\router\lib\layer.js:152:17)
    at next (E:\resume-v05\server\node_modules\router\lib\route.js:157:13)
    at middleware (E:\resume-v05\server\node_modules\express-validator\lib\middlewares\check.js:16:13)
    at process.processTicksAndRejections (node:internal/process/task_queues:105:5)
2025-09-14 10:53:21 [ERROR]: Status: 400, Name: VALIDATION_ERROR, Message: [object Object], URL: /api/auth/signin, Method: POST, IP: ::1
2025-09-14 10:53:21 [ERROR]: Stack: VALIDATION_ERROR: [object Object]
    at userSignInValidation (file:///E:/resume-v05/server/validators/auth-validators.js:120:17)
    at Layer.handleRequest (E:\resume-v05\server\node_modules\router\lib\layer.js:152:17)
    at next (E:\resume-v05\server\node_modules\router\lib\route.js:157:13)
    at middleware (E:\resume-v05\server\node_modules\express-validator\lib\middlewares\check.js:16:13)
    at process.processTicksAndRejections (node:internal/process/task_queues:105:5)
2025-09-14 10:53:22 [ERROR]: Status: 400, Name: VALIDATION_ERROR, Message: [object Object], URL: /api/auth/signin, Method: POST, IP: ::1
2025-09-14 10:53:22 [ERROR]: Stack: VALIDATION_ERROR: [object Object]
    at userSignInValidation (file:///E:/resume-v05/server/validators/auth-validators.js:120:17)
    at Layer.handleRequest (E:\resume-v05\server\node_modules\router\lib\layer.js:152:17)
    at next (E:\resume-v05\server\node_modules\router\lib\route.js:157:13)
    at middleware (E:\resume-v05\server\node_modules\express-validator\lib\middlewares\check.js:16:13)
    at process.processTicksAndRejections (node:internal/process/task_queues:105:5)
2025-09-14 10:53:22 [ERROR]: Status: 400, Name: VALIDATION_ERROR, Message: [object Object], URL: /api/auth/signin, Method: POST, IP: ::1
2025-09-14 10:53:22 [ERROR]: Stack: VALIDATION_ERROR: [object Object]
    at userSignInValidation (file:///E:/resume-v05/server/validators/auth-validators.js:120:17)
    at Layer.handleRequest (E:\resume-v05\server\node_modules\router\lib\layer.js:152:17)
    at next (E:\resume-v05\server\node_modules\router\lib\route.js:157:13)
    at middleware (E:\resume-v05\server\node_modules\express-validator\lib\middlewares\check.js:16:13)
    at process.processTicksAndRejections (node:internal/process/task_queues:105:5)
2025-09-14 10:53:22 [ERROR]: Status: 400, Name: VALIDATION_ERROR, Message: [object Object], URL: /api/auth/signin, Method: POST, IP: ::1
2025-09-14 10:53:22 [ERROR]: Stack: VALIDATION_ERROR: [object Object]
    at userSignInValidation (file:///E:/resume-v05/server/validators/auth-validators.js:120:17)
    at Layer.handleRequest (E:\resume-v05\server\node_modules\router\lib\layer.js:152:17)
    at next (E:\resume-v05\server\node_modules\router\lib\route.js:157:13)
    at middleware (E:\resume-v05\server\node_modules\express-validator\lib\middlewares\check.js:16:13)
    at process.processTicksAndRejections (node:internal/process/task_queues:105:5)
2025-09-14 10:53:22 [ERROR]: Status: 400, Name: VALIDATION_ERROR, Message: [object Object], URL: /api/auth/signin, Method: POST, IP: ::1
2025-09-14 10:53:22 [ERROR]: Stack: VALIDATION_ERROR: [object Object]
    at userSignInValidation (file:///E:/resume-v05/server/validators/auth-validators.js:120:17)
    at Layer.handleRequest (E:\resume-v05\server\node_modules\router\lib\layer.js:152:17)
    at next (E:\resume-v05\server\node_modules\router\lib\route.js:157:13)
    at middleware (E:\resume-v05\server\node_modules\express-validator\lib\middlewares\check.js:16:13)
    at process.processTicksAndRejections (node:internal/process/task_queues:105:5)
2025-09-14 10:53:22 [ERROR]: Status: 400, Name: VALIDATION_ERROR, Message: [object Object], URL: /api/auth/signin, Method: POST, IP: ::1
2025-09-14 10:53:22 [ERROR]: Stack: VALIDATION_ERROR: [object Object]
    at userSignInValidation (file:///E:/resume-v05/server/validators/auth-validators.js:120:17)
    at Layer.handleRequest (E:\resume-v05\server\node_modules\router\lib\layer.js:152:17)
    at next (E:\resume-v05\server\node_modules\router\lib\route.js:157:13)
    at middleware (E:\resume-v05\server\node_modules\express-validator\lib\middlewares\check.js:16:13)
    at process.processTicksAndRejections (node:internal/process/task_queues:105:5)
2025-09-14 10:53:22 [ERROR]: Status: 400, Name: VALIDATION_ERROR, Message: [object Object], URL: /api/auth/signin, Method: POST, IP: ::1
2025-09-14 10:53:22 [ERROR]: Stack: VALIDATION_ERROR: [object Object]
    at userSignInValidation (file:///E:/resume-v05/server/validators/auth-validators.js:120:17)
    at Layer.handleRequest (E:\resume-v05\server\node_modules\router\lib\layer.js:152:17)
    at next (E:\resume-v05\server\node_modules\router\lib\route.js:157:13)
    at middleware (E:\resume-v05\server\node_modules\express-validator\lib\middlewares\check.js:16:13)
    at process.processTicksAndRejections (node:internal/process/task_queues:105:5)
2025-09-14 11:22:36 [ERROR]: Status: 401, Name: AUTHORIZATION TOKEN NOT FOUND, Message: Unable to find the authorization token in the cookie, URL: /api/auth/status, Method: GET, IP: ::1
2025-09-14 11:22:36 [ERROR]: Stack: AUTHORIZATION TOKEN NOT FOUND: Unable to find the authorization token in the cookie
    at userAuthorization (file:///E:/resume-v05/server/middleware/user-authorization.js:9:19)
    at Layer.handleRequest (E:\resume-v05\server\node_modules\router\lib\layer.js:152:17)
    at next (E:\resume-v05\server\node_modules\router\lib\route.js:157:13)
    at Route.dispatch (E:\resume-v05\server\node_modules\router\lib\route.js:117:3)
    at handle (E:\resume-v05\server\node_modules\router\index.js:435:11)
    at Layer.handleRequest (E:\resume-v05\server\node_modules\router\lib\layer.js:152:17)
    at E:\resume-v05\server\node_modules\router\index.js:295:15
    at processParams (E:\resume-v05\server\node_modules\router\index.js:582:12)
    at next (E:\resume-v05\server\node_modules\router\index.js:291:5)
    at Function.handle (E:\resume-v05\server\node_modules\router\index.js:186:3)
2025-09-14 11:22:36 [ERROR]: Status: 401, Name: AUTHORIZATION TOKEN NOT FOUND, Message: Unable to find the authorization token in the cookie, URL: /api/auth/status, Method: GET, IP: ::1
2025-09-14 11:22:36 [ERROR]: Stack: AUTHORIZATION TOKEN NOT FOUND: Unable to find the authorization token in the cookie
    at userAuthorization (file:///E:/resume-v05/server/middleware/user-authorization.js:9:19)
    at Layer.handleRequest (E:\resume-v05\server\node_modules\router\lib\layer.js:152:17)
    at next (E:\resume-v05\server\node_modules\router\lib\route.js:157:13)
    at Route.dispatch (E:\resume-v05\server\node_modules\router\lib\route.js:117:3)
    at handle (E:\resume-v05\server\node_modules\router\index.js:435:11)
    at Layer.handleRequest (E:\resume-v05\server\node_modules\router\lib\layer.js:152:17)
    at E:\resume-v05\server\node_modules\router\index.js:295:15
    at processParams (E:\resume-v05\server\node_modules\router\index.js:582:12)
    at next (E:\resume-v05\server\node_modules\router\index.js:291:5)
    at Function.handle (E:\resume-v05\server\node_modules\router\index.js:186:3)
2025-09-14 11:31:23 [ERROR]: Status: 401, Name: AUTHORIZATION TOKEN NOT FOUND, Message: Unable to find the authorization token in the cookie, URL: /api/auth/status, Method: GET, IP: ::1
2025-09-14 11:31:23 [ERROR]: Stack: AUTHORIZATION TOKEN NOT FOUND: Unable to find the authorization token in the cookie
    at userAuthorization (file:///E:/resume-v05/server/middleware/user-authorization.js:9:19)
    at Layer.handleRequest (E:\resume-v05\server\node_modules\router\lib\layer.js:152:17)
    at next (E:\resume-v05\server\node_modules\router\lib\route.js:157:13)
    at Route.dispatch (E:\resume-v05\server\node_modules\router\lib\route.js:117:3)
    at handle (E:\resume-v05\server\node_modules\router\index.js:435:11)
    at Layer.handleRequest (E:\resume-v05\server\node_modules\router\lib\layer.js:152:17)
    at E:\resume-v05\server\node_modules\router\index.js:295:15
    at processParams (E:\resume-v05\server\node_modules\router\index.js:582:12)
    at next (E:\resume-v05\server\node_modules\router\index.js:291:5)
    at Function.handle (E:\resume-v05\server\node_modules\router\index.js:186:3)
2025-09-14 11:31:23 [ERROR]: Status: 401, Name: AUTHORIZATION TOKEN NOT FOUND, Message: Unable to find the authorization token in the cookie, URL: /api/auth/status, Method: GET, IP: ::1
2025-09-14 11:31:23 [ERROR]: Stack: AUTHORIZATION TOKEN NOT FOUND: Unable to find the authorization token in the cookie
    at userAuthorization (file:///E:/resume-v05/server/middleware/user-authorization.js:9:19)
    at Layer.handleRequest (E:\resume-v05\server\node_modules\router\lib\layer.js:152:17)
    at next (E:\resume-v05\server\node_modules\router\lib\route.js:157:13)
    at Route.dispatch (E:\resume-v05\server\node_modules\router\lib\route.js:117:3)
    at handle (E:\resume-v05\server\node_modules\router\index.js:435:11)
    at Layer.handleRequest (E:\resume-v05\server\node_modules\router\lib\layer.js:152:17)
    at E:\resume-v05\server\node_modules\router\index.js:295:15
    at processParams (E:\resume-v05\server\node_modules\router\index.js:582:12)
    at next (E:\resume-v05\server\node_modules\router\index.js:291:5)
    at Function.handle (E:\resume-v05\server\node_modules\router\index.js:186:3)
2025-09-14 11:31:28 [ERROR]: Status: 401, Name: AUTHORIZATION TOKEN NOT FOUND, Message: Unable to find the authorization token in the cookie, URL: /api/auth/status, Method: GET, IP: ::1
2025-09-14 11:31:28 [ERROR]: Stack: AUTHORIZATION TOKEN NOT FOUND: Unable to find the authorization token in the cookie
    at userAuthorization (file:///E:/resume-v05/server/middleware/user-authorization.js:9:19)
    at Layer.handleRequest (E:\resume-v05\server\node_modules\router\lib\layer.js:152:17)
    at next (E:\resume-v05\server\node_modules\router\lib\route.js:157:13)
    at Route.dispatch (E:\resume-v05\server\node_modules\router\lib\route.js:117:3)
    at handle (E:\resume-v05\server\node_modules\router\index.js:435:11)
    at Layer.handleRequest (E:\resume-v05\server\node_modules\router\lib\layer.js:152:17)
    at E:\resume-v05\server\node_modules\router\index.js:295:15
    at processParams (E:\resume-v05\server\node_modules\router\index.js:582:12)
    at next (E:\resume-v05\server\node_modules\router\index.js:291:5)
    at Function.handle (E:\resume-v05\server\node_modules\router\index.js:186:3)
2025-09-14 11:31:28 [ERROR]: Status: 401, Name: AUTHORIZATION TOKEN NOT FOUND, Message: Unable to find the authorization token in the cookie, URL: /api/auth/status, Method: GET, IP: ::1
2025-09-14 11:31:28 [ERROR]: Stack: AUTHORIZATION TOKEN NOT FOUND: Unable to find the authorization token in the cookie
    at userAuthorization (file:///E:/resume-v05/server/middleware/user-authorization.js:9:19)
    at Layer.handleRequest (E:\resume-v05\server\node_modules\router\lib\layer.js:152:17)
    at next (E:\resume-v05\server\node_modules\router\lib\route.js:157:13)
    at Route.dispatch (E:\resume-v05\server\node_modules\router\lib\route.js:117:3)
    at handle (E:\resume-v05\server\node_modules\router\index.js:435:11)
    at Layer.handleRequest (E:\resume-v05\server\node_modules\router\lib\layer.js:152:17)
    at E:\resume-v05\server\node_modules\router\index.js:295:15
    at processParams (E:\resume-v05\server\node_modules\router\index.js:582:12)
    at next (E:\resume-v05\server\node_modules\router\index.js:291:5)
    at Function.handle (E:\resume-v05\server\node_modules\router\index.js:186:3)
2025-09-14 11:36:55 [ERROR]: Status: 401, Name: AUTHORIZATION TOKEN NOT FOUND, Message: Unable to find the authorization token in the cookie, URL: /api/auth/status, Method: GET, IP: ::1
2025-09-14 11:36:55 [ERROR]: Stack: AUTHORIZATION TOKEN NOT FOUND: Unable to find the authorization token in the cookie
    at userAuthorization (file:///E:/resume-v05/server/middleware/user-authorization.js:9:19)
    at Layer.handleRequest (E:\resume-v05\server\node_modules\router\lib\layer.js:152:17)
    at next (E:\resume-v05\server\node_modules\router\lib\route.js:157:13)
    at Route.dispatch (E:\resume-v05\server\node_modules\router\lib\route.js:117:3)
    at handle (E:\resume-v05\server\node_modules\router\index.js:435:11)
    at Layer.handleRequest (E:\resume-v05\server\node_modules\router\lib\layer.js:152:17)
    at E:\resume-v05\server\node_modules\router\index.js:295:15
    at processParams (E:\resume-v05\server\node_modules\router\index.js:582:12)
    at next (E:\resume-v05\server\node_modules\router\index.js:291:5)
    at Function.handle (E:\resume-v05\server\node_modules\router\index.js:186:3)
2025-09-14 11:36:55 [ERROR]: Status: 401, Name: AUTHORIZATION TOKEN NOT FOUND, Message: Unable to find the authorization token in the cookie, URL: /api/auth/status, Method: GET, IP: ::1
2025-09-14 11:36:55 [ERROR]: Stack: AUTHORIZATION TOKEN NOT FOUND: Unable to find the authorization token in the cookie
    at userAuthorization (file:///E:/resume-v05/server/middleware/user-authorization.js:9:19)
    at Layer.handleRequest (E:\resume-v05\server\node_modules\router\lib\layer.js:152:17)
    at next (E:\resume-v05\server\node_modules\router\lib\route.js:157:13)
    at Route.dispatch (E:\resume-v05\server\node_modules\router\lib\route.js:117:3)
    at handle (E:\resume-v05\server\node_modules\router\index.js:435:11)
    at Layer.handleRequest (E:\resume-v05\server\node_modules\router\lib\layer.js:152:17)
    at E:\resume-v05\server\node_modules\router\index.js:295:15
    at processParams (E:\resume-v05\server\node_modules\router\index.js:582:12)
    at next (E:\resume-v05\server\node_modules\router\index.js:291:5)
    at Function.handle (E:\resume-v05\server\node_modules\router\index.js:186:3)
2025-09-14 11:40:46 [ERROR]: Status: 400, Name: VALIDATION_ERROR, Message: [object Object], URL: /api/auth/signin, Method: POST, IP: ::1
2025-09-14 11:40:46 [ERROR]: Stack: VALIDATION_ERROR: [object Object]
    at userSignInValidation (file:///E:/resume-v05/server/validators/auth-validators.js:120:17)
    at Layer.handleRequest (E:\resume-v05\server\node_modules\router\lib\layer.js:152:17)
    at next (E:\resume-v05\server\node_modules\router\lib\route.js:157:13)
    at middleware (E:\resume-v05\server\node_modules\express-validator\lib\middlewares\check.js:16:13)
    at process.processTicksAndRejections (node:internal/process/task_queues:105:5)
2025-09-14 11:41:13 [ERROR]: Status: 401, Name: AUTHORIZATION TOKEN NOT FOUND, Message: Unable to find the authorization token in the cookie, URL: /api/auth/status, Method: GET, IP: ::1
2025-09-14 11:41:13 [ERROR]: Stack: AUTHORIZATION TOKEN NOT FOUND: Unable to find the authorization token in the cookie
    at userAuthorization (file:///E:/resume-v05/server/middleware/user-authorization.js:9:19)
    at Layer.handleRequest (E:\resume-v05\server\node_modules\router\lib\layer.js:152:17)
    at next (E:\resume-v05\server\node_modules\router\lib\route.js:157:13)
    at Route.dispatch (E:\resume-v05\server\node_modules\router\lib\route.js:117:3)
    at handle (E:\resume-v05\server\node_modules\router\index.js:435:11)
    at Layer.handleRequest (E:\resume-v05\server\node_modules\router\lib\layer.js:152:17)
    at E:\resume-v05\server\node_modules\router\index.js:295:15
    at processParams (E:\resume-v05\server\node_modules\router\index.js:582:12)
    at next (E:\resume-v05\server\node_modules\router\index.js:291:5)
    at Function.handle (E:\resume-v05\server\node_modules\router\index.js:186:3)
2025-09-14 11:41:13 [ERROR]: Status: 401, Name: AUTHORIZATION TOKEN NOT FOUND, Message: Unable to find the authorization token in the cookie, URL: /api/auth/status, Method: GET, IP: ::1
2025-09-14 11:41:13 [ERROR]: Stack: AUTHORIZATION TOKEN NOT FOUND: Unable to find the authorization token in the cookie
    at userAuthorization (file:///E:/resume-v05/server/middleware/user-authorization.js:9:19)
    at Layer.handleRequest (E:\resume-v05\server\node_modules\router\lib\layer.js:152:17)
    at next (E:\resume-v05\server\node_modules\router\lib\route.js:157:13)
    at Route.dispatch (E:\resume-v05\server\node_modules\router\lib\route.js:117:3)
    at handle (E:\resume-v05\server\node_modules\router\index.js:435:11)
    at Layer.handleRequest (E:\resume-v05\server\node_modules\router\lib\layer.js:152:17)
    at E:\resume-v05\server\node_modules\router\index.js:295:15
    at processParams (E:\resume-v05\server\node_modules\router\index.js:582:12)
    at next (E:\resume-v05\server\node_modules\router\index.js:291:5)
    at Function.handle (E:\resume-v05\server\node_modules\router\index.js:186:3)
2025-09-14 11:41:23 [ERROR]: Status: 400, Name: VALIDATION_ERROR, Message: [object Object], URL: /api/auth/signin, Method: POST, IP: ::1
2025-09-14 11:41:23 [ERROR]: Stack: VALIDATION_ERROR: [object Object]
    at userSignInValidation (file:///E:/resume-v05/server/validators/auth-validators.js:120:17)
    at Layer.handleRequest (E:\resume-v05\server\node_modules\router\lib\layer.js:152:17)
    at next (E:\resume-v05\server\node_modules\router\lib\route.js:157:13)
    at middleware (E:\resume-v05\server\node_modules\express-validator\lib\middlewares\check.js:16:13)
    at process.processTicksAndRejections (node:internal/process/task_queues:105:5)
2025-09-14 11:41:29 [ERROR]: Status: 401, Name: AUTHORIZATION TOKEN NOT FOUND, Message: Unable to find the authorization token in the cookie, URL: /api/auth/status, Method: GET, IP: ::1
2025-09-14 11:41:29 [ERROR]: Stack: AUTHORIZATION TOKEN NOT FOUND: Unable to find the authorization token in the cookie
    at userAuthorization (file:///E:/resume-v05/server/middleware/user-authorization.js:9:19)
    at Layer.handleRequest (E:\resume-v05\server\node_modules\router\lib\layer.js:152:17)
    at next (E:\resume-v05\server\node_modules\router\lib\route.js:157:13)
    at Route.dispatch (E:\resume-v05\server\node_modules\router\lib\route.js:117:3)
    at handle (E:\resume-v05\server\node_modules\router\index.js:435:11)
    at Layer.handleRequest (E:\resume-v05\server\node_modules\router\lib\layer.js:152:17)
    at E:\resume-v05\server\node_modules\router\index.js:295:15
    at processParams (E:\resume-v05\server\node_modules\router\index.js:582:12)
    at next (E:\resume-v05\server\node_modules\router\index.js:291:5)
    at Function.handle (E:\resume-v05\server\node_modules\router\index.js:186:3)
2025-09-14 11:41:29 [ERROR]: Status: 401, Name: AUTHORIZATION TOKEN NOT FOUND, Message: Unable to find the authorization token in the cookie, URL: /api/auth/status, Method: GET, IP: ::1
2025-09-14 11:41:29 [ERROR]: Stack: AUTHORIZATION TOKEN NOT FOUND: Unable to find the authorization token in the cookie
    at userAuthorization (file:///E:/resume-v05/server/middleware/user-authorization.js:9:19)
    at Layer.handleRequest (E:\resume-v05\server\node_modules\router\lib\layer.js:152:17)
    at next (E:\resume-v05\server\node_modules\router\lib\route.js:157:13)
    at Route.dispatch (E:\resume-v05\server\node_modules\router\lib\route.js:117:3)
    at handle (E:\resume-v05\server\node_modules\router\index.js:435:11)
    at Layer.handleRequest (E:\resume-v05\server\node_modules\router\lib\layer.js:152:17)
    at E:\resume-v05\server\node_modules\router\index.js:295:15
    at processParams (E:\resume-v05\server\node_modules\router\index.js:582:12)
    at next (E:\resume-v05\server\node_modules\router\index.js:291:5)
    at Function.handle (E:\resume-v05\server\node_modules\router\index.js:186:3)
2025-09-14 11:42:03 [ERROR]: Status: 400, Name: VALIDATION_ERROR, Message: [object Object], URL: /api/auth/signup, Method: POST, IP: ::1
2025-09-14 11:42:03 [ERROR]: Stack: VALIDATION_ERROR: [object Object]
    at userSignUpValidation (file:///E:/resume-v05/server/validators/auth-validators.js:41:17)
    at Layer.handleRequest (E:\resume-v05\server\node_modules\router\lib\layer.js:152:17)
    at next (E:\resume-v05\server\node_modules\router\lib\route.js:157:13)
    at middleware (E:\resume-v05\server\node_modules\express-validator\lib\middlewares\check.js:16:13)
    at process.processTicksAndRejections (node:internal/process/task_queues:105:5)
2025-09-14 11:42:11 [ERROR]: Status: 409, Name: USER ALREADY EXISTS, Message: An account with this email address already exists., URL: /api/auth/signup, Method: POST, IP: ::1
2025-09-14 11:42:11 [ERROR]: Stack: USER ALREADY EXISTS: An account with this email address already exists.
    at userSignUp (file:///E:/resume-v05/server/controller/auth-controller.js:18:19)
    at process.processTicksAndRejections (node:internal/process/task_queues:105:5)
2025-09-14 11:43:45 [ERROR]: Status: 401, Name: AUTH_FAILED, Message: Invalid email or password, URL: /api/auth/signin, Method: POST, IP: ::1
2025-09-14 11:43:45 [ERROR]: Stack: AUTH_FAILED: Invalid email or password
    at userSignIn (file:///E:/resume-v05/server/controller/auth-controller.js:94:19)
    at process.processTicksAndRejections (node:internal/process/task_queues:105:5)
2025-09-14 11:43:55 [ERROR]: Status: 401, Name: AUTH_FAILED, Message: Invalid email or password, URL: /api/auth/signin, Method: POST, IP: ::1
2025-09-14 11:43:55 [ERROR]: Stack: AUTH_FAILED: Invalid email or password
    at userSignIn (file:///E:/resume-v05/server/controller/auth-controller.js:94:19)
    at process.processTicksAndRejections (node:internal/process/task_queues:105:5)
2025-09-14 11:44:12 [ERROR]: Status: 401, Name: AUTH_FAILED, Message: Invalid email or password, URL: /api/auth/signin, Method: POST, IP: ::1
2025-09-14 11:44:12 [ERROR]: Stack: AUTH_FAILED: Invalid email or password
    at userSignIn (file:///E:/resume-v05/server/controller/auth-controller.js:76:20)
    at process.processTicksAndRejections (node:internal/process/task_queues:105:5)
2025-09-14 11:44:15 [ERROR]: Status: 401, Name: AUTH_FAILED, Message: Invalid email or password, URL: /api/auth/signin, Method: POST, IP: ::1
2025-09-14 11:44:15 [ERROR]: Stack: AUTH_FAILED: Invalid email or password
    at userSignIn (file:///E:/resume-v05/server/controller/auth-controller.js:76:20)
    at process.processTicksAndRejections (node:internal/process/task_queues:105:5)
2025-09-14 11:44:19 [ERROR]: Status: 400, Name: VALIDATION_ERROR, Message: [object Object], URL: /api/auth/signin, Method: POST, IP: ::1
2025-09-14 11:44:19 [ERROR]: Stack: VALIDATION_ERROR: [object Object]
    at userSignInValidation (file:///E:/resume-v05/server/validators/auth-validators.js:120:17)
    at Layer.handleRequest (E:\resume-v05\server\node_modules\router\lib\layer.js:152:17)
    at next (E:\resume-v05\server\node_modules\router\lib\route.js:157:13)
    at middleware (E:\resume-v05\server\node_modules\express-validator\lib\middlewares\check.js:16:13)
    at process.processTicksAndRejections (node:internal/process/task_queues:105:5)
2025-09-14 11:44:24 [ERROR]: Status: 401, Name: AUTHORIZATION TOKEN NOT FOUND, Message: Unable to find the authorization token in the cookie, URL: /api/auth/status, Method: GET, IP: ::1
2025-09-14 11:44:24 [ERROR]: Stack: AUTHORIZATION TOKEN NOT FOUND: Unable to find the authorization token in the cookie
    at userAuthorization (file:///E:/resume-v05/server/middleware/user-authorization.js:9:19)
    at Layer.handleRequest (E:\resume-v05\server\node_modules\router\lib\layer.js:152:17)
    at next (E:\resume-v05\server\node_modules\router\lib\route.js:157:13)
    at Route.dispatch (E:\resume-v05\server\node_modules\router\lib\route.js:117:3)
    at handle (E:\resume-v05\server\node_modules\router\index.js:435:11)
    at Layer.handleRequest (E:\resume-v05\server\node_modules\router\lib\layer.js:152:17)
    at E:\resume-v05\server\node_modules\router\index.js:295:15
    at processParams (E:\resume-v05\server\node_modules\router\index.js:582:12)
    at next (E:\resume-v05\server\node_modules\router\index.js:291:5)
    at Function.handle (E:\resume-v05\server\node_modules\router\index.js:186:3)
2025-09-14 11:44:24 [ERROR]: Status: 401, Name: AUTHORIZATION TOKEN NOT FOUND, Message: Unable to find the authorization token in the cookie, URL: /api/auth/status, Method: GET, IP: ::1
2025-09-14 11:44:24 [ERROR]: Stack: AUTHORIZATION TOKEN NOT FOUND: Unable to find the authorization token in the cookie
    at userAuthorization (file:///E:/resume-v05/server/middleware/user-authorization.js:9:19)
    at Layer.handleRequest (E:\resume-v05\server\node_modules\router\lib\layer.js:152:17)
    at next (E:\resume-v05\server\node_modules\router\lib\route.js:157:13)
    at Route.dispatch (E:\resume-v05\server\node_modules\router\lib\route.js:117:3)
    at handle (E:\resume-v05\server\node_modules\router\index.js:435:11)
    at Layer.handleRequest (E:\resume-v05\server\node_modules\router\lib\layer.js:152:17)
    at E:\resume-v05\server\node_modules\router\index.js:295:15
    at processParams (E:\resume-v05\server\node_modules\router\index.js:582:12)
    at next (E:\resume-v05\server\node_modules\router\index.js:291:5)
    at Function.handle (E:\resume-v05\server\node_modules\router\index.js:186:3)
2025-09-14 11:44:39 [ERROR]: Status: 401, Name: AUTH_FAILED, Message: Invalid email or password, URL: /api/auth/signin, Method: POST, IP: ::1
2025-09-14 11:44:39 [ERROR]: Stack: AUTH_FAILED: Invalid email or password
    at userSignIn (file:///E:/resume-v05/server/controller/auth-controller.js:94:19)
    at process.processTicksAndRejections (node:internal/process/task_queues:105:5)
2025-09-14 11:47:49 [ERROR]: Status: 401, Name: AUTHORIZATION TOKEN NOT FOUND, Message: Unable to find the authorization token in the cookie, URL: /api/auth/status, Method: GET, IP: ::1
2025-09-14 11:47:49 [ERROR]: Stack: AUTHORIZATION TOKEN NOT FOUND: Unable to find the authorization token in the cookie
    at userAuthorization (file:///E:/resume-v05/server/middleware/user-authorization.js:9:19)
    at Layer.handleRequest (E:\resume-v05\server\node_modules\router\lib\layer.js:152:17)
    at next (E:\resume-v05\server\node_modules\router\lib\route.js:157:13)
    at Route.dispatch (E:\resume-v05\server\node_modules\router\lib\route.js:117:3)
    at handle (E:\resume-v05\server\node_modules\router\index.js:435:11)
    at Layer.handleRequest (E:\resume-v05\server\node_modules\router\lib\layer.js:152:17)
    at E:\resume-v05\server\node_modules\router\index.js:295:15
    at processParams (E:\resume-v05\server\node_modules\router\index.js:582:12)
    at next (E:\resume-v05\server\node_modules\router\index.js:291:5)
    at Function.handle (E:\resume-v05\server\node_modules\router\index.js:186:3)
2025-09-14 11:47:49 [ERROR]: Status: 401, Name: AUTHORIZATION TOKEN NOT FOUND, Message: Unable to find the authorization token in the cookie, URL: /api/auth/status, Method: GET, IP: ::1
2025-09-14 11:47:49 [ERROR]: Stack: AUTHORIZATION TOKEN NOT FOUND: Unable to find the authorization token in the cookie
    at userAuthorization (file:///E:/resume-v05/server/middleware/user-authorization.js:9:19)
    at Layer.handleRequest (E:\resume-v05\server\node_modules\router\lib\layer.js:152:17)
    at next (E:\resume-v05\server\node_modules\router\lib\route.js:157:13)
    at Route.dispatch (E:\resume-v05\server\node_modules\router\lib\route.js:117:3)
    at handle (E:\resume-v05\server\node_modules\router\index.js:435:11)
    at Layer.handleRequest (E:\resume-v05\server\node_modules\router\lib\layer.js:152:17)
    at E:\resume-v05\server\node_modules\router\index.js:295:15
    at processParams (E:\resume-v05\server\node_modules\router\index.js:582:12)
    at next (E:\resume-v05\server\node_modules\router\index.js:291:5)
    at Function.handle (E:\resume-v05\server\node_modules\router\index.js:186:3)
2025-09-14 11:48:10 [ERROR]: Status: 401, Name: AUTHORIZATION TOKEN NOT FOUND, Message: Unable to find the authorization token in the cookie, URL: /api/auth/status, Method: GET, IP: ::1
2025-09-14 11:48:10 [ERROR]: Stack: AUTHORIZATION TOKEN NOT FOUND: Unable to find the authorization token in the cookie
    at userAuthorization (file:///E:/resume-v05/server/middleware/user-authorization.js:9:19)
    at Layer.handleRequest (E:\resume-v05\server\node_modules\router\lib\layer.js:152:17)
    at next (E:\resume-v05\server\node_modules\router\lib\route.js:157:13)
    at Route.dispatch (E:\resume-v05\server\node_modules\router\lib\route.js:117:3)
    at handle (E:\resume-v05\server\node_modules\router\index.js:435:11)
    at Layer.handleRequest (E:\resume-v05\server\node_modules\router\lib\layer.js:152:17)
    at E:\resume-v05\server\node_modules\router\index.js:295:15
    at processParams (E:\resume-v05\server\node_modules\router\index.js:582:12)
    at next (E:\resume-v05\server\node_modules\router\index.js:291:5)
    at Function.handle (E:\resume-v05\server\node_modules\router\index.js:186:3)
2025-09-14 11:48:10 [ERROR]: Status: 401, Name: AUTHORIZATION TOKEN NOT FOUND, Message: Unable to find the authorization token in the cookie, URL: /api/auth/status, Method: GET, IP: ::1
2025-09-14 11:48:10 [ERROR]: Stack: AUTHORIZATION TOKEN NOT FOUND: Unable to find the authorization token in the cookie
    at userAuthorization (file:///E:/resume-v05/server/middleware/user-authorization.js:9:19)
    at Layer.handleRequest (E:\resume-v05\server\node_modules\router\lib\layer.js:152:17)
    at next (E:\resume-v05\server\node_modules\router\lib\route.js:157:13)
    at Route.dispatch (E:\resume-v05\server\node_modules\router\lib\route.js:117:3)
    at handle (E:\resume-v05\server\node_modules\router\index.js:435:11)
    at Layer.handleRequest (E:\resume-v05\server\node_modules\router\lib\layer.js:152:17)
    at E:\resume-v05\server\node_modules\router\index.js:295:15
    at processParams (E:\resume-v05\server\node_modules\router\index.js:582:12)
    at next (E:\resume-v05\server\node_modules\router\index.js:291:5)
    at Function.handle (E:\resume-v05\server\node_modules\router\index.js:186:3)
2025-09-14 11:48:14 [ERROR]: Status: 401, Name: AUTHORIZATION TOKEN NOT FOUND, Message: Unable to find the authorization token in the cookie, URL: /api/auth/status, Method: GET, IP: ::1
2025-09-14 11:48:14 [ERROR]: Stack: AUTHORIZATION TOKEN NOT FOUND: Unable to find the authorization token in the cookie
    at userAuthorization (file:///E:/resume-v05/server/middleware/user-authorization.js:9:19)
    at Layer.handleRequest (E:\resume-v05\server\node_modules\router\lib\layer.js:152:17)
    at next (E:\resume-v05\server\node_modules\router\lib\route.js:157:13)
    at Route.dispatch (E:\resume-v05\server\node_modules\router\lib\route.js:117:3)
    at handle (E:\resume-v05\server\node_modules\router\index.js:435:11)
    at Layer.handleRequest (E:\resume-v05\server\node_modules\router\lib\layer.js:152:17)
    at E:\resume-v05\server\node_modules\router\index.js:295:15
    at processParams (E:\resume-v05\server\node_modules\router\index.js:582:12)
    at next (E:\resume-v05\server\node_modules\router\index.js:291:5)
    at Function.handle (E:\resume-v05\server\node_modules\router\index.js:186:3)
2025-09-14 11:48:14 [ERROR]: Status: 401, Name: AUTHORIZATION TOKEN NOT FOUND, Message: Unable to find the authorization token in the cookie, URL: /api/auth/status, Method: GET, IP: ::1
2025-09-14 11:48:14 [ERROR]: Stack: AUTHORIZATION TOKEN NOT FOUND: Unable to find the authorization token in the cookie
    at userAuthorization (file:///E:/resume-v05/server/middleware/user-authorization.js:9:19)
    at Layer.handleRequest (E:\resume-v05\server\node_modules\router\lib\layer.js:152:17)
    at next (E:\resume-v05\server\node_modules\router\lib\route.js:157:13)
    at Route.dispatch (E:\resume-v05\server\node_modules\router\lib\route.js:117:3)
    at handle (E:\resume-v05\server\node_modules\router\index.js:435:11)
    at Layer.handleRequest (E:\resume-v05\server\node_modules\router\lib\layer.js:152:17)
    at E:\resume-v05\server\node_modules\router\index.js:295:15
    at processParams (E:\resume-v05\server\node_modules\router\index.js:582:12)
    at next (E:\resume-v05\server\node_modules\router\index.js:291:5)
    at Function.handle (E:\resume-v05\server\node_modules\router\index.js:186:3)
2025-09-14 12:01:49 [ERROR]: Status: 400, Name: VALIDATION_ERROR, Message: [object Object], URL: /api/auth/signin, Method: POST, IP: ::1
2025-09-14 12:01:49 [ERROR]: Stack: VALIDATION_ERROR: [object Object]
    at userSignInValidation (file:///E:/resume-v05/server/validators/auth-validators.js:120:17)
    at Layer.handleRequest (E:\resume-v05\server\node_modules\router\lib\layer.js:152:17)
    at next (E:\resume-v05\server\node_modules\router\lib\route.js:157:13)
    at middleware (E:\resume-v05\server\node_modules\express-validator\lib\middlewares\check.js:16:13)
    at process.processTicksAndRejections (node:internal/process/task_queues:105:5)
2025-09-14 12:04:22 [ERROR]: Status: 401, Name: AUTHORIZATION TOKEN NOT FOUND, Message: Unable to find the authorization token in the cookie, URL: /api/auth/status, Method: GET, IP: ::1
2025-09-14 12:04:22 [ERROR]: Stack: AUTHORIZATION TOKEN NOT FOUND: Unable to find the authorization token in the cookie
    at userAuthorization (file:///E:/resume-v05/server/middleware/user-authorization.js:9:19)
    at Layer.handleRequest (E:\resume-v05\server\node_modules\router\lib\layer.js:152:17)
    at next (E:\resume-v05\server\node_modules\router\lib\route.js:157:13)
    at Route.dispatch (E:\resume-v05\server\node_modules\router\lib\route.js:117:3)
    at handle (E:\resume-v05\server\node_modules\router\index.js:435:11)
    at Layer.handleRequest (E:\resume-v05\server\node_modules\router\lib\layer.js:152:17)
    at E:\resume-v05\server\node_modules\router\index.js:295:15
    at processParams (E:\resume-v05\server\node_modules\router\index.js:582:12)
    at next (E:\resume-v05\server\node_modules\router\index.js:291:5)
    at Function.handle (E:\resume-v05\server\node_modules\router\index.js:186:3)
2025-09-14 12:04:22 [ERROR]: Status: 401, Name: AUTHORIZATION TOKEN NOT FOUND, Message: Unable to find the authorization token in the cookie, URL: /api/auth/status, Method: GET, IP: ::1
2025-09-14 12:04:22 [ERROR]: Stack: AUTHORIZATION TOKEN NOT FOUND: Unable to find the authorization token in the cookie
    at userAuthorization (file:///E:/resume-v05/server/middleware/user-authorization.js:9:19)
    at Layer.handleRequest (E:\resume-v05\server\node_modules\router\lib\layer.js:152:17)
    at next (E:\resume-v05\server\node_modules\router\lib\route.js:157:13)
    at Route.dispatch (E:\resume-v05\server\node_modules\router\lib\route.js:117:3)
    at handle (E:\resume-v05\server\node_modules\router\index.js:435:11)
    at Layer.handleRequest (E:\resume-v05\server\node_modules\router\lib\layer.js:152:17)
    at E:\resume-v05\server\node_modules\router\index.js:295:15
    at processParams (E:\resume-v05\server\node_modules\router\index.js:582:12)
    at next (E:\resume-v05\server\node_modules\router\index.js:291:5)
    at Function.handle (E:\resume-v05\server\node_modules\router\index.js:186:3)
2025-09-14 12:05:09 [ERROR]: Status: 400, Name: VALIDATION_ERROR, Message: [object Object], URL: /api/auth/signin, Method: POST, IP: ::1
2025-09-14 12:05:09 [ERROR]: Stack: VALIDATION_ERROR: [object Object]
    at userSignInValidation (file:///E:/resume-v05/server/validators/auth-validators.js:120:17)
    at Layer.handleRequest (E:\resume-v05\server\node_modules\router\lib\layer.js:152:17)
    at next (E:\resume-v05\server\node_modules\router\lib\route.js:157:13)
    at middleware (E:\resume-v05\server\node_modules\express-validator\lib\middlewares\check.js:16:13)
    at process.processTicksAndRejections (node:internal/process/task_queues:105:5)
2025-09-14 12:11:28 [ERROR]: Status: 401, Name: AUTHORIZATION TOKEN NOT FOUND, Message: Unable to find the authorization token in the cookie, URL: /api/auth/status, Method: GET, IP: ::1
2025-09-14 12:11:28 [ERROR]: Stack: AUTHORIZATION TOKEN NOT FOUND: Unable to find the authorization token in the cookie
    at userAuthorization (file:///E:/resume-v05/server/middleware/user-authorization.js:9:19)
    at Layer.handleRequest (E:\resume-v05\server\node_modules\router\lib\layer.js:152:17)
    at next (E:\resume-v05\server\node_modules\router\lib\route.js:157:13)
    at Route.dispatch (E:\resume-v05\server\node_modules\router\lib\route.js:117:3)
    at handle (E:\resume-v05\server\node_modules\router\index.js:435:11)
    at Layer.handleRequest (E:\resume-v05\server\node_modules\router\lib\layer.js:152:17)
    at E:\resume-v05\server\node_modules\router\index.js:295:15
    at processParams (E:\resume-v05\server\node_modules\router\index.js:582:12)
    at next (E:\resume-v05\server\node_modules\router\index.js:291:5)
    at Function.handle (E:\resume-v05\server\node_modules\router\index.js:186:3)
2025-09-14 12:11:28 [ERROR]: Status: 401, Name: AUTHORIZATION TOKEN NOT FOUND, Message: Unable to find the authorization token in the cookie, URL: /api/auth/status, Method: GET, IP: ::1
2025-09-14 12:11:28 [ERROR]: Stack: AUTHORIZATION TOKEN NOT FOUND: Unable to find the authorization token in the cookie
    at userAuthorization (file:///E:/resume-v05/server/middleware/user-authorization.js:9:19)
    at Layer.handleRequest (E:\resume-v05\server\node_modules\router\lib\layer.js:152:17)
    at next (E:\resume-v05\server\node_modules\router\lib\route.js:157:13)
    at Route.dispatch (E:\resume-v05\server\node_modules\router\lib\route.js:117:3)
    at handle (E:\resume-v05\server\node_modules\router\index.js:435:11)
    at Layer.handleRequest (E:\resume-v05\server\node_modules\router\lib\layer.js:152:17)
    at E:\resume-v05\server\node_modules\router\index.js:295:15
    at processParams (E:\resume-v05\server\node_modules\router\index.js:582:12)
    at next (E:\resume-v05\server\node_modules\router\index.js:291:5)
    at Function.handle (E:\resume-v05\server\node_modules\router\index.js:186:3)
2025-09-14 12:12:31 [ERROR]: Status: 401, Name: AUTHORIZATION TOKEN NOT FOUND, Message: Unable to find the authorization token in the cookie, URL: /api/auth/status, Method: GET, IP: ::1
2025-09-14 12:12:31 [ERROR]: Stack: AUTHORIZATION TOKEN NOT FOUND: Unable to find the authorization token in the cookie
    at userAuthorization (file:///E:/resume-v05/server/middleware/user-authorization.js:9:19)
    at Layer.handleRequest (E:\resume-v05\server\node_modules\router\lib\layer.js:152:17)
    at next (E:\resume-v05\server\node_modules\router\lib\route.js:157:13)
    at Route.dispatch (E:\resume-v05\server\node_modules\router\lib\route.js:117:3)
    at handle (E:\resume-v05\server\node_modules\router\index.js:435:11)
    at Layer.handleRequest (E:\resume-v05\server\node_modules\router\lib\layer.js:152:17)
    at E:\resume-v05\server\node_modules\router\index.js:295:15
    at processParams (E:\resume-v05\server\node_modules\router\index.js:582:12)
    at next (E:\resume-v05\server\node_modules\router\index.js:291:5)
    at Function.handle (E:\resume-v05\server\node_modules\router\index.js:186:3)
2025-09-14 12:13:03 [ERROR]: Status: 400, Name: VALIDATION_ERROR, Message: [object Object], URL: /api/auth/signin, Method: POST, IP: ::1
2025-09-14 12:13:03 [ERROR]: Stack: VALIDATION_ERROR: [object Object]
    at userSignInValidation (file:///E:/resume-v05/server/validators/auth-validators.js:120:17)
    at Layer.handleRequest (E:\resume-v05\server\node_modules\router\lib\layer.js:152:17)
    at next (E:\resume-v05\server\node_modules\router\lib\route.js:157:13)
    at middleware (E:\resume-v05\server\node_modules\express-validator\lib\middlewares\check.js:16:13)
    at process.processTicksAndRejections (node:internal/process/task_queues:105:5)
2025-09-14 12:13:28 [ERROR]: Status: 400, Name: VALIDATION_ERROR, Message: [object Object], URL: /api/auth/signin, Method: POST, IP: ::1
2025-09-14 12:13:28 [ERROR]: Stack: VALIDATION_ERROR: [object Object]
    at userSignInValidation (file:///E:/resume-v05/server/validators/auth-validators.js:120:17)
    at Layer.handleRequest (E:\resume-v05\server\node_modules\router\lib\layer.js:152:17)
    at next (E:\resume-v05\server\node_modules\router\lib\route.js:157:13)
    at middleware (E:\resume-v05\server\node_modules\express-validator\lib\middlewares\check.js:16:13)
    at process.processTicksAndRejections (node:internal/process/task_queues:105:5)
2025-09-14 12:14:13 [ERROR]: Status: 401, Name: AUTH_FAILED, Message: Invalid email or password, URL: /api/auth/signin, Method: POST, IP: ::1
2025-09-14 12:14:13 [ERROR]: Stack: AUTH_FAILED: Invalid email or password
    at userSignIn (file:///E:/resume-v05/server/controller/auth-controller.js:76:20)
    at process.processTicksAndRejections (node:internal/process/task_queues:105:5)
2025-09-14 12:14:45 [ERROR]: Status: 401, Name: AUTH_FAILED, Message: Invalid email or password, URL: /api/auth/signin, Method: POST, IP: ::1
2025-09-14 12:14:45 [ERROR]: Stack: AUTH_FAILED: Invalid email or password
    at userSignIn (file:///E:/resume-v05/server/controller/auth-controller.js:76:20)
    at process.processTicksAndRejections (node:internal/process/task_queues:105:5)
2025-09-14 12:15:03 [ERROR]: Status: 400, Name: VALIDATION_ERROR, Message: [object Object], URL: /api/auth/signin, Method: POST, IP: ::1
2025-09-14 12:15:03 [ERROR]: Stack: VALIDATION_ERROR: [object Object]
    at userSignInValidation (file:///E:/resume-v05/server/validators/auth-validators.js:120:17)
    at Layer.handleRequest (E:\resume-v05\server\node_modules\router\lib\layer.js:152:17)
    at next (E:\resume-v05\server\node_modules\router\lib\route.js:157:13)
    at middleware (E:\resume-v05\server\node_modules\express-validator\lib\middlewares\check.js:16:13)
    at process.processTicksAndRejections (node:internal/process/task_queues:105:5)
2025-09-14 12:15:20 [ERROR]: Status: 401, Name: AUTH_FAILED, Message: Invalid email or password, URL: /api/auth/signin, Method: POST, IP: ::1
2025-09-14 12:15:20 [ERROR]: Stack: AUTH_FAILED: Invalid email or password
    at userSignIn (file:///E:/resume-v05/server/controller/auth-controller.js:94:19)
    at process.processTicksAndRejections (node:internal/process/task_queues:105:5)
2025-09-14 12:15:56 [ERROR]: Status: 400, Name: VALIDATION_ERROR, Message: [object Object], URL: /api/auth/signup, Method: POST, IP: ::1
2025-09-14 12:15:56 [ERROR]: Stack: VALIDATION_ERROR: [object Object]
    at userSignUpValidation (file:///E:/resume-v05/server/validators/auth-validators.js:41:17)
    at Layer.handleRequest (E:\resume-v05\server\node_modules\router\lib\layer.js:152:17)
    at next (E:\resume-v05\server\node_modules\router\lib\route.js:157:13)
    at middleware (E:\resume-v05\server\node_modules\express-validator\lib\middlewares\check.js:16:13)
    at process.processTicksAndRejections (node:internal/process/task_queues:105:5)
2025-09-14 12:16:15 [ERROR]: Status: 409, Name: USER ALREADY EXISTS, Message: An account with this email address already exists., URL: /api/auth/signup, Method: POST, IP: ::1
2025-09-14 12:16:15 [ERROR]: Stack: USER ALREADY EXISTS: An account with this email address already exists.
    at userSignUp (file:///E:/resume-v05/server/controller/auth-controller.js:18:19)
    at process.processTicksAndRejections (node:internal/process/task_queues:105:5)
2025-09-14 12:16:21 [ERROR]: Status: 400, Name: VALIDATION_ERROR, Message: [object Object], URL: /api/auth/signup, Method: POST, IP: ::1
2025-09-14 12:16:21 [ERROR]: Stack: VALIDATION_ERROR: [object Object]
    at userSignUpValidation (file:///E:/resume-v05/server/validators/auth-validators.js:41:17)
    at Layer.handleRequest (E:\resume-v05\server\node_modules\router\lib\layer.js:152:17)
    at next (E:\resume-v05\server\node_modules\router\lib\route.js:157:13)
    at middleware (E:\resume-v05\server\node_modules\express-validator\lib\middlewares\check.js:16:13)
    at process.processTicksAndRejections (node:internal/process/task_queues:105:5)
2025-09-14 12:17:59 [ERROR]: Status: 400, Name: VALIDATION_ERROR, Message: [object Object], URL: /api/auth/signup, Method: POST, IP: ::1
2025-09-14 12:17:59 [ERROR]: Stack: VALIDATION_ERROR: [object Object]
    at userSignUpValidation (file:///E:/resume-v05/server/validators/auth-validators.js:41:17)
    at Layer.handleRequest (E:\resume-v05\server\node_modules\router\lib\layer.js:152:17)
    at next (E:\resume-v05\server\node_modules\router\lib\route.js:157:13)
    at middleware (E:\resume-v05\server\node_modules\express-validator\lib\middlewares\check.js:16:13)
    at process.processTicksAndRejections (node:internal/process/task_queues:105:5)
2025-09-14 15:42:39 [ERROR]: Status: 401, Name: AUTHORIZATION TOKEN NOT FOUND, Message: Unable to find the authorization token in the cookie, URL: /api/auth/status, Method: GET, IP: ::1
2025-09-14 15:42:39 [ERROR]: Stack: AUTHORIZATION TOKEN NOT FOUND: Unable to find the authorization token in the cookie
    at userAuthorization (file:///E:/resume-v05/server/middleware/user-authorization.js:9:19)
    at Layer.handleRequest (E:\resume-v05\server\node_modules\router\lib\layer.js:152:17)
    at next (E:\resume-v05\server\node_modules\router\lib\route.js:157:13)
    at Route.dispatch (E:\resume-v05\server\node_modules\router\lib\route.js:117:3)
    at handle (E:\resume-v05\server\node_modules\router\index.js:435:11)
    at Layer.handleRequest (E:\resume-v05\server\node_modules\router\lib\layer.js:152:17)
    at E:\resume-v05\server\node_modules\router\index.js:295:15
    at processParams (E:\resume-v05\server\node_modules\router\index.js:582:12)
    at next (E:\resume-v05\server\node_modules\router\index.js:291:5)
    at Function.handle (E:\resume-v05\server\node_modules\router\index.js:186:3)
2025-09-14 15:42:39 [ERROR]: Status: 401, Name: AUTHORIZATION TOKEN NOT FOUND, Message: Unable to find the authorization token in the cookie, URL: /api/auth/status, Method: GET, IP: ::1
2025-09-14 15:42:39 [ERROR]: Stack: AUTHORIZATION TOKEN NOT FOUND: Unable to find the authorization token in the cookie
    at userAuthorization (file:///E:/resume-v05/server/middleware/user-authorization.js:9:19)
    at Layer.handleRequest (E:\resume-v05\server\node_modules\router\lib\layer.js:152:17)
    at next (E:\resume-v05\server\node_modules\router\lib\route.js:157:13)
    at Route.dispatch (E:\resume-v05\server\node_modules\router\lib\route.js:117:3)
    at handle (E:\resume-v05\server\node_modules\router\index.js:435:11)
    at Layer.handleRequest (E:\resume-v05\server\node_modules\router\lib\layer.js:152:17)
    at E:\resume-v05\server\node_modules\router\index.js:295:15
    at processParams (E:\resume-v05\server\node_modules\router\index.js:582:12)
    at next (E:\resume-v05\server\node_modules\router\index.js:291:5)
    at Function.handle (E:\resume-v05\server\node_modules\router\index.js:186:3)
2025-09-14 15:43:11 [ERROR]: Status: 400, Name: VALIDATION_ERROR, Message: [object Object], URL: /api/auth/signup, Method: POST, IP: ::1
2025-09-14 15:43:11 [ERROR]: Stack: VALIDATION_ERROR: [object Object]
    at userSignUpValidation (file:///E:/resume-v05/server/validators/auth-validators.js:41:17)
    at Layer.handleRequest (E:\resume-v05\server\node_modules\router\lib\layer.js:152:17)
    at next (E:\resume-v05\server\node_modules\router\lib\route.js:157:13)
    at middleware (E:\resume-v05\server\node_modules\express-validator\lib\middlewares\check.js:16:13)
    at process.processTicksAndRejections (node:internal/process/task_queues:105:5)
2025-09-14 15:44:46 [ERROR]: Status: 401, Name: AUTHORIZATION TOKEN NOT FOUND, Message: Unable to find the authorization token in the cookie, URL: /api/auth/status, Method: GET, IP: ::1
2025-09-14 15:44:46 [ERROR]: Stack: AUTHORIZATION TOKEN NOT FOUND: Unable to find the authorization token in the cookie
    at userAuthorization (file:///E:/resume-v05/server/middleware/user-authorization.js:9:19)
    at Layer.handleRequest (E:\resume-v05\server\node_modules\router\lib\layer.js:152:17)
    at next (E:\resume-v05\server\node_modules\router\lib\route.js:157:13)
    at Route.dispatch (E:\resume-v05\server\node_modules\router\lib\route.js:117:3)
    at handle (E:\resume-v05\server\node_modules\router\index.js:435:11)
    at Layer.handleRequest (E:\resume-v05\server\node_modules\router\lib\layer.js:152:17)
    at E:\resume-v05\server\node_modules\router\index.js:295:15
    at processParams (E:\resume-v05\server\node_modules\router\index.js:582:12)
    at next (E:\resume-v05\server\node_modules\router\index.js:291:5)
    at Function.handle (E:\resume-v05\server\node_modules\router\index.js:186:3)
2025-09-14 15:44:46 [ERROR]: Status: 401, Name: AUTHORIZATION TOKEN NOT FOUND, Message: Unable to find the authorization token in the cookie, URL: /api/auth/status, Method: GET, IP: ::1
2025-09-14 15:44:46 [ERROR]: Stack: AUTHORIZATION TOKEN NOT FOUND: Unable to find the authorization token in the cookie
    at userAuthorization (file:///E:/resume-v05/server/middleware/user-authorization.js:9:19)
    at Layer.handleRequest (E:\resume-v05\server\node_modules\router\lib\layer.js:152:17)
    at next (E:\resume-v05\server\node_modules\router\lib\route.js:157:13)
    at Route.dispatch (E:\resume-v05\server\node_modules\router\lib\route.js:117:3)
    at handle (E:\resume-v05\server\node_modules\router\index.js:435:11)
    at Layer.handleRequest (E:\resume-v05\server\node_modules\router\lib\layer.js:152:17)
    at E:\resume-v05\server\node_modules\router\index.js:295:15
    at processParams (E:\resume-v05\server\node_modules\router\index.js:582:12)
    at next (E:\resume-v05\server\node_modules\router\index.js:291:5)
    at Function.handle (E:\resume-v05\server\node_modules\router\index.js:186:3)
2025-09-14 15:46:05 [ERROR]: Status: 409, Name: USER ALREADY EXISTS, Message: An account with this email address already exists., URL: /api/auth/signup, Method: POST, IP: ::1
2025-09-14 15:46:05 [ERROR]: Stack: USER ALREADY EXISTS: An account with this email address already exists.
    at userSignUp (file:///E:/resume-v05/server/controller/auth-controller.js:18:19)
    at process.processTicksAndRejections (node:internal/process/task_queues:105:5)
2025-09-14 15:46:38 [ERROR]: Status: 401, Name: AUTHORIZATION TOKEN NOT FOUND, Message: Unable to find the authorization token in the cookie, URL: /api/auth/status, Method: GET, IP: ::1
2025-09-14 15:46:38 [ERROR]: Stack: AUTHORIZATION TOKEN NOT FOUND: Unable to find the authorization token in the cookie
    at userAuthorization (file:///E:/resume-v05/server/middleware/user-authorization.js:9:19)
    at Layer.handleRequest (E:\resume-v05\server\node_modules\router\lib\layer.js:152:17)
    at next (E:\resume-v05\server\node_modules\router\lib\route.js:157:13)
    at Route.dispatch (E:\resume-v05\server\node_modules\router\lib\route.js:117:3)
    at handle (E:\resume-v05\server\node_modules\router\index.js:435:11)
    at Layer.handleRequest (E:\resume-v05\server\node_modules\router\lib\layer.js:152:17)
    at E:\resume-v05\server\node_modules\router\index.js:295:15
    at processParams (E:\resume-v05\server\node_modules\router\index.js:582:12)
    at next (E:\resume-v05\server\node_modules\router\index.js:291:5)
    at Function.handle (E:\resume-v05\server\node_modules\router\index.js:186:3)
2025-09-14 15:46:38 [ERROR]: Status: 401, Name: AUTHORIZATION TOKEN NOT FOUND, Message: Unable to find the authorization token in the cookie, URL: /api/auth/status, Method: GET, IP: ::1
2025-09-14 15:46:38 [ERROR]: Stack: AUTHORIZATION TOKEN NOT FOUND: Unable to find the authorization token in the cookie
    at userAuthorization (file:///E:/resume-v05/server/middleware/user-authorization.js:9:19)
    at Layer.handleRequest (E:\resume-v05\server\node_modules\router\lib\layer.js:152:17)
    at next (E:\resume-v05\server\node_modules\router\lib\route.js:157:13)
    at Route.dispatch (E:\resume-v05\server\node_modules\router\lib\route.js:117:3)
    at handle (E:\resume-v05\server\node_modules\router\index.js:435:11)
    at Layer.handleRequest (E:\resume-v05\server\node_modules\router\lib\layer.js:152:17)
    at E:\resume-v05\server\node_modules\router\index.js:295:15
    at processParams (E:\resume-v05\server\node_modules\router\index.js:582:12)
    at next (E:\resume-v05\server\node_modules\router\index.js:291:5)
    at Function.handle (E:\resume-v05\server\node_modules\router\index.js:186:3)
2025-09-14 15:46:59 [ERROR]: Status: 409, Name: USER ALREADY EXISTS, Message: An account with this email address already exists., URL: /api/auth/signup, Method: POST, IP: ::1
2025-09-14 15:46:59 [ERROR]: Stack: USER ALREADY EXISTS: An account with this email address already exists.
    at userSignUp (file:///E:/resume-v05/server/controller/auth-controller.js:18:19)
    at process.processTicksAndRejections (node:internal/process/task_queues:105:5)
2025-09-14 15:47:13 [ERROR]: Status: 401, Name: AUTH_FAILED, Message: Invalid email or password, URL: /api/auth/signin, Method: POST, IP: ::1
2025-09-14 15:47:13 [ERROR]: Stack: AUTH_FAILED: Invalid email or password
    at userSignIn (file:///E:/resume-v05/server/controller/auth-controller.js:94:19)
    at process.processTicksAndRejections (node:internal/process/task_queues:105:5)
2025-09-14 16:08:22 [ERROR]: Status: 401, Name: AUTH_FAILED, Message: Invalid email or password, URL: /api/auth/signin, Method: POST, IP: ::1
2025-09-14 16:08:22 [ERROR]: Stack: AUTH_FAILED: Invalid email or password
    at userSignIn (file:///E:/resume-v05/server/controller/auth-controller.js:94:19)
    at process.processTicksAndRejections (node:internal/process/task_queues:105:5)
2025-09-14 16:15:06 [ERROR]: Status: 400, Name: Error, Message: Verification code is invalid or has expired., URL: /api/auth/verify-email, Method: POST, IP: ::1
2025-09-14 16:15:06 [ERROR]: Stack: Error: Verification code is invalid or has expired.
    at verifyEmail (file:///E:/resume-v05/server/controller/auth-controller.js:163:19)
    at process.processTicksAndRejections (node:internal/process/task_queues:105:5)
2025-09-14 16:15:48 [ERROR]: Status: 400, Name: Error, Message: Verification code is invalid or has expired., URL: /api/auth/verify-email, Method: POST, IP: ::1
2025-09-14 16:15:48 [ERROR]: Stack: Error: Verification code is invalid or has expired.
    at verifyEmail (file:///E:/resume-v05/server/controller/auth-controller.js:163:19)
    at process.processTicksAndRejections (node:internal/process/task_queues:105:5)
2025-09-14 16:15:50 [ERROR]: Status: 400, Name: Error, Message: Verification code is invalid or has expired., URL: /api/auth/verify-email, Method: POST, IP: ::1
2025-09-14 16:15:50 [ERROR]: Stack: Error: Verification code is invalid or has expired.
    at verifyEmail (file:///E:/resume-v05/server/controller/auth-controller.js:163:19)
    at process.processTicksAndRejections (node:internal/process/task_queues:105:5)
2025-09-14 16:21:03 [ERROR]: Status: 401, Name: AUTHORIZATION TOKEN NOT FOUND, Message: Unable to find the authorization token in the cookie, URL: /api/auth/status, Method: GET, IP: ::1
2025-09-14 16:21:03 [ERROR]: Stack: AUTHORIZATION TOKEN NOT FOUND: Unable to find the authorization token in the cookie
    at userAuthorization (file:///E:/resume-v05/server/middleware/user-authorization.js:9:19)
    at Layer.handleRequest (E:\resume-v05\server\node_modules\router\lib\layer.js:152:17)
    at next (E:\resume-v05\server\node_modules\router\lib\route.js:157:13)
    at Route.dispatch (E:\resume-v05\server\node_modules\router\lib\route.js:117:3)
    at handle (E:\resume-v05\server\node_modules\router\index.js:435:11)
    at Layer.handleRequest (E:\resume-v05\server\node_modules\router\lib\layer.js:152:17)
    at E:\resume-v05\server\node_modules\router\index.js:295:15
    at processParams (E:\resume-v05\server\node_modules\router\index.js:582:12)
    at next (E:\resume-v05\server\node_modules\router\index.js:291:5)
    at Function.handle (E:\resume-v05\server\node_modules\router\index.js:186:3)
2025-09-14 16:21:03 [ERROR]: Status: 401, Name: AUTHORIZATION TOKEN NOT FOUND, Message: Unable to find the authorization token in the cookie, URL: /api/auth/status, Method: GET, IP: ::1
2025-09-14 16:21:03 [ERROR]: Stack: AUTHORIZATION TOKEN NOT FOUND: Unable to find the authorization token in the cookie
    at userAuthorization (file:///E:/resume-v05/server/middleware/user-authorization.js:9:19)
    at Layer.handleRequest (E:\resume-v05\server\node_modules\router\lib\layer.js:152:17)
    at next (E:\resume-v05\server\node_modules\router\lib\route.js:157:13)
    at Route.dispatch (E:\resume-v05\server\node_modules\router\lib\route.js:117:3)
    at handle (E:\resume-v05\server\node_modules\router\index.js:435:11)
    at Layer.handleRequest (E:\resume-v05\server\node_modules\router\lib\layer.js:152:17)
    at E:\resume-v05\server\node_modules\router\index.js:295:15
    at processParams (E:\resume-v05\server\node_modules\router\index.js:582:12)
    at next (E:\resume-v05\server\node_modules\router\index.js:291:5)
    at Function.handle (E:\resume-v05\server\node_modules\router\index.js:186:3)
2025-09-14 16:23:36 [ERROR]: Status: 400, Name: VALIDATION_ERROR, Message: [object Object], URL: /api/auth/signin, Method: POST, IP: ::1
2025-09-14 16:23:36 [ERROR]: Stack: VALIDATION_ERROR: [object Object]
    at userSignInValidation (file:///E:/resume-v05/server/validators/auth-validators.js:120:17)
    at Layer.handleRequest (E:\resume-v05\server\node_modules\router\lib\layer.js:152:17)
    at next (E:\resume-v05\server\node_modules\router\lib\route.js:157:13)
    at middleware (E:\resume-v05\server\node_modules\express-validator\lib\middlewares\check.js:16:13)
    at process.processTicksAndRejections (node:internal/process/task_queues:105:5)
2025-09-14 17:11:58 [ERROR]: Status: 401, Name: AUTHORIZATION TOKEN NOT FOUND, Message: Unable to find the authorization token in the cookie, URL: /api/auth/status, Method: GET, IP: ::1
2025-09-14 17:11:58 [ERROR]: Stack: AUTHORIZATION TOKEN NOT FOUND: Unable to find the authorization token in the cookie
    at userAuthorization (file:///E:/resume-v05/server/middleware/user-authorization.js:9:19)
    at Layer.handleRequest (E:\resume-v05\server\node_modules\router\lib\layer.js:152:17)
    at next (E:\resume-v05\server\node_modules\router\lib\route.js:157:13)
    at Route.dispatch (E:\resume-v05\server\node_modules\router\lib\route.js:117:3)
    at handle (E:\resume-v05\server\node_modules\router\index.js:435:11)
    at Layer.handleRequest (E:\resume-v05\server\node_modules\router\lib\layer.js:152:17)
    at E:\resume-v05\server\node_modules\router\index.js:295:15
    at processParams (E:\resume-v05\server\node_modules\router\index.js:582:12)
    at next (E:\resume-v05\server\node_modules\router\index.js:291:5)
    at Function.handle (E:\resume-v05\server\node_modules\router\index.js:186:3)
2025-09-14 17:11:58 [ERROR]: Status: 401, Name: AUTHORIZATION TOKEN NOT FOUND, Message: Unable to find the authorization token in the cookie, URL: /api/auth/status, Method: GET, IP: ::1
2025-09-14 17:11:58 [ERROR]: Stack: AUTHORIZATION TOKEN NOT FOUND: Unable to find the authorization token in the cookie
    at userAuthorization (file:///E:/resume-v05/server/middleware/user-authorization.js:9:19)
    at Layer.handleRequest (E:\resume-v05\server\node_modules\router\lib\layer.js:152:17)
    at next (E:\resume-v05\server\node_modules\router\lib\route.js:157:13)
    at Route.dispatch (E:\resume-v05\server\node_modules\router\lib\route.js:117:3)
    at handle (E:\resume-v05\server\node_modules\router\index.js:435:11)
    at Layer.handleRequest (E:\resume-v05\server\node_modules\router\lib\layer.js:152:17)
    at E:\resume-v05\server\node_modules\router\index.js:295:15
    at processParams (E:\resume-v05\server\node_modules\router\index.js:582:12)
    at next (E:\resume-v05\server\node_modules\router\index.js:291:5)
    at Function.handle (E:\resume-v05\server\node_modules\router\index.js:186:3)
2025-09-14 17:12:35 [ERROR]: Status: 409, Name: USER ALREADY EXISTS, Message: An account with this email address already exists., URL: /api/auth/signup, Method: POST, IP: ::1
2025-09-14 17:12:35 [ERROR]: Stack: USER ALREADY EXISTS: An account with this email address already exists.
    at userSignUp (file:///E:/resume-v05/server/controller/auth-controller.js:18:19)
    at process.processTicksAndRejections (node:internal/process/task_queues:105:5)
2025-09-14 17:13:23 [ERROR]: Status: 401, Name: AUTH_FAILED, Message: Invalid email or password, URL: /api/auth/signin, Method: POST, IP: ::1
2025-09-14 17:13:23 [ERROR]: Stack: AUTH_FAILED: Invalid email or password
    at userSignIn (file:///E:/resume-v05/server/controller/auth-controller.js:76:20)
    at process.processTicksAndRejections (node:internal/process/task_queues:105:5)
2025-09-14 17:14:40 [ERROR]: Status: 400, Name: Error, Message: Verification code is invalid or has expired., URL: /api/auth/verify-email, Method: POST, IP: ::1
2025-09-14 17:14:40 [ERROR]: Stack: Error: Verification code is invalid or has expired.
    at verifyEmail (file:///E:/resume-v05/server/controller/auth-controller.js:163:19)
    at process.processTicksAndRejections (node:internal/process/task_queues:105:5)
2025-09-14 17:20:03 [ERROR]: Status: 409, Name: USER ALREADY EXISTS, Message: An account with this email address already exists., URL: /api/auth/signup, Method: POST, IP: ::1
2025-09-14 17:20:03 [ERROR]: Stack: USER ALREADY EXISTS: An account with this email address already exists.
    at userSignUp (file:///E:/resume-v05/server/controller/auth-controller.js:18:19)
    at process.processTicksAndRejections (node:internal/process/task_queues:105:5)
2025-09-14 17:22:43 [ERROR]: Status: 401, Name: AUTH_FAILED, Message: Invalid email or password, URL: /api/auth/signin, Method: POST, IP: ::1
2025-09-14 17:22:43 [ERROR]: Stack: AUTH_FAILED: Invalid email or password
    at userSignIn (file:///E:/resume-v05/server/controller/auth-controller.js:94:19)
    at process.processTicksAndRejections (node:internal/process/task_queues:105:5)
