2025-08-31T12:09:00.552Z [ERROR]: Status: 401, Name: AUTHORIZATION TOKEN NOT FOUND, Message: Unable to find the authorization token in the cookie, URL: /api/auth/status, Method: GET, IP: ::1
2025-08-31T12:09:00.553Z [ERROR]: Stack: AUTHORIZATION TOKEN NOT FOUND: Unable to find the authorization token in the cookie
    at userAuthorization (file:///E:/resume-v04/server/middleware/user-authorization.js:9:19)
    at Layer.handleRequest (E:\resume-v04\server\node_modules\router\lib\layer.js:152:17)
    at next (E:\resume-v04\server\node_modules\router\lib\route.js:157:13)
    at Route.dispatch (E:\resume-v04\server\node_modules\router\lib\route.js:117:3)
    at handle (E:\resume-v04\server\node_modules\router\index.js:435:11)
    at Layer.handleRequest (E:\resume-v04\server\node_modules\router\lib\layer.js:152:17)
    at E:\resume-v04\server\node_modules\router\index.js:295:15
    at processParams (E:\resume-v04\server\node_modules\router\index.js:582:12)
    at next (E:\resume-v04\server\node_modules\router\index.js:291:5)
    at Function.handle (E:\resume-v04\server\node_modules\router\index.js:186:3)
2025-08-31T12:09:00.573Z [ERROR]: Status: 401, Name: AUTHORIZATION TOKEN NOT FOUND, Message: Unable to find the authorization token in the cookie, URL: /api/auth/status, Method: GET, IP: ::1
2025-08-31T12:09:00.573Z [ERROR]: Stack: AUTHORIZATION TOKEN NOT FOUND: Unable to find the authorization token in the cookie
    at userAuthorization (file:///E:/resume-v04/server/middleware/user-authorization.js:9:19)
    at Layer.handleRequest (E:\resume-v04\server\node_modules\router\lib\layer.js:152:17)
    at next (E:\resume-v04\server\node_modules\router\lib\route.js:157:13)
    at Route.dispatch (E:\resume-v04\server\node_modules\router\lib\route.js:117:3)
    at handle (E:\resume-v04\server\node_modules\router\index.js:435:11)
    at Layer.handleRequest (E:\resume-v04\server\node_modules\router\lib\layer.js:152:17)
    at E:\resume-v04\server\node_modules\router\index.js:295:15
    at processParams (E:\resume-v04\server\node_modules\router\index.js:582:12)
    at next (E:\resume-v04\server\node_modules\router\index.js:291:5)
    at Function.handle (E:\resume-v04\server\node_modules\router\index.js:186:3)
2025-08-31T14:08:22.299Z [ERROR]: Status: 401, Name: AUTHORIZATION TOKEN NOT FOUND, Message: Unable to find the authorization token in the cookie, URL: /api/auth/status, Method: GET, IP: ::1
2025-08-31T14:08:22.300Z [ERROR]: Stack: AUTHORIZATION TOKEN NOT FOUND: Unable to find the authorization token in the cookie
    at userAuthorization (file:///E:/resume-v04/server/middleware/user-authorization.js:9:19)
    at Layer.handleRequest (E:\resume-v04\server\node_modules\router\lib\layer.js:152:17)
    at next (E:\resume-v04\server\node_modules\router\lib\route.js:157:13)
    at Route.dispatch (E:\resume-v04\server\node_modules\router\lib\route.js:117:3)
    at handle (E:\resume-v04\server\node_modules\router\index.js:435:11)
    at Layer.handleRequest (E:\resume-v04\server\node_modules\router\lib\layer.js:152:17)
    at E:\resume-v04\server\node_modules\router\index.js:295:15
    at processParams (E:\resume-v04\server\node_modules\router\index.js:582:12)
    at next (E:\resume-v04\server\node_modules\router\index.js:291:5)
    at Function.handle (E:\resume-v04\server\node_modules\router\index.js:186:3)
2025-08-31T14:08:22.306Z [ERROR]: Status: 401, Name: AUTHORIZATION TOKEN NOT FOUND, Message: Unable to find the authorization token in the cookie, URL: /api/auth/status, Method: GET, IP: ::1
2025-08-31T14:08:22.307Z [ERROR]: Stack: AUTHORIZATION TOKEN NOT FOUND: Unable to find the authorization token in the cookie
    at userAuthorization (file:///E:/resume-v04/server/middleware/user-authorization.js:9:19)
    at Layer.handleRequest (E:\resume-v04\server\node_modules\router\lib\layer.js:152:17)
    at next (E:\resume-v04\server\node_modules\router\lib\route.js:157:13)
    at Route.dispatch (E:\resume-v04\server\node_modules\router\lib\route.js:117:3)
    at handle (E:\resume-v04\server\node_modules\router\index.js:435:11)
    at Layer.handleRequest (E:\resume-v04\server\node_modules\router\lib\layer.js:152:17)
    at E:\resume-v04\server\node_modules\router\index.js:295:15
    at processParams (E:\resume-v04\server\node_modules\router\index.js:582:12)
    at next (E:\resume-v04\server\node_modules\router\index.js:291:5)
    at Function.handle (E:\resume-v04\server\node_modules\router\index.js:186:3)
2025-08-31T14:08:22.498Z [ERROR]: Status: 401, Name: AUTHORIZATION TOKEN NOT FOUND, Message: Unable to find the authorization token in the cookie, URL: /api/auth/status, Method: GET, IP: ::1
2025-08-31T14:08:22.498Z [ERROR]: Stack: AUTHORIZATION TOKEN NOT FOUND: Unable to find the authorization token in the cookie
    at userAuthorization (file:///E:/resume-v04/server/middleware/user-authorization.js:9:19)
    at Layer.handleRequest (E:\resume-v04\server\node_modules\router\lib\layer.js:152:17)
    at next (E:\resume-v04\server\node_modules\router\lib\route.js:157:13)
    at Route.dispatch (E:\resume-v04\server\node_modules\router\lib\route.js:117:3)
    at handle (E:\resume-v04\server\node_modules\router\index.js:435:11)
    at Layer.handleRequest (E:\resume-v04\server\node_modules\router\lib\layer.js:152:17)
    at E:\resume-v04\server\node_modules\router\index.js:295:15
    at processParams (E:\resume-v04\server\node_modules\router\index.js:582:12)
    at next (E:\resume-v04\server\node_modules\router\index.js:291:5)
    at Function.handle (E:\resume-v04\server\node_modules\router\index.js:186:3)
2025-08-31T14:08:22.502Z [ERROR]: Status: 401, Name: AUTHORIZATION TOKEN NOT FOUND, Message: Unable to find the authorization token in the cookie, URL: /api/auth/status, Method: GET, IP: ::1
2025-08-31T14:08:22.502Z [ERROR]: Stack: AUTHORIZATION TOKEN NOT FOUND: Unable to find the authorization token in the cookie
    at userAuthorization (file:///E:/resume-v04/server/middleware/user-authorization.js:9:19)
    at Layer.handleRequest (E:\resume-v04\server\node_modules\router\lib\layer.js:152:17)
    at next (E:\resume-v04\server\node_modules\router\lib\route.js:157:13)
    at Route.dispatch (E:\resume-v04\server\node_modules\router\lib\route.js:117:3)
    at handle (E:\resume-v04\server\node_modules\router\index.js:435:11)
    at Layer.handleRequest (E:\resume-v04\server\node_modules\router\lib\layer.js:152:17)
    at E:\resume-v04\server\node_modules\router\index.js:295:15
    at processParams (E:\resume-v04\server\node_modules\router\index.js:582:12)
    at next (E:\resume-v04\server\node_modules\router\index.js:291:5)
    at Function.handle (E:\resume-v04\server\node_modules\router\index.js:186:3)
2025-08-31T15:55:42.455Z [ERROR]: Status: 401, Name: AUTHORIZATION TOKEN NOT FOUND, Message: Unable to find the authorization token in the cookie, URL: /api/auth/status, Method: GET, IP: ::1
2025-08-31T15:55:42.456Z [ERROR]: Stack: AUTHORIZATION TOKEN NOT FOUND: Unable to find the authorization token in the cookie
    at userAuthorization (file:///E:/resume-v04/server/middleware/user-authorization.js:9:19)
    at Layer.handleRequest (E:\resume-v04\server\node_modules\router\lib\layer.js:152:17)
    at next (E:\resume-v04\server\node_modules\router\lib\route.js:157:13)
    at Route.dispatch (E:\resume-v04\server\node_modules\router\lib\route.js:117:3)
    at handle (E:\resume-v04\server\node_modules\router\index.js:435:11)
    at Layer.handleRequest (E:\resume-v04\server\node_modules\router\lib\layer.js:152:17)
    at E:\resume-v04\server\node_modules\router\index.js:295:15
    at processParams (E:\resume-v04\server\node_modules\router\index.js:582:12)
    at next (E:\resume-v04\server\node_modules\router\index.js:291:5)
    at Function.handle (E:\resume-v04\server\node_modules\router\index.js:186:3)
2025-08-31T15:55:42.505Z [ERROR]: Status: 401, Name: AUTHORIZATION TOKEN NOT FOUND, Message: Unable to find the authorization token in the cookie, URL: /api/auth/status, Method: GET, IP: ::1
2025-08-31T15:55:42.506Z [ERROR]: Stack: AUTHORIZATION TOKEN NOT FOUND: Unable to find the authorization token in the cookie
    at userAuthorization (file:///E:/resume-v04/server/middleware/user-authorization.js:9:19)
    at Layer.handleRequest (E:\resume-v04\server\node_modules\router\lib\layer.js:152:17)
    at next (E:\resume-v04\server\node_modules\router\lib\route.js:157:13)
    at Route.dispatch (E:\resume-v04\server\node_modules\router\lib\route.js:117:3)
    at handle (E:\resume-v04\server\node_modules\router\index.js:435:11)
    at Layer.handleRequest (E:\resume-v04\server\node_modules\router\lib\layer.js:152:17)
    at E:\resume-v04\server\node_modules\router\index.js:295:15
    at processParams (E:\resume-v04\server\node_modules\router\index.js:582:12)
    at next (E:\resume-v04\server\node_modules\router\index.js:291:5)
    at Function.handle (E:\resume-v04\server\node_modules\router\index.js:186:3)
2025-08-31T15:56:40.643Z [ERROR]: Status: 401, Name: AUTHORIZATION TOKEN NOT FOUND, Message: Unable to find the authorization token in the cookie, URL: /api/auth/status, Method: GET, IP: ::1
2025-08-31T15:56:40.643Z [ERROR]: Stack: AUTHORIZATION TOKEN NOT FOUND: Unable to find the authorization token in the cookie
    at userAuthorization (file:///E:/resume-v04/server/middleware/user-authorization.js:9:19)
    at Layer.handleRequest (E:\resume-v04\server\node_modules\router\lib\layer.js:152:17)
    at next (E:\resume-v04\server\node_modules\router\lib\route.js:157:13)
    at Route.dispatch (E:\resume-v04\server\node_modules\router\lib\route.js:117:3)
    at handle (E:\resume-v04\server\node_modules\router\index.js:435:11)
    at Layer.handleRequest (E:\resume-v04\server\node_modules\router\lib\layer.js:152:17)
    at E:\resume-v04\server\node_modules\router\index.js:295:15
    at processParams (E:\resume-v04\server\node_modules\router\index.js:582:12)
    at next (E:\resume-v04\server\node_modules\router\index.js:291:5)
    at Function.handle (E:\resume-v04\server\node_modules\router\index.js:186:3)
2025-08-31T15:56:40.650Z [ERROR]: Status: 401, Name: AUTHORIZATION TOKEN NOT FOUND, Message: Unable to find the authorization token in the cookie, URL: /api/auth/status, Method: GET, IP: ::1
2025-08-31T15:56:40.651Z [ERROR]: Stack: AUTHORIZATION TOKEN NOT FOUND: Unable to find the authorization token in the cookie
    at userAuthorization (file:///E:/resume-v04/server/middleware/user-authorization.js:9:19)
    at Layer.handleRequest (E:\resume-v04\server\node_modules\router\lib\layer.js:152:17)
    at next (E:\resume-v04\server\node_modules\router\lib\route.js:157:13)
    at Route.dispatch (E:\resume-v04\server\node_modules\router\lib\route.js:117:3)
    at handle (E:\resume-v04\server\node_modules\router\index.js:435:11)
    at Layer.handleRequest (E:\resume-v04\server\node_modules\router\lib\layer.js:152:17)
    at E:\resume-v04\server\node_modules\router\index.js:295:15
    at processParams (E:\resume-v04\server\node_modules\router\index.js:582:12)
    at next (E:\resume-v04\server\node_modules\router\index.js:291:5)
    at Function.handle (E:\resume-v04\server\node_modules\router\index.js:186:3)
2025-08-31T16:06:28.948Z [ERROR]: Status: 401, Name: AUTHORIZATION TOKEN NOT FOUND, Message: Unable to find the authorization token in the cookie, URL: /api/auth/status, Method: GET, IP: ::1
2025-08-31T16:06:28.949Z [ERROR]: Stack: AUTHORIZATION TOKEN NOT FOUND: Unable to find the authorization token in the cookie
    at userAuthorization (file:///E:/resume-v04/server/middleware/user-authorization.js:9:19)
    at Layer.handleRequest (E:\resume-v04\server\node_modules\router\lib\layer.js:152:17)
    at next (E:\resume-v04\server\node_modules\router\lib\route.js:157:13)
    at Route.dispatch (E:\resume-v04\server\node_modules\router\lib\route.js:117:3)
    at handle (E:\resume-v04\server\node_modules\router\index.js:435:11)
    at Layer.handleRequest (E:\resume-v04\server\node_modules\router\lib\layer.js:152:17)
    at E:\resume-v04\server\node_modules\router\index.js:295:15
    at processParams (E:\resume-v04\server\node_modules\router\index.js:582:12)
    at next (E:\resume-v04\server\node_modules\router\index.js:291:5)
    at Function.handle (E:\resume-v04\server\node_modules\router\index.js:186:3)
2025-08-31T16:06:28.956Z [ERROR]: Status: 401, Name: AUTHORIZATION TOKEN NOT FOUND, Message: Unable to find the authorization token in the cookie, URL: /api/auth/status, Method: GET, IP: ::1
2025-08-31T16:06:28.956Z [ERROR]: Stack: AUTHORIZATION TOKEN NOT FOUND: Unable to find the authorization token in the cookie
    at userAuthorization (file:///E:/resume-v04/server/middleware/user-authorization.js:9:19)
    at Layer.handleRequest (E:\resume-v04\server\node_modules\router\lib\layer.js:152:17)
    at next (E:\resume-v04\server\node_modules\router\lib\route.js:157:13)
    at Route.dispatch (E:\resume-v04\server\node_modules\router\lib\route.js:117:3)
    at handle (E:\resume-v04\server\node_modules\router\index.js:435:11)
    at Layer.handleRequest (E:\resume-v04\server\node_modules\router\lib\layer.js:152:17)
    at E:\resume-v04\server\node_modules\router\index.js:295:15
    at processParams (E:\resume-v04\server\node_modules\router\index.js:582:12)
    at next (E:\resume-v04\server\node_modules\router\index.js:291:5)
    at Function.handle (E:\resume-v04\server\node_modules\router\index.js:186:3)
2025-08-31T16:13:05.743Z [ERROR]: Status: 401, Name: AUTHORIZATION TOKEN NOT FOUND, Message: Unable to find the authorization token in the cookie, URL: /api/auth/status, Method: GET, IP: ::1
2025-08-31T16:13:05.744Z [ERROR]: Stack: AUTHORIZATION TOKEN NOT FOUND: Unable to find the authorization token in the cookie
    at userAuthorization (file:///E:/resume-v04/server/middleware/user-authorization.js:9:19)
    at Layer.handleRequest (E:\resume-v04\server\node_modules\router\lib\layer.js:152:17)
    at next (E:\resume-v04\server\node_modules\router\lib\route.js:157:13)
    at Route.dispatch (E:\resume-v04\server\node_modules\router\lib\route.js:117:3)
    at handle (E:\resume-v04\server\node_modules\router\index.js:435:11)
    at Layer.handleRequest (E:\resume-v04\server\node_modules\router\lib\layer.js:152:17)
    at E:\resume-v04\server\node_modules\router\index.js:295:15
    at processParams (E:\resume-v04\server\node_modules\router\index.js:582:12)
    at next (E:\resume-v04\server\node_modules\router\index.js:291:5)
    at Function.handle (E:\resume-v04\server\node_modules\router\index.js:186:3)
2025-08-31T16:13:05.748Z [ERROR]: Status: 401, Name: AUTHORIZATION TOKEN NOT FOUND, Message: Unable to find the authorization token in the cookie, URL: /api/auth/status, Method: GET, IP: ::1
2025-08-31T16:13:05.749Z [ERROR]: Stack: AUTHORIZATION TOKEN NOT FOUND: Unable to find the authorization token in the cookie
    at userAuthorization (file:///E:/resume-v04/server/middleware/user-authorization.js:9:19)
    at Layer.handleRequest (E:\resume-v04\server\node_modules\router\lib\layer.js:152:17)
    at next (E:\resume-v04\server\node_modules\router\lib\route.js:157:13)
    at Route.dispatch (E:\resume-v04\server\node_modules\router\lib\route.js:117:3)
    at handle (E:\resume-v04\server\node_modules\router\index.js:435:11)
    at Layer.handleRequest (E:\resume-v04\server\node_modules\router\lib\layer.js:152:17)
    at E:\resume-v04\server\node_modules\router\index.js:295:15
    at processParams (E:\resume-v04\server\node_modules\router\index.js:582:12)
    at next (E:\resume-v04\server\node_modules\router\index.js:291:5)
    at Function.handle (E:\resume-v04\server\node_modules\router\index.js:186:3)
2025-08-31T16:28:06.515Z [ERROR]: Status: 401, Name: AUTHORIZATION TOKEN NOT FOUND, Message: Unable to find the authorization token in the cookie, URL: /api/auth/status, Method: GET, IP: ::1
2025-08-31T16:28:06.515Z [ERROR]: Stack: AUTHORIZATION TOKEN NOT FOUND: Unable to find the authorization token in the cookie
    at userAuthorization (file:///E:/resume-v04/server/middleware/user-authorization.js:9:19)
    at Layer.handleRequest (E:\resume-v04\server\node_modules\router\lib\layer.js:152:17)
    at next (E:\resume-v04\server\node_modules\router\lib\route.js:157:13)
    at Route.dispatch (E:\resume-v04\server\node_modules\router\lib\route.js:117:3)
    at handle (E:\resume-v04\server\node_modules\router\index.js:435:11)
    at Layer.handleRequest (E:\resume-v04\server\node_modules\router\lib\layer.js:152:17)
    at E:\resume-v04\server\node_modules\router\index.js:295:15
    at processParams (E:\resume-v04\server\node_modules\router\index.js:582:12)
    at next (E:\resume-v04\server\node_modules\router\index.js:291:5)
    at Function.handle (E:\resume-v04\server\node_modules\router\index.js:186:3)
2025-08-31T16:28:06.522Z [ERROR]: Status: 401, Name: AUTHORIZATION TOKEN NOT FOUND, Message: Unable to find the authorization token in the cookie, URL: /api/auth/status, Method: GET, IP: ::1
2025-08-31T16:28:06.523Z [ERROR]: Stack: AUTHORIZATION TOKEN NOT FOUND: Unable to find the authorization token in the cookie
    at userAuthorization (file:///E:/resume-v04/server/middleware/user-authorization.js:9:19)
    at Layer.handleRequest (E:\resume-v04\server\node_modules\router\lib\layer.js:152:17)
    at next (E:\resume-v04\server\node_modules\router\lib\route.js:157:13)
    at Route.dispatch (E:\resume-v04\server\node_modules\router\lib\route.js:117:3)
    at handle (E:\resume-v04\server\node_modules\router\index.js:435:11)
    at Layer.handleRequest (E:\resume-v04\server\node_modules\router\lib\layer.js:152:17)
    at E:\resume-v04\server\node_modules\router\index.js:295:15
    at processParams (E:\resume-v04\server\node_modules\router\index.js:582:12)
    at next (E:\resume-v04\server\node_modules\router\index.js:291:5)
    at Function.handle (E:\resume-v04\server\node_modules\router\index.js:186:3)
2025-08-31T16:55:16.285Z [ERROR]: Status: 401, Name: AUTHORIZATION TOKEN NOT FOUND, Message: Unable to find the authorization token in the cookie, URL: /api/auth/status, Method: GET, IP: ::1
2025-08-31T16:55:16.286Z [ERROR]: Stack: AUTHORIZATION TOKEN NOT FOUND: Unable to find the authorization token in the cookie
    at userAuthorization (file:///E:/resume-v04/server/middleware/user-authorization.js:9:19)
    at Layer.handleRequest (E:\resume-v04\server\node_modules\router\lib\layer.js:152:17)
    at next (E:\resume-v04\server\node_modules\router\lib\route.js:157:13)
    at Route.dispatch (E:\resume-v04\server\node_modules\router\lib\route.js:117:3)
    at handle (E:\resume-v04\server\node_modules\router\index.js:435:11)
    at Layer.handleRequest (E:\resume-v04\server\node_modules\router\lib\layer.js:152:17)
    at E:\resume-v04\server\node_modules\router\index.js:295:15
    at processParams (E:\resume-v04\server\node_modules\router\index.js:582:12)
    at next (E:\resume-v04\server\node_modules\router\index.js:291:5)
    at Function.handle (E:\resume-v04\server\node_modules\router\index.js:186:3)
2025-08-31T16:55:16.294Z [ERROR]: Status: 401, Name: AUTHORIZATION TOKEN NOT FOUND, Message: Unable to find the authorization token in the cookie, URL: /api/auth/status, Method: GET, IP: ::1
2025-08-31T16:55:16.295Z [ERROR]: Stack: AUTHORIZATION TOKEN NOT FOUND: Unable to find the authorization token in the cookie
    at userAuthorization (file:///E:/resume-v04/server/middleware/user-authorization.js:9:19)
    at Layer.handleRequest (E:\resume-v04\server\node_modules\router\lib\layer.js:152:17)
    at next (E:\resume-v04\server\node_modules\router\lib\route.js:157:13)
    at Route.dispatch (E:\resume-v04\server\node_modules\router\lib\route.js:117:3)
    at handle (E:\resume-v04\server\node_modules\router\index.js:435:11)
    at Layer.handleRequest (E:\resume-v04\server\node_modules\router\lib\layer.js:152:17)
    at E:\resume-v04\server\node_modules\router\index.js:295:15
    at processParams (E:\resume-v04\server\node_modules\router\index.js:582:12)
    at next (E:\resume-v04\server\node_modules\router\index.js:291:5)
    at Function.handle (E:\resume-v04\server\node_modules\router\index.js:186:3)
2025-08-31T17:05:53.673Z [ERROR]: Status: 401, Name: AUTHORIZATION TOKEN NOT FOUND, Message: Unable to find the authorization token in the cookie, URL: /api/auth/status, Method: GET, IP: ::1
2025-08-31T17:05:53.674Z [ERROR]: Stack: AUTHORIZATION TOKEN NOT FOUND: Unable to find the authorization token in the cookie
    at userAuthorization (file:///E:/resume-v04/server/middleware/user-authorization.js:9:19)
    at Layer.handleRequest (E:\resume-v04\server\node_modules\router\lib\layer.js:152:17)
    at next (E:\resume-v04\server\node_modules\router\lib\route.js:157:13)
    at Route.dispatch (E:\resume-v04\server\node_modules\router\lib\route.js:117:3)
    at handle (E:\resume-v04\server\node_modules\router\index.js:435:11)
    at Layer.handleRequest (E:\resume-v04\server\node_modules\router\lib\layer.js:152:17)
    at E:\resume-v04\server\node_modules\router\index.js:295:15
    at processParams (E:\resume-v04\server\node_modules\router\index.js:582:12)
    at next (E:\resume-v04\server\node_modules\router\index.js:291:5)
    at Function.handle (E:\resume-v04\server\node_modules\router\index.js:186:3)
2025-08-31T17:05:53.681Z [ERROR]: Status: 401, Name: AUTHORIZATION TOKEN NOT FOUND, Message: Unable to find the authorization token in the cookie, URL: /api/auth/status, Method: GET, IP: ::1
2025-08-31T17:05:53.681Z [ERROR]: Stack: AUTHORIZATION TOKEN NOT FOUND: Unable to find the authorization token in the cookie
    at userAuthorization (file:///E:/resume-v04/server/middleware/user-authorization.js:9:19)
    at Layer.handleRequest (E:\resume-v04\server\node_modules\router\lib\layer.js:152:17)
    at next (E:\resume-v04\server\node_modules\router\lib\route.js:157:13)
    at Route.dispatch (E:\resume-v04\server\node_modules\router\lib\route.js:117:3)
    at handle (E:\resume-v04\server\node_modules\router\index.js:435:11)
    at Layer.handleRequest (E:\resume-v04\server\node_modules\router\lib\layer.js:152:17)
    at E:\resume-v04\server\node_modules\router\index.js:295:15
    at processParams (E:\resume-v04\server\node_modules\router\index.js:582:12)
    at next (E:\resume-v04\server\node_modules\router\index.js:291:5)
    at Function.handle (E:\resume-v04\server\node_modules\router\index.js:186:3)
