2025-10-23 09:58:53 [ERROR]: Status: 401, Name: AUTHORIZATION TOKEN NOT FOUND, Message: Unable to find the authorization token in the cookie, URL: /api/auth/status, Method: GET, IP: ::1
2025-10-23 09:58:53 [ERROR]: Stack: AUTHORIZATION TOKEN NOT FOUND: Unable to find the authorization token in the cookie
    at userAuthorization (file:///G:/resume-v1-nai/server/middleware/user-authorization.js:9:19)
    at Layer.handleRequest (G:\resume-v1-nai\server\node_modules\router\lib\layer.js:152:17)
    at next (G:\resume-v1-nai\server\node_modules\router\lib\route.js:157:13)
    at Route.dispatch (G:\resume-v1-nai\server\node_modules\router\lib\route.js:117:3)
    at handle (G:\resume-v1-nai\server\node_modules\router\index.js:435:11)
    at Layer.handleRequest (G:\resume-v1-nai\server\node_modules\router\lib\layer.js:152:17)
    at G:\resume-v1-nai\server\node_modules\router\index.js:295:15
    at processParams (G:\resume-v1-nai\server\node_modules\router\index.js:582:12)
    at next (G:\resume-v1-nai\server\node_modules\router\index.js:291:5)
    at Function.handle (G:\resume-v1-nai\server\node_modules\router\index.js:186:3)
    at router (G:\resume-v1-nai\server\node_modules\router\index.js:60:12)
    at Layer.handleRequest (G:\resume-v1-nai\server\node_modules\router\lib\layer.js:152:17)
    at trimPrefix (G:\resume-v1-nai\server\node_modules\router\index.js:342:13)
    at G:\resume-v1-nai\server\node_modules\router\index.js:297:9
    at processParams (G:\resume-v1-nai\server\node_modules\router\index.js:582:12)
    at next (G:\resume-v1-nai\server\node_modules\router\index.js:291:5)
2025-10-23 09:58:53 [ERROR]: Status: 401, Name: AUTHORIZATION TOKEN NOT FOUND, Message: Unable to find the authorization token in the cookie, URL: /api/auth/status, Method: GET, IP: ::1
2025-10-23 09:58:53 [ERROR]: Stack: AUTHORIZATION TOKEN NOT FOUND: Unable to find the authorization token in the cookie
    at userAuthorization (file:///G:/resume-v1-nai/server/middleware/user-authorization.js:9:19)
    at Layer.handleRequest (G:\resume-v1-nai\server\node_modules\router\lib\layer.js:152:17)
    at next (G:\resume-v1-nai\server\node_modules\router\lib\route.js:157:13)
    at Route.dispatch (G:\resume-v1-nai\server\node_modules\router\lib\route.js:117:3)
    at handle (G:\resume-v1-nai\server\node_modules\router\index.js:435:11)
    at Layer.handleRequest (G:\resume-v1-nai\server\node_modules\router\lib\layer.js:152:17)
    at G:\resume-v1-nai\server\node_modules\router\index.js:295:15
    at processParams (G:\resume-v1-nai\server\node_modules\router\index.js:582:12)
    at next (G:\resume-v1-nai\server\node_modules\router\index.js:291:5)
    at Function.handle (G:\resume-v1-nai\server\node_modules\router\index.js:186:3)
    at router (G:\resume-v1-nai\server\node_modules\router\index.js:60:12)
    at Layer.handleRequest (G:\resume-v1-nai\server\node_modules\router\lib\layer.js:152:17)
    at trimPrefix (G:\resume-v1-nai\server\node_modules\router\index.js:342:13)
    at G:\resume-v1-nai\server\node_modules\router\index.js:297:9
    at processParams (G:\resume-v1-nai\server\node_modules\router\index.js:582:12)
    at next (G:\resume-v1-nai\server\node_modules\router\index.js:291:5)
2025-10-23 10:03:09 [ERROR]: [ATSScore] Router error: Unable to find the authorization token in the cookie
2025-10-23 10:23:42 [ERROR]: Status: 401, Name: AUTHORIZATION TOKEN NOT FOUND, Message: Unable to find the authorization token in the cookie, URL: /api/cover-letter/generate, Method: POST, IP: ::1
2025-10-23 10:23:42 [ERROR]: Stack: AUTHORIZATION TOKEN NOT FOUND: Unable to find the authorization token in the cookie
    at userAuthorization (file:///G:/resume-v1-nai/server/middleware/user-authorization.js:9:19)
    at Layer.handleRequest (G:\resume-v1-nai\server\node_modules\router\lib\layer.js:152:17)
    at next (G:\resume-v1-nai\server\node_modules\router\lib\route.js:157:13)
    at Route.dispatch (G:\resume-v1-nai\server\node_modules\router\lib\route.js:117:3)
    at handle (G:\resume-v1-nai\server\node_modules\router\index.js:435:11)
    at Layer.handleRequest (G:\resume-v1-nai\server\node_modules\router\lib\layer.js:152:17)
    at G:\resume-v1-nai\server\node_modules\router\index.js:295:15
    at processParams (G:\resume-v1-nai\server\node_modules\router\index.js:582:12)
    at next (G:\resume-v1-nai\server\node_modules\router\index.js:291:5)
    at Function.handle (G:\resume-v1-nai\server\node_modules\router\index.js:186:3)
    at router (G:\resume-v1-nai\server\node_modules\router\index.js:60:12)
    at Layer.handleRequest (G:\resume-v1-nai\server\node_modules\router\lib\layer.js:152:17)
    at trimPrefix (G:\resume-v1-nai\server\node_modules\router\index.js:342:13)
    at G:\resume-v1-nai\server\node_modules\router\index.js:297:9
    at processParams (G:\resume-v1-nai\server\node_modules\router\index.js:582:12)
    at next (G:\resume-v1-nai\server\node_modules\router\index.js:291:5)
2025-10-23 10:25:23 [ERROR]: Status: 401, Name: AUTHORIZATION TOKEN NOT FOUND, Message: Unable to find the authorization token in the cookie, URL: /api/auth/status, Method: GET, IP: ::1
2025-10-23 10:25:23 [ERROR]: Stack: AUTHORIZATION TOKEN NOT FOUND: Unable to find the authorization token in the cookie
    at userAuthorization (file:///G:/resume-v1-nai/server/middleware/user-authorization.js:9:19)
    at Layer.handleRequest (G:\resume-v1-nai\server\node_modules\router\lib\layer.js:152:17)
    at next (G:\resume-v1-nai\server\node_modules\router\lib\route.js:157:13)
    at Route.dispatch (G:\resume-v1-nai\server\node_modules\router\lib\route.js:117:3)
    at handle (G:\resume-v1-nai\server\node_modules\router\index.js:435:11)
    at Layer.handleRequest (G:\resume-v1-nai\server\node_modules\router\lib\layer.js:152:17)
    at G:\resume-v1-nai\server\node_modules\router\index.js:295:15
    at processParams (G:\resume-v1-nai\server\node_modules\router\index.js:582:12)
    at next (G:\resume-v1-nai\server\node_modules\router\index.js:291:5)
    at Function.handle (G:\resume-v1-nai\server\node_modules\router\index.js:186:3)
    at router (G:\resume-v1-nai\server\node_modules\router\index.js:60:12)
    at Layer.handleRequest (G:\resume-v1-nai\server\node_modules\router\lib\layer.js:152:17)
    at trimPrefix (G:\resume-v1-nai\server\node_modules\router\index.js:342:13)
    at G:\resume-v1-nai\server\node_modules\router\index.js:297:9
    at processParams (G:\resume-v1-nai\server\node_modules\router\index.js:582:12)
    at next (G:\resume-v1-nai\server\node_modules\router\index.js:291:5)
2025-10-23 10:25:23 [ERROR]: Status: 401, Name: AUTHORIZATION TOKEN NOT FOUND, Message: Unable to find the authorization token in the cookie, URL: /api/auth/status, Method: GET, IP: ::1
2025-10-23 10:25:23 [ERROR]: Stack: AUTHORIZATION TOKEN NOT FOUND: Unable to find the authorization token in the cookie
    at userAuthorization (file:///G:/resume-v1-nai/server/middleware/user-authorization.js:9:19)
    at Layer.handleRequest (G:\resume-v1-nai\server\node_modules\router\lib\layer.js:152:17)
    at next (G:\resume-v1-nai\server\node_modules\router\lib\route.js:157:13)
    at Route.dispatch (G:\resume-v1-nai\server\node_modules\router\lib\route.js:117:3)
    at handle (G:\resume-v1-nai\server\node_modules\router\index.js:435:11)
    at Layer.handleRequest (G:\resume-v1-nai\server\node_modules\router\lib\layer.js:152:17)
    at G:\resume-v1-nai\server\node_modules\router\index.js:295:15
    at processParams (G:\resume-v1-nai\server\node_modules\router\index.js:582:12)
    at next (G:\resume-v1-nai\server\node_modules\router\index.js:291:5)
    at Function.handle (G:\resume-v1-nai\server\node_modules\router\index.js:186:3)
    at router (G:\resume-v1-nai\server\node_modules\router\index.js:60:12)
    at Layer.handleRequest (G:\resume-v1-nai\server\node_modules\router\lib\layer.js:152:17)
    at trimPrefix (G:\resume-v1-nai\server\node_modules\router\index.js:342:13)
    at G:\resume-v1-nai\server\node_modules\router\index.js:297:9
    at processParams (G:\resume-v1-nai\server\node_modules\router\index.js:582:12)
    at next (G:\resume-v1-nai\server\node_modules\router\index.js:291:5)
2025-10-23 10:25:25 [ERROR]: Status: 401, Name: AUTHORIZATION TOKEN NOT FOUND, Message: Unable to find the authorization token in the cookie, URL: /api/auth/status, Method: GET, IP: ::1
2025-10-23 10:25:25 [ERROR]: Stack: AUTHORIZATION TOKEN NOT FOUND: Unable to find the authorization token in the cookie
    at userAuthorization (file:///G:/resume-v1-nai/server/middleware/user-authorization.js:9:19)
    at Layer.handleRequest (G:\resume-v1-nai\server\node_modules\router\lib\layer.js:152:17)
    at next (G:\resume-v1-nai\server\node_modules\router\lib\route.js:157:13)
    at Route.dispatch (G:\resume-v1-nai\server\node_modules\router\lib\route.js:117:3)
    at handle (G:\resume-v1-nai\server\node_modules\router\index.js:435:11)
    at Layer.handleRequest (G:\resume-v1-nai\server\node_modules\router\lib\layer.js:152:17)
    at G:\resume-v1-nai\server\node_modules\router\index.js:295:15
    at processParams (G:\resume-v1-nai\server\node_modules\router\index.js:582:12)
    at next (G:\resume-v1-nai\server\node_modules\router\index.js:291:5)
    at Function.handle (G:\resume-v1-nai\server\node_modules\router\index.js:186:3)
    at router (G:\resume-v1-nai\server\node_modules\router\index.js:60:12)
    at Layer.handleRequest (G:\resume-v1-nai\server\node_modules\router\lib\layer.js:152:17)
    at trimPrefix (G:\resume-v1-nai\server\node_modules\router\index.js:342:13)
    at G:\resume-v1-nai\server\node_modules\router\index.js:297:9
    at processParams (G:\resume-v1-nai\server\node_modules\router\index.js:582:12)
    at next (G:\resume-v1-nai\server\node_modules\router\index.js:291:5)
2025-10-23 10:25:25 [ERROR]: Status: 401, Name: AUTHORIZATION TOKEN NOT FOUND, Message: Unable to find the authorization token in the cookie, URL: /api/auth/status, Method: GET, IP: ::1
2025-10-23 10:25:25 [ERROR]: Stack: AUTHORIZATION TOKEN NOT FOUND: Unable to find the authorization token in the cookie
    at userAuthorization (file:///G:/resume-v1-nai/server/middleware/user-authorization.js:9:19)
    at Layer.handleRequest (G:\resume-v1-nai\server\node_modules\router\lib\layer.js:152:17)
    at next (G:\resume-v1-nai\server\node_modules\router\lib\route.js:157:13)
    at Route.dispatch (G:\resume-v1-nai\server\node_modules\router\lib\route.js:117:3)
    at handle (G:\resume-v1-nai\server\node_modules\router\index.js:435:11)
    at Layer.handleRequest (G:\resume-v1-nai\server\node_modules\router\lib\layer.js:152:17)
    at G:\resume-v1-nai\server\node_modules\router\index.js:295:15
    at processParams (G:\resume-v1-nai\server\node_modules\router\index.js:582:12)
    at next (G:\resume-v1-nai\server\node_modules\router\index.js:291:5)
    at Function.handle (G:\resume-v1-nai\server\node_modules\router\index.js:186:3)
    at router (G:\resume-v1-nai\server\node_modules\router\index.js:60:12)
    at Layer.handleRequest (G:\resume-v1-nai\server\node_modules\router\lib\layer.js:152:17)
    at trimPrefix (G:\resume-v1-nai\server\node_modules\router\index.js:342:13)
    at G:\resume-v1-nai\server\node_modules\router\index.js:297:9
    at processParams (G:\resume-v1-nai\server\node_modules\router\index.js:582:12)
    at next (G:\resume-v1-nai\server\node_modules\router\index.js:291:5)
2025-10-23 10:25:28 [ERROR]: Status: 401, Name: AUTHORIZATION TOKEN NOT FOUND, Message: Unable to find the authorization token in the cookie, URL: /api/auth/status, Method: GET, IP: ::1
2025-10-23 10:25:28 [ERROR]: Stack: AUTHORIZATION TOKEN NOT FOUND: Unable to find the authorization token in the cookie
    at userAuthorization (file:///G:/resume-v1-nai/server/middleware/user-authorization.js:9:19)
    at Layer.handleRequest (G:\resume-v1-nai\server\node_modules\router\lib\layer.js:152:17)
    at next (G:\resume-v1-nai\server\node_modules\router\lib\route.js:157:13)
    at Route.dispatch (G:\resume-v1-nai\server\node_modules\router\lib\route.js:117:3)
    at handle (G:\resume-v1-nai\server\node_modules\router\index.js:435:11)
    at Layer.handleRequest (G:\resume-v1-nai\server\node_modules\router\lib\layer.js:152:17)
    at G:\resume-v1-nai\server\node_modules\router\index.js:295:15
    at processParams (G:\resume-v1-nai\server\node_modules\router\index.js:582:12)
    at next (G:\resume-v1-nai\server\node_modules\router\index.js:291:5)
    at Function.handle (G:\resume-v1-nai\server\node_modules\router\index.js:186:3)
    at router (G:\resume-v1-nai\server\node_modules\router\index.js:60:12)
    at Layer.handleRequest (G:\resume-v1-nai\server\node_modules\router\lib\layer.js:152:17)
    at trimPrefix (G:\resume-v1-nai\server\node_modules\router\index.js:342:13)
    at G:\resume-v1-nai\server\node_modules\router\index.js:297:9
    at processParams (G:\resume-v1-nai\server\node_modules\router\index.js:582:12)
    at next (G:\resume-v1-nai\server\node_modules\router\index.js:291:5)
2025-10-23 10:25:28 [ERROR]: Status: 401, Name: AUTHORIZATION TOKEN NOT FOUND, Message: Unable to find the authorization token in the cookie, URL: /api/auth/status, Method: GET, IP: ::1
2025-10-23 10:25:28 [ERROR]: Stack: AUTHORIZATION TOKEN NOT FOUND: Unable to find the authorization token in the cookie
    at userAuthorization (file:///G:/resume-v1-nai/server/middleware/user-authorization.js:9:19)
    at Layer.handleRequest (G:\resume-v1-nai\server\node_modules\router\lib\layer.js:152:17)
    at next (G:\resume-v1-nai\server\node_modules\router\lib\route.js:157:13)
    at Route.dispatch (G:\resume-v1-nai\server\node_modules\router\lib\route.js:117:3)
    at handle (G:\resume-v1-nai\server\node_modules\router\index.js:435:11)
    at Layer.handleRequest (G:\resume-v1-nai\server\node_modules\router\lib\layer.js:152:17)
    at G:\resume-v1-nai\server\node_modules\router\index.js:295:15
    at processParams (G:\resume-v1-nai\server\node_modules\router\index.js:582:12)
    at next (G:\resume-v1-nai\server\node_modules\router\index.js:291:5)
    at Function.handle (G:\resume-v1-nai\server\node_modules\router\index.js:186:3)
    at router (G:\resume-v1-nai\server\node_modules\router\index.js:60:12)
    at Layer.handleRequest (G:\resume-v1-nai\server\node_modules\router\lib\layer.js:152:17)
    at trimPrefix (G:\resume-v1-nai\server\node_modules\router\index.js:342:13)
    at G:\resume-v1-nai\server\node_modules\router\index.js:297:9
    at processParams (G:\resume-v1-nai\server\node_modules\router\index.js:582:12)
    at next (G:\resume-v1-nai\server\node_modules\router\index.js:291:5)
2025-10-23 10:25:33 [ERROR]: Status: 401, Name: AUTHORIZATION TOKEN NOT FOUND, Message: Unable to find the authorization token in the cookie, URL: /api/auth/status, Method: GET, IP: ::1
2025-10-23 10:25:33 [ERROR]: Stack: AUTHORIZATION TOKEN NOT FOUND: Unable to find the authorization token in the cookie
    at userAuthorization (file:///G:/resume-v1-nai/server/middleware/user-authorization.js:9:19)
    at Layer.handleRequest (G:\resume-v1-nai\server\node_modules\router\lib\layer.js:152:17)
    at next (G:\resume-v1-nai\server\node_modules\router\lib\route.js:157:13)
    at Route.dispatch (G:\resume-v1-nai\server\node_modules\router\lib\route.js:117:3)
    at handle (G:\resume-v1-nai\server\node_modules\router\index.js:435:11)
    at Layer.handleRequest (G:\resume-v1-nai\server\node_modules\router\lib\layer.js:152:17)
    at G:\resume-v1-nai\server\node_modules\router\index.js:295:15
    at processParams (G:\resume-v1-nai\server\node_modules\router\index.js:582:12)
    at next (G:\resume-v1-nai\server\node_modules\router\index.js:291:5)
    at Function.handle (G:\resume-v1-nai\server\node_modules\router\index.js:186:3)
    at router (G:\resume-v1-nai\server\node_modules\router\index.js:60:12)
    at Layer.handleRequest (G:\resume-v1-nai\server\node_modules\router\lib\layer.js:152:17)
    at trimPrefix (G:\resume-v1-nai\server\node_modules\router\index.js:342:13)
    at G:\resume-v1-nai\server\node_modules\router\index.js:297:9
    at processParams (G:\resume-v1-nai\server\node_modules\router\index.js:582:12)
    at next (G:\resume-v1-nai\server\node_modules\router\index.js:291:5)
2025-10-23 10:25:33 [ERROR]: Status: 401, Name: AUTHORIZATION TOKEN NOT FOUND, Message: Unable to find the authorization token in the cookie, URL: /api/auth/status, Method: GET, IP: ::1
2025-10-23 10:25:33 [ERROR]: Stack: AUTHORIZATION TOKEN NOT FOUND: Unable to find the authorization token in the cookie
    at userAuthorization (file:///G:/resume-v1-nai/server/middleware/user-authorization.js:9:19)
    at Layer.handleRequest (G:\resume-v1-nai\server\node_modules\router\lib\layer.js:152:17)
    at next (G:\resume-v1-nai\server\node_modules\router\lib\route.js:157:13)
    at Route.dispatch (G:\resume-v1-nai\server\node_modules\router\lib\route.js:117:3)
    at handle (G:\resume-v1-nai\server\node_modules\router\index.js:435:11)
    at Layer.handleRequest (G:\resume-v1-nai\server\node_modules\router\lib\layer.js:152:17)
    at G:\resume-v1-nai\server\node_modules\router\index.js:295:15
    at processParams (G:\resume-v1-nai\server\node_modules\router\index.js:582:12)
    at next (G:\resume-v1-nai\server\node_modules\router\index.js:291:5)
    at Function.handle (G:\resume-v1-nai\server\node_modules\router\index.js:186:3)
    at router (G:\resume-v1-nai\server\node_modules\router\index.js:60:12)
    at Layer.handleRequest (G:\resume-v1-nai\server\node_modules\router\lib\layer.js:152:17)
    at trimPrefix (G:\resume-v1-nai\server\node_modules\router\index.js:342:13)
    at G:\resume-v1-nai\server\node_modules\router\index.js:297:9
    at processParams (G:\resume-v1-nai\server\node_modules\router\index.js:582:12)
    at next (G:\resume-v1-nai\server\node_modules\router\index.js:291:5)
2025-10-23 10:25:35 [ERROR]: Status: 401, Name: AUTHORIZATION TOKEN NOT FOUND, Message: Unable to find the authorization token in the cookie, URL: /api/auth/status, Method: GET, IP: ::1
2025-10-23 10:25:35 [ERROR]: Stack: AUTHORIZATION TOKEN NOT FOUND: Unable to find the authorization token in the cookie
    at userAuthorization (file:///G:/resume-v1-nai/server/middleware/user-authorization.js:9:19)
    at Layer.handleRequest (G:\resume-v1-nai\server\node_modules\router\lib\layer.js:152:17)
    at next (G:\resume-v1-nai\server\node_modules\router\lib\route.js:157:13)
    at Route.dispatch (G:\resume-v1-nai\server\node_modules\router\lib\route.js:117:3)
    at handle (G:\resume-v1-nai\server\node_modules\router\index.js:435:11)
    at Layer.handleRequest (G:\resume-v1-nai\server\node_modules\router\lib\layer.js:152:17)
    at G:\resume-v1-nai\server\node_modules\router\index.js:295:15
    at processParams (G:\resume-v1-nai\server\node_modules\router\index.js:582:12)
    at next (G:\resume-v1-nai\server\node_modules\router\index.js:291:5)
    at Function.handle (G:\resume-v1-nai\server\node_modules\router\index.js:186:3)
    at router (G:\resume-v1-nai\server\node_modules\router\index.js:60:12)
    at Layer.handleRequest (G:\resume-v1-nai\server\node_modules\router\lib\layer.js:152:17)
    at trimPrefix (G:\resume-v1-nai\server\node_modules\router\index.js:342:13)
    at G:\resume-v1-nai\server\node_modules\router\index.js:297:9
    at processParams (G:\resume-v1-nai\server\node_modules\router\index.js:582:12)
    at next (G:\resume-v1-nai\server\node_modules\router\index.js:291:5)
2025-10-23 10:25:35 [ERROR]: Status: 401, Name: AUTHORIZATION TOKEN NOT FOUND, Message: Unable to find the authorization token in the cookie, URL: /api/auth/status, Method: GET, IP: ::1
2025-10-23 10:25:35 [ERROR]: Stack: AUTHORIZATION TOKEN NOT FOUND: Unable to find the authorization token in the cookie
    at userAuthorization (file:///G:/resume-v1-nai/server/middleware/user-authorization.js:9:19)
    at Layer.handleRequest (G:\resume-v1-nai\server\node_modules\router\lib\layer.js:152:17)
    at next (G:\resume-v1-nai\server\node_modules\router\lib\route.js:157:13)
    at Route.dispatch (G:\resume-v1-nai\server\node_modules\router\lib\route.js:117:3)
    at handle (G:\resume-v1-nai\server\node_modules\router\index.js:435:11)
    at Layer.handleRequest (G:\resume-v1-nai\server\node_modules\router\lib\layer.js:152:17)
    at G:\resume-v1-nai\server\node_modules\router\index.js:295:15
    at processParams (G:\resume-v1-nai\server\node_modules\router\index.js:582:12)
    at next (G:\resume-v1-nai\server\node_modules\router\index.js:291:5)
    at Function.handle (G:\resume-v1-nai\server\node_modules\router\index.js:186:3)
    at router (G:\resume-v1-nai\server\node_modules\router\index.js:60:12)
    at Layer.handleRequest (G:\resume-v1-nai\server\node_modules\router\lib\layer.js:152:17)
    at trimPrefix (G:\resume-v1-nai\server\node_modules\router\index.js:342:13)
    at G:\resume-v1-nai\server\node_modules\router\index.js:297:9
    at processParams (G:\resume-v1-nai\server\node_modules\router\index.js:582:12)
    at next (G:\resume-v1-nai\server\node_modules\router\index.js:291:5)
2025-10-23 10:25:38 [ERROR]: Status: 401, Name: AUTHORIZATION TOKEN NOT FOUND, Message: Unable to find the authorization token in the cookie, URL: /api/auth/status, Method: GET, IP: ::1
2025-10-23 10:25:38 [ERROR]: Stack: AUTHORIZATION TOKEN NOT FOUND: Unable to find the authorization token in the cookie
    at userAuthorization (file:///G:/resume-v1-nai/server/middleware/user-authorization.js:9:19)
    at Layer.handleRequest (G:\resume-v1-nai\server\node_modules\router\lib\layer.js:152:17)
    at next (G:\resume-v1-nai\server\node_modules\router\lib\route.js:157:13)
    at Route.dispatch (G:\resume-v1-nai\server\node_modules\router\lib\route.js:117:3)
    at handle (G:\resume-v1-nai\server\node_modules\router\index.js:435:11)
    at Layer.handleRequest (G:\resume-v1-nai\server\node_modules\router\lib\layer.js:152:17)
    at G:\resume-v1-nai\server\node_modules\router\index.js:295:15
    at processParams (G:\resume-v1-nai\server\node_modules\router\index.js:582:12)
    at next (G:\resume-v1-nai\server\node_modules\router\index.js:291:5)
    at Function.handle (G:\resume-v1-nai\server\node_modules\router\index.js:186:3)
    at router (G:\resume-v1-nai\server\node_modules\router\index.js:60:12)
    at Layer.handleRequest (G:\resume-v1-nai\server\node_modules\router\lib\layer.js:152:17)
    at trimPrefix (G:\resume-v1-nai\server\node_modules\router\index.js:342:13)
    at G:\resume-v1-nai\server\node_modules\router\index.js:297:9
    at processParams (G:\resume-v1-nai\server\node_modules\router\index.js:582:12)
    at next (G:\resume-v1-nai\server\node_modules\router\index.js:291:5)
2025-10-23 10:25:38 [ERROR]: Status: 401, Name: AUTHORIZATION TOKEN NOT FOUND, Message: Unable to find the authorization token in the cookie, URL: /api/auth/status, Method: GET, IP: ::1
2025-10-23 10:25:38 [ERROR]: Stack: AUTHORIZATION TOKEN NOT FOUND: Unable to find the authorization token in the cookie
    at userAuthorization (file:///G:/resume-v1-nai/server/middleware/user-authorization.js:9:19)
    at Layer.handleRequest (G:\resume-v1-nai\server\node_modules\router\lib\layer.js:152:17)
    at next (G:\resume-v1-nai\server\node_modules\router\lib\route.js:157:13)
    at Route.dispatch (G:\resume-v1-nai\server\node_modules\router\lib\route.js:117:3)
    at handle (G:\resume-v1-nai\server\node_modules\router\index.js:435:11)
    at Layer.handleRequest (G:\resume-v1-nai\server\node_modules\router\lib\layer.js:152:17)
    at G:\resume-v1-nai\server\node_modules\router\index.js:295:15
    at processParams (G:\resume-v1-nai\server\node_modules\router\index.js:582:12)
    at next (G:\resume-v1-nai\server\node_modules\router\index.js:291:5)
    at Function.handle (G:\resume-v1-nai\server\node_modules\router\index.js:186:3)
    at router (G:\resume-v1-nai\server\node_modules\router\index.js:60:12)
    at Layer.handleRequest (G:\resume-v1-nai\server\node_modules\router\lib\layer.js:152:17)
    at trimPrefix (G:\resume-v1-nai\server\node_modules\router\index.js:342:13)
    at G:\resume-v1-nai\server\node_modules\router\index.js:297:9
    at processParams (G:\resume-v1-nai\server\node_modules\router\index.js:582:12)
    at next (G:\resume-v1-nai\server\node_modules\router\index.js:291:5)
2025-10-23 10:25:40 [ERROR]: Status: 401, Name: AUTHORIZATION TOKEN NOT FOUND, Message: Unable to find the authorization token in the cookie, URL: /api/auth/status, Method: GET, IP: ::1
2025-10-23 10:25:40 [ERROR]: Stack: AUTHORIZATION TOKEN NOT FOUND: Unable to find the authorization token in the cookie
    at userAuthorization (file:///G:/resume-v1-nai/server/middleware/user-authorization.js:9:19)
    at Layer.handleRequest (G:\resume-v1-nai\server\node_modules\router\lib\layer.js:152:17)
    at next (G:\resume-v1-nai\server\node_modules\router\lib\route.js:157:13)
    at Route.dispatch (G:\resume-v1-nai\server\node_modules\router\lib\route.js:117:3)
    at handle (G:\resume-v1-nai\server\node_modules\router\index.js:435:11)
    at Layer.handleRequest (G:\resume-v1-nai\server\node_modules\router\lib\layer.js:152:17)
    at G:\resume-v1-nai\server\node_modules\router\index.js:295:15
    at processParams (G:\resume-v1-nai\server\node_modules\router\index.js:582:12)
    at next (G:\resume-v1-nai\server\node_modules\router\index.js:291:5)
    at Function.handle (G:\resume-v1-nai\server\node_modules\router\index.js:186:3)
    at router (G:\resume-v1-nai\server\node_modules\router\index.js:60:12)
    at Layer.handleRequest (G:\resume-v1-nai\server\node_modules\router\lib\layer.js:152:17)
    at trimPrefix (G:\resume-v1-nai\server\node_modules\router\index.js:342:13)
    at G:\resume-v1-nai\server\node_modules\router\index.js:297:9
    at processParams (G:\resume-v1-nai\server\node_modules\router\index.js:582:12)
    at next (G:\resume-v1-nai\server\node_modules\router\index.js:291:5)
2025-10-23 10:25:40 [ERROR]: Status: 401, Name: AUTHORIZATION TOKEN NOT FOUND, Message: Unable to find the authorization token in the cookie, URL: /api/auth/status, Method: GET, IP: ::1
2025-10-23 10:25:40 [ERROR]: Stack: AUTHORIZATION TOKEN NOT FOUND: Unable to find the authorization token in the cookie
    at userAuthorization (file:///G:/resume-v1-nai/server/middleware/user-authorization.js:9:19)
    at Layer.handleRequest (G:\resume-v1-nai\server\node_modules\router\lib\layer.js:152:17)
    at next (G:\resume-v1-nai\server\node_modules\router\lib\route.js:157:13)
    at Route.dispatch (G:\resume-v1-nai\server\node_modules\router\lib\route.js:117:3)
    at handle (G:\resume-v1-nai\server\node_modules\router\index.js:435:11)
    at Layer.handleRequest (G:\resume-v1-nai\server\node_modules\router\lib\layer.js:152:17)
    at G:\resume-v1-nai\server\node_modules\router\index.js:295:15
    at processParams (G:\resume-v1-nai\server\node_modules\router\index.js:582:12)
    at next (G:\resume-v1-nai\server\node_modules\router\index.js:291:5)
    at Function.handle (G:\resume-v1-nai\server\node_modules\router\index.js:186:3)
    at router (G:\resume-v1-nai\server\node_modules\router\index.js:60:12)
    at Layer.handleRequest (G:\resume-v1-nai\server\node_modules\router\lib\layer.js:152:17)
    at trimPrefix (G:\resume-v1-nai\server\node_modules\router\index.js:342:13)
    at G:\resume-v1-nai\server\node_modules\router\index.js:297:9
    at processParams (G:\resume-v1-nai\server\node_modules\router\index.js:582:12)
    at next (G:\resume-v1-nai\server\node_modules\router\index.js:291:5)
2025-10-23 10:26:26 [ERROR]: Status: 401, Name: AUTHORIZATION TOKEN NOT FOUND, Message: Unable to find the authorization token in the cookie, URL: /api/auth/status, Method: GET, IP: ::1
2025-10-23 10:26:26 [ERROR]: Stack: AUTHORIZATION TOKEN NOT FOUND: Unable to find the authorization token in the cookie
    at userAuthorization (file:///G:/resume-v1-nai/server/middleware/user-authorization.js:9:19)
    at Layer.handleRequest (G:\resume-v1-nai\server\node_modules\router\lib\layer.js:152:17)
    at next (G:\resume-v1-nai\server\node_modules\router\lib\route.js:157:13)
    at Route.dispatch (G:\resume-v1-nai\server\node_modules\router\lib\route.js:117:3)
    at handle (G:\resume-v1-nai\server\node_modules\router\index.js:435:11)
    at Layer.handleRequest (G:\resume-v1-nai\server\node_modules\router\lib\layer.js:152:17)
    at G:\resume-v1-nai\server\node_modules\router\index.js:295:15
    at processParams (G:\resume-v1-nai\server\node_modules\router\index.js:582:12)
    at next (G:\resume-v1-nai\server\node_modules\router\index.js:291:5)
    at Function.handle (G:\resume-v1-nai\server\node_modules\router\index.js:186:3)
    at router (G:\resume-v1-nai\server\node_modules\router\index.js:60:12)
    at Layer.handleRequest (G:\resume-v1-nai\server\node_modules\router\lib\layer.js:152:17)
    at trimPrefix (G:\resume-v1-nai\server\node_modules\router\index.js:342:13)
    at G:\resume-v1-nai\server\node_modules\router\index.js:297:9
    at processParams (G:\resume-v1-nai\server\node_modules\router\index.js:582:12)
    at next (G:\resume-v1-nai\server\node_modules\router\index.js:291:5)
2025-10-23 10:26:26 [ERROR]: Status: 401, Name: AUTHORIZATION TOKEN NOT FOUND, Message: Unable to find the authorization token in the cookie, URL: /api/auth/status, Method: GET, IP: ::1
2025-10-23 10:26:26 [ERROR]: Stack: AUTHORIZATION TOKEN NOT FOUND: Unable to find the authorization token in the cookie
    at userAuthorization (file:///G:/resume-v1-nai/server/middleware/user-authorization.js:9:19)
    at Layer.handleRequest (G:\resume-v1-nai\server\node_modules\router\lib\layer.js:152:17)
    at next (G:\resume-v1-nai\server\node_modules\router\lib\route.js:157:13)
    at Route.dispatch (G:\resume-v1-nai\server\node_modules\router\lib\route.js:117:3)
    at handle (G:\resume-v1-nai\server\node_modules\router\index.js:435:11)
    at Layer.handleRequest (G:\resume-v1-nai\server\node_modules\router\lib\layer.js:152:17)
    at G:\resume-v1-nai\server\node_modules\router\index.js:295:15
    at processParams (G:\resume-v1-nai\server\node_modules\router\index.js:582:12)
    at next (G:\resume-v1-nai\server\node_modules\router\index.js:291:5)
    at Function.handle (G:\resume-v1-nai\server\node_modules\router\index.js:186:3)
    at router (G:\resume-v1-nai\server\node_modules\router\index.js:60:12)
    at Layer.handleRequest (G:\resume-v1-nai\server\node_modules\router\lib\layer.js:152:17)
    at trimPrefix (G:\resume-v1-nai\server\node_modules\router\index.js:342:13)
    at G:\resume-v1-nai\server\node_modules\router\index.js:297:9
    at processParams (G:\resume-v1-nai\server\node_modules\router\index.js:582:12)
    at next (G:\resume-v1-nai\server\node_modules\router\index.js:291:5)
2025-10-23 10:49:30 [ERROR]: Status: 401, Name: AUTHORIZATION TOKEN NOT FOUND, Message: Unable to find the authorization token in the cookie, URL: /api/auth/status, Method: GET, IP: ::1
2025-10-23 10:49:30 [ERROR]: Stack: AUTHORIZATION TOKEN NOT FOUND: Unable to find the authorization token in the cookie
    at userAuthorization (file:///G:/resume-v1-nai/server/middleware/user-authorization.js:9:19)
    at Layer.handleRequest (G:\resume-v1-nai\server\node_modules\router\lib\layer.js:152:17)
    at next (G:\resume-v1-nai\server\node_modules\router\lib\route.js:157:13)
    at Route.dispatch (G:\resume-v1-nai\server\node_modules\router\lib\route.js:117:3)
    at handle (G:\resume-v1-nai\server\node_modules\router\index.js:435:11)
    at Layer.handleRequest (G:\resume-v1-nai\server\node_modules\router\lib\layer.js:152:17)
    at G:\resume-v1-nai\server\node_modules\router\index.js:295:15
    at processParams (G:\resume-v1-nai\server\node_modules\router\index.js:582:12)
    at next (G:\resume-v1-nai\server\node_modules\router\index.js:291:5)
    at Function.handle (G:\resume-v1-nai\server\node_modules\router\index.js:186:3)
    at router (G:\resume-v1-nai\server\node_modules\router\index.js:60:12)
    at Layer.handleRequest (G:\resume-v1-nai\server\node_modules\router\lib\layer.js:152:17)
    at trimPrefix (G:\resume-v1-nai\server\node_modules\router\index.js:342:13)
    at G:\resume-v1-nai\server\node_modules\router\index.js:297:9
    at processParams (G:\resume-v1-nai\server\node_modules\router\index.js:582:12)
    at next (G:\resume-v1-nai\server\node_modules\router\index.js:291:5)
2025-10-23 10:49:30 [ERROR]: Status: 401, Name: AUTHORIZATION TOKEN NOT FOUND, Message: Unable to find the authorization token in the cookie, URL: /api/auth/status, Method: GET, IP: ::1
2025-10-23 10:49:30 [ERROR]: Stack: AUTHORIZATION TOKEN NOT FOUND: Unable to find the authorization token in the cookie
    at userAuthorization (file:///G:/resume-v1-nai/server/middleware/user-authorization.js:9:19)
    at Layer.handleRequest (G:\resume-v1-nai\server\node_modules\router\lib\layer.js:152:17)
    at next (G:\resume-v1-nai\server\node_modules\router\lib\route.js:157:13)
    at Route.dispatch (G:\resume-v1-nai\server\node_modules\router\lib\route.js:117:3)
    at handle (G:\resume-v1-nai\server\node_modules\router\index.js:435:11)
    at Layer.handleRequest (G:\resume-v1-nai\server\node_modules\router\lib\layer.js:152:17)
    at G:\resume-v1-nai\server\node_modules\router\index.js:295:15
    at processParams (G:\resume-v1-nai\server\node_modules\router\index.js:582:12)
    at next (G:\resume-v1-nai\server\node_modules\router\index.js:291:5)
    at Function.handle (G:\resume-v1-nai\server\node_modules\router\index.js:186:3)
    at router (G:\resume-v1-nai\server\node_modules\router\index.js:60:12)
    at Layer.handleRequest (G:\resume-v1-nai\server\node_modules\router\lib\layer.js:152:17)
    at trimPrefix (G:\resume-v1-nai\server\node_modules\router\index.js:342:13)
    at G:\resume-v1-nai\server\node_modules\router\index.js:297:9
    at processParams (G:\resume-v1-nai\server\node_modules\router\index.js:582:12)
    at next (G:\resume-v1-nai\server\node_modules\router\index.js:291:5)
2025-10-23 10:54:52 [ERROR]: Status: 401, Name: AUTHORIZATION TOKEN NOT FOUND, Message: Unable to find the authorization token in the cookie, URL: /api/auth/status, Method: GET, IP: ::1
2025-10-23 10:54:52 [ERROR]: Stack: AUTHORIZATION TOKEN NOT FOUND: Unable to find the authorization token in the cookie
    at userAuthorization (file:///G:/resume-v1-nai/server/middleware/user-authorization.js:9:19)
    at Layer.handleRequest (G:\resume-v1-nai\server\node_modules\router\lib\layer.js:152:17)
    at next (G:\resume-v1-nai\server\node_modules\router\lib\route.js:157:13)
    at Route.dispatch (G:\resume-v1-nai\server\node_modules\router\lib\route.js:117:3)
    at handle (G:\resume-v1-nai\server\node_modules\router\index.js:435:11)
    at Layer.handleRequest (G:\resume-v1-nai\server\node_modules\router\lib\layer.js:152:17)
    at G:\resume-v1-nai\server\node_modules\router\index.js:295:15
    at processParams (G:\resume-v1-nai\server\node_modules\router\index.js:582:12)
    at next (G:\resume-v1-nai\server\node_modules\router\index.js:291:5)
    at Function.handle (G:\resume-v1-nai\server\node_modules\router\index.js:186:3)
    at router (G:\resume-v1-nai\server\node_modules\router\index.js:60:12)
    at Layer.handleRequest (G:\resume-v1-nai\server\node_modules\router\lib\layer.js:152:17)
    at trimPrefix (G:\resume-v1-nai\server\node_modules\router\index.js:342:13)
    at G:\resume-v1-nai\server\node_modules\router\index.js:297:9
    at processParams (G:\resume-v1-nai\server\node_modules\router\index.js:582:12)
    at next (G:\resume-v1-nai\server\node_modules\router\index.js:291:5)
2025-10-23 10:54:52 [ERROR]: Status: 401, Name: AUTHORIZATION TOKEN NOT FOUND, Message: Unable to find the authorization token in the cookie, URL: /api/auth/status, Method: GET, IP: ::1
2025-10-23 10:54:52 [ERROR]: Stack: AUTHORIZATION TOKEN NOT FOUND: Unable to find the authorization token in the cookie
    at userAuthorization (file:///G:/resume-v1-nai/server/middleware/user-authorization.js:9:19)
    at Layer.handleRequest (G:\resume-v1-nai\server\node_modules\router\lib\layer.js:152:17)
    at next (G:\resume-v1-nai\server\node_modules\router\lib\route.js:157:13)
    at Route.dispatch (G:\resume-v1-nai\server\node_modules\router\lib\route.js:117:3)
    at handle (G:\resume-v1-nai\server\node_modules\router\index.js:435:11)
    at Layer.handleRequest (G:\resume-v1-nai\server\node_modules\router\lib\layer.js:152:17)
    at G:\resume-v1-nai\server\node_modules\router\index.js:295:15
    at processParams (G:\resume-v1-nai\server\node_modules\router\index.js:582:12)
    at next (G:\resume-v1-nai\server\node_modules\router\index.js:291:5)
    at Function.handle (G:\resume-v1-nai\server\node_modules\router\index.js:186:3)
    at router (G:\resume-v1-nai\server\node_modules\router\index.js:60:12)
    at Layer.handleRequest (G:\resume-v1-nai\server\node_modules\router\lib\layer.js:152:17)
    at trimPrefix (G:\resume-v1-nai\server\node_modules\router\index.js:342:13)
    at G:\resume-v1-nai\server\node_modules\router\index.js:297:9
    at processParams (G:\resume-v1-nai\server\node_modules\router\index.js:582:12)
    at next (G:\resume-v1-nai\server\node_modules\router\index.js:291:5)
