2025-11-03 22:38:23 [ERROR]: Status: 401, Name: AUTHORIZATION TOKEN NOT FOUND, Message: Unable to find the authorization token in the cookie, URL: /api/auth/status, Method: GET, IP: ::1
2025-11-03 22:38:23 [ERROR]: Stack: AUTHORIZATION TOKEN NOT FOUND: Unable to find the authorization token in the cookie
    at userAuthorization (file:///G:/resume-v1-nai/server/middleware/user-authorization.js:10:19)
    at Layer.handleRequest (G:\resume-v1-nai\server\node_modules\router\lib\layer.js:152:17)
    at next (G:\resume-v1-nai\server\node_modules\router\lib\route.js:157:13)
    at Route.dispatch (G:\resume-v1-nai\server\node_modules\router\lib\route.js:117:3)
    at handle (G:\resume-v1-nai\server\node_modules\router\index.js:435:11)
    at Layer.handleRequest (G:\resume-v1-nai\server\node_modules\router\lib\layer.js:152:17)
    at G:\resume-v1-nai\server\node_modules\router\index.js:295:15
    at processParams (G:\resume-v1-nai\server\node_modules\router\index.js:582:12)
    at next (G:\resume-v1-nai\server\node_modules\router\index.js:291:5)
    at Function.handle (G:\resume-v1-nai\server\node_modules\router\index.js:186:3)
    at router (G:\resume-v1-nai\server\node_modules\router\index.js:60:12)
    at Layer.handleRequest (G:\resume-v1-nai\server\node_modules\router\lib\layer.js:152:17)
    at trimPrefix (G:\resume-v1-nai\server\node_modules\router\index.js:342:13)
    at G:\resume-v1-nai\server\node_modules\router\index.js:297:9
    at processParams (G:\resume-v1-nai\server\node_modules\router\index.js:582:12)
    at next (G:\resume-v1-nai\server\node_modules\router\index.js:291:5)
2025-11-03 22:38:23 [ERROR]: Status: 401, Name: AUTHORIZATION TOKEN NOT FOUND, Message: Unable to find the authorization token in the cookie, URL: /api/auth/status, Method: GET, IP: ::1
2025-11-03 22:38:23 [ERROR]: Stack: AUTHORIZATION TOKEN NOT FOUND: Unable to find the authorization token in the cookie
    at userAuthorization (file:///G:/resume-v1-nai/server/middleware/user-authorization.js:10:19)
    at Layer.handleRequest (G:\resume-v1-nai\server\node_modules\router\lib\layer.js:152:17)
    at next (G:\resume-v1-nai\server\node_modules\router\lib\route.js:157:13)
    at Route.dispatch (G:\resume-v1-nai\server\node_modules\router\lib\route.js:117:3)
    at handle (G:\resume-v1-nai\server\node_modules\router\index.js:435:11)
    at Layer.handleRequest (G:\resume-v1-nai\server\node_modules\router\lib\layer.js:152:17)
    at G:\resume-v1-nai\server\node_modules\router\index.js:295:15
    at processParams (G:\resume-v1-nai\server\node_modules\router\index.js:582:12)
    at next (G:\resume-v1-nai\server\node_modules\router\index.js:291:5)
    at Function.handle (G:\resume-v1-nai\server\node_modules\router\index.js:186:3)
    at router (G:\resume-v1-nai\server\node_modules\router\index.js:60:12)
    at Layer.handleRequest (G:\resume-v1-nai\server\node_modules\router\lib\layer.js:152:17)
    at trimPrefix (G:\resume-v1-nai\server\node_modules\router\index.js:342:13)
    at G:\resume-v1-nai\server\node_modules\router\index.js:297:9
    at processParams (G:\resume-v1-nai\server\node_modules\router\index.js:582:12)
    at next (G:\resume-v1-nai\server\node_modules\router\index.js:291:5)
