2025-06-10T08:30:08.853Z [ERROR]: Status: 401, Name: AUTHORIZATION TOKEN NOT FOUND, Message: Unable to find the authorization token in the cookie, URL: /api/auth/status, Method: GET, IP: ::1
2025-06-10T08:30:08.855Z [ERROR]: Stack: AUTHORIZATION TOKEN NOT FOUND: Unable to find the authorization token in the cookie
    at userAuthorization (file:///D:/careerpro-rr/server/middleware/user-authorization.js:9:19)
    at Layer.handleRequest (D:\careerpro-rr\server\node_modules\router\lib\layer.js:152:17)
    at next (D:\careerpro-rr\server\node_modules\router\lib\route.js:157:13)
    at Route.dispatch (D:\careerpro-rr\server\node_modules\router\lib\route.js:117:3)
    at handle (D:\careerpro-rr\server\node_modules\router\index.js:435:11)
    at Layer.handleRequest (D:\careerpro-rr\server\node_modules\router\lib\layer.js:152:17)
    at D:\careerpro-rr\server\node_modules\router\index.js:295:15
    at processParams (D:\careerpro-rr\server\node_modules\router\index.js:582:12)
    at next (D:\careerpro-rr\server\node_modules\router\index.js:291:5)
    at Function.handle (D:\careerpro-rr\server\node_modules\router\index.js:186:3)
2025-06-10T08:30:08.869Z [ERROR]: Status: 401, Name: AUTHORIZATION TOKEN NOT FOUND, Message: Unable to find the authorization token in the cookie, URL: /api/auth/status, Method: GET, IP: ::1
2025-06-10T08:30:08.871Z [ERROR]: Stack: AUTHORIZATION TOKEN NOT FOUND: Unable to find the authorization token in the cookie
    at userAuthorization (file:///D:/careerpro-rr/server/middleware/user-authorization.js:9:19)
    at Layer.handleRequest (D:\careerpro-rr\server\node_modules\router\lib\layer.js:152:17)
    at next (D:\careerpro-rr\server\node_modules\router\lib\route.js:157:13)
    at Route.dispatch (D:\careerpro-rr\server\node_modules\router\lib\route.js:117:3)
    at handle (D:\careerpro-rr\server\node_modules\router\index.js:435:11)
    at Layer.handleRequest (D:\careerpro-rr\server\node_modules\router\lib\layer.js:152:17)
    at D:\careerpro-rr\server\node_modules\router\index.js:295:15
    at processParams (D:\careerpro-rr\server\node_modules\router\index.js:582:12)
    at next (D:\careerpro-rr\server\node_modules\router\index.js:291:5)
    at Function.handle (D:\careerpro-rr\server\node_modules\router\index.js:186:3)
2025-06-10T08:30:57.831Z [ERROR]: Status: 401, Name: AUTHORIZATION TOKEN NOT FOUND, Message: Unable to find the authorization token in the cookie, URL: /api/auth/status, Method: GET, IP: ::1
2025-06-10T08:30:57.832Z [ERROR]: Stack: AUTHORIZATION TOKEN NOT FOUND: Unable to find the authorization token in the cookie
    at userAuthorization (file:///D:/careerpro-rr/server/middleware/user-authorization.js:9:19)
    at Layer.handleRequest (D:\careerpro-rr\server\node_modules\router\lib\layer.js:152:17)
    at next (D:\careerpro-rr\server\node_modules\router\lib\route.js:157:13)
    at Route.dispatch (D:\careerpro-rr\server\node_modules\router\lib\route.js:117:3)
    at handle (D:\careerpro-rr\server\node_modules\router\index.js:435:11)
    at Layer.handleRequest (D:\careerpro-rr\server\node_modules\router\lib\layer.js:152:17)
    at D:\careerpro-rr\server\node_modules\router\index.js:295:15
    at processParams (D:\careerpro-rr\server\node_modules\router\index.js:582:12)
    at next (D:\careerpro-rr\server\node_modules\router\index.js:291:5)
    at Function.handle (D:\careerpro-rr\server\node_modules\router\index.js:186:3)
2025-06-10T08:30:57.838Z [ERROR]: Status: 401, Name: AUTHORIZATION TOKEN NOT FOUND, Message: Unable to find the authorization token in the cookie, URL: /api/auth/status, Method: GET, IP: ::1
2025-06-10T08:30:57.839Z [ERROR]: Stack: AUTHORIZATION TOKEN NOT FOUND: Unable to find the authorization token in the cookie
    at userAuthorization (file:///D:/careerpro-rr/server/middleware/user-authorization.js:9:19)
    at Layer.handleRequest (D:\careerpro-rr\server\node_modules\router\lib\layer.js:152:17)
    at next (D:\careerpro-rr\server\node_modules\router\lib\route.js:157:13)
    at Route.dispatch (D:\careerpro-rr\server\node_modules\router\lib\route.js:117:3)
    at handle (D:\careerpro-rr\server\node_modules\router\index.js:435:11)
    at Layer.handleRequest (D:\careerpro-rr\server\node_modules\router\lib\layer.js:152:17)
    at D:\careerpro-rr\server\node_modules\router\index.js:295:15
    at processParams (D:\careerpro-rr\server\node_modules\router\index.js:582:12)
    at next (D:\careerpro-rr\server\node_modules\router\index.js:291:5)
    at Function.handle (D:\careerpro-rr\server\node_modules\router\index.js:186:3)
2025-06-10T08:32:09.763Z [ERROR]: Status: 401, Name: AUTHORIZATION TOKEN NOT FOUND, Message: Unable to find the authorization token in the cookie, URL: /api/auth/status, Method: GET, IP: ::1
2025-06-10T08:32:09.764Z [ERROR]: Stack: AUTHORIZATION TOKEN NOT FOUND: Unable to find the authorization token in the cookie
    at userAuthorization (file:///D:/careerpro-rr/server/middleware/user-authorization.js:9:19)
    at Layer.handleRequest (D:\careerpro-rr\server\node_modules\router\lib\layer.js:152:17)
    at next (D:\careerpro-rr\server\node_modules\router\lib\route.js:157:13)
    at Route.dispatch (D:\careerpro-rr\server\node_modules\router\lib\route.js:117:3)
    at handle (D:\careerpro-rr\server\node_modules\router\index.js:435:11)
    at Layer.handleRequest (D:\careerpro-rr\server\node_modules\router\lib\layer.js:152:17)
    at D:\careerpro-rr\server\node_modules\router\index.js:295:15
    at processParams (D:\careerpro-rr\server\node_modules\router\index.js:582:12)
    at next (D:\careerpro-rr\server\node_modules\router\index.js:291:5)
    at Function.handle (D:\careerpro-rr\server\node_modules\router\index.js:186:3)
2025-06-10T08:32:09.810Z [ERROR]: Status: 401, Name: AUTHORIZATION TOKEN NOT FOUND, Message: Unable to find the authorization token in the cookie, URL: /api/auth/status, Method: GET, IP: ::1
2025-06-10T08:32:09.811Z [ERROR]: Stack: AUTHORIZATION TOKEN NOT FOUND: Unable to find the authorization token in the cookie
    at userAuthorization (file:///D:/careerpro-rr/server/middleware/user-authorization.js:9:19)
    at Layer.handleRequest (D:\careerpro-rr\server\node_modules\router\lib\layer.js:152:17)
    at next (D:\careerpro-rr\server\node_modules\router\lib\route.js:157:13)
    at Route.dispatch (D:\careerpro-rr\server\node_modules\router\lib\route.js:117:3)
    at handle (D:\careerpro-rr\server\node_modules\router\index.js:435:11)
    at Layer.handleRequest (D:\careerpro-rr\server\node_modules\router\lib\layer.js:152:17)
    at D:\careerpro-rr\server\node_modules\router\index.js:295:15
    at processParams (D:\careerpro-rr\server\node_modules\router\index.js:582:12)
    at next (D:\careerpro-rr\server\node_modules\router\index.js:291:5)
    at Function.handle (D:\careerpro-rr\server\node_modules\router\index.js:186:3)
2025-06-10T08:32:44.134Z [ERROR]: Status: 401, Name: AUTHORIZATION TOKEN NOT FOUND, Message: Unable to find the authorization token in the cookie, URL: /api/auth/status, Method: GET, IP: ::1
2025-06-10T08:32:44.135Z [ERROR]: Stack: AUTHORIZATION TOKEN NOT FOUND: Unable to find the authorization token in the cookie
    at userAuthorization (file:///D:/careerpro-rr/server/middleware/user-authorization.js:9:19)
    at Layer.handleRequest (D:\careerpro-rr\server\node_modules\router\lib\layer.js:152:17)
    at next (D:\careerpro-rr\server\node_modules\router\lib\route.js:157:13)
    at Route.dispatch (D:\careerpro-rr\server\node_modules\router\lib\route.js:117:3)
    at handle (D:\careerpro-rr\server\node_modules\router\index.js:435:11)
    at Layer.handleRequest (D:\careerpro-rr\server\node_modules\router\lib\layer.js:152:17)
    at D:\careerpro-rr\server\node_modules\router\index.js:295:15
    at processParams (D:\careerpro-rr\server\node_modules\router\index.js:582:12)
    at next (D:\careerpro-rr\server\node_modules\router\index.js:291:5)
    at Function.handle (D:\careerpro-rr\server\node_modules\router\index.js:186:3)
2025-06-10T08:32:44.206Z [ERROR]: Status: 401, Name: AUTHORIZATION TOKEN NOT FOUND, Message: Unable to find the authorization token in the cookie, URL: /api/auth/status, Method: GET, IP: ::1
2025-06-10T08:32:44.207Z [ERROR]: Stack: AUTHORIZATION TOKEN NOT FOUND: Unable to find the authorization token in the cookie
    at userAuthorization (file:///D:/careerpro-rr/server/middleware/user-authorization.js:9:19)
    at Layer.handleRequest (D:\careerpro-rr\server\node_modules\router\lib\layer.js:152:17)
    at next (D:\careerpro-rr\server\node_modules\router\lib\route.js:157:13)
    at Route.dispatch (D:\careerpro-rr\server\node_modules\router\lib\route.js:117:3)
    at handle (D:\careerpro-rr\server\node_modules\router\index.js:435:11)
    at Layer.handleRequest (D:\careerpro-rr\server\node_modules\router\lib\layer.js:152:17)
    at D:\careerpro-rr\server\node_modules\router\index.js:295:15
    at processParams (D:\careerpro-rr\server\node_modules\router\index.js:582:12)
    at next (D:\careerpro-rr\server\node_modules\router\index.js:291:5)
    at Function.handle (D:\careerpro-rr\server\node_modules\router\index.js:186:3)
2025-06-10T08:33:53.062Z [ERROR]: Status: 401, Name: AUTHORIZATION TOKEN NOT FOUND, Message: Unable to find the authorization token in the cookie, URL: /api/auth/status, Method: GET, IP: ::1
2025-06-10T08:33:53.062Z [ERROR]: Stack: AUTHORIZATION TOKEN NOT FOUND: Unable to find the authorization token in the cookie
    at userAuthorization (file:///D:/careerpro-rr/server/middleware/user-authorization.js:9:19)
    at Layer.handleRequest (D:\careerpro-rr\server\node_modules\router\lib\layer.js:152:17)
    at next (D:\careerpro-rr\server\node_modules\router\lib\route.js:157:13)
    at Route.dispatch (D:\careerpro-rr\server\node_modules\router\lib\route.js:117:3)
    at handle (D:\careerpro-rr\server\node_modules\router\index.js:435:11)
    at Layer.handleRequest (D:\careerpro-rr\server\node_modules\router\lib\layer.js:152:17)
    at D:\careerpro-rr\server\node_modules\router\index.js:295:15
    at processParams (D:\careerpro-rr\server\node_modules\router\index.js:582:12)
    at next (D:\careerpro-rr\server\node_modules\router\index.js:291:5)
    at Function.handle (D:\careerpro-rr\server\node_modules\router\index.js:186:3)
2025-06-10T08:33:53.073Z [ERROR]: Status: 401, Name: AUTHORIZATION TOKEN NOT FOUND, Message: Unable to find the authorization token in the cookie, URL: /api/auth/status, Method: GET, IP: ::1
2025-06-10T08:33:53.074Z [ERROR]: Stack: AUTHORIZATION TOKEN NOT FOUND: Unable to find the authorization token in the cookie
    at userAuthorization (file:///D:/careerpro-rr/server/middleware/user-authorization.js:9:19)
    at Layer.handleRequest (D:\careerpro-rr\server\node_modules\router\lib\layer.js:152:17)
    at next (D:\careerpro-rr\server\node_modules\router\lib\route.js:157:13)
    at Route.dispatch (D:\careerpro-rr\server\node_modules\router\lib\route.js:117:3)
    at handle (D:\careerpro-rr\server\node_modules\router\index.js:435:11)
    at Layer.handleRequest (D:\careerpro-rr\server\node_modules\router\lib\layer.js:152:17)
    at D:\careerpro-rr\server\node_modules\router\index.js:295:15
    at processParams (D:\careerpro-rr\server\node_modules\router\index.js:582:12)
    at next (D:\careerpro-rr\server\node_modules\router\index.js:291:5)
    at Function.handle (D:\careerpro-rr\server\node_modules\router\index.js:186:3)
2025-06-10T08:34:02.279Z [ERROR]: Status: 401, Name: AUTHORIZATION TOKEN NOT FOUND, Message: Unable to find the authorization token in the cookie, URL: /api/auth/status, Method: GET, IP: ::1
2025-06-10T08:34:02.280Z [ERROR]: Stack: AUTHORIZATION TOKEN NOT FOUND: Unable to find the authorization token in the cookie
    at userAuthorization (file:///D:/careerpro-rr/server/middleware/user-authorization.js:9:19)
    at Layer.handleRequest (D:\careerpro-rr\server\node_modules\router\lib\layer.js:152:17)
    at next (D:\careerpro-rr\server\node_modules\router\lib\route.js:157:13)
    at Route.dispatch (D:\careerpro-rr\server\node_modules\router\lib\route.js:117:3)
    at handle (D:\careerpro-rr\server\node_modules\router\index.js:435:11)
    at Layer.handleRequest (D:\careerpro-rr\server\node_modules\router\lib\layer.js:152:17)
    at D:\careerpro-rr\server\node_modules\router\index.js:295:15
    at processParams (D:\careerpro-rr\server\node_modules\router\index.js:582:12)
    at next (D:\careerpro-rr\server\node_modules\router\index.js:291:5)
    at Function.handle (D:\careerpro-rr\server\node_modules\router\index.js:186:3)
2025-06-10T08:34:02.302Z [ERROR]: Status: 401, Name: AUTHORIZATION TOKEN NOT FOUND, Message: Unable to find the authorization token in the cookie, URL: /api/auth/status, Method: GET, IP: ::1
2025-06-10T08:34:02.303Z [ERROR]: Stack: AUTHORIZATION TOKEN NOT FOUND: Unable to find the authorization token in the cookie
    at userAuthorization (file:///D:/careerpro-rr/server/middleware/user-authorization.js:9:19)
    at Layer.handleRequest (D:\careerpro-rr\server\node_modules\router\lib\layer.js:152:17)
    at next (D:\careerpro-rr\server\node_modules\router\lib\route.js:157:13)
    at Route.dispatch (D:\careerpro-rr\server\node_modules\router\lib\route.js:117:3)
    at handle (D:\careerpro-rr\server\node_modules\router\index.js:435:11)
    at Layer.handleRequest (D:\careerpro-rr\server\node_modules\router\lib\layer.js:152:17)
    at D:\careerpro-rr\server\node_modules\router\index.js:295:15
    at processParams (D:\careerpro-rr\server\node_modules\router\index.js:582:12)
    at next (D:\careerpro-rr\server\node_modules\router\index.js:291:5)
    at Function.handle (D:\careerpro-rr\server\node_modules\router\index.js:186:3)
2025-06-10T08:35:39.172Z [ERROR]: Status: 401, Name: AUTHORIZATION TOKEN NOT FOUND, Message: Unable to find the authorization token in the cookie, URL: /api/auth/status, Method: GET, IP: ::1
2025-06-10T08:35:39.173Z [ERROR]: Stack: AUTHORIZATION TOKEN NOT FOUND: Unable to find the authorization token in the cookie
    at userAuthorization (file:///D:/careerpro-rr/server/middleware/user-authorization.js:9:19)
    at Layer.handleRequest (D:\careerpro-rr\server\node_modules\router\lib\layer.js:152:17)
    at next (D:\careerpro-rr\server\node_modules\router\lib\route.js:157:13)
    at Route.dispatch (D:\careerpro-rr\server\node_modules\router\lib\route.js:117:3)
    at handle (D:\careerpro-rr\server\node_modules\router\index.js:435:11)
    at Layer.handleRequest (D:\careerpro-rr\server\node_modules\router\lib\layer.js:152:17)
    at D:\careerpro-rr\server\node_modules\router\index.js:295:15
    at processParams (D:\careerpro-rr\server\node_modules\router\index.js:582:12)
    at next (D:\careerpro-rr\server\node_modules\router\index.js:291:5)
    at Function.handle (D:\careerpro-rr\server\node_modules\router\index.js:186:3)
2025-06-10T08:35:39.233Z [ERROR]: Status: 401, Name: AUTHORIZATION TOKEN NOT FOUND, Message: Unable to find the authorization token in the cookie, URL: /api/auth/status, Method: GET, IP: ::1
2025-06-10T08:35:39.235Z [ERROR]: Stack: AUTHORIZATION TOKEN NOT FOUND: Unable to find the authorization token in the cookie
    at userAuthorization (file:///D:/careerpro-rr/server/middleware/user-authorization.js:9:19)
    at Layer.handleRequest (D:\careerpro-rr\server\node_modules\router\lib\layer.js:152:17)
    at next (D:\careerpro-rr\server\node_modules\router\lib\route.js:157:13)
    at Route.dispatch (D:\careerpro-rr\server\node_modules\router\lib\route.js:117:3)
    at handle (D:\careerpro-rr\server\node_modules\router\index.js:435:11)
    at Layer.handleRequest (D:\careerpro-rr\server\node_modules\router\lib\layer.js:152:17)
    at D:\careerpro-rr\server\node_modules\router\index.js:295:15
    at processParams (D:\careerpro-rr\server\node_modules\router\index.js:582:12)
    at next (D:\careerpro-rr\server\node_modules\router\index.js:291:5)
    at Function.handle (D:\careerpro-rr\server\node_modules\router\index.js:186:3)
2025-06-10T08:35:47.279Z [ERROR]: Status: 401, Name: AUTHORIZATION TOKEN NOT FOUND, Message: Unable to find the authorization token in the cookie, URL: /api/auth/status, Method: GET, IP: ::1
2025-06-10T08:35:47.280Z [ERROR]: Stack: AUTHORIZATION TOKEN NOT FOUND: Unable to find the authorization token in the cookie
    at userAuthorization (file:///D:/careerpro-rr/server/middleware/user-authorization.js:9:19)
    at Layer.handleRequest (D:\careerpro-rr\server\node_modules\router\lib\layer.js:152:17)
    at next (D:\careerpro-rr\server\node_modules\router\lib\route.js:157:13)
    at Route.dispatch (D:\careerpro-rr\server\node_modules\router\lib\route.js:117:3)
    at handle (D:\careerpro-rr\server\node_modules\router\index.js:435:11)
    at Layer.handleRequest (D:\careerpro-rr\server\node_modules\router\lib\layer.js:152:17)
    at D:\careerpro-rr\server\node_modules\router\index.js:295:15
    at processParams (D:\careerpro-rr\server\node_modules\router\index.js:582:12)
    at next (D:\careerpro-rr\server\node_modules\router\index.js:291:5)
    at Function.handle (D:\careerpro-rr\server\node_modules\router\index.js:186:3)
2025-06-10T08:35:47.292Z [ERROR]: Status: 401, Name: AUTHORIZATION TOKEN NOT FOUND, Message: Unable to find the authorization token in the cookie, URL: /api/auth/status, Method: GET, IP: ::1
2025-06-10T08:35:47.292Z [ERROR]: Stack: AUTHORIZATION TOKEN NOT FOUND: Unable to find the authorization token in the cookie
    at userAuthorization (file:///D:/careerpro-rr/server/middleware/user-authorization.js:9:19)
    at Layer.handleRequest (D:\careerpro-rr\server\node_modules\router\lib\layer.js:152:17)
    at next (D:\careerpro-rr\server\node_modules\router\lib\route.js:157:13)
    at Route.dispatch (D:\careerpro-rr\server\node_modules\router\lib\route.js:117:3)
    at handle (D:\careerpro-rr\server\node_modules\router\index.js:435:11)
    at Layer.handleRequest (D:\careerpro-rr\server\node_modules\router\lib\layer.js:152:17)
    at D:\careerpro-rr\server\node_modules\router\index.js:295:15
    at processParams (D:\careerpro-rr\server\node_modules\router\index.js:582:12)
    at next (D:\careerpro-rr\server\node_modules\router\index.js:291:5)
    at Function.handle (D:\careerpro-rr\server\node_modules\router\index.js:186:3)
2025-06-10T08:37:19.109Z [ERROR]: Status: 401, Name: AUTHORIZATION TOKEN NOT FOUND, Message: Unable to find the authorization token in the cookie, URL: /api/auth/status, Method: GET, IP: ::1
2025-06-10T08:37:19.111Z [ERROR]: Stack: AUTHORIZATION TOKEN NOT FOUND: Unable to find the authorization token in the cookie
    at userAuthorization (file:///D:/careerpro-rr/server/middleware/user-authorization.js:9:19)
    at Layer.handleRequest (D:\careerpro-rr\server\node_modules\router\lib\layer.js:152:17)
    at next (D:\careerpro-rr\server\node_modules\router\lib\route.js:157:13)
    at Route.dispatch (D:\careerpro-rr\server\node_modules\router\lib\route.js:117:3)
    at handle (D:\careerpro-rr\server\node_modules\router\index.js:435:11)
    at Layer.handleRequest (D:\careerpro-rr\server\node_modules\router\lib\layer.js:152:17)
    at D:\careerpro-rr\server\node_modules\router\index.js:295:15
    at processParams (D:\careerpro-rr\server\node_modules\router\index.js:582:12)
    at next (D:\careerpro-rr\server\node_modules\router\index.js:291:5)
    at Function.handle (D:\careerpro-rr\server\node_modules\router\index.js:186:3)
2025-06-10T08:37:19.163Z [ERROR]: Status: 401, Name: AUTHORIZATION TOKEN NOT FOUND, Message: Unable to find the authorization token in the cookie, URL: /api/auth/status, Method: GET, IP: ::1
2025-06-10T08:37:19.165Z [ERROR]: Stack: AUTHORIZATION TOKEN NOT FOUND: Unable to find the authorization token in the cookie
    at userAuthorization (file:///D:/careerpro-rr/server/middleware/user-authorization.js:9:19)
    at Layer.handleRequest (D:\careerpro-rr\server\node_modules\router\lib\layer.js:152:17)
    at next (D:\careerpro-rr\server\node_modules\router\lib\route.js:157:13)
    at Route.dispatch (D:\careerpro-rr\server\node_modules\router\lib\route.js:117:3)
    at handle (D:\careerpro-rr\server\node_modules\router\index.js:435:11)
    at Layer.handleRequest (D:\careerpro-rr\server\node_modules\router\lib\layer.js:152:17)
    at D:\careerpro-rr\server\node_modules\router\index.js:295:15
    at processParams (D:\careerpro-rr\server\node_modules\router\index.js:582:12)
    at next (D:\careerpro-rr\server\node_modules\router\index.js:291:5)
    at Function.handle (D:\careerpro-rr\server\node_modules\router\index.js:186:3)
2025-06-10T08:38:18.862Z [ERROR]: Status: 401, Name: AUTHORIZATION TOKEN NOT FOUND, Message: Unable to find the authorization token in the cookie, URL: /api/auth/status, Method: GET, IP: ::1
2025-06-10T08:38:18.863Z [ERROR]: Stack: AUTHORIZATION TOKEN NOT FOUND: Unable to find the authorization token in the cookie
    at userAuthorization (file:///D:/careerpro-rr/server/middleware/user-authorization.js:9:19)
    at Layer.handleRequest (D:\careerpro-rr\server\node_modules\router\lib\layer.js:152:17)
    at next (D:\careerpro-rr\server\node_modules\router\lib\route.js:157:13)
    at Route.dispatch (D:\careerpro-rr\server\node_modules\router\lib\route.js:117:3)
    at handle (D:\careerpro-rr\server\node_modules\router\index.js:435:11)
    at Layer.handleRequest (D:\careerpro-rr\server\node_modules\router\lib\layer.js:152:17)
    at D:\careerpro-rr\server\node_modules\router\index.js:295:15
    at processParams (D:\careerpro-rr\server\node_modules\router\index.js:582:12)
    at next (D:\careerpro-rr\server\node_modules\router\index.js:291:5)
    at Function.handle (D:\careerpro-rr\server\node_modules\router\index.js:186:3)
2025-06-10T08:38:18.924Z [ERROR]: Status: 401, Name: AUTHORIZATION TOKEN NOT FOUND, Message: Unable to find the authorization token in the cookie, URL: /api/auth/status, Method: GET, IP: ::1
2025-06-10T08:38:18.925Z [ERROR]: Stack: AUTHORIZATION TOKEN NOT FOUND: Unable to find the authorization token in the cookie
    at userAuthorization (file:///D:/careerpro-rr/server/middleware/user-authorization.js:9:19)
    at Layer.handleRequest (D:\careerpro-rr\server\node_modules\router\lib\layer.js:152:17)
    at next (D:\careerpro-rr\server\node_modules\router\lib\route.js:157:13)
    at Route.dispatch (D:\careerpro-rr\server\node_modules\router\lib\route.js:117:3)
    at handle (D:\careerpro-rr\server\node_modules\router\index.js:435:11)
    at Layer.handleRequest (D:\careerpro-rr\server\node_modules\router\lib\layer.js:152:17)
    at D:\careerpro-rr\server\node_modules\router\index.js:295:15
    at processParams (D:\careerpro-rr\server\node_modules\router\index.js:582:12)
    at next (D:\careerpro-rr\server\node_modules\router\index.js:291:5)
    at Function.handle (D:\careerpro-rr\server\node_modules\router\index.js:186:3)
2025-06-10T08:40:11.090Z [ERROR]: Status: 401, Name: AUTHORIZATION TOKEN NOT FOUND, Message: Unable to find the authorization token in the cookie, URL: /api/auth/status, Method: GET, IP: ::1
2025-06-10T08:40:11.091Z [ERROR]: Stack: AUTHORIZATION TOKEN NOT FOUND: Unable to find the authorization token in the cookie
    at userAuthorization (file:///D:/careerpro-rr/server/middleware/user-authorization.js:9:19)
    at Layer.handleRequest (D:\careerpro-rr\server\node_modules\router\lib\layer.js:152:17)
    at next (D:\careerpro-rr\server\node_modules\router\lib\route.js:157:13)
    at Route.dispatch (D:\careerpro-rr\server\node_modules\router\lib\route.js:117:3)
    at handle (D:\careerpro-rr\server\node_modules\router\index.js:435:11)
    at Layer.handleRequest (D:\careerpro-rr\server\node_modules\router\lib\layer.js:152:17)
    at D:\careerpro-rr\server\node_modules\router\index.js:295:15
    at processParams (D:\careerpro-rr\server\node_modules\router\index.js:582:12)
    at next (D:\careerpro-rr\server\node_modules\router\index.js:291:5)
    at Function.handle (D:\careerpro-rr\server\node_modules\router\index.js:186:3)
2025-06-10T08:40:11.146Z [ERROR]: Status: 401, Name: AUTHORIZATION TOKEN NOT FOUND, Message: Unable to find the authorization token in the cookie, URL: /api/auth/status, Method: GET, IP: ::1
2025-06-10T08:40:11.147Z [ERROR]: Stack: AUTHORIZATION TOKEN NOT FOUND: Unable to find the authorization token in the cookie
    at userAuthorization (file:///D:/careerpro-rr/server/middleware/user-authorization.js:9:19)
    at Layer.handleRequest (D:\careerpro-rr\server\node_modules\router\lib\layer.js:152:17)
    at next (D:\careerpro-rr\server\node_modules\router\lib\route.js:157:13)
    at Route.dispatch (D:\careerpro-rr\server\node_modules\router\lib\route.js:117:3)
    at handle (D:\careerpro-rr\server\node_modules\router\index.js:435:11)
    at Layer.handleRequest (D:\careerpro-rr\server\node_modules\router\lib\layer.js:152:17)
    at D:\careerpro-rr\server\node_modules\router\index.js:295:15
    at processParams (D:\careerpro-rr\server\node_modules\router\index.js:582:12)
    at next (D:\careerpro-rr\server\node_modules\router\index.js:291:5)
    at Function.handle (D:\careerpro-rr\server\node_modules\router\index.js:186:3)
2025-06-10T08:41:20.823Z [ERROR]: Status: 401, Name: AUTHORIZATION TOKEN NOT FOUND, Message: Unable to find the authorization token in the cookie, URL: /api/auth/status, Method: GET, IP: ::1
2025-06-10T08:41:20.824Z [ERROR]: Stack: AUTHORIZATION TOKEN NOT FOUND: Unable to find the authorization token in the cookie
    at userAuthorization (file:///D:/careerpro-rr/server/middleware/user-authorization.js:9:19)
    at Layer.handleRequest (D:\careerpro-rr\server\node_modules\router\lib\layer.js:152:17)
    at next (D:\careerpro-rr\server\node_modules\router\lib\route.js:157:13)
    at Route.dispatch (D:\careerpro-rr\server\node_modules\router\lib\route.js:117:3)
    at handle (D:\careerpro-rr\server\node_modules\router\index.js:435:11)
    at Layer.handleRequest (D:\careerpro-rr\server\node_modules\router\lib\layer.js:152:17)
    at D:\careerpro-rr\server\node_modules\router\index.js:295:15
    at processParams (D:\careerpro-rr\server\node_modules\router\index.js:582:12)
    at next (D:\careerpro-rr\server\node_modules\router\index.js:291:5)
    at Function.handle (D:\careerpro-rr\server\node_modules\router\index.js:186:3)
2025-06-10T08:41:20.881Z [ERROR]: Status: 401, Name: AUTHORIZATION TOKEN NOT FOUND, Message: Unable to find the authorization token in the cookie, URL: /api/auth/status, Method: GET, IP: ::1
2025-06-10T08:41:20.882Z [ERROR]: Stack: AUTHORIZATION TOKEN NOT FOUND: Unable to find the authorization token in the cookie
    at userAuthorization (file:///D:/careerpro-rr/server/middleware/user-authorization.js:9:19)
    at Layer.handleRequest (D:\careerpro-rr\server\node_modules\router\lib\layer.js:152:17)
    at next (D:\careerpro-rr\server\node_modules\router\lib\route.js:157:13)
    at Route.dispatch (D:\careerpro-rr\server\node_modules\router\lib\route.js:117:3)
    at handle (D:\careerpro-rr\server\node_modules\router\index.js:435:11)
    at Layer.handleRequest (D:\careerpro-rr\server\node_modules\router\lib\layer.js:152:17)
    at D:\careerpro-rr\server\node_modules\router\index.js:295:15
    at processParams (D:\careerpro-rr\server\node_modules\router\index.js:582:12)
    at next (D:\careerpro-rr\server\node_modules\router\index.js:291:5)
    at Function.handle (D:\careerpro-rr\server\node_modules\router\index.js:186:3)
2025-06-10T08:48:13.554Z [ERROR]: Status: 401, Name: AUTHORIZATION TOKEN NOT FOUND, Message: Unable to find the authorization token in the cookie, URL: /api/auth/status, Method: GET, IP: ::1
2025-06-10T08:48:13.555Z [ERROR]: Stack: AUTHORIZATION TOKEN NOT FOUND: Unable to find the authorization token in the cookie
    at userAuthorization (file:///D:/careerpro-rr/server/middleware/user-authorization.js:9:19)
    at Layer.handleRequest (D:\careerpro-rr\server\node_modules\router\lib\layer.js:152:17)
    at next (D:\careerpro-rr\server\node_modules\router\lib\route.js:157:13)
    at Route.dispatch (D:\careerpro-rr\server\node_modules\router\lib\route.js:117:3)
    at handle (D:\careerpro-rr\server\node_modules\router\index.js:435:11)
    at Layer.handleRequest (D:\careerpro-rr\server\node_modules\router\lib\layer.js:152:17)
    at D:\careerpro-rr\server\node_modules\router\index.js:295:15
    at processParams (D:\careerpro-rr\server\node_modules\router\index.js:582:12)
    at next (D:\careerpro-rr\server\node_modules\router\index.js:291:5)
    at Function.handle (D:\careerpro-rr\server\node_modules\router\index.js:186:3)
2025-06-10T08:48:13.564Z [ERROR]: Status: 401, Name: AUTHORIZATION TOKEN NOT FOUND, Message: Unable to find the authorization token in the cookie, URL: /api/auth/status, Method: GET, IP: ::1
2025-06-10T08:48:13.565Z [ERROR]: Stack: AUTHORIZATION TOKEN NOT FOUND: Unable to find the authorization token in the cookie
    at userAuthorization (file:///D:/careerpro-rr/server/middleware/user-authorization.js:9:19)
    at Layer.handleRequest (D:\careerpro-rr\server\node_modules\router\lib\layer.js:152:17)
    at next (D:\careerpro-rr\server\node_modules\router\lib\route.js:157:13)
    at Route.dispatch (D:\careerpro-rr\server\node_modules\router\lib\route.js:117:3)
    at handle (D:\careerpro-rr\server\node_modules\router\index.js:435:11)
    at Layer.handleRequest (D:\careerpro-rr\server\node_modules\router\lib\layer.js:152:17)
    at D:\careerpro-rr\server\node_modules\router\index.js:295:15
    at processParams (D:\careerpro-rr\server\node_modules\router\index.js:582:12)
    at next (D:\careerpro-rr\server\node_modules\router\index.js:291:5)
    at Function.handle (D:\careerpro-rr\server\node_modules\router\index.js:186:3)
2025-06-10T08:48:40.652Z [ERROR]: Status: 401, Name: AUTHORIZATION TOKEN NOT FOUND, Message: Unable to find the authorization token in the cookie, URL: /api/resume/download, Method: POST, IP: ::1
2025-06-10T08:48:40.653Z [ERROR]: Stack: AUTHORIZATION TOKEN NOT FOUND: Unable to find the authorization token in the cookie
    at userAuthorization (file:///D:/careerpro-rr/server/middleware/user-authorization.js:9:19)
    at Layer.handleRequest (D:\careerpro-rr\server\node_modules\router\lib\layer.js:152:17)
    at next (D:\careerpro-rr\server\node_modules\router\lib\route.js:157:13)
    at Route.dispatch (D:\careerpro-rr\server\node_modules\router\lib\route.js:117:3)
    at handle (D:\careerpro-rr\server\node_modules\router\index.js:435:11)
    at Layer.handleRequest (D:\careerpro-rr\server\node_modules\router\lib\layer.js:152:17)
    at D:\careerpro-rr\server\node_modules\router\index.js:295:15
    at processParams (D:\careerpro-rr\server\node_modules\router\index.js:582:12)
    at next (D:\careerpro-rr\server\node_modules\router\index.js:291:5)
    at Function.handle (D:\careerpro-rr\server\node_modules\router\index.js:186:3)
2025-06-10T08:48:44.152Z [ERROR]: Status: 401, Name: AUTHORIZATION TOKEN NOT FOUND, Message: Unable to find the authorization token in the cookie, URL: /api/auth/status, Method: GET, IP: ::1
2025-06-10T08:48:44.153Z [ERROR]: Stack: AUTHORIZATION TOKEN NOT FOUND: Unable to find the authorization token in the cookie
    at userAuthorization (file:///D:/careerpro-rr/server/middleware/user-authorization.js:9:19)
    at Layer.handleRequest (D:\careerpro-rr\server\node_modules\router\lib\layer.js:152:17)
    at next (D:\careerpro-rr\server\node_modules\router\lib\route.js:157:13)
    at Route.dispatch (D:\careerpro-rr\server\node_modules\router\lib\route.js:117:3)
    at handle (D:\careerpro-rr\server\node_modules\router\index.js:435:11)
    at Layer.handleRequest (D:\careerpro-rr\server\node_modules\router\lib\layer.js:152:17)
    at D:\careerpro-rr\server\node_modules\router\index.js:295:15
    at processParams (D:\careerpro-rr\server\node_modules\router\index.js:582:12)
    at next (D:\careerpro-rr\server\node_modules\router\index.js:291:5)
    at Function.handle (D:\careerpro-rr\server\node_modules\router\index.js:186:3)
2025-06-10T08:48:44.168Z [ERROR]: Status: 401, Name: AUTHORIZATION TOKEN NOT FOUND, Message: Unable to find the authorization token in the cookie, URL: /api/auth/status, Method: GET, IP: ::1
2025-06-10T08:48:44.168Z [ERROR]: Stack: AUTHORIZATION TOKEN NOT FOUND: Unable to find the authorization token in the cookie
    at userAuthorization (file:///D:/careerpro-rr/server/middleware/user-authorization.js:9:19)
    at Layer.handleRequest (D:\careerpro-rr\server\node_modules\router\lib\layer.js:152:17)
    at next (D:\careerpro-rr\server\node_modules\router\lib\route.js:157:13)
    at Route.dispatch (D:\careerpro-rr\server\node_modules\router\lib\route.js:117:3)
    at handle (D:\careerpro-rr\server\node_modules\router\index.js:435:11)
    at Layer.handleRequest (D:\careerpro-rr\server\node_modules\router\lib\layer.js:152:17)
    at D:\careerpro-rr\server\node_modules\router\index.js:295:15
    at processParams (D:\careerpro-rr\server\node_modules\router\index.js:582:12)
    at next (D:\careerpro-rr\server\node_modules\router\index.js:291:5)
    at Function.handle (D:\careerpro-rr\server\node_modules\router\index.js:186:3)
2025-06-10T08:48:47.489Z [ERROR]: Status: 401, Name: AUTHORIZATION TOKEN NOT FOUND, Message: Unable to find the authorization token in the cookie, URL: /api/resume/download, Method: POST, IP: ::1
2025-06-10T08:48:47.496Z [ERROR]: Stack: AUTHORIZATION TOKEN NOT FOUND: Unable to find the authorization token in the cookie
    at userAuthorization (file:///D:/careerpro-rr/server/middleware/user-authorization.js:9:19)
    at Layer.handleRequest (D:\careerpro-rr\server\node_modules\router\lib\layer.js:152:17)
    at next (D:\careerpro-rr\server\node_modules\router\lib\route.js:157:13)
    at Route.dispatch (D:\careerpro-rr\server\node_modules\router\lib\route.js:117:3)
    at handle (D:\careerpro-rr\server\node_modules\router\index.js:435:11)
    at Layer.handleRequest (D:\careerpro-rr\server\node_modules\router\lib\layer.js:152:17)
    at D:\careerpro-rr\server\node_modules\router\index.js:295:15
    at processParams (D:\careerpro-rr\server\node_modules\router\index.js:582:12)
    at next (D:\careerpro-rr\server\node_modules\router\index.js:291:5)
    at Function.handle (D:\careerpro-rr\server\node_modules\router\index.js:186:3)
2025-06-10T08:48:50.819Z [ERROR]: Status: 401, Name: AUTHORIZATION TOKEN NOT FOUND, Message: Unable to find the authorization token in the cookie, URL: /api/auth/status, Method: GET, IP: ::1
2025-06-10T08:48:50.821Z [ERROR]: Stack: AUTHORIZATION TOKEN NOT FOUND: Unable to find the authorization token in the cookie
    at userAuthorization (file:///D:/careerpro-rr/server/middleware/user-authorization.js:9:19)
    at Layer.handleRequest (D:\careerpro-rr\server\node_modules\router\lib\layer.js:152:17)
    at next (D:\careerpro-rr\server\node_modules\router\lib\route.js:157:13)
    at Route.dispatch (D:\careerpro-rr\server\node_modules\router\lib\route.js:117:3)
    at handle (D:\careerpro-rr\server\node_modules\router\index.js:435:11)
    at Layer.handleRequest (D:\careerpro-rr\server\node_modules\router\lib\layer.js:152:17)
    at D:\careerpro-rr\server\node_modules\router\index.js:295:15
    at processParams (D:\careerpro-rr\server\node_modules\router\index.js:582:12)
    at next (D:\careerpro-rr\server\node_modules\router\index.js:291:5)
    at Function.handle (D:\careerpro-rr\server\node_modules\router\index.js:186:3)
2025-06-10T08:48:50.833Z [ERROR]: Status: 401, Name: AUTHORIZATION TOKEN NOT FOUND, Message: Unable to find the authorization token in the cookie, URL: /api/auth/status, Method: GET, IP: ::1
2025-06-10T08:48:50.833Z [ERROR]: Stack: AUTHORIZATION TOKEN NOT FOUND: Unable to find the authorization token in the cookie
    at userAuthorization (file:///D:/careerpro-rr/server/middleware/user-authorization.js:9:19)
    at Layer.handleRequest (D:\careerpro-rr\server\node_modules\router\lib\layer.js:152:17)
    at next (D:\careerpro-rr\server\node_modules\router\lib\route.js:157:13)
    at Route.dispatch (D:\careerpro-rr\server\node_modules\router\lib\route.js:117:3)
    at handle (D:\careerpro-rr\server\node_modules\router\index.js:435:11)
    at Layer.handleRequest (D:\careerpro-rr\server\node_modules\router\lib\layer.js:152:17)
    at D:\careerpro-rr\server\node_modules\router\index.js:295:15
    at processParams (D:\careerpro-rr\server\node_modules\router\index.js:582:12)
    at next (D:\careerpro-rr\server\node_modules\router\index.js:291:5)
    at Function.handle (D:\careerpro-rr\server\node_modules\router\index.js:186:3)
2025-06-10T08:54:12.377Z [ERROR]: Status: 401, Name: AUTHORIZATION TOKEN NOT FOUND, Message: Unable to find the authorization token in the cookie, URL: /api/auth/status, Method: GET, IP: ::1
2025-06-10T08:54:12.378Z [ERROR]: Stack: AUTHORIZATION TOKEN NOT FOUND: Unable to find the authorization token in the cookie
    at userAuthorization (file:///D:/careerpro-rr/server/middleware/user-authorization.js:9:19)
    at Layer.handleRequest (D:\careerpro-rr\server\node_modules\router\lib\layer.js:152:17)
    at next (D:\careerpro-rr\server\node_modules\router\lib\route.js:157:13)
    at Route.dispatch (D:\careerpro-rr\server\node_modules\router\lib\route.js:117:3)
    at handle (D:\careerpro-rr\server\node_modules\router\index.js:435:11)
    at Layer.handleRequest (D:\careerpro-rr\server\node_modules\router\lib\layer.js:152:17)
    at D:\careerpro-rr\server\node_modules\router\index.js:295:15
    at processParams (D:\careerpro-rr\server\node_modules\router\index.js:582:12)
    at next (D:\careerpro-rr\server\node_modules\router\index.js:291:5)
    at Function.handle (D:\careerpro-rr\server\node_modules\router\index.js:186:3)
2025-06-10T08:54:12.385Z [ERROR]: Status: 401, Name: AUTHORIZATION TOKEN NOT FOUND, Message: Unable to find the authorization token in the cookie, URL: /api/auth/status, Method: GET, IP: ::1
2025-06-10T08:54:12.385Z [ERROR]: Stack: AUTHORIZATION TOKEN NOT FOUND: Unable to find the authorization token in the cookie
    at userAuthorization (file:///D:/careerpro-rr/server/middleware/user-authorization.js:9:19)
    at Layer.handleRequest (D:\careerpro-rr\server\node_modules\router\lib\layer.js:152:17)
    at next (D:\careerpro-rr\server\node_modules\router\lib\route.js:157:13)
    at Route.dispatch (D:\careerpro-rr\server\node_modules\router\lib\route.js:117:3)
    at handle (D:\careerpro-rr\server\node_modules\router\index.js:435:11)
    at Layer.handleRequest (D:\careerpro-rr\server\node_modules\router\lib\layer.js:152:17)
    at D:\careerpro-rr\server\node_modules\router\index.js:295:15
    at processParams (D:\careerpro-rr\server\node_modules\router\index.js:582:12)
    at next (D:\careerpro-rr\server\node_modules\router\index.js:291:5)
    at Function.handle (D:\careerpro-rr\server\node_modules\router\index.js:186:3)
2025-06-10T08:54:19.538Z [ERROR]: Status: 401, Name: AUTHORIZATION TOKEN NOT FOUND, Message: Unable to find the authorization token in the cookie, URL: /api/auth/status, Method: GET, IP: ::1
2025-06-10T08:54:19.539Z [ERROR]: Stack: AUTHORIZATION TOKEN NOT FOUND: Unable to find the authorization token in the cookie
    at userAuthorization (file:///D:/careerpro-rr/server/middleware/user-authorization.js:9:19)
    at Layer.handleRequest (D:\careerpro-rr\server\node_modules\router\lib\layer.js:152:17)
    at next (D:\careerpro-rr\server\node_modules\router\lib\route.js:157:13)
    at Route.dispatch (D:\careerpro-rr\server\node_modules\router\lib\route.js:117:3)
    at handle (D:\careerpro-rr\server\node_modules\router\index.js:435:11)
    at Layer.handleRequest (D:\careerpro-rr\server\node_modules\router\lib\layer.js:152:17)
    at D:\careerpro-rr\server\node_modules\router\index.js:295:15
    at processParams (D:\careerpro-rr\server\node_modules\router\index.js:582:12)
    at next (D:\careerpro-rr\server\node_modules\router\index.js:291:5)
    at Function.handle (D:\careerpro-rr\server\node_modules\router\index.js:186:3)
2025-06-10T08:54:19.548Z [ERROR]: Status: 401, Name: AUTHORIZATION TOKEN NOT FOUND, Message: Unable to find the authorization token in the cookie, URL: /api/auth/status, Method: GET, IP: ::1
2025-06-10T08:54:19.549Z [ERROR]: Stack: AUTHORIZATION TOKEN NOT FOUND: Unable to find the authorization token in the cookie
    at userAuthorization (file:///D:/careerpro-rr/server/middleware/user-authorization.js:9:19)
    at Layer.handleRequest (D:\careerpro-rr\server\node_modules\router\lib\layer.js:152:17)
    at next (D:\careerpro-rr\server\node_modules\router\lib\route.js:157:13)
    at Route.dispatch (D:\careerpro-rr\server\node_modules\router\lib\route.js:117:3)
    at handle (D:\careerpro-rr\server\node_modules\router\index.js:435:11)
    at Layer.handleRequest (D:\careerpro-rr\server\node_modules\router\lib\layer.js:152:17)
    at D:\careerpro-rr\server\node_modules\router\index.js:295:15
    at processParams (D:\careerpro-rr\server\node_modules\router\index.js:582:12)
    at next (D:\careerpro-rr\server\node_modules\router\index.js:291:5)
    at Function.handle (D:\careerpro-rr\server\node_modules\router\index.js:186:3)
2025-06-10T09:02:52.380Z [ERROR]: Status: 401, Name: AUTHORIZATION TOKEN NOT FOUND, Message: Unable to find the authorization token in the cookie, URL: /api/auth/status, Method: GET, IP: ::1
2025-06-10T09:02:52.381Z [ERROR]: Stack: AUTHORIZATION TOKEN NOT FOUND: Unable to find the authorization token in the cookie
    at userAuthorization (file:///D:/careerpro-rr/server/middleware/user-authorization.js:9:19)
    at Layer.handleRequest (D:\careerpro-rr\server\node_modules\router\lib\layer.js:152:17)
    at next (D:\careerpro-rr\server\node_modules\router\lib\route.js:157:13)
    at Route.dispatch (D:\careerpro-rr\server\node_modules\router\lib\route.js:117:3)
    at handle (D:\careerpro-rr\server\node_modules\router\index.js:435:11)
    at Layer.handleRequest (D:\careerpro-rr\server\node_modules\router\lib\layer.js:152:17)
    at D:\careerpro-rr\server\node_modules\router\index.js:295:15
    at processParams (D:\careerpro-rr\server\node_modules\router\index.js:582:12)
    at next (D:\careerpro-rr\server\node_modules\router\index.js:291:5)
    at Function.handle (D:\careerpro-rr\server\node_modules\router\index.js:186:3)
2025-06-10T09:02:52.400Z [ERROR]: Status: 401, Name: AUTHORIZATION TOKEN NOT FOUND, Message: Unable to find the authorization token in the cookie, URL: /api/auth/status, Method: GET, IP: ::1
2025-06-10T09:02:52.403Z [ERROR]: Stack: AUTHORIZATION TOKEN NOT FOUND: Unable to find the authorization token in the cookie
    at userAuthorization (file:///D:/careerpro-rr/server/middleware/user-authorization.js:9:19)
    at Layer.handleRequest (D:\careerpro-rr\server\node_modules\router\lib\layer.js:152:17)
    at next (D:\careerpro-rr\server\node_modules\router\lib\route.js:157:13)
    at Route.dispatch (D:\careerpro-rr\server\node_modules\router\lib\route.js:117:3)
    at handle (D:\careerpro-rr\server\node_modules\router\index.js:435:11)
    at Layer.handleRequest (D:\careerpro-rr\server\node_modules\router\lib\layer.js:152:17)
    at D:\careerpro-rr\server\node_modules\router\index.js:295:15
    at processParams (D:\careerpro-rr\server\node_modules\router\index.js:582:12)
    at next (D:\careerpro-rr\server\node_modules\router\index.js:291:5)
    at Function.handle (D:\careerpro-rr\server\node_modules\router\index.js:186:3)
2025-06-10T09:02:56.130Z [ERROR]: Status: 401, Name: AUTHORIZATION TOKEN NOT FOUND, Message: Unable to find the authorization token in the cookie, URL: /api/auth/status, Method: GET, IP: ::1
2025-06-10T09:02:56.131Z [ERROR]: Stack: AUTHORIZATION TOKEN NOT FOUND: Unable to find the authorization token in the cookie
    at userAuthorization (file:///D:/careerpro-rr/server/middleware/user-authorization.js:9:19)
    at Layer.handleRequest (D:\careerpro-rr\server\node_modules\router\lib\layer.js:152:17)
    at next (D:\careerpro-rr\server\node_modules\router\lib\route.js:157:13)
    at Route.dispatch (D:\careerpro-rr\server\node_modules\router\lib\route.js:117:3)
    at handle (D:\careerpro-rr\server\node_modules\router\index.js:435:11)
    at Layer.handleRequest (D:\careerpro-rr\server\node_modules\router\lib\layer.js:152:17)
    at D:\careerpro-rr\server\node_modules\router\index.js:295:15
    at processParams (D:\careerpro-rr\server\node_modules\router\index.js:582:12)
    at next (D:\careerpro-rr\server\node_modules\router\index.js:291:5)
    at Function.handle (D:\careerpro-rr\server\node_modules\router\index.js:186:3)
2025-06-10T09:02:56.139Z [ERROR]: Status: 401, Name: AUTHORIZATION TOKEN NOT FOUND, Message: Unable to find the authorization token in the cookie, URL: /api/auth/status, Method: GET, IP: ::1
2025-06-10T09:02:56.140Z [ERROR]: Stack: AUTHORIZATION TOKEN NOT FOUND: Unable to find the authorization token in the cookie
    at userAuthorization (file:///D:/careerpro-rr/server/middleware/user-authorization.js:9:19)
    at Layer.handleRequest (D:\careerpro-rr\server\node_modules\router\lib\layer.js:152:17)
    at next (D:\careerpro-rr\server\node_modules\router\lib\route.js:157:13)
    at Route.dispatch (D:\careerpro-rr\server\node_modules\router\lib\route.js:117:3)
    at handle (D:\careerpro-rr\server\node_modules\router\index.js:435:11)
    at Layer.handleRequest (D:\careerpro-rr\server\node_modules\router\lib\layer.js:152:17)
    at D:\careerpro-rr\server\node_modules\router\index.js:295:15
    at processParams (D:\careerpro-rr\server\node_modules\router\index.js:582:12)
    at next (D:\careerpro-rr\server\node_modules\router\index.js:291:5)
    at Function.handle (D:\careerpro-rr\server\node_modules\router\index.js:186:3)
2025-06-10T09:08:06.843Z [ERROR]: Status: 401, Name: AUTHORIZATION TOKEN NOT FOUND, Message: Unable to find the authorization token in the cookie, URL: /api/auth/status, Method: GET, IP: ::1
2025-06-10T09:08:06.843Z [ERROR]: Stack: AUTHORIZATION TOKEN NOT FOUND: Unable to find the authorization token in the cookie
    at userAuthorization (file:///D:/careerpro-rr/server/middleware/user-authorization.js:9:19)
    at Layer.handleRequest (D:\careerpro-rr\server\node_modules\router\lib\layer.js:152:17)
    at next (D:\careerpro-rr\server\node_modules\router\lib\route.js:157:13)
    at Route.dispatch (D:\careerpro-rr\server\node_modules\router\lib\route.js:117:3)
    at handle (D:\careerpro-rr\server\node_modules\router\index.js:435:11)
    at Layer.handleRequest (D:\careerpro-rr\server\node_modules\router\lib\layer.js:152:17)
    at D:\careerpro-rr\server\node_modules\router\index.js:295:15
    at processParams (D:\careerpro-rr\server\node_modules\router\index.js:582:12)
    at next (D:\careerpro-rr\server\node_modules\router\index.js:291:5)
    at Function.handle (D:\careerpro-rr\server\node_modules\router\index.js:186:3)
2025-06-10T09:08:06.850Z [ERROR]: Status: 401, Name: AUTHORIZATION TOKEN NOT FOUND, Message: Unable to find the authorization token in the cookie, URL: /api/auth/status, Method: GET, IP: ::1
2025-06-10T09:08:06.851Z [ERROR]: Stack: AUTHORIZATION TOKEN NOT FOUND: Unable to find the authorization token in the cookie
    at userAuthorization (file:///D:/careerpro-rr/server/middleware/user-authorization.js:9:19)
    at Layer.handleRequest (D:\careerpro-rr\server\node_modules\router\lib\layer.js:152:17)
    at next (D:\careerpro-rr\server\node_modules\router\lib\route.js:157:13)
    at Route.dispatch (D:\careerpro-rr\server\node_modules\router\lib\route.js:117:3)
    at handle (D:\careerpro-rr\server\node_modules\router\index.js:435:11)
    at Layer.handleRequest (D:\careerpro-rr\server\node_modules\router\lib\layer.js:152:17)
    at D:\careerpro-rr\server\node_modules\router\index.js:295:15
    at processParams (D:\careerpro-rr\server\node_modules\router\index.js:582:12)
    at next (D:\careerpro-rr\server\node_modules\router\index.js:291:5)
    at Function.handle (D:\careerpro-rr\server\node_modules\router\index.js:186:3)
2025-06-10T09:11:23.140Z [ERROR]: Status: 401, Name: AUTHORIZATION TOKEN NOT FOUND, Message: Unable to find the authorization token in the cookie, URL: /api/auth/status, Method: GET, IP: ::1
2025-06-10T09:11:23.141Z [ERROR]: Stack: AUTHORIZATION TOKEN NOT FOUND: Unable to find the authorization token in the cookie
    at userAuthorization (file:///D:/careerpro-rr/server/middleware/user-authorization.js:9:19)
    at Layer.handleRequest (D:\careerpro-rr\server\node_modules\router\lib\layer.js:152:17)
    at next (D:\careerpro-rr\server\node_modules\router\lib\route.js:157:13)
    at Route.dispatch (D:\careerpro-rr\server\node_modules\router\lib\route.js:117:3)
    at handle (D:\careerpro-rr\server\node_modules\router\index.js:435:11)
    at Layer.handleRequest (D:\careerpro-rr\server\node_modules\router\lib\layer.js:152:17)
    at D:\careerpro-rr\server\node_modules\router\index.js:295:15
    at processParams (D:\careerpro-rr\server\node_modules\router\index.js:582:12)
    at next (D:\careerpro-rr\server\node_modules\router\index.js:291:5)
    at Function.handle (D:\careerpro-rr\server\node_modules\router\index.js:186:3)
2025-06-10T09:11:23.152Z [ERROR]: Status: 401, Name: AUTHORIZATION TOKEN NOT FOUND, Message: Unable to find the authorization token in the cookie, URL: /api/auth/status, Method: GET, IP: ::1
2025-06-10T09:11:23.153Z [ERROR]: Stack: AUTHORIZATION TOKEN NOT FOUND: Unable to find the authorization token in the cookie
    at userAuthorization (file:///D:/careerpro-rr/server/middleware/user-authorization.js:9:19)
    at Layer.handleRequest (D:\careerpro-rr\server\node_modules\router\lib\layer.js:152:17)
    at next (D:\careerpro-rr\server\node_modules\router\lib\route.js:157:13)
    at Route.dispatch (D:\careerpro-rr\server\node_modules\router\lib\route.js:117:3)
    at handle (D:\careerpro-rr\server\node_modules\router\index.js:435:11)
    at Layer.handleRequest (D:\careerpro-rr\server\node_modules\router\lib\layer.js:152:17)
    at D:\careerpro-rr\server\node_modules\router\index.js:295:15
    at processParams (D:\careerpro-rr\server\node_modules\router\index.js:582:12)
    at next (D:\careerpro-rr\server\node_modules\router\index.js:291:5)
    at Function.handle (D:\careerpro-rr\server\node_modules\router\index.js:186:3)
2025-06-10T09:11:47.114Z [ERROR]: Status: 401, Name: AUTHORIZATION TOKEN NOT FOUND, Message: Unable to find the authorization token in the cookie, URL: /api/resume/download, Method: POST, IP: ::1
2025-06-10T09:11:47.115Z [ERROR]: Stack: AUTHORIZATION TOKEN NOT FOUND: Unable to find the authorization token in the cookie
    at userAuthorization (file:///D:/careerpro-rr/server/middleware/user-authorization.js:9:19)
    at Layer.handleRequest (D:\careerpro-rr\server\node_modules\router\lib\layer.js:152:17)
    at next (D:\careerpro-rr\server\node_modules\router\lib\route.js:157:13)
    at Route.dispatch (D:\careerpro-rr\server\node_modules\router\lib\route.js:117:3)
    at handle (D:\careerpro-rr\server\node_modules\router\index.js:435:11)
    at Layer.handleRequest (D:\careerpro-rr\server\node_modules\router\lib\layer.js:152:17)
    at D:\careerpro-rr\server\node_modules\router\index.js:295:15
    at processParams (D:\careerpro-rr\server\node_modules\router\index.js:582:12)
    at next (D:\careerpro-rr\server\node_modules\router\index.js:291:5)
    at Function.handle (D:\careerpro-rr\server\node_modules\router\index.js:186:3)
2025-06-10T09:29:03.553Z [ERROR]: Status: 401, Name: AUTHORIZATION TOKEN NOT FOUND, Message: Unable to find the authorization token in the cookie, URL: /api/resume/download, Method: POST, IP: ::1
2025-06-10T09:29:03.553Z [ERROR]: Stack: AUTHORIZATION TOKEN NOT FOUND: Unable to find the authorization token in the cookie
    at userAuthorization (file:///D:/careerpro-rr/server/middleware/user-authorization.js:9:19)
    at Layer.handleRequest (D:\careerpro-rr\server\node_modules\router\lib\layer.js:152:17)
    at next (D:\careerpro-rr\server\node_modules\router\lib\route.js:157:13)
    at Route.dispatch (D:\careerpro-rr\server\node_modules\router\lib\route.js:117:3)
    at handle (D:\careerpro-rr\server\node_modules\router\index.js:435:11)
    at Layer.handleRequest (D:\careerpro-rr\server\node_modules\router\lib\layer.js:152:17)
    at D:\careerpro-rr\server\node_modules\router\index.js:295:15
    at processParams (D:\careerpro-rr\server\node_modules\router\index.js:582:12)
    at next (D:\careerpro-rr\server\node_modules\router\index.js:291:5)
    at Function.handle (D:\careerpro-rr\server\node_modules\router\index.js:186:3)
2025-06-10T09:34:00.738Z [ERROR]: Status: 401, Name: AUTHORIZATION TOKEN NOT FOUND, Message: Unable to find the authorization token in the cookie, URL: /api/resume/download, Method: POST, IP: ::1
2025-06-10T09:34:00.740Z [ERROR]: Stack: AUTHORIZATION TOKEN NOT FOUND: Unable to find the authorization token in the cookie
    at userAuthorization (file:///D:/careerpro-rr/server/middleware/user-authorization.js:9:19)
    at Layer.handleRequest (D:\careerpro-rr\server\node_modules\router\lib\layer.js:152:17)
    at next (D:\careerpro-rr\server\node_modules\router\lib\route.js:157:13)
    at Route.dispatch (D:\careerpro-rr\server\node_modules\router\lib\route.js:117:3)
    at handle (D:\careerpro-rr\server\node_modules\router\index.js:435:11)
    at Layer.handleRequest (D:\careerpro-rr\server\node_modules\router\lib\layer.js:152:17)
    at D:\careerpro-rr\server\node_modules\router\index.js:295:15
    at processParams (D:\careerpro-rr\server\node_modules\router\index.js:582:12)
    at next (D:\careerpro-rr\server\node_modules\router\index.js:291:5)
    at Function.handle (D:\careerpro-rr\server\node_modules\router\index.js:186:3)
2025-06-10T09:36:36.323Z [ERROR]: Status: 401, Name: AUTHORIZATION TOKEN NOT FOUND, Message: Unable to find the authorization token in the cookie, URL: /api/auth/status, Method: GET, IP: ::1
2025-06-10T09:36:36.323Z [ERROR]: Stack: AUTHORIZATION TOKEN NOT FOUND: Unable to find the authorization token in the cookie
    at userAuthorization (file:///D:/careerpro-rr/server/middleware/user-authorization.js:9:19)
    at Layer.handleRequest (D:\careerpro-rr\server\node_modules\router\lib\layer.js:152:17)
    at next (D:\careerpro-rr\server\node_modules\router\lib\route.js:157:13)
    at Route.dispatch (D:\careerpro-rr\server\node_modules\router\lib\route.js:117:3)
    at handle (D:\careerpro-rr\server\node_modules\router\index.js:435:11)
    at Layer.handleRequest (D:\careerpro-rr\server\node_modules\router\lib\layer.js:152:17)
    at D:\careerpro-rr\server\node_modules\router\index.js:295:15
    at processParams (D:\careerpro-rr\server\node_modules\router\index.js:582:12)
    at next (D:\careerpro-rr\server\node_modules\router\index.js:291:5)
    at Function.handle (D:\careerpro-rr\server\node_modules\router\index.js:186:3)
2025-06-10T09:36:36.330Z [ERROR]: Status: 401, Name: AUTHORIZATION TOKEN NOT FOUND, Message: Unable to find the authorization token in the cookie, URL: /api/auth/status, Method: GET, IP: ::1
2025-06-10T09:36:36.330Z [ERROR]: Stack: AUTHORIZATION TOKEN NOT FOUND: Unable to find the authorization token in the cookie
    at userAuthorization (file:///D:/careerpro-rr/server/middleware/user-authorization.js:9:19)
    at Layer.handleRequest (D:\careerpro-rr\server\node_modules\router\lib\layer.js:152:17)
    at next (D:\careerpro-rr\server\node_modules\router\lib\route.js:157:13)
    at Route.dispatch (D:\careerpro-rr\server\node_modules\router\lib\route.js:117:3)
    at handle (D:\careerpro-rr\server\node_modules\router\index.js:435:11)
    at Layer.handleRequest (D:\careerpro-rr\server\node_modules\router\lib\layer.js:152:17)
    at D:\careerpro-rr\server\node_modules\router\index.js:295:15
    at processParams (D:\careerpro-rr\server\node_modules\router\index.js:582:12)
    at next (D:\careerpro-rr\server\node_modules\router\index.js:291:5)
    at Function.handle (D:\careerpro-rr\server\node_modules\router\index.js:186:3)
2025-06-10T09:36:52.121Z [ERROR]: Status: 401, Name: AUTHORIZATION TOKEN NOT FOUND, Message: Unable to find the authorization token in the cookie, URL: /api/auth/status, Method: GET, IP: ::1
2025-06-10T09:36:52.121Z [ERROR]: Stack: AUTHORIZATION TOKEN NOT FOUND: Unable to find the authorization token in the cookie
    at userAuthorization (file:///D:/careerpro-rr/server/middleware/user-authorization.js:9:19)
    at Layer.handleRequest (D:\careerpro-rr\server\node_modules\router\lib\layer.js:152:17)
    at next (D:\careerpro-rr\server\node_modules\router\lib\route.js:157:13)
    at Route.dispatch (D:\careerpro-rr\server\node_modules\router\lib\route.js:117:3)
    at handle (D:\careerpro-rr\server\node_modules\router\index.js:435:11)
    at Layer.handleRequest (D:\careerpro-rr\server\node_modules\router\lib\layer.js:152:17)
    at D:\careerpro-rr\server\node_modules\router\index.js:295:15
    at processParams (D:\careerpro-rr\server\node_modules\router\index.js:582:12)
    at next (D:\careerpro-rr\server\node_modules\router\index.js:291:5)
    at Function.handle (D:\careerpro-rr\server\node_modules\router\index.js:186:3)
2025-06-10T09:36:52.127Z [ERROR]: Status: 401, Name: AUTHORIZATION TOKEN NOT FOUND, Message: Unable to find the authorization token in the cookie, URL: /api/auth/status, Method: GET, IP: ::1
2025-06-10T09:36:52.127Z [ERROR]: Stack: AUTHORIZATION TOKEN NOT FOUND: Unable to find the authorization token in the cookie
    at userAuthorization (file:///D:/careerpro-rr/server/middleware/user-authorization.js:9:19)
    at Layer.handleRequest (D:\careerpro-rr\server\node_modules\router\lib\layer.js:152:17)
    at next (D:\careerpro-rr\server\node_modules\router\lib\route.js:157:13)
    at Route.dispatch (D:\careerpro-rr\server\node_modules\router\lib\route.js:117:3)
    at handle (D:\careerpro-rr\server\node_modules\router\index.js:435:11)
    at Layer.handleRequest (D:\careerpro-rr\server\node_modules\router\lib\layer.js:152:17)
    at D:\careerpro-rr\server\node_modules\router\index.js:295:15
    at processParams (D:\careerpro-rr\server\node_modules\router\index.js:582:12)
    at next (D:\careerpro-rr\server\node_modules\router\index.js:291:5)
    at Function.handle (D:\careerpro-rr\server\node_modules\router\index.js:186:3)
2025-06-10T11:36:03.751Z [ERROR]: Status: 401, Name: AUTHORIZATION TOKEN NOT FOUND, Message: Unable to find the authorization token in the cookie, URL: /api/auth/status, Method: GET, IP: ::1
2025-06-10T11:36:03.752Z [ERROR]: Stack: AUTHORIZATION TOKEN NOT FOUND: Unable to find the authorization token in the cookie
    at userAuthorization (file:///D:/careerpro-rr/server/middleware/user-authorization.js:9:19)
    at Layer.handleRequest (D:\careerpro-rr\server\node_modules\router\lib\layer.js:152:17)
    at next (D:\careerpro-rr\server\node_modules\router\lib\route.js:157:13)
    at Route.dispatch (D:\careerpro-rr\server\node_modules\router\lib\route.js:117:3)
    at handle (D:\careerpro-rr\server\node_modules\router\index.js:435:11)
    at Layer.handleRequest (D:\careerpro-rr\server\node_modules\router\lib\layer.js:152:17)
    at D:\careerpro-rr\server\node_modules\router\index.js:295:15
    at processParams (D:\careerpro-rr\server\node_modules\router\index.js:582:12)
    at next (D:\careerpro-rr\server\node_modules\router\index.js:291:5)
    at Function.handle (D:\careerpro-rr\server\node_modules\router\index.js:186:3)
2025-06-10T11:36:03.771Z [ERROR]: Status: 401, Name: AUTHORIZATION TOKEN NOT FOUND, Message: Unable to find the authorization token in the cookie, URL: /api/auth/status, Method: GET, IP: ::1
2025-06-10T11:36:03.772Z [ERROR]: Stack: AUTHORIZATION TOKEN NOT FOUND: Unable to find the authorization token in the cookie
    at userAuthorization (file:///D:/careerpro-rr/server/middleware/user-authorization.js:9:19)
    at Layer.handleRequest (D:\careerpro-rr\server\node_modules\router\lib\layer.js:152:17)
    at next (D:\careerpro-rr\server\node_modules\router\lib\route.js:157:13)
    at Route.dispatch (D:\careerpro-rr\server\node_modules\router\lib\route.js:117:3)
    at handle (D:\careerpro-rr\server\node_modules\router\index.js:435:11)
    at Layer.handleRequest (D:\careerpro-rr\server\node_modules\router\lib\layer.js:152:17)
    at D:\careerpro-rr\server\node_modules\router\index.js:295:15
    at processParams (D:\careerpro-rr\server\node_modules\router\index.js:582:12)
    at next (D:\careerpro-rr\server\node_modules\router\index.js:291:5)
    at Function.handle (D:\careerpro-rr\server\node_modules\router\index.js:186:3)
2025-06-10T11:36:48.422Z [ERROR]: Status: 401, Name: AUTHORIZATION TOKEN NOT FOUND, Message: Unable to find the authorization token in the cookie, URL: /api/auth/status, Method: GET, IP: ::1
2025-06-10T11:36:48.424Z [ERROR]: Stack: AUTHORIZATION TOKEN NOT FOUND: Unable to find the authorization token in the cookie
    at userAuthorization (file:///D:/careerpro-rr/server/middleware/user-authorization.js:9:19)
    at Layer.handleRequest (D:\careerpro-rr\server\node_modules\router\lib\layer.js:152:17)
    at next (D:\careerpro-rr\server\node_modules\router\lib\route.js:157:13)
    at Route.dispatch (D:\careerpro-rr\server\node_modules\router\lib\route.js:117:3)
    at handle (D:\careerpro-rr\server\node_modules\router\index.js:435:11)
    at Layer.handleRequest (D:\careerpro-rr\server\node_modules\router\lib\layer.js:152:17)
    at D:\careerpro-rr\server\node_modules\router\index.js:295:15
    at processParams (D:\careerpro-rr\server\node_modules\router\index.js:582:12)
    at next (D:\careerpro-rr\server\node_modules\router\index.js:291:5)
    at Function.handle (D:\careerpro-rr\server\node_modules\router\index.js:186:3)
2025-06-10T11:36:48.432Z [ERROR]: Status: 401, Name: AUTHORIZATION TOKEN NOT FOUND, Message: Unable to find the authorization token in the cookie, URL: /api/auth/status, Method: GET, IP: ::1
2025-06-10T11:36:48.433Z [ERROR]: Stack: AUTHORIZATION TOKEN NOT FOUND: Unable to find the authorization token in the cookie
    at userAuthorization (file:///D:/careerpro-rr/server/middleware/user-authorization.js:9:19)
    at Layer.handleRequest (D:\careerpro-rr\server\node_modules\router\lib\layer.js:152:17)
    at next (D:\careerpro-rr\server\node_modules\router\lib\route.js:157:13)
    at Route.dispatch (D:\careerpro-rr\server\node_modules\router\lib\route.js:117:3)
    at handle (D:\careerpro-rr\server\node_modules\router\index.js:435:11)
    at Layer.handleRequest (D:\careerpro-rr\server\node_modules\router\lib\layer.js:152:17)
    at D:\careerpro-rr\server\node_modules\router\index.js:295:15
    at processParams (D:\careerpro-rr\server\node_modules\router\index.js:582:12)
    at next (D:\careerpro-rr\server\node_modules\router\index.js:291:5)
    at Function.handle (D:\careerpro-rr\server\node_modules\router\index.js:186:3)
2025-06-10T11:38:17.607Z [ERROR]: Status: 400, Name: VALIDATION_ERROR, Message: [object Object], URL: /api/auth/signin, Method: POST, IP: ::1
2025-06-10T11:38:17.608Z [ERROR]: Stack: VALIDATION_ERROR: [object Object]
    at userSignInValidation (file:///D:/careerpro-rr/server/validators/auth-validators.js:102:17)
    at Layer.handleRequest (D:\careerpro-rr\server\node_modules\router\lib\layer.js:152:17)
    at next (D:\careerpro-rr\server\node_modules\router\lib\route.js:157:13)
    at middleware (D:\careerpro-rr\server\node_modules\express-validator\lib\middlewares\check.js:16:13)
    at process.processTicksAndRejections (node:internal/process/task_queues:105:5)
2025-06-10T11:38:22.395Z [ERROR]: Status: 401, Name: AUTHORIZATION TOKEN NOT FOUND, Message: Unable to find the authorization token in the cookie, URL: /api/auth/status, Method: GET, IP: ::1
2025-06-10T11:38:22.397Z [ERROR]: Stack: AUTHORIZATION TOKEN NOT FOUND: Unable to find the authorization token in the cookie
    at userAuthorization (file:///D:/careerpro-rr/server/middleware/user-authorization.js:9:19)
    at Layer.handleRequest (D:\careerpro-rr\server\node_modules\router\lib\layer.js:152:17)
    at next (D:\careerpro-rr\server\node_modules\router\lib\route.js:157:13)
    at Route.dispatch (D:\careerpro-rr\server\node_modules\router\lib\route.js:117:3)
    at handle (D:\careerpro-rr\server\node_modules\router\index.js:435:11)
    at Layer.handleRequest (D:\careerpro-rr\server\node_modules\router\lib\layer.js:152:17)
    at D:\careerpro-rr\server\node_modules\router\index.js:295:15
    at processParams (D:\careerpro-rr\server\node_modules\router\index.js:582:12)
    at next (D:\careerpro-rr\server\node_modules\router\index.js:291:5)
    at Function.handle (D:\careerpro-rr\server\node_modules\router\index.js:186:3)
2025-06-10T11:38:22.409Z [ERROR]: Status: 401, Name: AUTHORIZATION TOKEN NOT FOUND, Message: Unable to find the authorization token in the cookie, URL: /api/auth/status, Method: GET, IP: ::1
2025-06-10T11:38:22.410Z [ERROR]: Stack: AUTHORIZATION TOKEN NOT FOUND: Unable to find the authorization token in the cookie
    at userAuthorization (file:///D:/careerpro-rr/server/middleware/user-authorization.js:9:19)
    at Layer.handleRequest (D:\careerpro-rr\server\node_modules\router\lib\layer.js:152:17)
    at next (D:\careerpro-rr\server\node_modules\router\lib\route.js:157:13)
    at Route.dispatch (D:\careerpro-rr\server\node_modules\router\lib\route.js:117:3)
    at handle (D:\careerpro-rr\server\node_modules\router\index.js:435:11)
    at Layer.handleRequest (D:\careerpro-rr\server\node_modules\router\lib\layer.js:152:17)
    at D:\careerpro-rr\server\node_modules\router\index.js:295:15
    at processParams (D:\careerpro-rr\server\node_modules\router\index.js:582:12)
    at next (D:\careerpro-rr\server\node_modules\router\index.js:291:5)
    at Function.handle (D:\careerpro-rr\server\node_modules\router\index.js:186:3)
2025-06-10T11:45:28.790Z [ERROR]: Status: 401, Name: AUTHORIZATION TOKEN NOT FOUND, Message: Unable to find the authorization token in the cookie, URL: /api/auth/status, Method: GET, IP: ::1
2025-06-10T11:45:28.790Z [ERROR]: Stack: AUTHORIZATION TOKEN NOT FOUND: Unable to find the authorization token in the cookie
    at userAuthorization (file:///D:/careerpro-rr/server/middleware/user-authorization.js:9:19)
    at Layer.handleRequest (D:\careerpro-rr\server\node_modules\router\lib\layer.js:152:17)
    at next (D:\careerpro-rr\server\node_modules\router\lib\route.js:157:13)
    at Route.dispatch (D:\careerpro-rr\server\node_modules\router\lib\route.js:117:3)
    at handle (D:\careerpro-rr\server\node_modules\router\index.js:435:11)
    at Layer.handleRequest (D:\careerpro-rr\server\node_modules\router\lib\layer.js:152:17)
    at D:\careerpro-rr\server\node_modules\router\index.js:295:15
    at processParams (D:\careerpro-rr\server\node_modules\router\index.js:582:12)
    at next (D:\careerpro-rr\server\node_modules\router\index.js:291:5)
    at Function.handle (D:\careerpro-rr\server\node_modules\router\index.js:186:3)
2025-06-10T11:45:28.810Z [ERROR]: Status: 401, Name: AUTHORIZATION TOKEN NOT FOUND, Message: Unable to find the authorization token in the cookie, URL: /api/auth/status, Method: GET, IP: ::1
2025-06-10T11:45:28.810Z [ERROR]: Stack: AUTHORIZATION TOKEN NOT FOUND: Unable to find the authorization token in the cookie
    at userAuthorization (file:///D:/careerpro-rr/server/middleware/user-authorization.js:9:19)
    at Layer.handleRequest (D:\careerpro-rr\server\node_modules\router\lib\layer.js:152:17)
    at next (D:\careerpro-rr\server\node_modules\router\lib\route.js:157:13)
    at Route.dispatch (D:\careerpro-rr\server\node_modules\router\lib\route.js:117:3)
    at handle (D:\careerpro-rr\server\node_modules\router\index.js:435:11)
    at Layer.handleRequest (D:\careerpro-rr\server\node_modules\router\lib\layer.js:152:17)
    at D:\careerpro-rr\server\node_modules\router\index.js:295:15
    at processParams (D:\careerpro-rr\server\node_modules\router\index.js:582:12)
    at next (D:\careerpro-rr\server\node_modules\router\index.js:291:5)
    at Function.handle (D:\careerpro-rr\server\node_modules\router\index.js:186:3)
2025-06-10T11:45:29.682Z [ERROR]: Status: 401, Name: AUTHORIZATION TOKEN NOT FOUND, Message: Unable to find the authorization token in the cookie, URL: /api/auth/status, Method: GET, IP: ::1
2025-06-10T11:45:29.683Z [ERROR]: Stack: AUTHORIZATION TOKEN NOT FOUND: Unable to find the authorization token in the cookie
    at userAuthorization (file:///D:/careerpro-rr/server/middleware/user-authorization.js:9:19)
    at Layer.handleRequest (D:\careerpro-rr\server\node_modules\router\lib\layer.js:152:17)
    at next (D:\careerpro-rr\server\node_modules\router\lib\route.js:157:13)
    at Route.dispatch (D:\careerpro-rr\server\node_modules\router\lib\route.js:117:3)
    at handle (D:\careerpro-rr\server\node_modules\router\index.js:435:11)
    at Layer.handleRequest (D:\careerpro-rr\server\node_modules\router\lib\layer.js:152:17)
    at D:\careerpro-rr\server\node_modules\router\index.js:295:15
    at processParams (D:\careerpro-rr\server\node_modules\router\index.js:582:12)
    at next (D:\careerpro-rr\server\node_modules\router\index.js:291:5)
    at Function.handle (D:\careerpro-rr\server\node_modules\router\index.js:186:3)
2025-06-10T11:45:29.690Z [ERROR]: Status: 401, Name: AUTHORIZATION TOKEN NOT FOUND, Message: Unable to find the authorization token in the cookie, URL: /api/auth/status, Method: GET, IP: ::1
2025-06-10T11:45:29.691Z [ERROR]: Stack: AUTHORIZATION TOKEN NOT FOUND: Unable to find the authorization token in the cookie
    at userAuthorization (file:///D:/careerpro-rr/server/middleware/user-authorization.js:9:19)
    at Layer.handleRequest (D:\careerpro-rr\server\node_modules\router\lib\layer.js:152:17)
    at next (D:\careerpro-rr\server\node_modules\router\lib\route.js:157:13)
    at Route.dispatch (D:\careerpro-rr\server\node_modules\router\lib\route.js:117:3)
    at handle (D:\careerpro-rr\server\node_modules\router\index.js:435:11)
    at Layer.handleRequest (D:\careerpro-rr\server\node_modules\router\lib\layer.js:152:17)
    at D:\careerpro-rr\server\node_modules\router\index.js:295:15
    at processParams (D:\careerpro-rr\server\node_modules\router\index.js:582:12)
    at next (D:\careerpro-rr\server\node_modules\router\index.js:291:5)
    at Function.handle (D:\careerpro-rr\server\node_modules\router\index.js:186:3)
2025-06-10T11:46:57.123Z [ERROR]: Status: 400, Name: SyntaxError, Message: Unexpected token '"', ""gmbtnk10a"... is not valid JSON, URL: /api/auth/signin, Method: POST, IP: ::1
2025-06-10T11:46:57.123Z [ERROR]: Stack: SyntaxError: Unexpected token '"', ""gmbtnk10a"... is not valid JSON
    at JSON.parse (<anonymous>)
    at createStrictSyntaxError (D:\careerpro-rr\server\node_modules\body-parser\lib\types\json.js:156:10)
    at parse (D:\careerpro-rr\server\node_modules\body-parser\lib\types\json.js:71:15)
    at D:\careerpro-rr\server\node_modules\body-parser\lib\read.js:123:18
    at AsyncResource.runInAsyncScope (node:async_hooks:214:14)
    at invokeCallback (D:\careerpro-rr\server\node_modules\raw-body\index.js:238:16)
    at done (D:\careerpro-rr\server\node_modules\raw-body\index.js:227:7)
    at IncomingMessage.onEnd (D:\careerpro-rr\server\node_modules\raw-body\index.js:287:7)
    at IncomingMessage.emit (node:events:518:28)
    at endReadableNT (node:internal/streams/readable:1698:12)
2025-06-10T11:47:16.478Z [ERROR]: Status: 400, Name: SyntaxError, Message: Unexpected token '"', ""gmbtnk10a"... is not valid JSON, URL: /api/auth/signin, Method: POST, IP: ::1
2025-06-10T11:47:16.478Z [ERROR]: Stack: SyntaxError: Unexpected token '"', ""gmbtnk10a"... is not valid JSON
    at JSON.parse (<anonymous>)
    at createStrictSyntaxError (D:\careerpro-rr\server\node_modules\body-parser\lib\types\json.js:156:10)
    at parse (D:\careerpro-rr\server\node_modules\body-parser\lib\types\json.js:71:15)
    at D:\careerpro-rr\server\node_modules\body-parser\lib\read.js:123:18
    at AsyncResource.runInAsyncScope (node:async_hooks:214:14)
    at invokeCallback (D:\careerpro-rr\server\node_modules\raw-body\index.js:238:16)
    at done (D:\careerpro-rr\server\node_modules\raw-body\index.js:227:7)
    at IncomingMessage.onEnd (D:\careerpro-rr\server\node_modules\raw-body\index.js:287:7)
    at IncomingMessage.emit (node:events:518:28)
    at endReadableNT (node:internal/streams/readable:1698:12)
2025-06-10T11:51:48.110Z [ERROR]: Status: 400, Name: SyntaxError, Message: Unexpected token '"', ""gmbtnk10a"... is not valid JSON, URL: /api/auth/signin, Method: POST, IP: ::1
2025-06-10T11:51:48.111Z [ERROR]: Stack: SyntaxError: Unexpected token '"', ""gmbtnk10a"... is not valid JSON
    at JSON.parse (<anonymous>)
    at createStrictSyntaxError (D:\careerpro-rr\server\node_modules\body-parser\lib\types\json.js:156:10)
    at parse (D:\careerpro-rr\server\node_modules\body-parser\lib\types\json.js:71:15)
    at D:\careerpro-rr\server\node_modules\body-parser\lib\read.js:123:18
    at AsyncResource.runInAsyncScope (node:async_hooks:214:14)
    at invokeCallback (D:\careerpro-rr\server\node_modules\raw-body\index.js:238:16)
    at done (D:\careerpro-rr\server\node_modules\raw-body\index.js:227:7)
    at IncomingMessage.onEnd (D:\careerpro-rr\server\node_modules\raw-body\index.js:287:7)
    at IncomingMessage.emit (node:events:518:28)
    at endReadableNT (node:internal/streams/readable:1698:12)
2025-06-10T11:52:02.849Z [ERROR]: Status: 400, Name: SyntaxError, Message: Unexpected token '"', ""mahesh@123.."" is not valid JSON, URL: /api/auth/signin, Method: POST, IP: ::1
2025-06-10T11:52:02.849Z [ERROR]: Stack: SyntaxError: Unexpected token '"', ""mahesh@123.."" is not valid JSON
    at JSON.parse (<anonymous>)
    at createStrictSyntaxError (D:\careerpro-rr\server\node_modules\body-parser\lib\types\json.js:156:10)
    at parse (D:\careerpro-rr\server\node_modules\body-parser\lib\types\json.js:71:15)
    at D:\careerpro-rr\server\node_modules\body-parser\lib\read.js:123:18
    at AsyncResource.runInAsyncScope (node:async_hooks:214:14)
    at invokeCallback (D:\careerpro-rr\server\node_modules\raw-body\index.js:238:16)
    at done (D:\careerpro-rr\server\node_modules\raw-body\index.js:227:7)
    at IncomingMessage.onEnd (D:\careerpro-rr\server\node_modules\raw-body\index.js:287:7)
    at IncomingMessage.emit (node:events:518:28)
    at endReadableNT (node:internal/streams/readable:1698:12)
2025-06-10T11:52:27.435Z [ERROR]: Status: 400, Name: SyntaxError, Message: Unexpected token '"', ""mahesh@123.."" is not valid JSON, URL: /api/auth/signin, Method: POST, IP: ::1
2025-06-10T11:52:27.436Z [ERROR]: Stack: SyntaxError: Unexpected token '"', ""mahesh@123.."" is not valid JSON
    at JSON.parse (<anonymous>)
    at createStrictSyntaxError (D:\careerpro-rr\server\node_modules\body-parser\lib\types\json.js:156:10)
    at parse (D:\careerpro-rr\server\node_modules\body-parser\lib\types\json.js:71:15)
    at D:\careerpro-rr\server\node_modules\body-parser\lib\read.js:123:18
    at AsyncResource.runInAsyncScope (node:async_hooks:214:14)
    at invokeCallback (D:\careerpro-rr\server\node_modules\raw-body\index.js:238:16)
    at done (D:\careerpro-rr\server\node_modules\raw-body\index.js:227:7)
    at IncomingMessage.onEnd (D:\careerpro-rr\server\node_modules\raw-body\index.js:287:7)
    at IncomingMessage.emit (node:events:518:28)
    at endReadableNT (node:internal/streams/readable:1698:12)
2025-06-10T11:53:15.602Z [ERROR]: Status: 400, Name: SyntaxError, Message: Unexpected token '"', ""sdfdsfsdf"" is not valid JSON, URL: /api/auth/signin, Method: POST, IP: ::1
2025-06-10T11:53:15.603Z [ERROR]: Stack: SyntaxError: Unexpected token '"', ""sdfdsfsdf"" is not valid JSON
    at JSON.parse (<anonymous>)
    at createStrictSyntaxError (D:\careerpro-rr\server\node_modules\body-parser\lib\types\json.js:156:10)
    at parse (D:\careerpro-rr\server\node_modules\body-parser\lib\types\json.js:71:15)
    at D:\careerpro-rr\server\node_modules\body-parser\lib\read.js:123:18
    at AsyncResource.runInAsyncScope (node:async_hooks:214:14)
    at invokeCallback (D:\careerpro-rr\server\node_modules\raw-body\index.js:238:16)
    at done (D:\careerpro-rr\server\node_modules\raw-body\index.js:227:7)
    at IncomingMessage.onEnd (D:\careerpro-rr\server\node_modules\raw-body\index.js:287:7)
    at IncomingMessage.emit (node:events:518:28)
    at endReadableNT (node:internal/streams/readable:1698:12)
2025-06-10T12:02:18.129Z [ERROR]: Status: 401, Name: AUTH_FAILED, Message: Invalid email or password, URL: /api/auth/signin, Method: POST, IP: ::1
2025-06-10T12:02:18.129Z [ERROR]: Stack: AUTH_FAILED: Invalid email or password
    at userSignIn (file:///D:/careerpro-rr/server/controller/auth-controller.js:68:20)
    at process.processTicksAndRejections (node:internal/process/task_queues:105:5)
2025-06-10T12:12:50.015Z [ERROR]: Status: 401, Name: AUTH_FAILED, Message: Invalid email or password, URL: /api/auth/signin, Method: POST, IP: ::1
2025-06-10T12:12:50.015Z [ERROR]: Stack: AUTH_FAILED: Invalid email or password
    at userSignIn (file:///D:/careerpro-rr/server/controller/auth-controller.js:68:20)
    at process.processTicksAndRejections (node:internal/process/task_queues:105:5)
2025-06-10T12:19:20.830Z [ERROR]: Status: 401, Name: AUTHORIZATION TOKEN NOT FOUND, Message: Unable to find the authorization token in the cookie, URL: /api/auth/status, Method: GET, IP: ::1
2025-06-10T12:19:20.830Z [ERROR]: Stack: AUTHORIZATION TOKEN NOT FOUND: Unable to find the authorization token in the cookie
    at userAuthorization (file:///D:/careerpro-rr/server/middleware/user-authorization.js:9:19)
    at Layer.handleRequest (D:\careerpro-rr\server\node_modules\router\lib\layer.js:152:17)
    at next (D:\careerpro-rr\server\node_modules\router\lib\route.js:157:13)
    at Route.dispatch (D:\careerpro-rr\server\node_modules\router\lib\route.js:117:3)
    at handle (D:\careerpro-rr\server\node_modules\router\index.js:435:11)
    at Layer.handleRequest (D:\careerpro-rr\server\node_modules\router\lib\layer.js:152:17)
    at D:\careerpro-rr\server\node_modules\router\index.js:295:15
    at processParams (D:\careerpro-rr\server\node_modules\router\index.js:582:12)
    at next (D:\careerpro-rr\server\node_modules\router\index.js:291:5)
    at Function.handle (D:\careerpro-rr\server\node_modules\router\index.js:186:3)
2025-06-10T12:19:20.833Z [ERROR]: Status: 401, Name: AUTHORIZATION TOKEN NOT FOUND, Message: Unable to find the authorization token in the cookie, URL: /api/auth/status, Method: GET, IP: ::1
2025-06-10T12:19:20.833Z [ERROR]: Stack: AUTHORIZATION TOKEN NOT FOUND: Unable to find the authorization token in the cookie
    at userAuthorization (file:///D:/careerpro-rr/server/middleware/user-authorization.js:9:19)
    at Layer.handleRequest (D:\careerpro-rr\server\node_modules\router\lib\layer.js:152:17)
    at next (D:\careerpro-rr\server\node_modules\router\lib\route.js:157:13)
    at Route.dispatch (D:\careerpro-rr\server\node_modules\router\lib\route.js:117:3)
    at handle (D:\careerpro-rr\server\node_modules\router\index.js:435:11)
    at Layer.handleRequest (D:\careerpro-rr\server\node_modules\router\lib\layer.js:152:17)
    at D:\careerpro-rr\server\node_modules\router\index.js:295:15
    at processParams (D:\careerpro-rr\server\node_modules\router\index.js:582:12)
    at next (D:\careerpro-rr\server\node_modules\router\index.js:291:5)
    at Function.handle (D:\careerpro-rr\server\node_modules\router\index.js:186:3)
2025-06-10T12:26:12.783Z [ERROR]: Status: 401, Name: AUTH_FAILED, Message: Invalid email or password, URL: /api/auth/signin, Method: POST, IP: ::1
2025-06-10T12:26:12.783Z [ERROR]: Stack: AUTH_FAILED: Invalid email or password
    at userSignIn (file:///D:/careerpro-rr/server/controller/auth-controller.js:68:20)
    at process.processTicksAndRejections (node:internal/process/task_queues:105:5)
2025-06-10T12:29:12.960Z [ERROR]: Status: 401, Name: AUTH_FAILED, Message: Invalid email or password, URL: /api/auth/signin, Method: POST, IP: ::1
2025-06-10T12:29:12.961Z [ERROR]: Stack: AUTH_FAILED: Invalid email or password
    at userSignIn (file:///D:/careerpro-rr/server/controller/auth-controller.js:68:20)
    at process.processTicksAndRejections (node:internal/process/task_queues:105:5)
2025-06-10T12:34:50.338Z [ERROR]: Status: 401, Name: AUTHORIZATION TOKEN NOT FOUND, Message: Unable to find the authorization token in the cookie, URL: /api/auth/status, Method: GET, IP: ::1
2025-06-10T12:34:50.338Z [ERROR]: Stack: AUTHORIZATION TOKEN NOT FOUND: Unable to find the authorization token in the cookie
    at userAuthorization (file:///D:/careerpro-rr/server/middleware/user-authorization.js:9:19)
    at Layer.handleRequest (D:\careerpro-rr\server\node_modules\router\lib\layer.js:152:17)
    at next (D:\careerpro-rr\server\node_modules\router\lib\route.js:157:13)
    at Route.dispatch (D:\careerpro-rr\server\node_modules\router\lib\route.js:117:3)
    at handle (D:\careerpro-rr\server\node_modules\router\index.js:435:11)
    at Layer.handleRequest (D:\careerpro-rr\server\node_modules\router\lib\layer.js:152:17)
    at D:\careerpro-rr\server\node_modules\router\index.js:295:15
    at processParams (D:\careerpro-rr\server\node_modules\router\index.js:582:12)
    at next (D:\careerpro-rr\server\node_modules\router\index.js:291:5)
    at Function.handle (D:\careerpro-rr\server\node_modules\router\index.js:186:3)
2025-06-10T12:34:50.342Z [ERROR]: Status: 401, Name: AUTHORIZATION TOKEN NOT FOUND, Message: Unable to find the authorization token in the cookie, URL: /api/auth/status, Method: GET, IP: ::1
2025-06-10T12:34:50.342Z [ERROR]: Stack: AUTHORIZATION TOKEN NOT FOUND: Unable to find the authorization token in the cookie
    at userAuthorization (file:///D:/careerpro-rr/server/middleware/user-authorization.js:9:19)
    at Layer.handleRequest (D:\careerpro-rr\server\node_modules\router\lib\layer.js:152:17)
    at next (D:\careerpro-rr\server\node_modules\router\lib\route.js:157:13)
    at Route.dispatch (D:\careerpro-rr\server\node_modules\router\lib\route.js:117:3)
    at handle (D:\careerpro-rr\server\node_modules\router\index.js:435:11)
    at Layer.handleRequest (D:\careerpro-rr\server\node_modules\router\lib\layer.js:152:17)
    at D:\careerpro-rr\server\node_modules\router\index.js:295:15
    at processParams (D:\careerpro-rr\server\node_modules\router\index.js:582:12)
    at next (D:\careerpro-rr\server\node_modules\router\index.js:291:5)
    at Function.handle (D:\careerpro-rr\server\node_modules\router\index.js:186:3)
2025-06-10T12:35:18.972Z [ERROR]: Status: 401, Name: AUTH_FAILED, Message: Invalid email or password, URL: /api/auth/signin, Method: POST, IP: ::1
2025-06-10T12:35:18.972Z [ERROR]: Stack: AUTH_FAILED: Invalid email or password
    at userSignIn (file:///D:/careerpro-rr/server/controller/auth-controller.js:68:20)
    at process.processTicksAndRejections (node:internal/process/task_queues:105:5)
2025-06-10T12:37:00.117Z [ERROR]: Status: 400, Name: VALIDATION_ERROR, Message: [object Object], URL: /api/auth/signin, Method: POST, IP: ::1
2025-06-10T12:37:00.117Z [ERROR]: Stack: VALIDATION_ERROR: [object Object]
    at userSignInValidation (file:///D:/careerpro-rr/server/validators/auth-validators.js:102:17)
    at Layer.handleRequest (D:\careerpro-rr\server\node_modules\router\lib\layer.js:152:17)
    at next (D:\careerpro-rr\server\node_modules\router\lib\route.js:157:13)
    at middleware (D:\careerpro-rr\server\node_modules\express-validator\lib\middlewares\check.js:16:13)
    at process.processTicksAndRejections (node:internal/process/task_queues:105:5)
2025-06-10T12:38:34.369Z [ERROR]: Status: 401, Name: AUTH_FAILED, Message: Invalid email or password, URL: /api/auth/signin, Method: POST, IP: ::1
2025-06-10T12:38:34.371Z [ERROR]: Stack: AUTH_FAILED: Invalid email or password
    at userSignIn (file:///D:/careerpro-rr/server/controller/auth-controller.js:86:19)
    at process.processTicksAndRejections (node:internal/process/task_queues:105:5)
2025-06-10T12:45:48.644Z [ERROR]: Status: 401, Name: AUTHORIZATION TOKEN NOT FOUND, Message: Unable to find the authorization token in the cookie, URL: /api/auth/status, Method: GET, IP: ::1
2025-06-10T12:45:48.645Z [ERROR]: Stack: AUTHORIZATION TOKEN NOT FOUND: Unable to find the authorization token in the cookie
    at userAuthorization (file:///D:/careerpro-rr/server/middleware/user-authorization.js:9:19)
    at Layer.handleRequest (D:\careerpro-rr\server\node_modules\router\lib\layer.js:152:17)
    at next (D:\careerpro-rr\server\node_modules\router\lib\route.js:157:13)
    at Route.dispatch (D:\careerpro-rr\server\node_modules\router\lib\route.js:117:3)
    at handle (D:\careerpro-rr\server\node_modules\router\index.js:435:11)
    at Layer.handleRequest (D:\careerpro-rr\server\node_modules\router\lib\layer.js:152:17)
    at D:\careerpro-rr\server\node_modules\router\index.js:295:15
    at processParams (D:\careerpro-rr\server\node_modules\router\index.js:582:12)
    at next (D:\careerpro-rr\server\node_modules\router\index.js:291:5)
    at Function.handle (D:\careerpro-rr\server\node_modules\router\index.js:186:3)
2025-06-10T12:45:48.652Z [ERROR]: Status: 401, Name: AUTHORIZATION TOKEN NOT FOUND, Message: Unable to find the authorization token in the cookie, URL: /api/auth/status, Method: GET, IP: ::1
2025-06-10T12:45:48.653Z [ERROR]: Stack: AUTHORIZATION TOKEN NOT FOUND: Unable to find the authorization token in the cookie
    at userAuthorization (file:///D:/careerpro-rr/server/middleware/user-authorization.js:9:19)
    at Layer.handleRequest (D:\careerpro-rr\server\node_modules\router\lib\layer.js:152:17)
    at next (D:\careerpro-rr\server\node_modules\router\lib\route.js:157:13)
    at Route.dispatch (D:\careerpro-rr\server\node_modules\router\lib\route.js:117:3)
    at handle (D:\careerpro-rr\server\node_modules\router\index.js:435:11)
    at Layer.handleRequest (D:\careerpro-rr\server\node_modules\router\lib\layer.js:152:17)
    at D:\careerpro-rr\server\node_modules\router\index.js:295:15
    at processParams (D:\careerpro-rr\server\node_modules\router\index.js:582:12)
    at next (D:\careerpro-rr\server\node_modules\router\index.js:291:5)
    at Function.handle (D:\careerpro-rr\server\node_modules\router\index.js:186:3)
2025-06-10T12:46:07.434Z [ERROR]: Status: 401, Name: AUTH_FAILED, Message: Invalid email or password, URL: /api/auth/signin, Method: POST, IP: ::1
2025-06-10T12:46:07.435Z [ERROR]: Stack: AUTH_FAILED: Invalid email or password
    at userSignIn (file:///D:/careerpro-rr/server/controller/auth-controller.js:68:20)
    at process.processTicksAndRejections (node:internal/process/task_queues:105:5)
2025-06-10T12:47:58.118Z [ERROR]: Status: 401, Name: AUTHORIZATION TOKEN NOT FOUND, Message: Unable to find the authorization token in the cookie, URL: /api/auth/status, Method: GET, IP: ::1
2025-06-10T12:47:58.118Z [ERROR]: Stack: AUTHORIZATION TOKEN NOT FOUND: Unable to find the authorization token in the cookie
    at userAuthorization (file:///D:/careerpro-rr/server/middleware/user-authorization.js:9:19)
    at Layer.handleRequest (D:\careerpro-rr\server\node_modules\router\lib\layer.js:152:17)
    at next (D:\careerpro-rr\server\node_modules\router\lib\route.js:157:13)
    at Route.dispatch (D:\careerpro-rr\server\node_modules\router\lib\route.js:117:3)
    at handle (D:\careerpro-rr\server\node_modules\router\index.js:435:11)
    at Layer.handleRequest (D:\careerpro-rr\server\node_modules\router\lib\layer.js:152:17)
    at D:\careerpro-rr\server\node_modules\router\index.js:295:15
    at processParams (D:\careerpro-rr\server\node_modules\router\index.js:582:12)
    at next (D:\careerpro-rr\server\node_modules\router\index.js:291:5)
    at Function.handle (D:\careerpro-rr\server\node_modules\router\index.js:186:3)
2025-06-10T12:47:58.134Z [ERROR]: Status: 401, Name: AUTHORIZATION TOKEN NOT FOUND, Message: Unable to find the authorization token in the cookie, URL: /api/auth/status, Method: GET, IP: ::1
2025-06-10T12:47:58.134Z [ERROR]: Stack: AUTHORIZATION TOKEN NOT FOUND: Unable to find the authorization token in the cookie
    at userAuthorization (file:///D:/careerpro-rr/server/middleware/user-authorization.js:9:19)
    at Layer.handleRequest (D:\careerpro-rr\server\node_modules\router\lib\layer.js:152:17)
    at next (D:\careerpro-rr\server\node_modules\router\lib\route.js:157:13)
    at Route.dispatch (D:\careerpro-rr\server\node_modules\router\lib\route.js:117:3)
    at handle (D:\careerpro-rr\server\node_modules\router\index.js:435:11)
    at Layer.handleRequest (D:\careerpro-rr\server\node_modules\router\lib\layer.js:152:17)
    at D:\careerpro-rr\server\node_modules\router\index.js:295:15
    at processParams (D:\careerpro-rr\server\node_modules\router\index.js:582:12)
    at next (D:\careerpro-rr\server\node_modules\router\index.js:291:5)
    at Function.handle (D:\careerpro-rr\server\node_modules\router\index.js:186:3)
2025-06-10T12:54:51.771Z [ERROR]: Status: 401, Name: AUTHORIZATION TOKEN NOT FOUND, Message: Unable to find the authorization token in the cookie, URL: /api/auth/status, Method: GET, IP: ::1
2025-06-10T12:54:51.772Z [ERROR]: Stack: AUTHORIZATION TOKEN NOT FOUND: Unable to find the authorization token in the cookie
    at userAuthorization (file:///D:/careerpro-rr/server/middleware/user-authorization.js:9:19)
    at Layer.handleRequest (D:\careerpro-rr\server\node_modules\router\lib\layer.js:152:17)
    at next (D:\careerpro-rr\server\node_modules\router\lib\route.js:157:13)
    at Route.dispatch (D:\careerpro-rr\server\node_modules\router\lib\route.js:117:3)
    at handle (D:\careerpro-rr\server\node_modules\router\index.js:435:11)
    at Layer.handleRequest (D:\careerpro-rr\server\node_modules\router\lib\layer.js:152:17)
    at D:\careerpro-rr\server\node_modules\router\index.js:295:15
    at processParams (D:\careerpro-rr\server\node_modules\router\index.js:582:12)
    at next (D:\careerpro-rr\server\node_modules\router\index.js:291:5)
    at Function.handle (D:\careerpro-rr\server\node_modules\router\index.js:186:3)
2025-06-10T12:54:51.779Z [ERROR]: Status: 401, Name: AUTHORIZATION TOKEN NOT FOUND, Message: Unable to find the authorization token in the cookie, URL: /api/auth/status, Method: GET, IP: ::1
2025-06-10T12:54:51.780Z [ERROR]: Stack: AUTHORIZATION TOKEN NOT FOUND: Unable to find the authorization token in the cookie
    at userAuthorization (file:///D:/careerpro-rr/server/middleware/user-authorization.js:9:19)
    at Layer.handleRequest (D:\careerpro-rr\server\node_modules\router\lib\layer.js:152:17)
    at next (D:\careerpro-rr\server\node_modules\router\lib\route.js:157:13)
    at Route.dispatch (D:\careerpro-rr\server\node_modules\router\lib\route.js:117:3)
    at handle (D:\careerpro-rr\server\node_modules\router\index.js:435:11)
    at Layer.handleRequest (D:\careerpro-rr\server\node_modules\router\lib\layer.js:152:17)
    at D:\careerpro-rr\server\node_modules\router\index.js:295:15
    at processParams (D:\careerpro-rr\server\node_modules\router\index.js:582:12)
    at next (D:\careerpro-rr\server\node_modules\router\index.js:291:5)
    at Function.handle (D:\careerpro-rr\server\node_modules\router\index.js:186:3)
2025-06-10T12:56:50.442Z [ERROR]: Status: 400, Name: VALIDATION_ERROR, Message: [object Object], URL: /api/auth/signup, Method: POST, IP: ::1
2025-06-10T12:56:50.442Z [ERROR]: Stack: VALIDATION_ERROR: [object Object]
    at userSignUpValidation (file:///D:/careerpro-rr/server/validators/auth-validators.js:42:17)
    at Layer.handleRequest (D:\careerpro-rr\server\node_modules\router\lib\layer.js:152:17)
    at next (D:\careerpro-rr\server\node_modules\router\lib\route.js:157:13)
    at middleware (D:\careerpro-rr\server\node_modules\express-validator\lib\middlewares\check.js:16:13)
    at process.processTicksAndRejections (node:internal/process/task_queues:105:5)
2025-06-10T13:10:41.056Z [ERROR]: Status: 401, Name: AUTHORIZATION TOKEN NOT FOUND, Message: Unable to find the authorization token in the cookie, URL: /api/auth/status, Method: GET, IP: ::1
2025-06-10T13:10:41.057Z [ERROR]: Stack: AUTHORIZATION TOKEN NOT FOUND: Unable to find the authorization token in the cookie
    at userAuthorization (file:///D:/careerpro-rr/server/middleware/user-authorization.js:9:19)
    at Layer.handleRequest (D:\careerpro-rr\server\node_modules\router\lib\layer.js:152:17)
    at next (D:\careerpro-rr\server\node_modules\router\lib\route.js:157:13)
    at Route.dispatch (D:\careerpro-rr\server\node_modules\router\lib\route.js:117:3)
    at handle (D:\careerpro-rr\server\node_modules\router\index.js:435:11)
    at Layer.handleRequest (D:\careerpro-rr\server\node_modules\router\lib\layer.js:152:17)
    at D:\careerpro-rr\server\node_modules\router\index.js:295:15
    at processParams (D:\careerpro-rr\server\node_modules\router\index.js:582:12)
    at next (D:\careerpro-rr\server\node_modules\router\index.js:291:5)
    at Function.handle (D:\careerpro-rr\server\node_modules\router\index.js:186:3)
2025-06-10T13:10:41.064Z [ERROR]: Status: 401, Name: AUTHORIZATION TOKEN NOT FOUND, Message: Unable to find the authorization token in the cookie, URL: /api/auth/status, Method: GET, IP: ::1
2025-06-10T13:10:41.065Z [ERROR]: Stack: AUTHORIZATION TOKEN NOT FOUND: Unable to find the authorization token in the cookie
    at userAuthorization (file:///D:/careerpro-rr/server/middleware/user-authorization.js:9:19)
    at Layer.handleRequest (D:\careerpro-rr\server\node_modules\router\lib\layer.js:152:17)
    at next (D:\careerpro-rr\server\node_modules\router\lib\route.js:157:13)
    at Route.dispatch (D:\careerpro-rr\server\node_modules\router\lib\route.js:117:3)
    at handle (D:\careerpro-rr\server\node_modules\router\index.js:435:11)
    at Layer.handleRequest (D:\careerpro-rr\server\node_modules\router\lib\layer.js:152:17)
    at D:\careerpro-rr\server\node_modules\router\index.js:295:15
    at processParams (D:\careerpro-rr\server\node_modules\router\index.js:582:12)
    at next (D:\careerpro-rr\server\node_modules\router\index.js:291:5)
    at Function.handle (D:\careerpro-rr\server\node_modules\router\index.js:186:3)
2025-06-10T13:23:46.601Z [ERROR]: Status: 401, Name: AUTHORIZATION TOKEN NOT FOUND, Message: Unable to find the authorization token in the cookie, URL: /api/auth/status, Method: GET, IP: ::1
2025-06-10T13:23:46.602Z [ERROR]: Stack: AUTHORIZATION TOKEN NOT FOUND: Unable to find the authorization token in the cookie
    at userAuthorization (file:///D:/careerpro-rr/server/middleware/user-authorization.js:9:19)
    at Layer.handleRequest (D:\careerpro-rr\server\node_modules\router\lib\layer.js:152:17)
    at next (D:\careerpro-rr\server\node_modules\router\lib\route.js:157:13)
    at Route.dispatch (D:\careerpro-rr\server\node_modules\router\lib\route.js:117:3)
    at handle (D:\careerpro-rr\server\node_modules\router\index.js:435:11)
    at Layer.handleRequest (D:\careerpro-rr\server\node_modules\router\lib\layer.js:152:17)
    at D:\careerpro-rr\server\node_modules\router\index.js:295:15
    at processParams (D:\careerpro-rr\server\node_modules\router\index.js:582:12)
    at next (D:\careerpro-rr\server\node_modules\router\index.js:291:5)
    at Function.handle (D:\careerpro-rr\server\node_modules\router\index.js:186:3)
2025-06-10T13:23:46.611Z [ERROR]: Status: 401, Name: AUTHORIZATION TOKEN NOT FOUND, Message: Unable to find the authorization token in the cookie, URL: /api/auth/status, Method: GET, IP: ::1
2025-06-10T13:23:46.613Z [ERROR]: Stack: AUTHORIZATION TOKEN NOT FOUND: Unable to find the authorization token in the cookie
    at userAuthorization (file:///D:/careerpro-rr/server/middleware/user-authorization.js:9:19)
    at Layer.handleRequest (D:\careerpro-rr\server\node_modules\router\lib\layer.js:152:17)
    at next (D:\careerpro-rr\server\node_modules\router\lib\route.js:157:13)
    at Route.dispatch (D:\careerpro-rr\server\node_modules\router\lib\route.js:117:3)
    at handle (D:\careerpro-rr\server\node_modules\router\index.js:435:11)
    at Layer.handleRequest (D:\careerpro-rr\server\node_modules\router\lib\layer.js:152:17)
    at D:\careerpro-rr\server\node_modules\router\index.js:295:15
    at processParams (D:\careerpro-rr\server\node_modules\router\index.js:582:12)
    at next (D:\careerpro-rr\server\node_modules\router\index.js:291:5)
    at Function.handle (D:\careerpro-rr\server\node_modules\router\index.js:186:3)
2025-06-10T13:28:00.709Z [ERROR]: Status: 404, Name: USER NOT FOUND, Message: User not found, URL: /api/auth/status, Method: GET, IP: ::1
2025-06-10T13:28:00.710Z [ERROR]: Stack: USER NOT FOUND: User not found
    at authStatus (file:///D:/careerpro-rr/server/controller/auth-controller.js:199:19)
    at process.processTicksAndRejections (node:internal/process/task_queues:105:5)
2025-06-10T13:28:00.731Z [ERROR]: Status: 404, Name: USER NOT FOUND, Message: User not found, URL: /api/auth/status, Method: GET, IP: ::1
2025-06-10T13:28:00.732Z [ERROR]: Stack: USER NOT FOUND: User not found
    at authStatus (file:///D:/careerpro-rr/server/controller/auth-controller.js:199:19)
    at process.processTicksAndRejections (node:internal/process/task_queues:105:5)
2025-06-10T13:28:14.457Z [ERROR]: Status: 404, Name: USER NOT FOUND, Message: User not found, URL: /api/auth/status, Method: GET, IP: ::1
2025-06-10T13:28:14.458Z [ERROR]: Stack: USER NOT FOUND: User not found
    at authStatus (file:///D:/careerpro-rr/server/controller/auth-controller.js:199:19)
    at process.processTicksAndRejections (node:internal/process/task_queues:105:5)
2025-06-10T13:28:14.472Z [ERROR]: Status: 404, Name: USER NOT FOUND, Message: User not found, URL: /api/auth/status, Method: GET, IP: ::1
2025-06-10T13:28:14.473Z [ERROR]: Stack: USER NOT FOUND: User not found
    at authStatus (file:///D:/careerpro-rr/server/controller/auth-controller.js:199:19)
    at process.processTicksAndRejections (node:internal/process/task_queues:105:5)
