2025-06-11T04:48:07.955Z [ERROR]: Status: 400, Name: VALIDATION_ERROR, Message: [object Object], URL: /api/auth/signup, Method: POST, IP: ::1
2025-06-11T04:48:07.955Z [ERROR]: Stack: VALIDATION_ERROR: [object Object]
    at userSignUpValidation (file:///D:/careerpro-rr/server/validators/auth-validators.js:42:17)
    at Layer.handleRequest (D:\careerpro-rr\server\node_modules\router\lib\layer.js:152:17)
    at next (D:\careerpro-rr\server\node_modules\router\lib\route.js:157:13)
    at middleware (D:\careerpro-rr\server\node_modules\express-validator\lib\middlewares\check.js:16:13)
    at process.processTicksAndRejections (node:internal/process/task_queues:105:5)
2025-06-11T04:48:13.656Z [ERROR]: Status: 400, Name: VALIDATION_ERROR, Message: [object Object], URL: /api/auth/signup, Method: POST, IP: ::1
2025-06-11T04:48:13.656Z [ERROR]: Stack: VALIDATION_ERROR: [object Object]
    at userSignUpValidation (file:///D:/careerpro-rr/server/validators/auth-validators.js:42:17)
    at Layer.handleRequest (D:\careerpro-rr\server\node_modules\router\lib\layer.js:152:17)
    at next (D:\careerpro-rr\server\node_modules\router\lib\route.js:157:13)
    at middleware (D:\careerpro-rr\server\node_modules\express-validator\lib\middlewares\check.js:16:13)
    at process.processTicksAndRejections (node:internal/process/task_queues:105:5)
2025-06-11T04:48:15.806Z [ERROR]: Status: 400, Name: VALIDATION_ERROR, Message: [object Object], URL: /api/auth/signup, Method: POST, IP: ::1
2025-06-11T04:48:15.806Z [ERROR]: Stack: VALIDATION_ERROR: [object Object]
    at userSignUpValidation (file:///D:/careerpro-rr/server/validators/auth-validators.js:42:17)
    at Layer.handleRequest (D:\careerpro-rr\server\node_modules\router\lib\layer.js:152:17)
    at next (D:\careerpro-rr\server\node_modules\router\lib\route.js:157:13)
    at middleware (D:\careerpro-rr\server\node_modules\express-validator\lib\middlewares\check.js:16:13)
    at process.processTicksAndRejections (node:internal/process/task_queues:105:5)
2025-06-11T04:53:18.889Z [ERROR]: Status: 401, Name: AUTHORIZATION TOKEN NOT FOUND, Message: Unable to find the authorization token in the cookie, URL: /api/auth/status, Method: GET, IP: ::1
2025-06-11T04:53:18.889Z [ERROR]: Stack: AUTHORIZATION TOKEN NOT FOUND: Unable to find the authorization token in the cookie
    at userAuthorization (file:///D:/careerpro-rr/server/middleware/user-authorization.js:9:19)
    at Layer.handleRequest (D:\careerpro-rr\server\node_modules\router\lib\layer.js:152:17)
    at next (D:\careerpro-rr\server\node_modules\router\lib\route.js:157:13)
    at Route.dispatch (D:\careerpro-rr\server\node_modules\router\lib\route.js:117:3)
    at handle (D:\careerpro-rr\server\node_modules\router\index.js:435:11)
    at Layer.handleRequest (D:\careerpro-rr\server\node_modules\router\lib\layer.js:152:17)
    at D:\careerpro-rr\server\node_modules\router\index.js:295:15
    at processParams (D:\careerpro-rr\server\node_modules\router\index.js:582:12)
    at next (D:\careerpro-rr\server\node_modules\router\index.js:291:5)
    at Function.handle (D:\careerpro-rr\server\node_modules\router\index.js:186:3)
2025-06-11T04:53:18.892Z [ERROR]: Status: 401, Name: AUTHORIZATION TOKEN NOT FOUND, Message: Unable to find the authorization token in the cookie, URL: /api/auth/status, Method: GET, IP: ::1
2025-06-11T04:53:18.892Z [ERROR]: Stack: AUTHORIZATION TOKEN NOT FOUND: Unable to find the authorization token in the cookie
    at userAuthorization (file:///D:/careerpro-rr/server/middleware/user-authorization.js:9:19)
    at Layer.handleRequest (D:\careerpro-rr\server\node_modules\router\lib\layer.js:152:17)
    at next (D:\careerpro-rr\server\node_modules\router\lib\route.js:157:13)
    at Route.dispatch (D:\careerpro-rr\server\node_modules\router\lib\route.js:117:3)
    at handle (D:\careerpro-rr\server\node_modules\router\index.js:435:11)
    at Layer.handleRequest (D:\careerpro-rr\server\node_modules\router\lib\layer.js:152:17)
    at D:\careerpro-rr\server\node_modules\router\index.js:295:15
    at processParams (D:\careerpro-rr\server\node_modules\router\index.js:582:12)
    at next (D:\careerpro-rr\server\node_modules\router\index.js:291:5)
    at Function.handle (D:\careerpro-rr\server\node_modules\router\index.js:186:3)
2025-06-11T05:00:20.135Z [ERROR]: Status: 404, Name: USER NOT FOUND, Message: User not found, URL: /api/auth/status, Method: GET, IP: ::1
2025-06-11T05:00:20.135Z [ERROR]: Stack: USER NOT FOUND: User not found
    at authStatus (file:///D:/careerpro-rr/server/controller/auth-controller.js:227:19)
    at process.processTicksAndRejections (node:internal/process/task_queues:105:5)
2025-06-11T05:00:20.142Z [ERROR]: Status: 404, Name: USER NOT FOUND, Message: User not found, URL: /api/auth/status, Method: GET, IP: ::1
2025-06-11T05:00:20.143Z [ERROR]: Stack: USER NOT FOUND: User not found
    at authStatus (file:///D:/careerpro-rr/server/controller/auth-controller.js:227:19)
    at process.processTicksAndRejections (node:internal/process/task_queues:105:5)
2025-06-11T05:18:14.467Z [ERROR]: Status: 401, Name: AUTHORIZATION TOKEN NOT FOUND, Message: Unable to find the authorization token in the cookie, URL: /api/auth/status, Method: GET, IP: ::1
2025-06-11T05:18:14.467Z [ERROR]: Stack: AUTHORIZATION TOKEN NOT FOUND: Unable to find the authorization token in the cookie
    at userAuthorization (file:///D:/careerpro-rr/server/middleware/user-authorization.js:9:19)
    at Layer.handleRequest (D:\careerpro-rr\server\node_modules\router\lib\layer.js:152:17)
    at next (D:\careerpro-rr\server\node_modules\router\lib\route.js:157:13)
    at Route.dispatch (D:\careerpro-rr\server\node_modules\router\lib\route.js:117:3)
    at handle (D:\careerpro-rr\server\node_modules\router\index.js:435:11)
    at Layer.handleRequest (D:\careerpro-rr\server\node_modules\router\lib\layer.js:152:17)
    at D:\careerpro-rr\server\node_modules\router\index.js:295:15
    at processParams (D:\careerpro-rr\server\node_modules\router\index.js:582:12)
    at next (D:\careerpro-rr\server\node_modules\router\index.js:291:5)
    at Function.handle (D:\careerpro-rr\server\node_modules\router\index.js:186:3)
2025-06-11T05:19:24.451Z [ERROR]: Status: 401, Name: AUTHORIZATION TOKEN NOT FOUND, Message: Unable to find the authorization token in the cookie, URL: /api/auth/status, Method: GET, IP: ::1
2025-06-11T05:19:24.452Z [ERROR]: Stack: AUTHORIZATION TOKEN NOT FOUND: Unable to find the authorization token in the cookie
    at userAuthorization (file:///D:/careerpro-rr/server/middleware/user-authorization.js:9:19)
    at Layer.handleRequest (D:\careerpro-rr\server\node_modules\router\lib\layer.js:152:17)
    at next (D:\careerpro-rr\server\node_modules\router\lib\route.js:157:13)
    at Route.dispatch (D:\careerpro-rr\server\node_modules\router\lib\route.js:117:3)
    at handle (D:\careerpro-rr\server\node_modules\router\index.js:435:11)
    at Layer.handleRequest (D:\careerpro-rr\server\node_modules\router\lib\layer.js:152:17)
    at D:\careerpro-rr\server\node_modules\router\index.js:295:15
    at processParams (D:\careerpro-rr\server\node_modules\router\index.js:582:12)
    at next (D:\careerpro-rr\server\node_modules\router\index.js:291:5)
    at Function.handle (D:\careerpro-rr\server\node_modules\router\index.js:186:3)
2025-06-11T05:20:10.271Z [ERROR]: Status: 409, Name: USER ALREADY EXISTS, Message: An account with this email address already exists., URL: /api/auth/signup, Method: POST, IP: ::1
2025-06-11T05:20:10.271Z [ERROR]: Stack: USER ALREADY EXISTS: An account with this email address already exists.
    at userSignUp (file:///D:/careerpro-rr/server/controller/auth-controller.js:18:19)
    at process.processTicksAndRejections (node:internal/process/task_queues:105:5)
2025-06-11T05:20:41.304Z [ERROR]: Status: 401, Name: AUTHORIZATION TOKEN NOT FOUND, Message: Unable to find the authorization token in the cookie, URL: /api/auth/status, Method: GET, IP: ::1
2025-06-11T05:20:41.304Z [ERROR]: Stack: AUTHORIZATION TOKEN NOT FOUND: Unable to find the authorization token in the cookie
    at userAuthorization (file:///D:/careerpro-rr/server/middleware/user-authorization.js:9:19)
    at Layer.handleRequest (D:\careerpro-rr\server\node_modules\router\lib\layer.js:152:17)
    at next (D:\careerpro-rr\server\node_modules\router\lib\route.js:157:13)
    at Route.dispatch (D:\careerpro-rr\server\node_modules\router\lib\route.js:117:3)
    at handle (D:\careerpro-rr\server\node_modules\router\index.js:435:11)
    at Layer.handleRequest (D:\careerpro-rr\server\node_modules\router\lib\layer.js:152:17)
    at D:\careerpro-rr\server\node_modules\router\index.js:295:15
    at processParams (D:\careerpro-rr\server\node_modules\router\index.js:582:12)
    at next (D:\careerpro-rr\server\node_modules\router\index.js:291:5)
    at Function.handle (D:\careerpro-rr\server\node_modules\router\index.js:186:3)
2025-06-11T05:21:45.003Z [ERROR]: [MailVerification][Error] Email: gmbtnk10aug@gmail.com, Reason: createdData is not defined
2025-06-11T05:21:45.004Z [ERROR]: Status: 500, Name: Error, Message: An error occurred during email verification., URL: /api/auth/verify-email, Method: POST, IP: ::1
2025-06-11T05:21:45.004Z [ERROR]: Stack: Error: An error occurred during email verification.
    at verifyEmail (file:///D:/careerpro-rr/server/controller/auth-controller.js:179:17)
    at process.processTicksAndRejections (node:internal/process/task_queues:105:5)
2025-06-11T05:21:48.135Z [ERROR]: Status: 401, Name: AUTHORIZATION TOKEN NOT FOUND, Message: Unable to find the authorization token in the cookie, URL: /api/auth/status, Method: GET, IP: ::1
2025-06-11T05:21:48.135Z [ERROR]: Stack: AUTHORIZATION TOKEN NOT FOUND: Unable to find the authorization token in the cookie
    at userAuthorization (file:///D:/careerpro-rr/server/middleware/user-authorization.js:9:19)
    at Layer.handleRequest (D:\careerpro-rr\server\node_modules\router\lib\layer.js:152:17)
    at next (D:\careerpro-rr\server\node_modules\router\lib\route.js:157:13)
    at Route.dispatch (D:\careerpro-rr\server\node_modules\router\lib\route.js:117:3)
    at handle (D:\careerpro-rr\server\node_modules\router\index.js:435:11)
    at Layer.handleRequest (D:\careerpro-rr\server\node_modules\router\lib\layer.js:152:17)
    at D:\careerpro-rr\server\node_modules\router\index.js:295:15
    at processParams (D:\careerpro-rr\server\node_modules\router\index.js:582:12)
    at next (D:\careerpro-rr\server\node_modules\router\index.js:291:5)
    at Function.handle (D:\careerpro-rr\server\node_modules\router\index.js:186:3)
2025-06-11T05:28:40.301Z [ERROR]: Status: 400, Name: VALIDATION_ERROR, Message: [object Object], URL: /api/auth/signup, Method: POST, IP: ::1
2025-06-11T05:28:40.302Z [ERROR]: Stack: VALIDATION_ERROR: [object Object]
    at userSignUpValidation (file:///D:/careerpro-rr/server/validators/auth-validators.js:42:17)
    at Layer.handleRequest (D:\careerpro-rr\server\node_modules\router\lib\layer.js:152:17)
    at next (D:\careerpro-rr\server\node_modules\router\lib\route.js:157:13)
    at middleware (D:\careerpro-rr\server\node_modules\express-validator\lib\middlewares\check.js:16:13)
    at process.processTicksAndRejections (node:internal/process/task_queues:105:5)
2025-06-11T05:28:52.082Z [ERROR]: Status: 401, Name: AUTHORIZATION TOKEN NOT FOUND, Message: Unable to find the authorization token in the cookie, URL: /api/auth/status, Method: GET, IP: ::1
2025-06-11T05:28:52.083Z [ERROR]: Stack: AUTHORIZATION TOKEN NOT FOUND: Unable to find the authorization token in the cookie
    at userAuthorization (file:///D:/careerpro-rr/server/middleware/user-authorization.js:9:19)
    at Layer.handleRequest (D:\careerpro-rr\server\node_modules\router\lib\layer.js:152:17)
    at next (D:\careerpro-rr\server\node_modules\router\lib\route.js:157:13)
    at Route.dispatch (D:\careerpro-rr\server\node_modules\router\lib\route.js:117:3)
    at handle (D:\careerpro-rr\server\node_modules\router\index.js:435:11)
    at Layer.handleRequest (D:\careerpro-rr\server\node_modules\router\lib\layer.js:152:17)
    at D:\careerpro-rr\server\node_modules\router\index.js:295:15
    at processParams (D:\careerpro-rr\server\node_modules\router\index.js:582:12)
    at next (D:\careerpro-rr\server\node_modules\router\index.js:291:5)
    at Function.handle (D:\careerpro-rr\server\node_modules\router\index.js:186:3)
2025-06-11T05:34:52.984Z [ERROR]: Status: 401, Name: AUTHORIZATION TOKEN NOT FOUND, Message: Unable to find the authorization token in the cookie, URL: /api/auth/status, Method: GET, IP: ::1
2025-06-11T05:34:52.985Z [ERROR]: Stack: AUTHORIZATION TOKEN NOT FOUND: Unable to find the authorization token in the cookie
    at userAuthorization (file:///D:/careerpro-rr/server/middleware/user-authorization.js:9:19)
    at Layer.handleRequest (D:\careerpro-rr\server\node_modules\router\lib\layer.js:152:17)
    at next (D:\careerpro-rr\server\node_modules\router\lib\route.js:157:13)
    at Route.dispatch (D:\careerpro-rr\server\node_modules\router\lib\route.js:117:3)
    at handle (D:\careerpro-rr\server\node_modules\router\index.js:435:11)
    at Layer.handleRequest (D:\careerpro-rr\server\node_modules\router\lib\layer.js:152:17)
    at D:\careerpro-rr\server\node_modules\router\index.js:295:15
    at processParams (D:\careerpro-rr\server\node_modules\router\index.js:582:12)
    at next (D:\careerpro-rr\server\node_modules\router\index.js:291:5)
    at Function.handle (D:\careerpro-rr\server\node_modules\router\index.js:186:3)
2025-06-11T05:34:52.989Z [ERROR]: Status: 401, Name: AUTHORIZATION TOKEN NOT FOUND, Message: Unable to find the authorization token in the cookie, URL: /api/auth/status, Method: GET, IP: ::1
2025-06-11T05:34:52.990Z [ERROR]: Stack: AUTHORIZATION TOKEN NOT FOUND: Unable to find the authorization token in the cookie
    at userAuthorization (file:///D:/careerpro-rr/server/middleware/user-authorization.js:9:19)
    at Layer.handleRequest (D:\careerpro-rr\server\node_modules\router\lib\layer.js:152:17)
    at next (D:\careerpro-rr\server\node_modules\router\lib\route.js:157:13)
    at Route.dispatch (D:\careerpro-rr\server\node_modules\router\lib\route.js:117:3)
    at handle (D:\careerpro-rr\server\node_modules\router\index.js:435:11)
    at Layer.handleRequest (D:\careerpro-rr\server\node_modules\router\lib\layer.js:152:17)
    at D:\careerpro-rr\server\node_modules\router\index.js:295:15
    at processParams (D:\careerpro-rr\server\node_modules\router\index.js:582:12)
    at next (D:\careerpro-rr\server\node_modules\router\index.js:291:5)
    at Function.handle (D:\careerpro-rr\server\node_modules\router\index.js:186:3)
2025-06-11T06:46:46.916Z [ERROR]: Status: 401, Name: AUTHORIZATION TOKEN NOT FOUND, Message: Unable to find the authorization token in the cookie, URL: /api/auth/status, Method: GET, IP: ::1
2025-06-11T06:46:46.917Z [ERROR]: Stack: AUTHORIZATION TOKEN NOT FOUND: Unable to find the authorization token in the cookie
    at userAuthorization (file:///D:/careerpro-rr/server/middleware/user-authorization.js:9:19)
    at Layer.handleRequest (D:\careerpro-rr\server\node_modules\router\lib\layer.js:152:17)
    at next (D:\careerpro-rr\server\node_modules\router\lib\route.js:157:13)
    at Route.dispatch (D:\careerpro-rr\server\node_modules\router\lib\route.js:117:3)
    at handle (D:\careerpro-rr\server\node_modules\router\index.js:435:11)
    at Layer.handleRequest (D:\careerpro-rr\server\node_modules\router\lib\layer.js:152:17)
    at D:\careerpro-rr\server\node_modules\router\index.js:295:15
    at processParams (D:\careerpro-rr\server\node_modules\router\index.js:582:12)
    at next (D:\careerpro-rr\server\node_modules\router\index.js:291:5)
    at Function.handle (D:\careerpro-rr\server\node_modules\router\index.js:186:3)
2025-06-11T06:46:46.928Z [ERROR]: Status: 401, Name: AUTHORIZATION TOKEN NOT FOUND, Message: Unable to find the authorization token in the cookie, URL: /api/auth/status, Method: GET, IP: ::1
2025-06-11T06:46:46.929Z [ERROR]: Stack: AUTHORIZATION TOKEN NOT FOUND: Unable to find the authorization token in the cookie
    at userAuthorization (file:///D:/careerpro-rr/server/middleware/user-authorization.js:9:19)
    at Layer.handleRequest (D:\careerpro-rr\server\node_modules\router\lib\layer.js:152:17)
    at next (D:\careerpro-rr\server\node_modules\router\lib\route.js:157:13)
    at Route.dispatch (D:\careerpro-rr\server\node_modules\router\lib\route.js:117:3)
    at handle (D:\careerpro-rr\server\node_modules\router\index.js:435:11)
    at Layer.handleRequest (D:\careerpro-rr\server\node_modules\router\lib\layer.js:152:17)
    at D:\careerpro-rr\server\node_modules\router\index.js:295:15
    at processParams (D:\careerpro-rr\server\node_modules\router\index.js:582:12)
    at next (D:\careerpro-rr\server\node_modules\router\index.js:291:5)
    at Function.handle (D:\careerpro-rr\server\node_modules\router\index.js:186:3)
2025-06-11T06:54:01.251Z [ERROR]: Status: 409, Name: USER ALREADY EXISTS, Message: An account with this email address already exists., URL: /api/auth/signup, Method: POST, IP: ::1
2025-06-11T06:54:01.252Z [ERROR]: Stack: USER ALREADY EXISTS: An account with this email address already exists.
    at userSignUp (file:///D:/careerpro-rr/server/controller/auth-controller.js:18:19)
    at process.processTicksAndRejections (node:internal/process/task_queues:105:5)
2025-06-11T06:54:50.332Z [ERROR]: Status: 401, Name: AUTHORIZATION TOKEN NOT FOUND, Message: Unable to find the authorization token in the cookie, URL: /api/auth/status, Method: GET, IP: ::1
2025-06-11T06:54:50.335Z [ERROR]: Stack: AUTHORIZATION TOKEN NOT FOUND: Unable to find the authorization token in the cookie
    at userAuthorization (file:///D:/careerpro-rr/server/middleware/user-authorization.js:9:19)
    at Layer.handleRequest (D:\careerpro-rr\server\node_modules\router\lib\layer.js:152:17)
    at next (D:\careerpro-rr\server\node_modules\router\lib\route.js:157:13)
    at Route.dispatch (D:\careerpro-rr\server\node_modules\router\lib\route.js:117:3)
    at handle (D:\careerpro-rr\server\node_modules\router\index.js:435:11)
    at Layer.handleRequest (D:\careerpro-rr\server\node_modules\router\lib\layer.js:152:17)
    at D:\careerpro-rr\server\node_modules\router\index.js:295:15
    at processParams (D:\careerpro-rr\server\node_modules\router\index.js:582:12)
    at next (D:\careerpro-rr\server\node_modules\router\index.js:291:5)
    at Function.handle (D:\careerpro-rr\server\node_modules\router\index.js:186:3)
2025-06-11T07:02:24.498Z [ERROR]: Status: 401, Name: AUTHORIZATION TOKEN NOT FOUND, Message: Unable to find the authorization token in the cookie, URL: /api/auth/status, Method: GET, IP: ::1
2025-06-11T07:02:24.499Z [ERROR]: Stack: AUTHORIZATION TOKEN NOT FOUND: Unable to find the authorization token in the cookie
    at userAuthorization (file:///D:/careerpro-rr/server/middleware/user-authorization.js:9:19)
    at Layer.handleRequest (D:\careerpro-rr\server\node_modules\router\lib\layer.js:152:17)
    at next (D:\careerpro-rr\server\node_modules\router\lib\route.js:157:13)
    at Route.dispatch (D:\careerpro-rr\server\node_modules\router\lib\route.js:117:3)
    at handle (D:\careerpro-rr\server\node_modules\router\index.js:435:11)
    at Layer.handleRequest (D:\careerpro-rr\server\node_modules\router\lib\layer.js:152:17)
    at D:\careerpro-rr\server\node_modules\router\index.js:295:15
    at processParams (D:\careerpro-rr\server\node_modules\router\index.js:582:12)
    at next (D:\careerpro-rr\server\node_modules\router\index.js:291:5)
    at Function.handle (D:\careerpro-rr\server\node_modules\router\index.js:186:3)
2025-06-11T07:02:24.506Z [ERROR]: Status: 401, Name: AUTHORIZATION TOKEN NOT FOUND, Message: Unable to find the authorization token in the cookie, URL: /api/auth/status, Method: GET, IP: ::1
2025-06-11T07:02:24.507Z [ERROR]: Stack: AUTHORIZATION TOKEN NOT FOUND: Unable to find the authorization token in the cookie
    at userAuthorization (file:///D:/careerpro-rr/server/middleware/user-authorization.js:9:19)
    at Layer.handleRequest (D:\careerpro-rr\server\node_modules\router\lib\layer.js:152:17)
    at next (D:\careerpro-rr\server\node_modules\router\lib\route.js:157:13)
    at Route.dispatch (D:\careerpro-rr\server\node_modules\router\lib\route.js:117:3)
    at handle (D:\careerpro-rr\server\node_modules\router\index.js:435:11)
    at Layer.handleRequest (D:\careerpro-rr\server\node_modules\router\lib\layer.js:152:17)
    at D:\careerpro-rr\server\node_modules\router\index.js:295:15
    at processParams (D:\careerpro-rr\server\node_modules\router\index.js:582:12)
    at next (D:\careerpro-rr\server\node_modules\router\index.js:291:5)
    at Function.handle (D:\careerpro-rr\server\node_modules\router\index.js:186:3)
2025-06-11T07:03:00.693Z [ERROR]: Status: 409, Name: USER ALREADY EXISTS, Message: An account with this email address already exists., URL: /api/auth/signup, Method: POST, IP: ::1
2025-06-11T07:03:00.694Z [ERROR]: Stack: USER ALREADY EXISTS: An account with this email address already exists.
    at userSignUp (file:///D:/careerpro-rr/server/controller/auth-controller.js:18:19)
    at process.processTicksAndRejections (node:internal/process/task_queues:105:5)
2025-06-11T07:03:59.006Z [ERROR]: Status: 401, Name: AUTHORIZATION TOKEN NOT FOUND, Message: Unable to find the authorization token in the cookie, URL: /api/auth/status, Method: GET, IP: ::1
2025-06-11T07:03:59.007Z [ERROR]: Stack: AUTHORIZATION TOKEN NOT FOUND: Unable to find the authorization token in the cookie
    at userAuthorization (file:///D:/careerpro-rr/server/middleware/user-authorization.js:9:19)
    at Layer.handleRequest (D:\careerpro-rr\server\node_modules\router\lib\layer.js:152:17)
    at next (D:\careerpro-rr\server\node_modules\router\lib\route.js:157:13)
    at Route.dispatch (D:\careerpro-rr\server\node_modules\router\lib\route.js:117:3)
    at handle (D:\careerpro-rr\server\node_modules\router\index.js:435:11)
    at Layer.handleRequest (D:\careerpro-rr\server\node_modules\router\lib\layer.js:152:17)
    at D:\careerpro-rr\server\node_modules\router\index.js:295:15
    at processParams (D:\careerpro-rr\server\node_modules\router\index.js:582:12)
    at next (D:\careerpro-rr\server\node_modules\router\index.js:291:5)
    at Function.handle (D:\careerpro-rr\server\node_modules\router\index.js:186:3)
2025-06-11T07:05:50.012Z [ERROR]: Status: 401, Name: AUTHORIZATION TOKEN NOT FOUND, Message: Unable to find the authorization token in the cookie, URL: /api/auth/status, Method: GET, IP: ::1
2025-06-11T07:05:50.013Z [ERROR]: Stack: AUTHORIZATION TOKEN NOT FOUND: Unable to find the authorization token in the cookie
    at userAuthorization (file:///D:/careerpro-rr/server/middleware/user-authorization.js:9:19)
    at Layer.handleRequest (D:\careerpro-rr\server\node_modules\router\lib\layer.js:152:17)
    at next (D:\careerpro-rr\server\node_modules\router\lib\route.js:157:13)
    at Route.dispatch (D:\careerpro-rr\server\node_modules\router\lib\route.js:117:3)
    at handle (D:\careerpro-rr\server\node_modules\router\index.js:435:11)
    at Layer.handleRequest (D:\careerpro-rr\server\node_modules\router\lib\layer.js:152:17)
    at D:\careerpro-rr\server\node_modules\router\index.js:295:15
    at processParams (D:\careerpro-rr\server\node_modules\router\index.js:582:12)
    at next (D:\careerpro-rr\server\node_modules\router\index.js:291:5)
    at Function.handle (D:\careerpro-rr\server\node_modules\router\index.js:186:3)
2025-06-11T07:05:50.020Z [ERROR]: Status: 401, Name: AUTHORIZATION TOKEN NOT FOUND, Message: Unable to find the authorization token in the cookie, URL: /api/auth/status, Method: GET, IP: ::1
2025-06-11T07:05:50.020Z [ERROR]: Stack: AUTHORIZATION TOKEN NOT FOUND: Unable to find the authorization token in the cookie
    at userAuthorization (file:///D:/careerpro-rr/server/middleware/user-authorization.js:9:19)
    at Layer.handleRequest (D:\careerpro-rr\server\node_modules\router\lib\layer.js:152:17)
    at next (D:\careerpro-rr\server\node_modules\router\lib\route.js:157:13)
    at Route.dispatch (D:\careerpro-rr\server\node_modules\router\lib\route.js:117:3)
    at handle (D:\careerpro-rr\server\node_modules\router\index.js:435:11)
    at Layer.handleRequest (D:\careerpro-rr\server\node_modules\router\lib\layer.js:152:17)
    at D:\careerpro-rr\server\node_modules\router\index.js:295:15
    at processParams (D:\careerpro-rr\server\node_modules\router\index.js:582:12)
    at next (D:\careerpro-rr\server\node_modules\router\index.js:291:5)
    at Function.handle (D:\careerpro-rr\server\node_modules\router\index.js:186:3)
2025-06-11T07:06:49.600Z [ERROR]: Status: 401, Name: AUTHORIZATION TOKEN NOT FOUND, Message: Unable to find the authorization token in the cookie, URL: /api/auth/status, Method: GET, IP: ::1
2025-06-11T07:06:49.600Z [ERROR]: Stack: AUTHORIZATION TOKEN NOT FOUND: Unable to find the authorization token in the cookie
    at userAuthorization (file:///D:/careerpro-rr/server/middleware/user-authorization.js:9:19)
    at Layer.handleRequest (D:\careerpro-rr\server\node_modules\router\lib\layer.js:152:17)
    at next (D:\careerpro-rr\server\node_modules\router\lib\route.js:157:13)
    at Route.dispatch (D:\careerpro-rr\server\node_modules\router\lib\route.js:117:3)
    at handle (D:\careerpro-rr\server\node_modules\router\index.js:435:11)
    at Layer.handleRequest (D:\careerpro-rr\server\node_modules\router\lib\layer.js:152:17)
    at D:\careerpro-rr\server\node_modules\router\index.js:295:15
    at processParams (D:\careerpro-rr\server\node_modules\router\index.js:582:12)
    at next (D:\careerpro-rr\server\node_modules\router\index.js:291:5)
    at Function.handle (D:\careerpro-rr\server\node_modules\router\index.js:186:3)
2025-06-11T07:09:25.502Z [ERROR]: Status: 401, Name: AUTHORIZATION TOKEN NOT FOUND, Message: Unable to find the authorization token in the cookie, URL: /api/auth/status, Method: GET, IP: ::1
2025-06-11T07:09:25.503Z [ERROR]: Stack: AUTHORIZATION TOKEN NOT FOUND: Unable to find the authorization token in the cookie
    at userAuthorization (file:///D:/careerpro-rr/server/middleware/user-authorization.js:9:19)
    at Layer.handleRequest (D:\careerpro-rr\server\node_modules\router\lib\layer.js:152:17)
    at next (D:\careerpro-rr\server\node_modules\router\lib\route.js:157:13)
    at Route.dispatch (D:\careerpro-rr\server\node_modules\router\lib\route.js:117:3)
    at handle (D:\careerpro-rr\server\node_modules\router\index.js:435:11)
    at Layer.handleRequest (D:\careerpro-rr\server\node_modules\router\lib\layer.js:152:17)
    at D:\careerpro-rr\server\node_modules\router\index.js:295:15
    at processParams (D:\careerpro-rr\server\node_modules\router\index.js:582:12)
    at next (D:\careerpro-rr\server\node_modules\router\index.js:291:5)
    at Function.handle (D:\careerpro-rr\server\node_modules\router\index.js:186:3)
2025-06-11T07:12:11.024Z [ERROR]: Status: 401, Name: AUTHORIZATION TOKEN NOT FOUND, Message: Unable to find the authorization token in the cookie, URL: /api/auth/status, Method: GET, IP: ::1
2025-06-11T07:12:11.025Z [ERROR]: Stack: AUTHORIZATION TOKEN NOT FOUND: Unable to find the authorization token in the cookie
    at userAuthorization (file:///D:/careerpro-rr/server/middleware/user-authorization.js:9:19)
    at Layer.handleRequest (D:\careerpro-rr\server\node_modules\router\lib\layer.js:152:17)
    at next (D:\careerpro-rr\server\node_modules\router\lib\route.js:157:13)
    at Route.dispatch (D:\careerpro-rr\server\node_modules\router\lib\route.js:117:3)
    at handle (D:\careerpro-rr\server\node_modules\router\index.js:435:11)
    at Layer.handleRequest (D:\careerpro-rr\server\node_modules\router\lib\layer.js:152:17)
    at D:\careerpro-rr\server\node_modules\router\index.js:295:15
    at processParams (D:\careerpro-rr\server\node_modules\router\index.js:582:12)
    at next (D:\careerpro-rr\server\node_modules\router\index.js:291:5)
    at Function.handle (D:\careerpro-rr\server\node_modules\router\index.js:186:3)
2025-06-11T07:15:40.502Z [ERROR]: Status: 401, Name: AUTHORIZATION TOKEN NOT FOUND, Message: Unable to find the authorization token in the cookie, URL: /api/auth/status, Method: GET, IP: ::1
2025-06-11T07:15:40.502Z [ERROR]: Stack: AUTHORIZATION TOKEN NOT FOUND: Unable to find the authorization token in the cookie
    at userAuthorization (file:///D:/careerpro-rr/server/middleware/user-authorization.js:9:19)
    at Layer.handleRequest (D:\careerpro-rr\server\node_modules\router\lib\layer.js:152:17)
    at next (D:\careerpro-rr\server\node_modules\router\lib\route.js:157:13)
    at Route.dispatch (D:\careerpro-rr\server\node_modules\router\lib\route.js:117:3)
    at handle (D:\careerpro-rr\server\node_modules\router\index.js:435:11)
    at Layer.handleRequest (D:\careerpro-rr\server\node_modules\router\lib\layer.js:152:17)
    at D:\careerpro-rr\server\node_modules\router\index.js:295:15
    at processParams (D:\careerpro-rr\server\node_modules\router\index.js:582:12)
    at next (D:\careerpro-rr\server\node_modules\router\index.js:291:5)
    at Function.handle (D:\careerpro-rr\server\node_modules\router\index.js:186:3)
2025-06-11T07:15:40.511Z [ERROR]: Status: 401, Name: AUTHORIZATION TOKEN NOT FOUND, Message: Unable to find the authorization token in the cookie, URL: /api/auth/status, Method: GET, IP: ::1
2025-06-11T07:15:40.511Z [ERROR]: Stack: AUTHORIZATION TOKEN NOT FOUND: Unable to find the authorization token in the cookie
    at userAuthorization (file:///D:/careerpro-rr/server/middleware/user-authorization.js:9:19)
    at Layer.handleRequest (D:\careerpro-rr\server\node_modules\router\lib\layer.js:152:17)
    at next (D:\careerpro-rr\server\node_modules\router\lib\route.js:157:13)
    at Route.dispatch (D:\careerpro-rr\server\node_modules\router\lib\route.js:117:3)
    at handle (D:\careerpro-rr\server\node_modules\router\index.js:435:11)
    at Layer.handleRequest (D:\careerpro-rr\server\node_modules\router\lib\layer.js:152:17)
    at D:\careerpro-rr\server\node_modules\router\index.js:295:15
    at processParams (D:\careerpro-rr\server\node_modules\router\index.js:582:12)
    at next (D:\careerpro-rr\server\node_modules\router\index.js:291:5)
    at Function.handle (D:\careerpro-rr\server\node_modules\router\index.js:186:3)
2025-06-11T07:31:06.753Z [ERROR]: Status: 401, Name: AUTH_FAILED, Message: Invalid email or password, URL: /api/auth/signin, Method: POST, IP: ::1
2025-06-11T07:31:06.754Z [ERROR]: Stack: AUTH_FAILED: Invalid email or password
    at userSignIn (file:///D:/careerpro-rr/server/controller/auth-controller.js:94:19)
    at process.processTicksAndRejections (node:internal/process/task_queues:105:5)
2025-06-11T07:31:31.682Z [ERROR]: Status: 401, Name: AUTH_FAILED, Message: Invalid email or password, URL: /api/auth/signin, Method: POST, IP: ::1
2025-06-11T07:31:31.683Z [ERROR]: Stack: AUTH_FAILED: Invalid email or password
    at userSignIn (file:///D:/careerpro-rr/server/controller/auth-controller.js:94:19)
    at process.processTicksAndRejections (node:internal/process/task_queues:105:5)
2025-06-11T07:42:27.814Z [ERROR]: Status: 401, Name: AUTHORIZATION TOKEN NOT FOUND, Message: Unable to find the authorization token in the cookie, URL: /api/auth/status, Method: GET, IP: ::1
2025-06-11T07:42:27.815Z [ERROR]: Stack: AUTHORIZATION TOKEN NOT FOUND: Unable to find the authorization token in the cookie
    at userAuthorization (file:///D:/careerpro-rr/server/middleware/user-authorization.js:9:19)
    at Layer.handleRequest (D:\careerpro-rr\server\node_modules\router\lib\layer.js:152:17)
    at next (D:\careerpro-rr\server\node_modules\router\lib\route.js:157:13)
    at Route.dispatch (D:\careerpro-rr\server\node_modules\router\lib\route.js:117:3)
    at handle (D:\careerpro-rr\server\node_modules\router\index.js:435:11)
    at Layer.handleRequest (D:\careerpro-rr\server\node_modules\router\lib\layer.js:152:17)
    at D:\careerpro-rr\server\node_modules\router\index.js:295:15
    at processParams (D:\careerpro-rr\server\node_modules\router\index.js:582:12)
    at next (D:\careerpro-rr\server\node_modules\router\index.js:291:5)
    at Function.handle (D:\careerpro-rr\server\node_modules\router\index.js:186:3)
2025-06-11T07:44:02.466Z [ERROR]: Status: 401, Name: AUTHORIZATION TOKEN NOT FOUND, Message: Unable to find the authorization token in the cookie, URL: /api/auth/status, Method: GET, IP: ::1
2025-06-11T07:44:02.467Z [ERROR]: Stack: AUTHORIZATION TOKEN NOT FOUND: Unable to find the authorization token in the cookie
    at userAuthorization (file:///D:/careerpro-rr/server/middleware/user-authorization.js:9:19)
    at Layer.handleRequest (D:\careerpro-rr\server\node_modules\router\lib\layer.js:152:17)
    at next (D:\careerpro-rr\server\node_modules\router\lib\route.js:157:13)
    at Route.dispatch (D:\careerpro-rr\server\node_modules\router\lib\route.js:117:3)
    at handle (D:\careerpro-rr\server\node_modules\router\index.js:435:11)
    at Layer.handleRequest (D:\careerpro-rr\server\node_modules\router\lib\layer.js:152:17)
    at D:\careerpro-rr\server\node_modules\router\index.js:295:15
    at processParams (D:\careerpro-rr\server\node_modules\router\index.js:582:12)
    at next (D:\careerpro-rr\server\node_modules\router\index.js:291:5)
    at Function.handle (D:\careerpro-rr\server\node_modules\router\index.js:186:3)
2025-06-11T07:44:21.926Z [ERROR]: Status: 401, Name: AUTHORIZATION TOKEN NOT FOUND, Message: Unable to find the authorization token in the cookie, URL: /api/auth/status, Method: GET, IP: ::1
2025-06-11T07:44:21.927Z [ERROR]: Stack: AUTHORIZATION TOKEN NOT FOUND: Unable to find the authorization token in the cookie
    at userAuthorization (file:///D:/careerpro-rr/server/middleware/user-authorization.js:9:19)
    at Layer.handleRequest (D:\careerpro-rr\server\node_modules\router\lib\layer.js:152:17)
    at next (D:\careerpro-rr\server\node_modules\router\lib\route.js:157:13)
    at Route.dispatch (D:\careerpro-rr\server\node_modules\router\lib\route.js:117:3)
    at handle (D:\careerpro-rr\server\node_modules\router\index.js:435:11)
    at Layer.handleRequest (D:\careerpro-rr\server\node_modules\router\lib\layer.js:152:17)
    at D:\careerpro-rr\server\node_modules\router\index.js:295:15
    at processParams (D:\careerpro-rr\server\node_modules\router\index.js:582:12)
    at next (D:\careerpro-rr\server\node_modules\router\index.js:291:5)
    at Function.handle (D:\careerpro-rr\server\node_modules\router\index.js:186:3)
2025-06-11T07:44:32.355Z [ERROR]: Status: 401, Name: AUTHORIZATION TOKEN NOT FOUND, Message: Unable to find the authorization token in the cookie, URL: /api/auth/status, Method: GET, IP: ::1
2025-06-11T07:44:32.356Z [ERROR]: Stack: AUTHORIZATION TOKEN NOT FOUND: Unable to find the authorization token in the cookie
    at userAuthorization (file:///D:/careerpro-rr/server/middleware/user-authorization.js:9:19)
    at Layer.handleRequest (D:\careerpro-rr\server\node_modules\router\lib\layer.js:152:17)
    at next (D:\careerpro-rr\server\node_modules\router\lib\route.js:157:13)
    at Route.dispatch (D:\careerpro-rr\server\node_modules\router\lib\route.js:117:3)
    at handle (D:\careerpro-rr\server\node_modules\router\index.js:435:11)
    at Layer.handleRequest (D:\careerpro-rr\server\node_modules\router\lib\layer.js:152:17)
    at D:\careerpro-rr\server\node_modules\router\index.js:295:15
    at processParams (D:\careerpro-rr\server\node_modules\router\index.js:582:12)
    at next (D:\careerpro-rr\server\node_modules\router\index.js:291:5)
    at Function.handle (D:\careerpro-rr\server\node_modules\router\index.js:186:3)
2025-06-11T07:51:14.125Z [ERROR]: Status: 401, Name: AUTHORIZATION TOKEN NOT FOUND, Message: Unable to find the authorization token in the cookie, URL: /api/auth/status, Method: GET, IP: ::1
2025-06-11T07:51:14.126Z [ERROR]: Stack: AUTHORIZATION TOKEN NOT FOUND: Unable to find the authorization token in the cookie
    at userAuthorization (file:///D:/careerpro-rr/server/middleware/user-authorization.js:9:19)
    at Layer.handleRequest (D:\careerpro-rr\server\node_modules\router\lib\layer.js:152:17)
    at next (D:\careerpro-rr\server\node_modules\router\lib\route.js:157:13)
    at Route.dispatch (D:\careerpro-rr\server\node_modules\router\lib\route.js:117:3)
    at handle (D:\careerpro-rr\server\node_modules\router\index.js:435:11)
    at Layer.handleRequest (D:\careerpro-rr\server\node_modules\router\lib\layer.js:152:17)
    at D:\careerpro-rr\server\node_modules\router\index.js:295:15
    at processParams (D:\careerpro-rr\server\node_modules\router\index.js:582:12)
    at next (D:\careerpro-rr\server\node_modules\router\index.js:291:5)
    at Function.handle (D:\careerpro-rr\server\node_modules\router\index.js:186:3)
2025-06-11T07:51:14.136Z [ERROR]: Status: 401, Name: AUTHORIZATION TOKEN NOT FOUND, Message: Unable to find the authorization token in the cookie, URL: /api/auth/status, Method: GET, IP: ::1
2025-06-11T07:51:14.136Z [ERROR]: Stack: AUTHORIZATION TOKEN NOT FOUND: Unable to find the authorization token in the cookie
    at userAuthorization (file:///D:/careerpro-rr/server/middleware/user-authorization.js:9:19)
    at Layer.handleRequest (D:\careerpro-rr\server\node_modules\router\lib\layer.js:152:17)
    at next (D:\careerpro-rr\server\node_modules\router\lib\route.js:157:13)
    at Route.dispatch (D:\careerpro-rr\server\node_modules\router\lib\route.js:117:3)
    at handle (D:\careerpro-rr\server\node_modules\router\index.js:435:11)
    at Layer.handleRequest (D:\careerpro-rr\server\node_modules\router\lib\layer.js:152:17)
    at D:\careerpro-rr\server\node_modules\router\index.js:295:15
    at processParams (D:\careerpro-rr\server\node_modules\router\index.js:582:12)
    at next (D:\careerpro-rr\server\node_modules\router\index.js:291:5)
    at Function.handle (D:\careerpro-rr\server\node_modules\router\index.js:186:3)
2025-06-11T07:51:36.417Z [ERROR]: Status: 401, Name: AUTHORIZATION TOKEN NOT FOUND, Message: Unable to find the authorization token in the cookie, URL: /api/auth/status, Method: GET, IP: ::1
2025-06-11T07:51:36.418Z [ERROR]: Stack: AUTHORIZATION TOKEN NOT FOUND: Unable to find the authorization token in the cookie
    at userAuthorization (file:///D:/careerpro-rr/server/middleware/user-authorization.js:9:19)
    at Layer.handleRequest (D:\careerpro-rr\server\node_modules\router\lib\layer.js:152:17)
    at next (D:\careerpro-rr\server\node_modules\router\lib\route.js:157:13)
    at Route.dispatch (D:\careerpro-rr\server\node_modules\router\lib\route.js:117:3)
    at handle (D:\careerpro-rr\server\node_modules\router\index.js:435:11)
    at Layer.handleRequest (D:\careerpro-rr\server\node_modules\router\lib\layer.js:152:17)
    at D:\careerpro-rr\server\node_modules\router\index.js:295:15
    at processParams (D:\careerpro-rr\server\node_modules\router\index.js:582:12)
    at next (D:\careerpro-rr\server\node_modules\router\index.js:291:5)
    at Function.handle (D:\careerpro-rr\server\node_modules\router\index.js:186:3)
2025-06-11T07:58:29.177Z [ERROR]: Status: 401, Name: AUTHORIZATION TOKEN NOT FOUND, Message: Unable to find the authorization token in the cookie, URL: /api/auth/status, Method: GET, IP: ::1
2025-06-11T07:58:29.177Z [ERROR]: Stack: AUTHORIZATION TOKEN NOT FOUND: Unable to find the authorization token in the cookie
    at userAuthorization (file:///D:/careerpro-rr/server/middleware/user-authorization.js:9:19)
    at Layer.handleRequest (D:\careerpro-rr\server\node_modules\router\lib\layer.js:152:17)
    at next (D:\careerpro-rr\server\node_modules\router\lib\route.js:157:13)
    at Route.dispatch (D:\careerpro-rr\server\node_modules\router\lib\route.js:117:3)
    at handle (D:\careerpro-rr\server\node_modules\router\index.js:435:11)
    at Layer.handleRequest (D:\careerpro-rr\server\node_modules\router\lib\layer.js:152:17)
    at D:\careerpro-rr\server\node_modules\router\index.js:295:15
    at processParams (D:\careerpro-rr\server\node_modules\router\index.js:582:12)
    at next (D:\careerpro-rr\server\node_modules\router\index.js:291:5)
    at Function.handle (D:\careerpro-rr\server\node_modules\router\index.js:186:3)
2025-06-11T07:58:29.186Z [ERROR]: Status: 401, Name: AUTHORIZATION TOKEN NOT FOUND, Message: Unable to find the authorization token in the cookie, URL: /api/auth/status, Method: GET, IP: ::1
2025-06-11T07:58:29.186Z [ERROR]: Stack: AUTHORIZATION TOKEN NOT FOUND: Unable to find the authorization token in the cookie
    at userAuthorization (file:///D:/careerpro-rr/server/middleware/user-authorization.js:9:19)
    at Layer.handleRequest (D:\careerpro-rr\server\node_modules\router\lib\layer.js:152:17)
    at next (D:\careerpro-rr\server\node_modules\router\lib\route.js:157:13)
    at Route.dispatch (D:\careerpro-rr\server\node_modules\router\lib\route.js:117:3)
    at handle (D:\careerpro-rr\server\node_modules\router\index.js:435:11)
    at Layer.handleRequest (D:\careerpro-rr\server\node_modules\router\lib\layer.js:152:17)
    at D:\careerpro-rr\server\node_modules\router\index.js:295:15
    at processParams (D:\careerpro-rr\server\node_modules\router\index.js:582:12)
    at next (D:\careerpro-rr\server\node_modules\router\index.js:291:5)
    at Function.handle (D:\careerpro-rr\server\node_modules\router\index.js:186:3)
2025-06-11T08:02:17.633Z [ERROR]: Status: 401, Name: AUTH_FAILED, Message: Invalid email or password, URL: /api/auth/signin, Method: POST, IP: ::1
2025-06-11T08:02:17.634Z [ERROR]: Stack: AUTH_FAILED: Invalid email or password
    at userSignIn (file:///D:/careerpro-rr/server/controller/auth-controller.js:76:20)
    at process.processTicksAndRejections (node:internal/process/task_queues:105:5)
2025-06-11T08:02:29.514Z [ERROR]: Status: 401, Name: AUTHORIZATION TOKEN NOT FOUND, Message: Unable to find the authorization token in the cookie, URL: /api/auth/status, Method: GET, IP: ::1
2025-06-11T08:02:29.514Z [ERROR]: Stack: AUTHORIZATION TOKEN NOT FOUND: Unable to find the authorization token in the cookie
    at userAuthorization (file:///D:/careerpro-rr/server/middleware/user-authorization.js:9:19)
    at Layer.handleRequest (D:\careerpro-rr\server\node_modules\router\lib\layer.js:152:17)
    at next (D:\careerpro-rr\server\node_modules\router\lib\route.js:157:13)
    at Route.dispatch (D:\careerpro-rr\server\node_modules\router\lib\route.js:117:3)
    at handle (D:\careerpro-rr\server\node_modules\router\index.js:435:11)
    at Layer.handleRequest (D:\careerpro-rr\server\node_modules\router\lib\layer.js:152:17)
    at D:\careerpro-rr\server\node_modules\router\index.js:295:15
    at processParams (D:\careerpro-rr\server\node_modules\router\index.js:582:12)
    at next (D:\careerpro-rr\server\node_modules\router\index.js:291:5)
    at Function.handle (D:\careerpro-rr\server\node_modules\router\index.js:186:3)
2025-06-11T08:02:31.654Z [ERROR]: Status: 401, Name: AUTHORIZATION TOKEN NOT FOUND, Message: Unable to find the authorization token in the cookie, URL: /api/auth/status, Method: GET, IP: ::1
2025-06-11T08:02:31.655Z [ERROR]: Stack: AUTHORIZATION TOKEN NOT FOUND: Unable to find the authorization token in the cookie
    at userAuthorization (file:///D:/careerpro-rr/server/middleware/user-authorization.js:9:19)
    at Layer.handleRequest (D:\careerpro-rr\server\node_modules\router\lib\layer.js:152:17)
    at next (D:\careerpro-rr\server\node_modules\router\lib\route.js:157:13)
    at Route.dispatch (D:\careerpro-rr\server\node_modules\router\lib\route.js:117:3)
    at handle (D:\careerpro-rr\server\node_modules\router\index.js:435:11)
    at Layer.handleRequest (D:\careerpro-rr\server\node_modules\router\lib\layer.js:152:17)
    at D:\careerpro-rr\server\node_modules\router\index.js:295:15
    at processParams (D:\careerpro-rr\server\node_modules\router\index.js:582:12)
    at next (D:\careerpro-rr\server\node_modules\router\index.js:291:5)
    at Function.handle (D:\careerpro-rr\server\node_modules\router\index.js:186:3)
2025-06-11T08:02:32.778Z [ERROR]: Status: 401, Name: AUTHORIZATION TOKEN NOT FOUND, Message: Unable to find the authorization token in the cookie, URL: /api/auth/status, Method: GET, IP: ::1
2025-06-11T08:02:32.779Z [ERROR]: Stack: AUTHORIZATION TOKEN NOT FOUND: Unable to find the authorization token in the cookie
    at userAuthorization (file:///D:/careerpro-rr/server/middleware/user-authorization.js:9:19)
    at Layer.handleRequest (D:\careerpro-rr\server\node_modules\router\lib\layer.js:152:17)
    at next (D:\careerpro-rr\server\node_modules\router\lib\route.js:157:13)
    at Route.dispatch (D:\careerpro-rr\server\node_modules\router\lib\route.js:117:3)
    at handle (D:\careerpro-rr\server\node_modules\router\index.js:435:11)
    at Layer.handleRequest (D:\careerpro-rr\server\node_modules\router\lib\layer.js:152:17)
    at D:\careerpro-rr\server\node_modules\router\index.js:295:15
    at processParams (D:\careerpro-rr\server\node_modules\router\index.js:582:12)
    at next (D:\careerpro-rr\server\node_modules\router\index.js:291:5)
    at Function.handle (D:\careerpro-rr\server\node_modules\router\index.js:186:3)
2025-06-11T08:02:32.988Z [ERROR]: Status: 401, Name: AUTHORIZATION TOKEN NOT FOUND, Message: Unable to find the authorization token in the cookie, URL: /api/auth/status, Method: GET, IP: ::1
2025-06-11T08:02:32.988Z [ERROR]: Stack: AUTHORIZATION TOKEN NOT FOUND: Unable to find the authorization token in the cookie
    at userAuthorization (file:///D:/careerpro-rr/server/middleware/user-authorization.js:9:19)
    at Layer.handleRequest (D:\careerpro-rr\server\node_modules\router\lib\layer.js:152:17)
    at next (D:\careerpro-rr\server\node_modules\router\lib\route.js:157:13)
    at Route.dispatch (D:\careerpro-rr\server\node_modules\router\lib\route.js:117:3)
    at handle (D:\careerpro-rr\server\node_modules\router\index.js:435:11)
    at Layer.handleRequest (D:\careerpro-rr\server\node_modules\router\lib\layer.js:152:17)
    at D:\careerpro-rr\server\node_modules\router\index.js:295:15
    at processParams (D:\careerpro-rr\server\node_modules\router\index.js:582:12)
    at next (D:\careerpro-rr\server\node_modules\router\index.js:291:5)
    at Function.handle (D:\careerpro-rr\server\node_modules\router\index.js:186:3)
2025-06-11T08:02:51.663Z [ERROR]: Status: 401, Name: AUTHORIZATION TOKEN NOT FOUND, Message: Unable to find the authorization token in the cookie, URL: /api/auth/status, Method: GET, IP: ::1
2025-06-11T08:02:51.664Z [ERROR]: Stack: AUTHORIZATION TOKEN NOT FOUND: Unable to find the authorization token in the cookie
    at userAuthorization (file:///D:/careerpro-rr/server/middleware/user-authorization.js:9:19)
    at Layer.handleRequest (D:\careerpro-rr\server\node_modules\router\lib\layer.js:152:17)
    at next (D:\careerpro-rr\server\node_modules\router\lib\route.js:157:13)
    at Route.dispatch (D:\careerpro-rr\server\node_modules\router\lib\route.js:117:3)
    at handle (D:\careerpro-rr\server\node_modules\router\index.js:435:11)
    at Layer.handleRequest (D:\careerpro-rr\server\node_modules\router\lib\layer.js:152:17)
    at D:\careerpro-rr\server\node_modules\router\index.js:295:15
    at processParams (D:\careerpro-rr\server\node_modules\router\index.js:582:12)
    at next (D:\careerpro-rr\server\node_modules\router\index.js:291:5)
    at Function.handle (D:\careerpro-rr\server\node_modules\router\index.js:186:3)
2025-06-11T08:03:29.449Z [ERROR]: Status: 401, Name: AUTHORIZATION TOKEN NOT FOUND, Message: Unable to find the authorization token in the cookie, URL: /api/auth/status, Method: GET, IP: ::1
2025-06-11T08:03:29.450Z [ERROR]: Stack: AUTHORIZATION TOKEN NOT FOUND: Unable to find the authorization token in the cookie
    at userAuthorization (file:///D:/careerpro-rr/server/middleware/user-authorization.js:9:19)
    at Layer.handleRequest (D:\careerpro-rr\server\node_modules\router\lib\layer.js:152:17)
    at next (D:\careerpro-rr\server\node_modules\router\lib\route.js:157:13)
    at Route.dispatch (D:\careerpro-rr\server\node_modules\router\lib\route.js:117:3)
    at handle (D:\careerpro-rr\server\node_modules\router\index.js:435:11)
    at Layer.handleRequest (D:\careerpro-rr\server\node_modules\router\lib\layer.js:152:17)
    at D:\careerpro-rr\server\node_modules\router\index.js:295:15
    at processParams (D:\careerpro-rr\server\node_modules\router\index.js:582:12)
    at next (D:\careerpro-rr\server\node_modules\router\index.js:291:5)
    at Function.handle (D:\careerpro-rr\server\node_modules\router\index.js:186:3)
2025-06-11T08:03:31.598Z [ERROR]: Status: 401, Name: AUTHORIZATION TOKEN NOT FOUND, Message: Unable to find the authorization token in the cookie, URL: /api/auth/status, Method: GET, IP: ::1
2025-06-11T08:03:31.599Z [ERROR]: Stack: AUTHORIZATION TOKEN NOT FOUND: Unable to find the authorization token in the cookie
    at userAuthorization (file:///D:/careerpro-rr/server/middleware/user-authorization.js:9:19)
    at Layer.handleRequest (D:\careerpro-rr\server\node_modules\router\lib\layer.js:152:17)
    at next (D:\careerpro-rr\server\node_modules\router\lib\route.js:157:13)
    at Route.dispatch (D:\careerpro-rr\server\node_modules\router\lib\route.js:117:3)
    at handle (D:\careerpro-rr\server\node_modules\router\index.js:435:11)
    at Layer.handleRequest (D:\careerpro-rr\server\node_modules\router\lib\layer.js:152:17)
    at D:\careerpro-rr\server\node_modules\router\index.js:295:15
    at processParams (D:\careerpro-rr\server\node_modules\router\index.js:582:12)
    at next (D:\careerpro-rr\server\node_modules\router\index.js:291:5)
    at Function.handle (D:\careerpro-rr\server\node_modules\router\index.js:186:3)
2025-06-11T08:03:46.508Z [ERROR]: Status: 401, Name: AUTHORIZATION TOKEN NOT FOUND, Message: Unable to find the authorization token in the cookie, URL: /api/auth/status, Method: GET, IP: ::1
2025-06-11T08:03:46.509Z [ERROR]: Stack: AUTHORIZATION TOKEN NOT FOUND: Unable to find the authorization token in the cookie
    at userAuthorization (file:///D:/careerpro-rr/server/middleware/user-authorization.js:9:19)
    at Layer.handleRequest (D:\careerpro-rr\server\node_modules\router\lib\layer.js:152:17)
    at next (D:\careerpro-rr\server\node_modules\router\lib\route.js:157:13)
    at Route.dispatch (D:\careerpro-rr\server\node_modules\router\lib\route.js:117:3)
    at handle (D:\careerpro-rr\server\node_modules\router\index.js:435:11)
    at Layer.handleRequest (D:\careerpro-rr\server\node_modules\router\lib\layer.js:152:17)
    at D:\careerpro-rr\server\node_modules\router\index.js:295:15
    at processParams (D:\careerpro-rr\server\node_modules\router\index.js:582:12)
    at next (D:\careerpro-rr\server\node_modules\router\index.js:291:5)
    at Function.handle (D:\careerpro-rr\server\node_modules\router\index.js:186:3)
2025-06-11T08:03:48.109Z [ERROR]: Status: 401, Name: AUTHORIZATION TOKEN NOT FOUND, Message: Unable to find the authorization token in the cookie, URL: /api/auth/status, Method: GET, IP: ::1
2025-06-11T08:03:48.110Z [ERROR]: Stack: AUTHORIZATION TOKEN NOT FOUND: Unable to find the authorization token in the cookie
    at userAuthorization (file:///D:/careerpro-rr/server/middleware/user-authorization.js:9:19)
    at Layer.handleRequest (D:\careerpro-rr\server\node_modules\router\lib\layer.js:152:17)
    at next (D:\careerpro-rr\server\node_modules\router\lib\route.js:157:13)
    at Route.dispatch (D:\careerpro-rr\server\node_modules\router\lib\route.js:117:3)
    at handle (D:\careerpro-rr\server\node_modules\router\index.js:435:11)
    at Layer.handleRequest (D:\careerpro-rr\server\node_modules\router\lib\layer.js:152:17)
    at D:\careerpro-rr\server\node_modules\router\index.js:295:15
    at processParams (D:\careerpro-rr\server\node_modules\router\index.js:582:12)
    at next (D:\careerpro-rr\server\node_modules\router\index.js:291:5)
    at Function.handle (D:\careerpro-rr\server\node_modules\router\index.js:186:3)
2025-06-11T08:06:06.480Z [ERROR]: Status: 401, Name: AUTHORIZATION TOKEN NOT FOUND, Message: Unable to find the authorization token in the cookie, URL: /api/auth/status, Method: GET, IP: ::1
2025-06-11T08:06:06.481Z [ERROR]: Stack: AUTHORIZATION TOKEN NOT FOUND: Unable to find the authorization token in the cookie
    at userAuthorization (file:///D:/careerpro-rr/server/middleware/user-authorization.js:9:19)
    at Layer.handleRequest (D:\careerpro-rr\server\node_modules\router\lib\layer.js:152:17)
    at next (D:\careerpro-rr\server\node_modules\router\lib\route.js:157:13)
    at Route.dispatch (D:\careerpro-rr\server\node_modules\router\lib\route.js:117:3)
    at handle (D:\careerpro-rr\server\node_modules\router\index.js:435:11)
    at Layer.handleRequest (D:\careerpro-rr\server\node_modules\router\lib\layer.js:152:17)
    at D:\careerpro-rr\server\node_modules\router\index.js:295:15
    at processParams (D:\careerpro-rr\server\node_modules\router\index.js:582:12)
    at next (D:\careerpro-rr\server\node_modules\router\index.js:291:5)
    at Function.handle (D:\careerpro-rr\server\node_modules\router\index.js:186:3)
2025-06-11T08:06:06.514Z [ERROR]: Status: 401, Name: AUTHORIZATION TOKEN NOT FOUND, Message: Unable to find the authorization token in the cookie, URL: /api/auth/status, Method: GET, IP: ::1
2025-06-11T08:06:06.515Z [ERROR]: Stack: AUTHORIZATION TOKEN NOT FOUND: Unable to find the authorization token in the cookie
    at userAuthorization (file:///D:/careerpro-rr/server/middleware/user-authorization.js:9:19)
    at Layer.handleRequest (D:\careerpro-rr\server\node_modules\router\lib\layer.js:152:17)
    at next (D:\careerpro-rr\server\node_modules\router\lib\route.js:157:13)
    at Route.dispatch (D:\careerpro-rr\server\node_modules\router\lib\route.js:117:3)
    at handle (D:\careerpro-rr\server\node_modules\router\index.js:435:11)
    at Layer.handleRequest (D:\careerpro-rr\server\node_modules\router\lib\layer.js:152:17)
    at D:\careerpro-rr\server\node_modules\router\index.js:295:15
    at processParams (D:\careerpro-rr\server\node_modules\router\index.js:582:12)
    at next (D:\careerpro-rr\server\node_modules\router\index.js:291:5)
    at Function.handle (D:\careerpro-rr\server\node_modules\router\index.js:186:3)
2025-06-11T11:40:39.700Z [ERROR]: Status: 401, Name: AUTHORIZATION TOKEN NOT FOUND, Message: Unable to find the authorization token in the cookie, URL: /api/auth/status, Method: GET, IP: ::1
2025-06-11T11:40:39.701Z [ERROR]: Stack: AUTHORIZATION TOKEN NOT FOUND: Unable to find the authorization token in the cookie
    at userAuthorization (file:///D:/careerpro-rr/server/middleware/user-authorization.js:9:19)
    at Layer.handleRequest (D:\careerpro-rr\server\node_modules\router\lib\layer.js:152:17)
    at next (D:\careerpro-rr\server\node_modules\router\lib\route.js:157:13)
    at Route.dispatch (D:\careerpro-rr\server\node_modules\router\lib\route.js:117:3)
    at handle (D:\careerpro-rr\server\node_modules\router\index.js:435:11)
    at Layer.handleRequest (D:\careerpro-rr\server\node_modules\router\lib\layer.js:152:17)
    at D:\careerpro-rr\server\node_modules\router\index.js:295:15
    at processParams (D:\careerpro-rr\server\node_modules\router\index.js:582:12)
    at next (D:\careerpro-rr\server\node_modules\router\index.js:291:5)
    at Function.handle (D:\careerpro-rr\server\node_modules\router\index.js:186:3)
2025-06-11T11:40:39.719Z [ERROR]: Status: 401, Name: AUTHORIZATION TOKEN NOT FOUND, Message: Unable to find the authorization token in the cookie, URL: /api/auth/status, Method: GET, IP: ::1
2025-06-11T11:40:39.720Z [ERROR]: Stack: AUTHORIZATION TOKEN NOT FOUND: Unable to find the authorization token in the cookie
    at userAuthorization (file:///D:/careerpro-rr/server/middleware/user-authorization.js:9:19)
    at Layer.handleRequest (D:\careerpro-rr\server\node_modules\router\lib\layer.js:152:17)
    at next (D:\careerpro-rr\server\node_modules\router\lib\route.js:157:13)
    at Route.dispatch (D:\careerpro-rr\server\node_modules\router\lib\route.js:117:3)
    at handle (D:\careerpro-rr\server\node_modules\router\index.js:435:11)
    at Layer.handleRequest (D:\careerpro-rr\server\node_modules\router\lib\layer.js:152:17)
    at D:\careerpro-rr\server\node_modules\router\index.js:295:15
    at processParams (D:\careerpro-rr\server\node_modules\router\index.js:582:12)
    at next (D:\careerpro-rr\server\node_modules\router\index.js:291:5)
    at Function.handle (D:\careerpro-rr\server\node_modules\router\index.js:186:3)
2025-06-11T11:40:56.259Z [ERROR]: Status: 401, Name: AUTHORIZATION TOKEN NOT FOUND, Message: Unable to find the authorization token in the cookie, URL: /api/auth/status, Method: GET, IP: ::1
2025-06-11T11:40:56.260Z [ERROR]: Stack: AUTHORIZATION TOKEN NOT FOUND: Unable to find the authorization token in the cookie
    at userAuthorization (file:///D:/careerpro-rr/server/middleware/user-authorization.js:9:19)
    at Layer.handleRequest (D:\careerpro-rr\server\node_modules\router\lib\layer.js:152:17)
    at next (D:\careerpro-rr\server\node_modules\router\lib\route.js:157:13)
    at Route.dispatch (D:\careerpro-rr\server\node_modules\router\lib\route.js:117:3)
    at handle (D:\careerpro-rr\server\node_modules\router\index.js:435:11)
    at Layer.handleRequest (D:\careerpro-rr\server\node_modules\router\lib\layer.js:152:17)
    at D:\careerpro-rr\server\node_modules\router\index.js:295:15
    at processParams (D:\careerpro-rr\server\node_modules\router\index.js:582:12)
    at next (D:\careerpro-rr\server\node_modules\router\index.js:291:5)
    at Function.handle (D:\careerpro-rr\server\node_modules\router\index.js:186:3)
2025-06-11T11:46:15.978Z [ERROR]: Status: 401, Name: AUTHORIZATION TOKEN NOT FOUND, Message: Unable to find the authorization token in the cookie, URL: /api/auth/status, Method: GET, IP: ::1
2025-06-11T11:46:15.978Z [ERROR]: Stack: AUTHORIZATION TOKEN NOT FOUND: Unable to find the authorization token in the cookie
    at userAuthorization (file:///D:/careerpro-rr/server/middleware/user-authorization.js:9:19)
    at Layer.handleRequest (D:\careerpro-rr\server\node_modules\router\lib\layer.js:152:17)
    at next (D:\careerpro-rr\server\node_modules\router\lib\route.js:157:13)
    at Route.dispatch (D:\careerpro-rr\server\node_modules\router\lib\route.js:117:3)
    at handle (D:\careerpro-rr\server\node_modules\router\index.js:435:11)
    at Layer.handleRequest (D:\careerpro-rr\server\node_modules\router\lib\layer.js:152:17)
    at D:\careerpro-rr\server\node_modules\router\index.js:295:15
    at processParams (D:\careerpro-rr\server\node_modules\router\index.js:582:12)
    at next (D:\careerpro-rr\server\node_modules\router\index.js:291:5)
    at Function.handle (D:\careerpro-rr\server\node_modules\router\index.js:186:3)
2025-06-11T11:46:17.393Z [ERROR]: Status: 401, Name: AUTHORIZATION TOKEN NOT FOUND, Message: Unable to find the authorization token in the cookie, URL: /api/auth/status, Method: GET, IP: ::1
2025-06-11T11:46:17.394Z [ERROR]: Stack: AUTHORIZATION TOKEN NOT FOUND: Unable to find the authorization token in the cookie
    at userAuthorization (file:///D:/careerpro-rr/server/middleware/user-authorization.js:9:19)
    at Layer.handleRequest (D:\careerpro-rr\server\node_modules\router\lib\layer.js:152:17)
    at next (D:\careerpro-rr\server\node_modules\router\lib\route.js:157:13)
    at Route.dispatch (D:\careerpro-rr\server\node_modules\router\lib\route.js:117:3)
    at handle (D:\careerpro-rr\server\node_modules\router\index.js:435:11)
    at Layer.handleRequest (D:\careerpro-rr\server\node_modules\router\lib\layer.js:152:17)
    at D:\careerpro-rr\server\node_modules\router\index.js:295:15
    at processParams (D:\careerpro-rr\server\node_modules\router\index.js:582:12)
    at next (D:\careerpro-rr\server\node_modules\router\index.js:291:5)
    at Function.handle (D:\careerpro-rr\server\node_modules\router\index.js:186:3)
2025-06-11T11:46:20.390Z [ERROR]: Status: 401, Name: AUTHORIZATION TOKEN NOT FOUND, Message: Unable to find the authorization token in the cookie, URL: /api/auth/status, Method: GET, IP: ::1
2025-06-11T11:46:20.390Z [ERROR]: Stack: AUTHORIZATION TOKEN NOT FOUND: Unable to find the authorization token in the cookie
    at userAuthorization (file:///D:/careerpro-rr/server/middleware/user-authorization.js:9:19)
    at Layer.handleRequest (D:\careerpro-rr\server\node_modules\router\lib\layer.js:152:17)
    at next (D:\careerpro-rr\server\node_modules\router\lib\route.js:157:13)
    at Route.dispatch (D:\careerpro-rr\server\node_modules\router\lib\route.js:117:3)
    at handle (D:\careerpro-rr\server\node_modules\router\index.js:435:11)
    at Layer.handleRequest (D:\careerpro-rr\server\node_modules\router\lib\layer.js:152:17)
    at D:\careerpro-rr\server\node_modules\router\index.js:295:15
    at processParams (D:\careerpro-rr\server\node_modules\router\index.js:582:12)
    at next (D:\careerpro-rr\server\node_modules\router\index.js:291:5)
    at Function.handle (D:\careerpro-rr\server\node_modules\router\index.js:186:3)
2025-06-11T11:46:21.484Z [ERROR]: Status: 401, Name: AUTHORIZATION TOKEN NOT FOUND, Message: Unable to find the authorization token in the cookie, URL: /api/auth/status, Method: GET, IP: ::1
2025-06-11T11:46:21.484Z [ERROR]: Stack: AUTHORIZATION TOKEN NOT FOUND: Unable to find the authorization token in the cookie
    at userAuthorization (file:///D:/careerpro-rr/server/middleware/user-authorization.js:9:19)
    at Layer.handleRequest (D:\careerpro-rr\server\node_modules\router\lib\layer.js:152:17)
    at next (D:\careerpro-rr\server\node_modules\router\lib\route.js:157:13)
    at Route.dispatch (D:\careerpro-rr\server\node_modules\router\lib\route.js:117:3)
    at handle (D:\careerpro-rr\server\node_modules\router\index.js:435:11)
    at Layer.handleRequest (D:\careerpro-rr\server\node_modules\router\lib\layer.js:152:17)
    at D:\careerpro-rr\server\node_modules\router\index.js:295:15
    at processParams (D:\careerpro-rr\server\node_modules\router\index.js:582:12)
    at next (D:\careerpro-rr\server\node_modules\router\index.js:291:5)
    at Function.handle (D:\careerpro-rr\server\node_modules\router\index.js:186:3)
2025-06-11T11:46:26.759Z [ERROR]: Status: 401, Name: AUTHORIZATION TOKEN NOT FOUND, Message: Unable to find the authorization token in the cookie, URL: /api/auth/status, Method: GET, IP: ::1
2025-06-11T11:46:26.760Z [ERROR]: Stack: AUTHORIZATION TOKEN NOT FOUND: Unable to find the authorization token in the cookie
    at userAuthorization (file:///D:/careerpro-rr/server/middleware/user-authorization.js:9:19)
    at Layer.handleRequest (D:\careerpro-rr\server\node_modules\router\lib\layer.js:152:17)
    at next (D:\careerpro-rr\server\node_modules\router\lib\route.js:157:13)
    at Route.dispatch (D:\careerpro-rr\server\node_modules\router\lib\route.js:117:3)
    at handle (D:\careerpro-rr\server\node_modules\router\index.js:435:11)
    at Layer.handleRequest (D:\careerpro-rr\server\node_modules\router\lib\layer.js:152:17)
    at D:\careerpro-rr\server\node_modules\router\index.js:295:15
    at processParams (D:\careerpro-rr\server\node_modules\router\index.js:582:12)
    at next (D:\careerpro-rr\server\node_modules\router\index.js:291:5)
    at Function.handle (D:\careerpro-rr\server\node_modules\router\index.js:186:3)
2025-06-11T11:46:28.095Z [ERROR]: Status: 401, Name: AUTHORIZATION TOKEN NOT FOUND, Message: Unable to find the authorization token in the cookie, URL: /api/auth/status, Method: GET, IP: ::1
2025-06-11T11:46:28.095Z [ERROR]: Stack: AUTHORIZATION TOKEN NOT FOUND: Unable to find the authorization token in the cookie
    at userAuthorization (file:///D:/careerpro-rr/server/middleware/user-authorization.js:9:19)
    at Layer.handleRequest (D:\careerpro-rr\server\node_modules\router\lib\layer.js:152:17)
    at next (D:\careerpro-rr\server\node_modules\router\lib\route.js:157:13)
    at Route.dispatch (D:\careerpro-rr\server\node_modules\router\lib\route.js:117:3)
    at handle (D:\careerpro-rr\server\node_modules\router\index.js:435:11)
    at Layer.handleRequest (D:\careerpro-rr\server\node_modules\router\lib\layer.js:152:17)
    at D:\careerpro-rr\server\node_modules\router\index.js:295:15
    at processParams (D:\careerpro-rr\server\node_modules\router\index.js:582:12)
    at next (D:\careerpro-rr\server\node_modules\router\index.js:291:5)
    at Function.handle (D:\careerpro-rr\server\node_modules\router\index.js:186:3)
2025-06-11T11:48:59.758Z [ERROR]: Status: 401, Name: AUTHORIZATION TOKEN NOT FOUND, Message: Unable to find the authorization token in the cookie, URL: /api/auth/status, Method: GET, IP: ::1
2025-06-11T11:48:59.758Z [ERROR]: Stack: AUTHORIZATION TOKEN NOT FOUND: Unable to find the authorization token in the cookie
    at userAuthorization (file:///D:/careerpro-rr/server/middleware/user-authorization.js:9:19)
    at Layer.handleRequest (D:\careerpro-rr\server\node_modules\router\lib\layer.js:152:17)
    at next (D:\careerpro-rr\server\node_modules\router\lib\route.js:157:13)
    at Route.dispatch (D:\careerpro-rr\server\node_modules\router\lib\route.js:117:3)
    at handle (D:\careerpro-rr\server\node_modules\router\index.js:435:11)
    at Layer.handleRequest (D:\careerpro-rr\server\node_modules\router\lib\layer.js:152:17)
    at D:\careerpro-rr\server\node_modules\router\index.js:295:15
    at processParams (D:\careerpro-rr\server\node_modules\router\index.js:582:12)
    at next (D:\careerpro-rr\server\node_modules\router\index.js:291:5)
    at Function.handle (D:\careerpro-rr\server\node_modules\router\index.js:186:3)
2025-06-11T11:48:59.762Z [ERROR]: Status: 401, Name: AUTHORIZATION TOKEN NOT FOUND, Message: Unable to find the authorization token in the cookie, URL: /api/auth/status, Method: GET, IP: ::1
2025-06-11T11:48:59.762Z [ERROR]: Stack: AUTHORIZATION TOKEN NOT FOUND: Unable to find the authorization token in the cookie
    at userAuthorization (file:///D:/careerpro-rr/server/middleware/user-authorization.js:9:19)
    at Layer.handleRequest (D:\careerpro-rr\server\node_modules\router\lib\layer.js:152:17)
    at next (D:\careerpro-rr\server\node_modules\router\lib\route.js:157:13)
    at Route.dispatch (D:\careerpro-rr\server\node_modules\router\lib\route.js:117:3)
    at handle (D:\careerpro-rr\server\node_modules\router\index.js:435:11)
    at Layer.handleRequest (D:\careerpro-rr\server\node_modules\router\lib\layer.js:152:17)
    at D:\careerpro-rr\server\node_modules\router\index.js:295:15
    at processParams (D:\careerpro-rr\server\node_modules\router\index.js:582:12)
    at next (D:\careerpro-rr\server\node_modules\router\index.js:291:5)
    at Function.handle (D:\careerpro-rr\server\node_modules\router\index.js:186:3)
2025-06-11T11:49:16.582Z [ERROR]: Status: 401, Name: AUTHORIZATION TOKEN NOT FOUND, Message: Unable to find the authorization token in the cookie, URL: /api/auth/status, Method: GET, IP: ::1
2025-06-11T11:49:16.583Z [ERROR]: Stack: AUTHORIZATION TOKEN NOT FOUND: Unable to find the authorization token in the cookie
    at userAuthorization (file:///D:/careerpro-rr/server/middleware/user-authorization.js:9:19)
    at Layer.handleRequest (D:\careerpro-rr\server\node_modules\router\lib\layer.js:152:17)
    at next (D:\careerpro-rr\server\node_modules\router\lib\route.js:157:13)
    at Route.dispatch (D:\careerpro-rr\server\node_modules\router\lib\route.js:117:3)
    at handle (D:\careerpro-rr\server\node_modules\router\index.js:435:11)
    at Layer.handleRequest (D:\careerpro-rr\server\node_modules\router\lib\layer.js:152:17)
    at D:\careerpro-rr\server\node_modules\router\index.js:295:15
    at processParams (D:\careerpro-rr\server\node_modules\router\index.js:582:12)
    at next (D:\careerpro-rr\server\node_modules\router\index.js:291:5)
    at Function.handle (D:\careerpro-rr\server\node_modules\router\index.js:186:3)
2025-06-11T12:09:35.714Z [ERROR]: Status: 400, Name: VALIDATION_ERROR, Message: [object Object], URL: /api/auth/signup, Method: POST, IP: ::1
2025-06-11T12:09:35.715Z [ERROR]: Stack: VALIDATION_ERROR: [object Object]
    at userSignUpValidation (file:///D:/careerpro-rr/server/validators/auth-validators.js:42:17)
    at Layer.handleRequest (D:\careerpro-rr\server\node_modules\router\lib\layer.js:152:17)
    at next (D:\careerpro-rr\server\node_modules\router\lib\route.js:157:13)
    at middleware (D:\careerpro-rr\server\node_modules\express-validator\lib\middlewares\check.js:16:13)
    at process.processTicksAndRejections (node:internal/process/task_queues:105:5)
2025-06-11T12:09:46.515Z [ERROR]: Status: 409, Name: USER ALREADY EXISTS, Message: An account with this email address already exists., URL: /api/auth/signup, Method: POST, IP: ::1
2025-06-11T12:09:46.516Z [ERROR]: Stack: USER ALREADY EXISTS: An account with this email address already exists.
    at userSignUp (file:///D:/careerpro-rr/server/controller/auth-controller.js:18:19)
    at process.processTicksAndRejections (node:internal/process/task_queues:105:5)
2025-06-11T12:14:42.422Z [ERROR]: Status: 401, Name: AUTHORIZATION TOKEN NOT FOUND, Message: Unable to find the authorization token in the cookie, URL: /api/auth/status, Method: GET, IP: ::1
2025-06-11T12:14:42.423Z [ERROR]: Stack: AUTHORIZATION TOKEN NOT FOUND: Unable to find the authorization token in the cookie
    at userAuthorization (file:///D:/careerpro-rr/server/middleware/user-authorization.js:9:19)
    at Layer.handleRequest (D:\careerpro-rr\server\node_modules\router\lib\layer.js:152:17)
    at next (D:\careerpro-rr\server\node_modules\router\lib\route.js:157:13)
    at Route.dispatch (D:\careerpro-rr\server\node_modules\router\lib\route.js:117:3)
    at handle (D:\careerpro-rr\server\node_modules\router\index.js:435:11)
    at Layer.handleRequest (D:\careerpro-rr\server\node_modules\router\lib\layer.js:152:17)
    at D:\careerpro-rr\server\node_modules\router\index.js:295:15
    at processParams (D:\careerpro-rr\server\node_modules\router\index.js:582:12)
    at next (D:\careerpro-rr\server\node_modules\router\index.js:291:5)
    at Function.handle (D:\careerpro-rr\server\node_modules\router\index.js:186:3)
2025-06-11T12:14:42.425Z [ERROR]: Status: 401, Name: AUTHORIZATION TOKEN NOT FOUND, Message: Unable to find the authorization token in the cookie, URL: /api/auth/status, Method: GET, IP: ::1
2025-06-11T12:14:42.426Z [ERROR]: Stack: AUTHORIZATION TOKEN NOT FOUND: Unable to find the authorization token in the cookie
    at userAuthorization (file:///D:/careerpro-rr/server/middleware/user-authorization.js:9:19)
    at Layer.handleRequest (D:\careerpro-rr\server\node_modules\router\lib\layer.js:152:17)
    at next (D:\careerpro-rr\server\node_modules\router\lib\route.js:157:13)
    at Route.dispatch (D:\careerpro-rr\server\node_modules\router\lib\route.js:117:3)
    at handle (D:\careerpro-rr\server\node_modules\router\index.js:435:11)
    at Layer.handleRequest (D:\careerpro-rr\server\node_modules\router\lib\layer.js:152:17)
    at D:\careerpro-rr\server\node_modules\router\index.js:295:15
    at processParams (D:\careerpro-rr\server\node_modules\router\index.js:582:12)
    at next (D:\careerpro-rr\server\node_modules\router\index.js:291:5)
    at Function.handle (D:\careerpro-rr\server\node_modules\router\index.js:186:3)
2025-06-11T12:15:44.748Z [ERROR]: Status: 401, Name: AUTH_FAILED, Message: Invalid email or password, URL: /api/auth/signin, Method: POST, IP: ::1
2025-06-11T12:15:44.748Z [ERROR]: Stack: AUTH_FAILED: Invalid email or password
    at userSignIn (file:///D:/careerpro-rr/server/controller/auth-controller.js:76:20)
    at process.processTicksAndRejections (node:internal/process/task_queues:105:5)
2025-06-11T12:17:05.422Z [ERROR]: Status: 400, Name: Error, Message: Verification code is invalid or has expired., URL: /api/auth/verify-email, Method: POST, IP: ::1
2025-06-11T12:17:05.422Z [ERROR]: Stack: Error: Verification code is invalid or has expired.
    at verifyEmail (file:///D:/careerpro-rr/server/controller/auth-controller.js:163:19)
    at process.processTicksAndRejections (node:internal/process/task_queues:105:5)
