2025-06-04T11:59:40.618Z [ERROR]: Status: 401, Name: AUTHORIZATION TOKEN NOT FOUND, Message: Unable to find the authorization token in the cookie, URL: /api/auth/status, Method: GET, IP: ::1
2025-06-04T11:59:40.618Z [ERROR]: Stack: AUTHORIZATION TOKEN NOT FOUND: Unable to find the authorization token in the cookie
    at userAuthorization (file:///D:/pro-res/server/middleware/user-authorization.js:9:19)
    at Layer.handleRequest (D:\pro-res\server\node_modules\router\lib\layer.js:152:17)
    at next (D:\pro-res\server\node_modules\router\lib\route.js:157:13)
    at Route.dispatch (D:\pro-res\server\node_modules\router\lib\route.js:117:3)
    at handle (D:\pro-res\server\node_modules\router\index.js:435:11)
    at Layer.handleRequest (D:\pro-res\server\node_modules\router\lib\layer.js:152:17)
    at D:\pro-res\server\node_modules\router\index.js:295:15
    at processParams (D:\pro-res\server\node_modules\router\index.js:582:12)
    at next (D:\pro-res\server\node_modules\router\index.js:291:5)
    at Function.handle (D:\pro-res\server\node_modules\router\index.js:186:3)
2025-06-04T11:59:40.636Z [ERROR]: Status: 401, Name: AUTHORIZATION TOKEN NOT FOUND, Message: Unable to find the authorization token in the cookie, URL: /api/auth/status, Method: GET, IP: ::1
2025-06-04T11:59:40.636Z [ERROR]: Stack: AUTHORIZATION TOKEN NOT FOUND: Unable to find the authorization token in the cookie
    at userAuthorization (file:///D:/pro-res/server/middleware/user-authorization.js:9:19)
    at Layer.handleRequest (D:\pro-res\server\node_modules\router\lib\layer.js:152:17)
    at next (D:\pro-res\server\node_modules\router\lib\route.js:157:13)
    at Route.dispatch (D:\pro-res\server\node_modules\router\lib\route.js:117:3)
    at handle (D:\pro-res\server\node_modules\router\index.js:435:11)
    at Layer.handleRequest (D:\pro-res\server\node_modules\router\lib\layer.js:152:17)
    at D:\pro-res\server\node_modules\router\index.js:295:15
    at processParams (D:\pro-res\server\node_modules\router\index.js:582:12)
    at next (D:\pro-res\server\node_modules\router\index.js:291:5)
    at Function.handle (D:\pro-res\server\node_modules\router\index.js:186:3)
2025-06-04T11:59:55.596Z [ERROR]: Status: 401, Name: AUTH_FAILED, Message: Invalid email or password, URL: /api/auth/signin, Method: POST, IP: ::1
2025-06-04T11:59:55.596Z [ERROR]: Stack: AUTH_FAILED: Invalid email or password
    at userSignIn (file:///D:/pro-res/server/controller/auth-controller.js:79:19)
    at process.processTicksAndRejections (node:internal/process/task_queues:95:5)
2025-06-04T12:36:54.674Z [ERROR]: Status: 401, Name: AUTHORIZATION TOKEN NOT FOUND, Message: Unable to find the authorization token in the cookie, URL: /api/auth/status, Method: GET, IP: ::1
2025-06-04T12:36:54.674Z [ERROR]: Stack: AUTHORIZATION TOKEN NOT FOUND: Unable to find the authorization token in the cookie
    at userAuthorization (file:///D:/pro-res/server/middleware/user-authorization.js:9:19)
    at Layer.handleRequest (D:\pro-res\server\node_modules\router\lib\layer.js:152:17)
    at next (D:\pro-res\server\node_modules\router\lib\route.js:157:13)
    at Route.dispatch (D:\pro-res\server\node_modules\router\lib\route.js:117:3)
    at handle (D:\pro-res\server\node_modules\router\index.js:435:11)
    at Layer.handleRequest (D:\pro-res\server\node_modules\router\lib\layer.js:152:17)
    at D:\pro-res\server\node_modules\router\index.js:295:15
    at processParams (D:\pro-res\server\node_modules\router\index.js:582:12)
    at next (D:\pro-res\server\node_modules\router\index.js:291:5)
    at Function.handle (D:\pro-res\server\node_modules\router\index.js:186:3)
2025-06-04T12:36:54.679Z [ERROR]: Status: 401, Name: AUTHORIZATION TOKEN NOT FOUND, Message: Unable to find the authorization token in the cookie, URL: /api/auth/status, Method: GET, IP: ::1
2025-06-04T12:36:54.679Z [ERROR]: Stack: AUTHORIZATION TOKEN NOT FOUND: Unable to find the authorization token in the cookie
    at userAuthorization (file:///D:/pro-res/server/middleware/user-authorization.js:9:19)
    at Layer.handleRequest (D:\pro-res\server\node_modules\router\lib\layer.js:152:17)
    at next (D:\pro-res\server\node_modules\router\lib\route.js:157:13)
    at Route.dispatch (D:\pro-res\server\node_modules\router\lib\route.js:117:3)
    at handle (D:\pro-res\server\node_modules\router\index.js:435:11)
    at Layer.handleRequest (D:\pro-res\server\node_modules\router\lib\layer.js:152:17)
    at D:\pro-res\server\node_modules\router\index.js:295:15
    at processParams (D:\pro-res\server\node_modules\router\index.js:582:12)
    at next (D:\pro-res\server\node_modules\router\index.js:291:5)
    at Function.handle (D:\pro-res\server\node_modules\router\index.js:186:3)
2025-06-04T12:39:07.658Z [ERROR]: Status: 401, Name: AUTHORIZATION TOKEN NOT FOUND, Message: Unable to find the authorization token in the cookie, URL: /api/auth/status, Method: GET, IP: ::1
2025-06-04T12:39:07.658Z [ERROR]: Stack: AUTHORIZATION TOKEN NOT FOUND: Unable to find the authorization token in the cookie
    at userAuthorization (file:///D:/pro-res/server/middleware/user-authorization.js:9:19)
    at Layer.handleRequest (D:\pro-res\server\node_modules\router\lib\layer.js:152:17)
    at next (D:\pro-res\server\node_modules\router\lib\route.js:157:13)
    at Route.dispatch (D:\pro-res\server\node_modules\router\lib\route.js:117:3)
    at handle (D:\pro-res\server\node_modules\router\index.js:435:11)
    at Layer.handleRequest (D:\pro-res\server\node_modules\router\lib\layer.js:152:17)
    at D:\pro-res\server\node_modules\router\index.js:295:15
    at processParams (D:\pro-res\server\node_modules\router\index.js:582:12)
    at next (D:\pro-res\server\node_modules\router\index.js:291:5)
    at Function.handle (D:\pro-res\server\node_modules\router\index.js:186:3)
2025-06-04T12:39:07.662Z [ERROR]: Status: 401, Name: AUTHORIZATION TOKEN NOT FOUND, Message: Unable to find the authorization token in the cookie, URL: /api/auth/status, Method: GET, IP: ::1
2025-06-04T12:39:07.662Z [ERROR]: Stack: AUTHORIZATION TOKEN NOT FOUND: Unable to find the authorization token in the cookie
    at userAuthorization (file:///D:/pro-res/server/middleware/user-authorization.js:9:19)
    at Layer.handleRequest (D:\pro-res\server\node_modules\router\lib\layer.js:152:17)
    at next (D:\pro-res\server\node_modules\router\lib\route.js:157:13)
    at Route.dispatch (D:\pro-res\server\node_modules\router\lib\route.js:117:3)
    at handle (D:\pro-res\server\node_modules\router\index.js:435:11)
    at Layer.handleRequest (D:\pro-res\server\node_modules\router\lib\layer.js:152:17)
    at D:\pro-res\server\node_modules\router\index.js:295:15
    at processParams (D:\pro-res\server\node_modules\router\index.js:582:12)
    at next (D:\pro-res\server\node_modules\router\index.js:291:5)
    at Function.handle (D:\pro-res\server\node_modules\router\index.js:186:3)
2025-06-04T12:48:47.432Z [ERROR]: Status: 401, Name: AUTHORIZATION TOKEN NOT FOUND, Message: Unable to find the authorization token in the cookie, URL: /api/auth/status, Method: GET, IP: ::1
2025-06-04T12:48:47.432Z [ERROR]: Stack: AUTHORIZATION TOKEN NOT FOUND: Unable to find the authorization token in the cookie
    at userAuthorization (file:///D:/pro-res/server/middleware/user-authorization.js:9:19)
    at Layer.handleRequest (D:\pro-res\server\node_modules\router\lib\layer.js:152:17)
    at next (D:\pro-res\server\node_modules\router\lib\route.js:157:13)
    at Route.dispatch (D:\pro-res\server\node_modules\router\lib\route.js:117:3)
    at handle (D:\pro-res\server\node_modules\router\index.js:435:11)
    at Layer.handleRequest (D:\pro-res\server\node_modules\router\lib\layer.js:152:17)
    at D:\pro-res\server\node_modules\router\index.js:295:15
    at processParams (D:\pro-res\server\node_modules\router\index.js:582:12)
    at next (D:\pro-res\server\node_modules\router\index.js:291:5)
    at Function.handle (D:\pro-res\server\node_modules\router\index.js:186:3)
2025-06-04T12:48:47.437Z [ERROR]: Status: 401, Name: AUTHORIZATION TOKEN NOT FOUND, Message: Unable to find the authorization token in the cookie, URL: /api/auth/status, Method: GET, IP: ::1
2025-06-04T12:48:47.437Z [ERROR]: Stack: AUTHORIZATION TOKEN NOT FOUND: Unable to find the authorization token in the cookie
    at userAuthorization (file:///D:/pro-res/server/middleware/user-authorization.js:9:19)
    at Layer.handleRequest (D:\pro-res\server\node_modules\router\lib\layer.js:152:17)
    at next (D:\pro-res\server\node_modules\router\lib\route.js:157:13)
    at Route.dispatch (D:\pro-res\server\node_modules\router\lib\route.js:117:3)
    at handle (D:\pro-res\server\node_modules\router\index.js:435:11)
    at Layer.handleRequest (D:\pro-res\server\node_modules\router\lib\layer.js:152:17)
    at D:\pro-res\server\node_modules\router\index.js:295:15
    at processParams (D:\pro-res\server\node_modules\router\index.js:582:12)
    at next (D:\pro-res\server\node_modules\router\index.js:291:5)
    at Function.handle (D:\pro-res\server\node_modules\router\index.js:186:3)
2025-06-04T13:20:52.960Z [ERROR]: Status: 401, Name: AUTHORIZATION TOKEN NOT FOUND, Message: Unable to find the authorization token in the cookie, URL: /api/auth/status, Method: GET, IP: ::1
2025-06-04T13:20:52.960Z [ERROR]: Stack: AUTHORIZATION TOKEN NOT FOUND: Unable to find the authorization token in the cookie
    at userAuthorization (file:///D:/pro-res/server/middleware/user-authorization.js:9:19)
    at Layer.handleRequest (D:\pro-res\server\node_modules\router\lib\layer.js:152:17)
    at next (D:\pro-res\server\node_modules\router\lib\route.js:157:13)
    at Route.dispatch (D:\pro-res\server\node_modules\router\lib\route.js:117:3)
    at handle (D:\pro-res\server\node_modules\router\index.js:435:11)
    at Layer.handleRequest (D:\pro-res\server\node_modules\router\lib\layer.js:152:17)
    at D:\pro-res\server\node_modules\router\index.js:295:15
    at processParams (D:\pro-res\server\node_modules\router\index.js:582:12)
    at next (D:\pro-res\server\node_modules\router\index.js:291:5)
    at Function.handle (D:\pro-res\server\node_modules\router\index.js:186:3)
2025-06-04T13:20:52.965Z [ERROR]: Status: 401, Name: AUTHORIZATION TOKEN NOT FOUND, Message: Unable to find the authorization token in the cookie, URL: /api/auth/status, Method: GET, IP: ::1
2025-06-04T13:20:52.966Z [ERROR]: Stack: AUTHORIZATION TOKEN NOT FOUND: Unable to find the authorization token in the cookie
    at userAuthorization (file:///D:/pro-res/server/middleware/user-authorization.js:9:19)
    at Layer.handleRequest (D:\pro-res\server\node_modules\router\lib\layer.js:152:17)
    at next (D:\pro-res\server\node_modules\router\lib\route.js:157:13)
    at Route.dispatch (D:\pro-res\server\node_modules\router\lib\route.js:117:3)
    at handle (D:\pro-res\server\node_modules\router\index.js:435:11)
    at Layer.handleRequest (D:\pro-res\server\node_modules\router\lib\layer.js:152:17)
    at D:\pro-res\server\node_modules\router\index.js:295:15
    at processParams (D:\pro-res\server\node_modules\router\index.js:582:12)
    at next (D:\pro-res\server\node_modules\router\index.js:291:5)
    at Function.handle (D:\pro-res\server\node_modules\router\index.js:186:3)
2025-06-04T13:21:25.756Z [ERROR]: Status: 401, Name: AUTHORIZATION TOKEN NOT FOUND, Message: Unable to find the authorization token in the cookie, URL: /api/auth/status, Method: GET, IP: ::1
2025-06-04T13:21:25.756Z [ERROR]: Stack: AUTHORIZATION TOKEN NOT FOUND: Unable to find the authorization token in the cookie
    at userAuthorization (file:///D:/pro-res/server/middleware/user-authorization.js:9:19)
    at Layer.handleRequest (D:\pro-res\server\node_modules\router\lib\layer.js:152:17)
    at next (D:\pro-res\server\node_modules\router\lib\route.js:157:13)
    at Route.dispatch (D:\pro-res\server\node_modules\router\lib\route.js:117:3)
    at handle (D:\pro-res\server\node_modules\router\index.js:435:11)
    at Layer.handleRequest (D:\pro-res\server\node_modules\router\lib\layer.js:152:17)
    at D:\pro-res\server\node_modules\router\index.js:295:15
    at processParams (D:\pro-res\server\node_modules\router\index.js:582:12)
    at next (D:\pro-res\server\node_modules\router\index.js:291:5)
    at Function.handle (D:\pro-res\server\node_modules\router\index.js:186:3)
2025-06-04T13:21:25.763Z [ERROR]: Status: 401, Name: AUTHORIZATION TOKEN NOT FOUND, Message: Unable to find the authorization token in the cookie, URL: /api/auth/status, Method: GET, IP: ::1
2025-06-04T13:21:25.764Z [ERROR]: Stack: AUTHORIZATION TOKEN NOT FOUND: Unable to find the authorization token in the cookie
    at userAuthorization (file:///D:/pro-res/server/middleware/user-authorization.js:9:19)
    at Layer.handleRequest (D:\pro-res\server\node_modules\router\lib\layer.js:152:17)
    at next (D:\pro-res\server\node_modules\router\lib\route.js:157:13)
    at Route.dispatch (D:\pro-res\server\node_modules\router\lib\route.js:117:3)
    at handle (D:\pro-res\server\node_modules\router\index.js:435:11)
    at Layer.handleRequest (D:\pro-res\server\node_modules\router\lib\layer.js:152:17)
    at D:\pro-res\server\node_modules\router\index.js:295:15
    at processParams (D:\pro-res\server\node_modules\router\index.js:582:12)
    at next (D:\pro-res\server\node_modules\router\index.js:291:5)
    at Function.handle (D:\pro-res\server\node_modules\router\index.js:186:3)
2025-06-04T13:23:10.016Z [ERROR]: Status: 401, Name: AUTHORIZATION TOKEN NOT FOUND, Message: Unable to find the authorization token in the cookie, URL: /api/auth/status, Method: GET, IP: ::1
2025-06-04T13:23:10.016Z [ERROR]: Stack: AUTHORIZATION TOKEN NOT FOUND: Unable to find the authorization token in the cookie
    at userAuthorization (file:///D:/pro-res/server/middleware/user-authorization.js:9:19)
    at Layer.handleRequest (D:\pro-res\server\node_modules\router\lib\layer.js:152:17)
    at next (D:\pro-res\server\node_modules\router\lib\route.js:157:13)
    at Route.dispatch (D:\pro-res\server\node_modules\router\lib\route.js:117:3)
    at handle (D:\pro-res\server\node_modules\router\index.js:435:11)
    at Layer.handleRequest (D:\pro-res\server\node_modules\router\lib\layer.js:152:17)
    at D:\pro-res\server\node_modules\router\index.js:295:15
    at processParams (D:\pro-res\server\node_modules\router\index.js:582:12)
    at next (D:\pro-res\server\node_modules\router\index.js:291:5)
    at Function.handle (D:\pro-res\server\node_modules\router\index.js:186:3)
2025-06-04T13:23:10.019Z [ERROR]: Status: 401, Name: AUTHORIZATION TOKEN NOT FOUND, Message: Unable to find the authorization token in the cookie, URL: /api/auth/status, Method: GET, IP: ::1
2025-06-04T13:23:10.019Z [ERROR]: Stack: AUTHORIZATION TOKEN NOT FOUND: Unable to find the authorization token in the cookie
    at userAuthorization (file:///D:/pro-res/server/middleware/user-authorization.js:9:19)
    at Layer.handleRequest (D:\pro-res\server\node_modules\router\lib\layer.js:152:17)
    at next (D:\pro-res\server\node_modules\router\lib\route.js:157:13)
    at Route.dispatch (D:\pro-res\server\node_modules\router\lib\route.js:117:3)
    at handle (D:\pro-res\server\node_modules\router\index.js:435:11)
    at Layer.handleRequest (D:\pro-res\server\node_modules\router\lib\layer.js:152:17)
    at D:\pro-res\server\node_modules\router\index.js:295:15
    at processParams (D:\pro-res\server\node_modules\router\index.js:582:12)
    at next (D:\pro-res\server\node_modules\router\index.js:291:5)
    at Function.handle (D:\pro-res\server\node_modules\router\index.js:186:3)
2025-06-04T13:25:33.146Z [ERROR]: Status: 401, Name: AUTHORIZATION TOKEN NOT FOUND, Message: Unable to find the authorization token in the cookie, URL: /api/auth/status, Method: GET, IP: ::1
2025-06-04T13:25:33.146Z [ERROR]: Stack: AUTHORIZATION TOKEN NOT FOUND: Unable to find the authorization token in the cookie
    at userAuthorization (file:///D:/pro-res/server/middleware/user-authorization.js:9:19)
    at Layer.handleRequest (D:\pro-res\server\node_modules\router\lib\layer.js:152:17)
    at next (D:\pro-res\server\node_modules\router\lib\route.js:157:13)
    at Route.dispatch (D:\pro-res\server\node_modules\router\lib\route.js:117:3)
    at handle (D:\pro-res\server\node_modules\router\index.js:435:11)
    at Layer.handleRequest (D:\pro-res\server\node_modules\router\lib\layer.js:152:17)
    at D:\pro-res\server\node_modules\router\index.js:295:15
    at processParams (D:\pro-res\server\node_modules\router\index.js:582:12)
    at next (D:\pro-res\server\node_modules\router\index.js:291:5)
    at Function.handle (D:\pro-res\server\node_modules\router\index.js:186:3)
2025-06-04T13:25:33.157Z [ERROR]: Status: 401, Name: AUTHORIZATION TOKEN NOT FOUND, Message: Unable to find the authorization token in the cookie, URL: /api/auth/status, Method: GET, IP: ::1
2025-06-04T13:25:33.157Z [ERROR]: Stack: AUTHORIZATION TOKEN NOT FOUND: Unable to find the authorization token in the cookie
    at userAuthorization (file:///D:/pro-res/server/middleware/user-authorization.js:9:19)
    at Layer.handleRequest (D:\pro-res\server\node_modules\router\lib\layer.js:152:17)
    at next (D:\pro-res\server\node_modules\router\lib\route.js:157:13)
    at Route.dispatch (D:\pro-res\server\node_modules\router\lib\route.js:117:3)
    at handle (D:\pro-res\server\node_modules\router\index.js:435:11)
    at Layer.handleRequest (D:\pro-res\server\node_modules\router\lib\layer.js:152:17)
    at D:\pro-res\server\node_modules\router\index.js:295:15
    at processParams (D:\pro-res\server\node_modules\router\index.js:582:12)
    at next (D:\pro-res\server\node_modules\router\index.js:291:5)
    at Function.handle (D:\pro-res\server\node_modules\router\index.js:186:3)
2025-06-04T13:27:45.718Z [ERROR]: Status: 401, Name: AUTH_FAILED, Message: Invalid email or password, URL: /api/auth/signin, Method: POST, IP: ::1
2025-06-04T13:27:45.718Z [ERROR]: Stack: AUTH_FAILED: Invalid email or password
    at userSignIn (file:///D:/pro-res/server/controller/auth-controller.js:79:19)
    at process.processTicksAndRejections (node:internal/process/task_queues:95:5)
2025-06-04T13:28:06.984Z [ERROR]: Status: 401, Name: AUTH_FAILED, Message: Invalid email or password, URL: /api/auth/signin, Method: POST, IP: ::1
2025-06-04T13:28:06.985Z [ERROR]: Stack: AUTH_FAILED: Invalid email or password
    at userSignIn (file:///D:/pro-res/server/controller/auth-controller.js:79:19)
    at process.processTicksAndRejections (node:internal/process/task_queues:95:5)
2025-06-04T13:28:32.557Z [ERROR]: Status: 401, Name: AUTH_FAILED, Message: Invalid email or password, URL: /api/auth/signin, Method: POST, IP: ::1
2025-06-04T13:28:32.557Z [ERROR]: Stack: AUTH_FAILED: Invalid email or password
    at userSignIn (file:///D:/pro-res/server/controller/auth-controller.js:79:19)
    at process.processTicksAndRejections (node:internal/process/task_queues:95:5)
2025-06-04T13:28:40.680Z [ERROR]: Status: 401, Name: AUTH_FAILED, Message: Invalid email or password, URL: /api/auth/signin, Method: POST, IP: ::1
2025-06-04T13:28:40.681Z [ERROR]: Stack: AUTH_FAILED: Invalid email or password
    at userSignIn (file:///D:/pro-res/server/controller/auth-controller.js:79:19)
    at process.processTicksAndRejections (node:internal/process/task_queues:95:5)
2025-06-04T13:28:43.444Z [ERROR]: Status: 401, Name: AUTHORIZATION TOKEN NOT FOUND, Message: Unable to find the authorization token in the cookie, URL: /api/auth/status, Method: GET, IP: ::1
2025-06-04T13:28:43.444Z [ERROR]: Stack: AUTHORIZATION TOKEN NOT FOUND: Unable to find the authorization token in the cookie
    at userAuthorization (file:///D:/pro-res/server/middleware/user-authorization.js:9:19)
    at Layer.handleRequest (D:\pro-res\server\node_modules\router\lib\layer.js:152:17)
    at next (D:\pro-res\server\node_modules\router\lib\route.js:157:13)
    at Route.dispatch (D:\pro-res\server\node_modules\router\lib\route.js:117:3)
    at handle (D:\pro-res\server\node_modules\router\index.js:435:11)
    at Layer.handleRequest (D:\pro-res\server\node_modules\router\lib\layer.js:152:17)
    at D:\pro-res\server\node_modules\router\index.js:295:15
    at processParams (D:\pro-res\server\node_modules\router\index.js:582:12)
    at next (D:\pro-res\server\node_modules\router\index.js:291:5)
    at Function.handle (D:\pro-res\server\node_modules\router\index.js:186:3)
2025-06-04T13:28:43.447Z [ERROR]: Status: 401, Name: AUTHORIZATION TOKEN NOT FOUND, Message: Unable to find the authorization token in the cookie, URL: /api/auth/status, Method: GET, IP: ::1
2025-06-04T13:28:43.448Z [ERROR]: Stack: AUTHORIZATION TOKEN NOT FOUND: Unable to find the authorization token in the cookie
    at userAuthorization (file:///D:/pro-res/server/middleware/user-authorization.js:9:19)
    at Layer.handleRequest (D:\pro-res\server\node_modules\router\lib\layer.js:152:17)
    at next (D:\pro-res\server\node_modules\router\lib\route.js:157:13)
    at Route.dispatch (D:\pro-res\server\node_modules\router\lib\route.js:117:3)
    at handle (D:\pro-res\server\node_modules\router\index.js:435:11)
    at Layer.handleRequest (D:\pro-res\server\node_modules\router\lib\layer.js:152:17)
    at D:\pro-res\server\node_modules\router\index.js:295:15
    at processParams (D:\pro-res\server\node_modules\router\index.js:582:12)
    at next (D:\pro-res\server\node_modules\router\index.js:291:5)
    at Function.handle (D:\pro-res\server\node_modules\router\index.js:186:3)
2025-06-04T13:29:21.060Z [ERROR]: Status: 400, Name: VALIDATION_ERROR, Message: [object Object], URL: /api/auth/signin, Method: POST, IP: ::1
2025-06-04T13:29:21.060Z [ERROR]: Stack: VALIDATION_ERROR: [object Object]
    at userSignInValidation (file:///D:/pro-res/server/validators/auth-validators.js:76:17)
    at Layer.handleRequest (D:\pro-res\server\node_modules\router\lib\layer.js:152:17)
    at next (D:\pro-res\server\node_modules\router\lib\route.js:157:13)
    at middleware (D:\pro-res\server\node_modules\express-validator\lib\middlewares\check.js:16:13)
    at process.processTicksAndRejections (node:internal/process/task_queues:95:5)
2025-06-04T13:41:09.190Z [ERROR]: Status: 401, Name: AUTHORIZATION TOKEN NOT FOUND, Message: Unable to find the authorization token in the cookie, URL: /api/auth/status, Method: GET, IP: ::1
2025-06-04T13:41:09.191Z [ERROR]: Stack: AUTHORIZATION TOKEN NOT FOUND: Unable to find the authorization token in the cookie
    at userAuthorization (file:///D:/pro-res/server/middleware/user-authorization.js:9:19)
    at Layer.handleRequest (D:\pro-res\server\node_modules\router\lib\layer.js:152:17)
    at next (D:\pro-res\server\node_modules\router\lib\route.js:157:13)
    at Route.dispatch (D:\pro-res\server\node_modules\router\lib\route.js:117:3)
    at handle (D:\pro-res\server\node_modules\router\index.js:435:11)
    at Layer.handleRequest (D:\pro-res\server\node_modules\router\lib\layer.js:152:17)
    at D:\pro-res\server\node_modules\router\index.js:295:15
    at processParams (D:\pro-res\server\node_modules\router\index.js:582:12)
    at next (D:\pro-res\server\node_modules\router\index.js:291:5)
    at Function.handle (D:\pro-res\server\node_modules\router\index.js:186:3)
2025-06-04T13:41:09.199Z [ERROR]: Status: 401, Name: AUTHORIZATION TOKEN NOT FOUND, Message: Unable to find the authorization token in the cookie, URL: /api/auth/status, Method: GET, IP: ::1
2025-06-04T13:41:09.200Z [ERROR]: Stack: AUTHORIZATION TOKEN NOT FOUND: Unable to find the authorization token in the cookie
    at userAuthorization (file:///D:/pro-res/server/middleware/user-authorization.js:9:19)
    at Layer.handleRequest (D:\pro-res\server\node_modules\router\lib\layer.js:152:17)
    at next (D:\pro-res\server\node_modules\router\lib\route.js:157:13)
    at Route.dispatch (D:\pro-res\server\node_modules\router\lib\route.js:117:3)
    at handle (D:\pro-res\server\node_modules\router\index.js:435:11)
    at Layer.handleRequest (D:\pro-res\server\node_modules\router\lib\layer.js:152:17)
    at D:\pro-res\server\node_modules\router\index.js:295:15
    at processParams (D:\pro-res\server\node_modules\router\index.js:582:12)
    at next (D:\pro-res\server\node_modules\router\index.js:291:5)
    at Function.handle (D:\pro-res\server\node_modules\router\index.js:186:3)
2025-06-04T13:41:09.210Z [ERROR]: Status: 401, Name: AUTHORIZATION TOKEN NOT FOUND, Message: Unable to find the authorization token in the cookie, URL: /api/auth/status, Method: GET, IP: ::1
2025-06-04T13:41:09.211Z [ERROR]: Stack: AUTHORIZATION TOKEN NOT FOUND: Unable to find the authorization token in the cookie
    at userAuthorization (file:///D:/pro-res/server/middleware/user-authorization.js:9:19)
    at Layer.handleRequest (D:\pro-res\server\node_modules\router\lib\layer.js:152:17)
    at next (D:\pro-res\server\node_modules\router\lib\route.js:157:13)
    at Route.dispatch (D:\pro-res\server\node_modules\router\lib\route.js:117:3)
    at handle (D:\pro-res\server\node_modules\router\index.js:435:11)
    at Layer.handleRequest (D:\pro-res\server\node_modules\router\lib\layer.js:152:17)
    at D:\pro-res\server\node_modules\router\index.js:295:15
    at processParams (D:\pro-res\server\node_modules\router\index.js:582:12)
    at next (D:\pro-res\server\node_modules\router\index.js:291:5)
    at Function.handle (D:\pro-res\server\node_modules\router\index.js:186:3)
2025-06-04T13:41:09.219Z [ERROR]: Status: 401, Name: AUTHORIZATION TOKEN NOT FOUND, Message: Unable to find the authorization token in the cookie, URL: /api/auth/status, Method: GET, IP: ::1
2025-06-04T13:41:09.220Z [ERROR]: Stack: AUTHORIZATION TOKEN NOT FOUND: Unable to find the authorization token in the cookie
    at userAuthorization (file:///D:/pro-res/server/middleware/user-authorization.js:9:19)
    at Layer.handleRequest (D:\pro-res\server\node_modules\router\lib\layer.js:152:17)
    at next (D:\pro-res\server\node_modules\router\lib\route.js:157:13)
    at Route.dispatch (D:\pro-res\server\node_modules\router\lib\route.js:117:3)
    at handle (D:\pro-res\server\node_modules\router\index.js:435:11)
    at Layer.handleRequest (D:\pro-res\server\node_modules\router\lib\layer.js:152:17)
    at D:\pro-res\server\node_modules\router\index.js:295:15
    at processParams (D:\pro-res\server\node_modules\router\index.js:582:12)
    at next (D:\pro-res\server\node_modules\router\index.js:291:5)
    at Function.handle (D:\pro-res\server\node_modules\router\index.js:186:3)
2025-06-04T13:51:46.029Z [ERROR]: Status: 401, Name: AUTHORIZATION TOKEN NOT FOUND, Message: Unable to find the authorization token in the cookie, URL: /api/auth/status, Method: GET, IP: ::1
2025-06-04T13:51:46.030Z [ERROR]: Stack: AUTHORIZATION TOKEN NOT FOUND: Unable to find the authorization token in the cookie
    at userAuthorization (file:///D:/pro-res/server/middleware/user-authorization.js:9:19)
    at Layer.handleRequest (D:\pro-res\server\node_modules\router\lib\layer.js:152:17)
    at next (D:\pro-res\server\node_modules\router\lib\route.js:157:13)
    at Route.dispatch (D:\pro-res\server\node_modules\router\lib\route.js:117:3)
    at handle (D:\pro-res\server\node_modules\router\index.js:435:11)
    at Layer.handleRequest (D:\pro-res\server\node_modules\router\lib\layer.js:152:17)
    at D:\pro-res\server\node_modules\router\index.js:295:15
    at processParams (D:\pro-res\server\node_modules\router\index.js:582:12)
    at next (D:\pro-res\server\node_modules\router\index.js:291:5)
    at Function.handle (D:\pro-res\server\node_modules\router\index.js:186:3)
2025-06-04T13:51:46.037Z [ERROR]: Status: 401, Name: AUTHORIZATION TOKEN NOT FOUND, Message: Unable to find the authorization token in the cookie, URL: /api/auth/status, Method: GET, IP: ::1
2025-06-04T13:51:46.038Z [ERROR]: Stack: AUTHORIZATION TOKEN NOT FOUND: Unable to find the authorization token in the cookie
    at userAuthorization (file:///D:/pro-res/server/middleware/user-authorization.js:9:19)
    at Layer.handleRequest (D:\pro-res\server\node_modules\router\lib\layer.js:152:17)
    at next (D:\pro-res\server\node_modules\router\lib\route.js:157:13)
    at Route.dispatch (D:\pro-res\server\node_modules\router\lib\route.js:117:3)
    at handle (D:\pro-res\server\node_modules\router\index.js:435:11)
    at Layer.handleRequest (D:\pro-res\server\node_modules\router\lib\layer.js:152:17)
    at D:\pro-res\server\node_modules\router\index.js:295:15
    at processParams (D:\pro-res\server\node_modules\router\index.js:582:12)
    at next (D:\pro-res\server\node_modules\router\index.js:291:5)
    at Function.handle (D:\pro-res\server\node_modules\router\index.js:186:3)
2025-06-04T13:51:46.051Z [ERROR]: Status: 401, Name: AUTHORIZATION TOKEN NOT FOUND, Message: Unable to find the authorization token in the cookie, URL: /api/auth/status, Method: GET, IP: ::1
2025-06-04T13:51:46.052Z [ERROR]: Stack: AUTHORIZATION TOKEN NOT FOUND: Unable to find the authorization token in the cookie
    at userAuthorization (file:///D:/pro-res/server/middleware/user-authorization.js:9:19)
    at Layer.handleRequest (D:\pro-res\server\node_modules\router\lib\layer.js:152:17)
    at next (D:\pro-res\server\node_modules\router\lib\route.js:157:13)
    at Route.dispatch (D:\pro-res\server\node_modules\router\lib\route.js:117:3)
    at handle (D:\pro-res\server\node_modules\router\index.js:435:11)
    at Layer.handleRequest (D:\pro-res\server\node_modules\router\lib\layer.js:152:17)
    at D:\pro-res\server\node_modules\router\index.js:295:15
    at processParams (D:\pro-res\server\node_modules\router\index.js:582:12)
    at next (D:\pro-res\server\node_modules\router\index.js:291:5)
    at Function.handle (D:\pro-res\server\node_modules\router\index.js:186:3)
2025-06-04T13:51:46.061Z [ERROR]: Status: 401, Name: AUTHORIZATION TOKEN NOT FOUND, Message: Unable to find the authorization token in the cookie, URL: /api/auth/status, Method: GET, IP: ::1
2025-06-04T13:51:46.061Z [ERROR]: Stack: AUTHORIZATION TOKEN NOT FOUND: Unable to find the authorization token in the cookie
    at userAuthorization (file:///D:/pro-res/server/middleware/user-authorization.js:9:19)
    at Layer.handleRequest (D:\pro-res\server\node_modules\router\lib\layer.js:152:17)
    at next (D:\pro-res\server\node_modules\router\lib\route.js:157:13)
    at Route.dispatch (D:\pro-res\server\node_modules\router\lib\route.js:117:3)
    at handle (D:\pro-res\server\node_modules\router\index.js:435:11)
    at Layer.handleRequest (D:\pro-res\server\node_modules\router\lib\layer.js:152:17)
    at D:\pro-res\server\node_modules\router\index.js:295:15
    at processParams (D:\pro-res\server\node_modules\router\index.js:582:12)
    at next (D:\pro-res\server\node_modules\router\index.js:291:5)
    at Function.handle (D:\pro-res\server\node_modules\router\index.js:186:3)
2025-06-04T13:53:41.465Z [ERROR]: Status: 401, Name: AUTHORIZATION TOKEN NOT FOUND, Message: Unable to find the authorization token in the cookie, URL: /api/auth/status, Method: GET, IP: ::1
2025-06-04T13:53:41.466Z [ERROR]: Stack: AUTHORIZATION TOKEN NOT FOUND: Unable to find the authorization token in the cookie
    at userAuthorization (file:///D:/pro-res/server/middleware/user-authorization.js:9:19)
    at Layer.handleRequest (D:\pro-res\server\node_modules\router\lib\layer.js:152:17)
    at next (D:\pro-res\server\node_modules\router\lib\route.js:157:13)
    at Route.dispatch (D:\pro-res\server\node_modules\router\lib\route.js:117:3)
    at handle (D:\pro-res\server\node_modules\router\index.js:435:11)
    at Layer.handleRequest (D:\pro-res\server\node_modules\router\lib\layer.js:152:17)
    at D:\pro-res\server\node_modules\router\index.js:295:15
    at processParams (D:\pro-res\server\node_modules\router\index.js:582:12)
    at next (D:\pro-res\server\node_modules\router\index.js:291:5)
    at Function.handle (D:\pro-res\server\node_modules\router\index.js:186:3)
2025-06-04T13:53:41.475Z [ERROR]: Status: 401, Name: AUTHORIZATION TOKEN NOT FOUND, Message: Unable to find the authorization token in the cookie, URL: /api/auth/status, Method: GET, IP: ::1
2025-06-04T13:53:41.475Z [ERROR]: Stack: AUTHORIZATION TOKEN NOT FOUND: Unable to find the authorization token in the cookie
    at userAuthorization (file:///D:/pro-res/server/middleware/user-authorization.js:9:19)
    at Layer.handleRequest (D:\pro-res\server\node_modules\router\lib\layer.js:152:17)
    at next (D:\pro-res\server\node_modules\router\lib\route.js:157:13)
    at Route.dispatch (D:\pro-res\server\node_modules\router\lib\route.js:117:3)
    at handle (D:\pro-res\server\node_modules\router\index.js:435:11)
    at Layer.handleRequest (D:\pro-res\server\node_modules\router\lib\layer.js:152:17)
    at D:\pro-res\server\node_modules\router\index.js:295:15
    at processParams (D:\pro-res\server\node_modules\router\index.js:582:12)
    at next (D:\pro-res\server\node_modules\router\index.js:291:5)
    at Function.handle (D:\pro-res\server\node_modules\router\index.js:186:3)
2025-06-04T13:53:41.499Z [ERROR]: Status: 401, Name: AUTHORIZATION TOKEN NOT FOUND, Message: Unable to find the authorization token in the cookie, URL: /api/auth/status, Method: GET, IP: ::1
2025-06-04T13:53:41.500Z [ERROR]: Stack: AUTHORIZATION TOKEN NOT FOUND: Unable to find the authorization token in the cookie
    at userAuthorization (file:///D:/pro-res/server/middleware/user-authorization.js:9:19)
    at Layer.handleRequest (D:\pro-res\server\node_modules\router\lib\layer.js:152:17)
    at next (D:\pro-res\server\node_modules\router\lib\route.js:157:13)
    at Route.dispatch (D:\pro-res\server\node_modules\router\lib\route.js:117:3)
    at handle (D:\pro-res\server\node_modules\router\index.js:435:11)
    at Layer.handleRequest (D:\pro-res\server\node_modules\router\lib\layer.js:152:17)
    at D:\pro-res\server\node_modules\router\index.js:295:15
    at processParams (D:\pro-res\server\node_modules\router\index.js:582:12)
    at next (D:\pro-res\server\node_modules\router\index.js:291:5)
    at Function.handle (D:\pro-res\server\node_modules\router\index.js:186:3)
2025-06-04T13:53:41.506Z [ERROR]: Status: 401, Name: AUTHORIZATION TOKEN NOT FOUND, Message: Unable to find the authorization token in the cookie, URL: /api/auth/status, Method: GET, IP: ::1
2025-06-04T13:53:41.507Z [ERROR]: Stack: AUTHORIZATION TOKEN NOT FOUND: Unable to find the authorization token in the cookie
    at userAuthorization (file:///D:/pro-res/server/middleware/user-authorization.js:9:19)
    at Layer.handleRequest (D:\pro-res\server\node_modules\router\lib\layer.js:152:17)
    at next (D:\pro-res\server\node_modules\router\lib\route.js:157:13)
    at Route.dispatch (D:\pro-res\server\node_modules\router\lib\route.js:117:3)
    at handle (D:\pro-res\server\node_modules\router\index.js:435:11)
    at Layer.handleRequest (D:\pro-res\server\node_modules\router\lib\layer.js:152:17)
    at D:\pro-res\server\node_modules\router\index.js:295:15
    at processParams (D:\pro-res\server\node_modules\router\index.js:582:12)
    at next (D:\pro-res\server\node_modules\router\index.js:291:5)
    at Function.handle (D:\pro-res\server\node_modules\router\index.js:186:3)
2025-06-04T14:13:29.445Z [ERROR]: Status: 401, Name: AUTHORIZATION TOKEN NOT FOUND, Message: Unable to find the authorization token in the cookie, URL: /api/auth/status, Method: GET, IP: ::1
2025-06-04T14:13:29.445Z [ERROR]: Stack: AUTHORIZATION TOKEN NOT FOUND: Unable to find the authorization token in the cookie
    at userAuthorization (file:///D:/pro-res/server/middleware/user-authorization.js:9:19)
    at Layer.handleRequest (D:\pro-res\server\node_modules\router\lib\layer.js:152:17)
    at next (D:\pro-res\server\node_modules\router\lib\route.js:157:13)
    at Route.dispatch (D:\pro-res\server\node_modules\router\lib\route.js:117:3)
    at handle (D:\pro-res\server\node_modules\router\index.js:435:11)
    at Layer.handleRequest (D:\pro-res\server\node_modules\router\lib\layer.js:152:17)
    at D:\pro-res\server\node_modules\router\index.js:295:15
    at processParams (D:\pro-res\server\node_modules\router\index.js:582:12)
    at next (D:\pro-res\server\node_modules\router\index.js:291:5)
    at Function.handle (D:\pro-res\server\node_modules\router\index.js:186:3)
2025-06-04T14:13:29.453Z [ERROR]: Status: 401, Name: AUTHORIZATION TOKEN NOT FOUND, Message: Unable to find the authorization token in the cookie, URL: /api/auth/status, Method: GET, IP: ::1
2025-06-04T14:13:29.454Z [ERROR]: Stack: AUTHORIZATION TOKEN NOT FOUND: Unable to find the authorization token in the cookie
    at userAuthorization (file:///D:/pro-res/server/middleware/user-authorization.js:9:19)
    at Layer.handleRequest (D:\pro-res\server\node_modules\router\lib\layer.js:152:17)
    at next (D:\pro-res\server\node_modules\router\lib\route.js:157:13)
    at Route.dispatch (D:\pro-res\server\node_modules\router\lib\route.js:117:3)
    at handle (D:\pro-res\server\node_modules\router\index.js:435:11)
    at Layer.handleRequest (D:\pro-res\server\node_modules\router\lib\layer.js:152:17)
    at D:\pro-res\server\node_modules\router\index.js:295:15
    at processParams (D:\pro-res\server\node_modules\router\index.js:582:12)
    at next (D:\pro-res\server\node_modules\router\index.js:291:5)
    at Function.handle (D:\pro-res\server\node_modules\router\index.js:186:3)
2025-06-04T14:13:29.486Z [ERROR]: Status: 401, Name: AUTHORIZATION TOKEN NOT FOUND, Message: Unable to find the authorization token in the cookie, URL: /api/auth/status, Method: GET, IP: ::1
2025-06-04T14:13:29.487Z [ERROR]: Stack: AUTHORIZATION TOKEN NOT FOUND: Unable to find the authorization token in the cookie
    at userAuthorization (file:///D:/pro-res/server/middleware/user-authorization.js:9:19)
    at Layer.handleRequest (D:\pro-res\server\node_modules\router\lib\layer.js:152:17)
    at next (D:\pro-res\server\node_modules\router\lib\route.js:157:13)
    at Route.dispatch (D:\pro-res\server\node_modules\router\lib\route.js:117:3)
    at handle (D:\pro-res\server\node_modules\router\index.js:435:11)
    at Layer.handleRequest (D:\pro-res\server\node_modules\router\lib\layer.js:152:17)
    at D:\pro-res\server\node_modules\router\index.js:295:15
    at processParams (D:\pro-res\server\node_modules\router\index.js:582:12)
    at next (D:\pro-res\server\node_modules\router\index.js:291:5)
    at Function.handle (D:\pro-res\server\node_modules\router\index.js:186:3)
2025-06-04T14:13:29.500Z [ERROR]: Status: 401, Name: AUTHORIZATION TOKEN NOT FOUND, Message: Unable to find the authorization token in the cookie, URL: /api/auth/status, Method: GET, IP: ::1
2025-06-04T14:13:29.501Z [ERROR]: Stack: AUTHORIZATION TOKEN NOT FOUND: Unable to find the authorization token in the cookie
    at userAuthorization (file:///D:/pro-res/server/middleware/user-authorization.js:9:19)
    at Layer.handleRequest (D:\pro-res\server\node_modules\router\lib\layer.js:152:17)
    at next (D:\pro-res\server\node_modules\router\lib\route.js:157:13)
    at Route.dispatch (D:\pro-res\server\node_modules\router\lib\route.js:117:3)
    at handle (D:\pro-res\server\node_modules\router\index.js:435:11)
    at Layer.handleRequest (D:\pro-res\server\node_modules\router\lib\layer.js:152:17)
    at D:\pro-res\server\node_modules\router\index.js:295:15
    at processParams (D:\pro-res\server\node_modules\router\index.js:582:12)
    at next (D:\pro-res\server\node_modules\router\index.js:291:5)
    at Function.handle (D:\pro-res\server\node_modules\router\index.js:186:3)
2025-06-04T14:23:15.035Z [ERROR]: Status: 401, Name: AUTHORIZATION TOKEN NOT FOUND, Message: Unable to find the authorization token in the cookie, URL: /api/auth/status, Method: GET, IP: ::1
2025-06-04T14:23:15.036Z [ERROR]: Stack: AUTHORIZATION TOKEN NOT FOUND: Unable to find the authorization token in the cookie
    at userAuthorization (file:///D:/pro-res/server/middleware/user-authorization.js:9:19)
    at Layer.handleRequest (D:\pro-res\server\node_modules\router\lib\layer.js:152:17)
    at next (D:\pro-res\server\node_modules\router\lib\route.js:157:13)
    at Route.dispatch (D:\pro-res\server\node_modules\router\lib\route.js:117:3)
    at handle (D:\pro-res\server\node_modules\router\index.js:435:11)
    at Layer.handleRequest (D:\pro-res\server\node_modules\router\lib\layer.js:152:17)
    at D:\pro-res\server\node_modules\router\index.js:295:15
    at processParams (D:\pro-res\server\node_modules\router\index.js:582:12)
    at next (D:\pro-res\server\node_modules\router\index.js:291:5)
    at Function.handle (D:\pro-res\server\node_modules\router\index.js:186:3)
2025-06-04T14:23:15.055Z [ERROR]: Status: 401, Name: AUTHORIZATION TOKEN NOT FOUND, Message: Unable to find the authorization token in the cookie, URL: /api/auth/status, Method: GET, IP: ::1
2025-06-04T14:23:15.056Z [ERROR]: Stack: AUTHORIZATION TOKEN NOT FOUND: Unable to find the authorization token in the cookie
    at userAuthorization (file:///D:/pro-res/server/middleware/user-authorization.js:9:19)
    at Layer.handleRequest (D:\pro-res\server\node_modules\router\lib\layer.js:152:17)
    at next (D:\pro-res\server\node_modules\router\lib\route.js:157:13)
    at Route.dispatch (D:\pro-res\server\node_modules\router\lib\route.js:117:3)
    at handle (D:\pro-res\server\node_modules\router\index.js:435:11)
    at Layer.handleRequest (D:\pro-res\server\node_modules\router\lib\layer.js:152:17)
    at D:\pro-res\server\node_modules\router\index.js:295:15
    at processParams (D:\pro-res\server\node_modules\router\index.js:582:12)
    at next (D:\pro-res\server\node_modules\router\index.js:291:5)
    at Function.handle (D:\pro-res\server\node_modules\router\index.js:186:3)
2025-06-04T14:23:15.079Z [ERROR]: Status: 401, Name: AUTHORIZATION TOKEN NOT FOUND, Message: Unable to find the authorization token in the cookie, URL: /api/auth/status, Method: GET, IP: ::1
2025-06-04T14:23:15.080Z [ERROR]: Stack: AUTHORIZATION TOKEN NOT FOUND: Unable to find the authorization token in the cookie
    at userAuthorization (file:///D:/pro-res/server/middleware/user-authorization.js:9:19)
    at Layer.handleRequest (D:\pro-res\server\node_modules\router\lib\layer.js:152:17)
    at next (D:\pro-res\server\node_modules\router\lib\route.js:157:13)
    at Route.dispatch (D:\pro-res\server\node_modules\router\lib\route.js:117:3)
    at handle (D:\pro-res\server\node_modules\router\index.js:435:11)
    at Layer.handleRequest (D:\pro-res\server\node_modules\router\lib\layer.js:152:17)
    at D:\pro-res\server\node_modules\router\index.js:295:15
    at processParams (D:\pro-res\server\node_modules\router\index.js:582:12)
    at next (D:\pro-res\server\node_modules\router\index.js:291:5)
    at Function.handle (D:\pro-res\server\node_modules\router\index.js:186:3)
2025-06-04T14:23:15.095Z [ERROR]: Status: 401, Name: AUTHORIZATION TOKEN NOT FOUND, Message: Unable to find the authorization token in the cookie, URL: /api/auth/status, Method: GET, IP: ::1
2025-06-04T14:23:15.095Z [ERROR]: Stack: AUTHORIZATION TOKEN NOT FOUND: Unable to find the authorization token in the cookie
    at userAuthorization (file:///D:/pro-res/server/middleware/user-authorization.js:9:19)
    at Layer.handleRequest (D:\pro-res\server\node_modules\router\lib\layer.js:152:17)
    at next (D:\pro-res\server\node_modules\router\lib\route.js:157:13)
    at Route.dispatch (D:\pro-res\server\node_modules\router\lib\route.js:117:3)
    at handle (D:\pro-res\server\node_modules\router\index.js:435:11)
    at Layer.handleRequest (D:\pro-res\server\node_modules\router\lib\layer.js:152:17)
    at D:\pro-res\server\node_modules\router\index.js:295:15
    at processParams (D:\pro-res\server\node_modules\router\index.js:582:12)
    at next (D:\pro-res\server\node_modules\router\index.js:291:5)
    at Function.handle (D:\pro-res\server\node_modules\router\index.js:186:3)
2025-06-04T14:24:15.549Z [ERROR]: Status: 401, Name: AUTHORIZATION TOKEN NOT FOUND, Message: Unable to find the authorization token in the cookie, URL: /api/auth/status, Method: GET, IP: ::1
2025-06-04T14:24:15.550Z [ERROR]: Stack: AUTHORIZATION TOKEN NOT FOUND: Unable to find the authorization token in the cookie
    at userAuthorization (file:///D:/pro-res/server/middleware/user-authorization.js:9:19)
    at Layer.handleRequest (D:\pro-res\server\node_modules\router\lib\layer.js:152:17)
    at next (D:\pro-res\server\node_modules\router\lib\route.js:157:13)
    at Route.dispatch (D:\pro-res\server\node_modules\router\lib\route.js:117:3)
    at handle (D:\pro-res\server\node_modules\router\index.js:435:11)
    at Layer.handleRequest (D:\pro-res\server\node_modules\router\lib\layer.js:152:17)
    at D:\pro-res\server\node_modules\router\index.js:295:15
    at processParams (D:\pro-res\server\node_modules\router\index.js:582:12)
    at next (D:\pro-res\server\node_modules\router\index.js:291:5)
    at Function.handle (D:\pro-res\server\node_modules\router\index.js:186:3)
2025-06-04T14:24:15.564Z [ERROR]: Status: 401, Name: AUTHORIZATION TOKEN NOT FOUND, Message: Unable to find the authorization token in the cookie, URL: /api/auth/status, Method: GET, IP: ::1
2025-06-04T14:24:15.565Z [ERROR]: Stack: AUTHORIZATION TOKEN NOT FOUND: Unable to find the authorization token in the cookie
    at userAuthorization (file:///D:/pro-res/server/middleware/user-authorization.js:9:19)
    at Layer.handleRequest (D:\pro-res\server\node_modules\router\lib\layer.js:152:17)
    at next (D:\pro-res\server\node_modules\router\lib\route.js:157:13)
    at Route.dispatch (D:\pro-res\server\node_modules\router\lib\route.js:117:3)
    at handle (D:\pro-res\server\node_modules\router\index.js:435:11)
    at Layer.handleRequest (D:\pro-res\server\node_modules\router\lib\layer.js:152:17)
    at D:\pro-res\server\node_modules\router\index.js:295:15
    at processParams (D:\pro-res\server\node_modules\router\index.js:582:12)
    at next (D:\pro-res\server\node_modules\router\index.js:291:5)
    at Function.handle (D:\pro-res\server\node_modules\router\index.js:186:3)
2025-06-04T14:24:15.620Z [ERROR]: Status: 401, Name: AUTHORIZATION TOKEN NOT FOUND, Message: Unable to find the authorization token in the cookie, URL: /api/auth/status, Method: GET, IP: ::1
2025-06-04T14:24:15.621Z [ERROR]: Stack: AUTHORIZATION TOKEN NOT FOUND: Unable to find the authorization token in the cookie
    at userAuthorization (file:///D:/pro-res/server/middleware/user-authorization.js:9:19)
    at Layer.handleRequest (D:\pro-res\server\node_modules\router\lib\layer.js:152:17)
    at next (D:\pro-res\server\node_modules\router\lib\route.js:157:13)
    at Route.dispatch (D:\pro-res\server\node_modules\router\lib\route.js:117:3)
    at handle (D:\pro-res\server\node_modules\router\index.js:435:11)
    at Layer.handleRequest (D:\pro-res\server\node_modules\router\lib\layer.js:152:17)
    at D:\pro-res\server\node_modules\router\index.js:295:15
    at processParams (D:\pro-res\server\node_modules\router\index.js:582:12)
    at next (D:\pro-res\server\node_modules\router\index.js:291:5)
    at Function.handle (D:\pro-res\server\node_modules\router\index.js:186:3)
2025-06-04T14:24:15.639Z [ERROR]: Status: 401, Name: AUTHORIZATION TOKEN NOT FOUND, Message: Unable to find the authorization token in the cookie, URL: /api/auth/status, Method: GET, IP: ::1
2025-06-04T14:24:15.640Z [ERROR]: Stack: AUTHORIZATION TOKEN NOT FOUND: Unable to find the authorization token in the cookie
    at userAuthorization (file:///D:/pro-res/server/middleware/user-authorization.js:9:19)
    at Layer.handleRequest (D:\pro-res\server\node_modules\router\lib\layer.js:152:17)
    at next (D:\pro-res\server\node_modules\router\lib\route.js:157:13)
    at Route.dispatch (D:\pro-res\server\node_modules\router\lib\route.js:117:3)
    at handle (D:\pro-res\server\node_modules\router\index.js:435:11)
    at Layer.handleRequest (D:\pro-res\server\node_modules\router\lib\layer.js:152:17)
    at D:\pro-res\server\node_modules\router\index.js:295:15
    at processParams (D:\pro-res\server\node_modules\router\index.js:582:12)
    at next (D:\pro-res\server\node_modules\router\index.js:291:5)
    at Function.handle (D:\pro-res\server\node_modules\router\index.js:186:3)
2025-06-04T15:19:36.786Z [ERROR]: Status: 401, Name: AUTHORIZATION TOKEN NOT FOUND, Message: Unable to find the authorization token in the cookie, URL: /api/auth/status, Method: GET, IP: ::1
2025-06-04T15:19:36.787Z [ERROR]: Stack: AUTHORIZATION TOKEN NOT FOUND: Unable to find the authorization token in the cookie
    at userAuthorization (file:///D:/pro-res/server/middleware/user-authorization.js:9:19)
    at Layer.handleRequest (D:\pro-res\server\node_modules\router\lib\layer.js:152:17)
    at next (D:\pro-res\server\node_modules\router\lib\route.js:157:13)
    at Route.dispatch (D:\pro-res\server\node_modules\router\lib\route.js:117:3)
    at handle (D:\pro-res\server\node_modules\router\index.js:435:11)
    at Layer.handleRequest (D:\pro-res\server\node_modules\router\lib\layer.js:152:17)
    at D:\pro-res\server\node_modules\router\index.js:295:15
    at processParams (D:\pro-res\server\node_modules\router\index.js:582:12)
    at next (D:\pro-res\server\node_modules\router\index.js:291:5)
    at Function.handle (D:\pro-res\server\node_modules\router\index.js:186:3)
2025-06-04T15:19:36.794Z [ERROR]: Status: 401, Name: AUTHORIZATION TOKEN NOT FOUND, Message: Unable to find the authorization token in the cookie, URL: /api/auth/status, Method: GET, IP: ::1
2025-06-04T15:19:36.795Z [ERROR]: Stack: AUTHORIZATION TOKEN NOT FOUND: Unable to find the authorization token in the cookie
    at userAuthorization (file:///D:/pro-res/server/middleware/user-authorization.js:9:19)
    at Layer.handleRequest (D:\pro-res\server\node_modules\router\lib\layer.js:152:17)
    at next (D:\pro-res\server\node_modules\router\lib\route.js:157:13)
    at Route.dispatch (D:\pro-res\server\node_modules\router\lib\route.js:117:3)
    at handle (D:\pro-res\server\node_modules\router\index.js:435:11)
    at Layer.handleRequest (D:\pro-res\server\node_modules\router\lib\layer.js:152:17)
    at D:\pro-res\server\node_modules\router\index.js:295:15
    at processParams (D:\pro-res\server\node_modules\router\index.js:582:12)
    at next (D:\pro-res\server\node_modules\router\index.js:291:5)
    at Function.handle (D:\pro-res\server\node_modules\router\index.js:186:3)
2025-06-04T16:05:50.213Z [ERROR]: Status: 401, Name: AUTHORIZATION TOKEN NOT FOUND, Message: Unable to find the authorization token in the cookie, URL: /api/auth/status, Method: GET, IP: ::1
2025-06-04T16:05:50.213Z [ERROR]: Stack: AUTHORIZATION TOKEN NOT FOUND: Unable to find the authorization token in the cookie
    at userAuthorization (file:///D:/pro-res/server/middleware/user-authorization.js:9:19)
    at Layer.handleRequest (D:\pro-res\server\node_modules\router\lib\layer.js:152:17)
    at next (D:\pro-res\server\node_modules\router\lib\route.js:157:13)
    at Route.dispatch (D:\pro-res\server\node_modules\router\lib\route.js:117:3)
    at handle (D:\pro-res\server\node_modules\router\index.js:435:11)
    at Layer.handleRequest (D:\pro-res\server\node_modules\router\lib\layer.js:152:17)
    at D:\pro-res\server\node_modules\router\index.js:295:15
    at processParams (D:\pro-res\server\node_modules\router\index.js:582:12)
    at next (D:\pro-res\server\node_modules\router\index.js:291:5)
    at Function.handle (D:\pro-res\server\node_modules\router\index.js:186:3)
2025-06-04T16:05:50.222Z [ERROR]: Status: 401, Name: AUTHORIZATION TOKEN NOT FOUND, Message: Unable to find the authorization token in the cookie, URL: /api/auth/status, Method: GET, IP: ::1
2025-06-04T16:05:50.223Z [ERROR]: Stack: AUTHORIZATION TOKEN NOT FOUND: Unable to find the authorization token in the cookie
    at userAuthorization (file:///D:/pro-res/server/middleware/user-authorization.js:9:19)
    at Layer.handleRequest (D:\pro-res\server\node_modules\router\lib\layer.js:152:17)
    at next (D:\pro-res\server\node_modules\router\lib\route.js:157:13)
    at Route.dispatch (D:\pro-res\server\node_modules\router\lib\route.js:117:3)
    at handle (D:\pro-res\server\node_modules\router\index.js:435:11)
    at Layer.handleRequest (D:\pro-res\server\node_modules\router\lib\layer.js:152:17)
    at D:\pro-res\server\node_modules\router\index.js:295:15
    at processParams (D:\pro-res\server\node_modules\router\index.js:582:12)
    at next (D:\pro-res\server\node_modules\router\index.js:291:5)
    at Function.handle (D:\pro-res\server\node_modules\router\index.js:186:3)
2025-06-04T16:06:00.826Z [ERROR]: Status: 401, Name: AUTH_FAILED, Message: Invalid email or password, URL: /api/auth/signin, Method: POST, IP: ::1
2025-06-04T16:06:00.827Z [ERROR]: Stack: AUTH_FAILED: Invalid email or password
    at userSignIn (file:///D:/pro-res/server/controller/auth-controller.js:79:19)
    at process.processTicksAndRejections (node:internal/process/task_queues:95:5)
2025-06-04T16:06:07.898Z [ERROR]: Status: 401, Name: AUTH_FAILED, Message: Invalid email or password, URL: /api/auth/signin, Method: POST, IP: ::1
2025-06-04T16:06:07.899Z [ERROR]: Stack: AUTH_FAILED: Invalid email or password
    at userSignIn (file:///D:/pro-res/server/controller/auth-controller.js:79:19)
    at process.processTicksAndRejections (node:internal/process/task_queues:95:5)
2025-06-04T16:07:23.762Z [ERROR]: Status: 400, Name: VALIDATION_ERROR, Message: [object Object], URL: /api/resume/generate-summary, Method: POST, IP: ::1
2025-06-04T16:07:23.763Z [ERROR]: Stack: VALIDATION_ERROR: [object Object]
    at resumeValidation (file:///D:/pro-res/server/validators/resume-validators.js:73:17)
    at Layer.handleRequest (D:\pro-res\server\node_modules\router\lib\layer.js:152:17)
    at next (D:\pro-res\server\node_modules\router\lib\route.js:157:13)
    at middleware (D:\pro-res\server\node_modules\express-validator\lib\middlewares\check.js:16:13)
    at process.processTicksAndRejections (node:internal/process/task_queues:95:5)
2025-06-04T16:16:42.917Z [ERROR]: Status: 400, Name: VALIDATION_ERROR, Message: [object Object], URL: /api/resume/generate-summary, Method: POST, IP: ::1
2025-06-04T16:16:42.919Z [ERROR]: Stack: VALIDATION_ERROR: [object Object]
    at resumeValidation (file:///D:/pro-res/server/validators/resume-validators.js:73:17)
    at Layer.handleRequest (D:\pro-res\server\node_modules\router\lib\layer.js:152:17)
    at next (D:\pro-res\server\node_modules\router\lib\route.js:157:13)
    at middleware (D:\pro-res\server\node_modules\express-validator\lib\middlewares\check.js:16:13)
    at process.processTicksAndRejections (node:internal/process/task_queues:95:5)
2025-06-04T16:18:24.682Z [ERROR]: Status: 400, Name: VALIDATION_ERROR, Message: [object Object], URL: /api/resume/generate-summary, Method: POST, IP: ::1
2025-06-04T16:18:24.683Z [ERROR]: Stack: VALIDATION_ERROR: [object Object]
    at resumeValidation (file:///D:/pro-res/server/validators/resume-validators.js:73:17)
    at Layer.handleRequest (D:\pro-res\server\node_modules\router\lib\layer.js:152:17)
    at next (D:\pro-res\server\node_modules\router\lib\route.js:157:13)
    at middleware (D:\pro-res\server\node_modules\express-validator\lib\middlewares\check.js:16:13)
    at process.processTicksAndRejections (node:internal/process/task_queues:95:5)
2025-06-04T16:22:00.510Z [ERROR]: Status: 400, Name: VALIDATION_ERROR, Message: [object Object], URL: /api/resume/generate-summary, Method: POST, IP: ::1
2025-06-04T16:22:00.511Z [ERROR]: Stack: VALIDATION_ERROR: [object Object]
    at resumeValidation (file:///D:/pro-res/server/validators/resume-validators.js:73:17)
    at Layer.handleRequest (D:\pro-res\server\node_modules\router\lib\layer.js:152:17)
    at next (D:\pro-res\server\node_modules\router\lib\route.js:157:13)
    at middleware (D:\pro-res\server\node_modules\express-validator\lib\middlewares\check.js:16:13)
    at process.processTicksAndRejections (node:internal/process/task_queues:95:5)
2025-06-04T16:24:15.235Z [ERROR]: Status: 400, Name: VALIDATION_ERROR, Message: [object Object], URL: /api/resume/generate-summary, Method: POST, IP: ::1
2025-06-04T16:24:15.236Z [ERROR]: Stack: VALIDATION_ERROR: [object Object]
    at resumeValidation (file:///D:/pro-res/server/validators/resume-validators.js:73:17)
    at Layer.handleRequest (D:\pro-res\server\node_modules\router\lib\layer.js:152:17)
    at next (D:\pro-res\server\node_modules\router\lib\route.js:157:13)
    at middleware (D:\pro-res\server\node_modules\express-validator\lib\middlewares\check.js:16:13)
    at process.processTicksAndRejections (node:internal/process/task_queues:95:5)
2025-06-04T16:25:28.557Z [ERROR]: Status: 400, Name: VALIDATION_ERROR, Message: [object Object], URL: /api/resume/generate-summary, Method: POST, IP: ::1
2025-06-04T16:25:28.558Z [ERROR]: Stack: VALIDATION_ERROR: [object Object]
    at resumeValidation (file:///D:/pro-res/server/validators/resume-validators.js:73:17)
    at Layer.handleRequest (D:\pro-res\server\node_modules\router\lib\layer.js:152:17)
    at next (D:\pro-res\server\node_modules\router\lib\route.js:157:13)
    at middleware (D:\pro-res\server\node_modules\express-validator\lib\middlewares\check.js:16:13)
    at process.processTicksAndRejections (node:internal/process/task_queues:95:5)
2025-06-04T16:27:11.835Z [ERROR]: Status: 400, Name: VALIDATION_ERROR, Message: [object Object], URL: /api/resume/generate-summary, Method: POST, IP: ::1
2025-06-04T16:27:11.836Z [ERROR]: Stack: VALIDATION_ERROR: [object Object]
    at resumeValidation (file:///D:/pro-res/server/validators/resume-validators.js:73:17)
    at Layer.handleRequest (D:\pro-res\server\node_modules\router\lib\layer.js:152:17)
    at next (D:\pro-res\server\node_modules\router\lib\route.js:157:13)
    at middleware (D:\pro-res\server\node_modules\express-validator\lib\middlewares\check.js:16:13)
    at process.processTicksAndRejections (node:internal/process/task_queues:95:5)
2025-06-04T16:28:12.598Z [ERROR]: Status: 400, Name: VALIDATION_ERROR, Message: [object Object], URL: /api/resume/generate-summary, Method: POST, IP: ::1
2025-06-04T16:28:12.599Z [ERROR]: Stack: VALIDATION_ERROR: [object Object]
    at resumeValidation (file:///D:/pro-res/server/validators/resume-validators.js:73:17)
    at Layer.handleRequest (D:\pro-res\server\node_modules\router\lib\layer.js:152:17)
    at next (D:\pro-res\server\node_modules\router\lib\route.js:157:13)
    at middleware (D:\pro-res\server\node_modules\express-validator\lib\middlewares\check.js:16:13)
    at process.processTicksAndRejections (node:internal/process/task_queues:95:5)
2025-06-04T17:39:26.379Z [ERROR]: AI API error:
2025-06-04T17:39:26.380Z [ERROR]: [Resume][Summary][Error] User: 68185d9924a8943910eda3e5 - axios is not defined
2025-06-04T17:39:26.380Z [ERROR]: Status: 500, Name: Error, Message: axios is not defined, URL: /api/resume/generate-summary, Method: POST, IP: ::1
2025-06-04T17:39:26.381Z [ERROR]: Stack: Error: axios is not defined
    at generateResumeSummary (file:///D:/pro-res/server/controller/resume-controller.js:303:17)
    at process.processTicksAndRejections (node:internal/process/task_queues:95:5)
2025-06-04T17:56:49.175Z [ERROR]: AI API error:
2025-06-04T17:56:49.176Z [ERROR]: [Resume][Summary][Error] User: 68185d9924a8943910eda3e5 - axios is not defined
2025-06-04T17:56:49.177Z [ERROR]: Status: 500, Name: Error, Message: axios is not defined, URL: /api/resume/generate-summary, Method: POST, IP: ::1
2025-06-04T17:56:49.178Z [ERROR]: Stack: Error: axios is not defined
    at generateResumeSummary (file:///D:/pro-res/server/controller/resume-controller.js:303:17)
    at process.processTicksAndRejections (node:internal/process/task_queues:95:5)
