2025-06-04T18:59:22.994Z [ERROR]: Status: 500, Name: ReferenceError, Message: userRole is not defined, URL: /api/auth/status, Method: GET, IP: ::1
2025-06-04T18:59:22.995Z [ERROR]: Stack: ReferenceError: userRole is not defined
    at authStatus (file:///D:/pro-res/server/controller/auth-controller.js:146:17)
    at process.processTicksAndRejections (node:internal/process/task_queues:95:5)
2025-06-04T18:59:23.058Z [ERROR]: Status: 500, Name: ReferenceError, Message: userRole is not defined, URL: /api/auth/status, Method: GET, IP: ::ffff:127.0.0.1
2025-06-04T18:59:23.059Z [ERROR]: Stack: ReferenceError: userRole is not defined
    at authStatus (file:///D:/pro-res/server/controller/auth-controller.js:146:17)
    at process.processTicksAndRejections (node:internal/process/task_queues:95:5)
2025-06-04T19:07:41.358Z [ERROR]: AI API error:
2025-06-04T19:07:41.359Z [ERROR]: [Resume][Summary][Error] User: 68185d9924a8943910eda3e5 - AI Summary generation failed
2025-06-04T19:07:41.360Z [ERROR]: Status: 500, Name: Error, Message: AI Summary generation failed, URL: /api/resume/generate-summary, Method: POST, IP: ::1
2025-06-04T19:07:41.361Z [ERROR]: Stack: Error: AI Summary generation failed
    at generateResumeSummary (file:///D:/pro-res/server/controller/resume-controller.js:302:17)
    at process.processTicksAndRejections (node:internal/process/task_queues:95:5)
2025-06-04T19:07:56.231Z [ERROR]: AI API error:
2025-06-04T19:07:56.232Z [ERROR]: [Resume][Summary][Error] User: 68185d9924a8943910eda3e5 - AI Summary generation failed
2025-06-04T19:07:56.233Z [ERROR]: Status: 500, Name: Error, Message: AI Summary generation failed, URL: /api/resume/generate-summary, Method: POST, IP: ::1
2025-06-04T19:07:56.234Z [ERROR]: Stack: Error: AI Summary generation failed
    at generateResumeSummary (file:///D:/pro-res/server/controller/resume-controller.js:302:17)
    at process.processTicksAndRejections (node:internal/process/task_queues:95:5)
2025-06-04T19:08:13.862Z [ERROR]: AI API error:
2025-06-04T19:08:13.863Z [ERROR]: [Resume][Summary][Error] User: 68185d9924a8943910eda3e5 - AI Summary generation failed
2025-06-04T19:08:13.864Z [ERROR]: Status: 500, Name: Error, Message: AI Summary generation failed, URL: /api/resume/generate-summary, Method: POST, IP: ::1
2025-06-04T19:08:13.866Z [ERROR]: Stack: Error: AI Summary generation failed
    at generateResumeSummary (file:///D:/pro-res/server/controller/resume-controller.js:302:17)
    at process.processTicksAndRejections (node:internal/process/task_queues:95:5)
2025-06-04T19:08:15.148Z [ERROR]: AI API error:
2025-06-04T19:08:15.150Z [ERROR]: [Resume][Summary][Error] User: 68185d9924a8943910eda3e5 - AI Summary generation failed
2025-06-04T19:08:15.151Z [ERROR]: Status: 500, Name: Error, Message: AI Summary generation failed, URL: /api/resume/generate-summary, Method: POST, IP: ::1
2025-06-04T19:08:15.154Z [ERROR]: Stack: Error: AI Summary generation failed
    at generateResumeSummary (file:///D:/pro-res/server/controller/resume-controller.js:302:17)
    at process.processTicksAndRejections (node:internal/process/task_queues:95:5)
2025-06-04T19:08:16.095Z [ERROR]: AI API error:
2025-06-04T19:08:16.096Z [ERROR]: [Resume][Summary][Error] User: 68185d9924a8943910eda3e5 - AI Summary generation failed
2025-06-04T19:08:16.097Z [ERROR]: Status: 500, Name: Error, Message: AI Summary generation failed, URL: /api/resume/generate-summary, Method: POST, IP: ::1
2025-06-04T19:08:16.098Z [ERROR]: Stack: Error: AI Summary generation failed
    at generateResumeSummary (file:///D:/pro-res/server/controller/resume-controller.js:302:17)
    at process.processTicksAndRejections (node:internal/process/task_queues:95:5)
2025-06-04T19:09:24.136Z [ERROR]: AI API error:
2025-06-04T19:09:24.138Z [ERROR]: [Resume][Summary][Error] User: 68185d9924a8943910eda3e5 - AI Summary generation failed
2025-06-04T19:09:24.139Z [ERROR]: Status: 500, Name: Error, Message: AI Summary generation failed, URL: /api/resume/generate-summary, Method: POST, IP: ::1
2025-06-04T19:09:24.139Z [ERROR]: Stack: Error: AI Summary generation failed
    at generateResumeSummary (file:///D:/pro-res/server/controller/resume-controller.js:302:17)
    at process.processTicksAndRejections (node:internal/process/task_queues:95:5)
2025-06-04T19:10:26.799Z [ERROR]: AI API error:
2025-06-04T19:10:26.800Z [ERROR]: [Resume][Summary][Error] User: 68185d9924a8943910eda3e5 - AI Summary generation failed
2025-06-04T19:10:26.800Z [ERROR]: Status: 500, Name: Error, Message: AI Summary generation failed, URL: /api/resume/generate-summary, Method: POST, IP: ::1
2025-06-04T19:10:26.801Z [ERROR]: Stack: Error: AI Summary generation failed
    at generateResumeSummary (file:///D:/pro-res/server/controller/resume-controller.js:302:17)
    at process.processTicksAndRejections (node:internal/process/task_queues:95:5)
2025-06-05T17:21:45.938Z [ERROR]: Status: 401, Name: AUTHORIZATION TOKEN NOT FOUND, Message: Unable to find the authorization token in the cookie, URL: /api/auth/status, Method: GET, IP: ::1
2025-06-05T17:21:45.938Z [ERROR]: Stack: AUTHORIZATION TOKEN NOT FOUND: Unable to find the authorization token in the cookie
    at userAuthorization (file:///D:/pro-res-v2/server/middleware/user-authorization.js:9:19)
    at Layer.handleRequest (D:\pro-res-v2\server\node_modules\router\lib\layer.js:152:17)
    at next (D:\pro-res-v2\server\node_modules\router\lib\route.js:157:13)
    at Route.dispatch (D:\pro-res-v2\server\node_modules\router\lib\route.js:117:3)
    at handle (D:\pro-res-v2\server\node_modules\router\index.js:435:11)
    at Layer.handleRequest (D:\pro-res-v2\server\node_modules\router\lib\layer.js:152:17)
    at D:\pro-res-v2\server\node_modules\router\index.js:295:15
    at processParams (D:\pro-res-v2\server\node_modules\router\index.js:582:12)
    at next (D:\pro-res-v2\server\node_modules\router\index.js:291:5)
    at Function.handle (D:\pro-res-v2\server\node_modules\router\index.js:186:3)
2025-06-05T17:21:45.960Z [ERROR]: Status: 401, Name: AUTHORIZATION TOKEN NOT FOUND, Message: Unable to find the authorization token in the cookie, URL: /api/auth/status, Method: GET, IP: ::1
2025-06-05T17:21:45.960Z [ERROR]: Stack: AUTHORIZATION TOKEN NOT FOUND: Unable to find the authorization token in the cookie
    at userAuthorization (file:///D:/pro-res-v2/server/middleware/user-authorization.js:9:19)
    at Layer.handleRequest (D:\pro-res-v2\server\node_modules\router\lib\layer.js:152:17)
    at next (D:\pro-res-v2\server\node_modules\router\lib\route.js:157:13)
    at Route.dispatch (D:\pro-res-v2\server\node_modules\router\lib\route.js:117:3)
    at handle (D:\pro-res-v2\server\node_modules\router\index.js:435:11)
    at Layer.handleRequest (D:\pro-res-v2\server\node_modules\router\lib\layer.js:152:17)
    at D:\pro-res-v2\server\node_modules\router\index.js:295:15
    at processParams (D:\pro-res-v2\server\node_modules\router\index.js:582:12)
    at next (D:\pro-res-v2\server\node_modules\router\index.js:291:5)
    at Function.handle (D:\pro-res-v2\server\node_modules\router\index.js:186:3)
