2025-10-16 22:08:36 [ERROR]: Status: 401, Name: AUTHORIZATION TOKEN NOT FOUND, Message: Unable to find the authorization token in the cookie, URL: /api/auth/status, Method: GET, IP: ::1
2025-10-16 22:08:36 [ERROR]: Stack: AUTHORIZATION TOKEN NOT FOUND: Unable to find the authorization token in the cookie
    at userAuthorization (file:///E:/resume-v1/server/middleware/user-authorization.js:9:19)
    at Layer.handleRequest (E:\resume-v1\server\node_modules\router\lib\layer.js:152:17)
    at next (E:\resume-v1\server\node_modules\router\lib\route.js:157:13)
    at Route.dispatch (E:\resume-v1\server\node_modules\router\lib\route.js:117:3)
    at handle (E:\resume-v1\server\node_modules\router\index.js:435:11)
    at Layer.handleRequest (E:\resume-v1\server\node_modules\router\lib\layer.js:152:17)
    at E:\resume-v1\server\node_modules\router\index.js:295:15
    at processParams (E:\resume-v1\server\node_modules\router\index.js:582:12)
    at next (E:\resume-v1\server\node_modules\router\index.js:291:5)
    at Function.handle (E:\resume-v1\server\node_modules\router\index.js:186:3)
2025-10-16 22:08:36 [ERROR]: Status: 401, Name: AUTHORIZATION TOKEN NOT FOUND, Message: Unable to find the authorization token in the cookie, URL: /api/auth/status, Method: GET, IP: ::1
2025-10-16 22:08:36 [ERROR]: Stack: AUTHORIZATION TOKEN NOT FOUND: Unable to find the authorization token in the cookie
    at userAuthorization (file:///E:/resume-v1/server/middleware/user-authorization.js:9:19)
    at Layer.handleRequest (E:\resume-v1\server\node_modules\router\lib\layer.js:152:17)
    at next (E:\resume-v1\server\node_modules\router\lib\route.js:157:13)
    at Route.dispatch (E:\resume-v1\server\node_modules\router\lib\route.js:117:3)
    at handle (E:\resume-v1\server\node_modules\router\index.js:435:11)
    at Layer.handleRequest (E:\resume-v1\server\node_modules\router\lib\layer.js:152:17)
    at E:\resume-v1\server\node_modules\router\index.js:295:15
    at processParams (E:\resume-v1\server\node_modules\router\index.js:582:12)
    at next (E:\resume-v1\server\node_modules\router\index.js:291:5)
    at Function.handle (E:\resume-v1\server\node_modules\router\index.js:186:3)
2025-10-16 22:11:14 [ERROR]: Status: 401, Name: AUTHORIZATION TOKEN NOT FOUND, Message: Unable to find the authorization token in the cookie, URL: /api/auth/status, Method: GET, IP: ::1
2025-10-16 22:11:14 [ERROR]: Stack: AUTHORIZATION TOKEN NOT FOUND: Unable to find the authorization token in the cookie
    at userAuthorization (file:///E:/resume-v1/server/middleware/user-authorization.js:9:19)
    at Layer.handleRequest (E:\resume-v1\server\node_modules\router\lib\layer.js:152:17)
    at next (E:\resume-v1\server\node_modules\router\lib\route.js:157:13)
    at Route.dispatch (E:\resume-v1\server\node_modules\router\lib\route.js:117:3)
    at handle (E:\resume-v1\server\node_modules\router\index.js:435:11)
    at Layer.handleRequest (E:\resume-v1\server\node_modules\router\lib\layer.js:152:17)
    at E:\resume-v1\server\node_modules\router\index.js:295:15
    at processParams (E:\resume-v1\server\node_modules\router\index.js:582:12)
    at next (E:\resume-v1\server\node_modules\router\index.js:291:5)
    at Function.handle (E:\resume-v1\server\node_modules\router\index.js:186:3)
2025-10-16 22:11:14 [ERROR]: Status: 401, Name: AUTHORIZATION TOKEN NOT FOUND, Message: Unable to find the authorization token in the cookie, URL: /api/auth/status, Method: GET, IP: ::1
2025-10-16 22:11:14 [ERROR]: Stack: AUTHORIZATION TOKEN NOT FOUND: Unable to find the authorization token in the cookie
    at userAuthorization (file:///E:/resume-v1/server/middleware/user-authorization.js:9:19)
    at Layer.handleRequest (E:\resume-v1\server\node_modules\router\lib\layer.js:152:17)
    at next (E:\resume-v1\server\node_modules\router\lib\route.js:157:13)
    at Route.dispatch (E:\resume-v1\server\node_modules\router\lib\route.js:117:3)
    at handle (E:\resume-v1\server\node_modules\router\index.js:435:11)
    at Layer.handleRequest (E:\resume-v1\server\node_modules\router\lib\layer.js:152:17)
    at E:\resume-v1\server\node_modules\router\index.js:295:15
    at processParams (E:\resume-v1\server\node_modules\router\index.js:582:12)
    at next (E:\resume-v1\server\node_modules\router\index.js:291:5)
    at Function.handle (E:\resume-v1\server\node_modules\router\index.js:186:3)
